@ 86400 IN SOA a.root-servers.net. nstld.verisign-grs.com. 2026022301 1800 900 604800 86400
@ 86400 IN RRSIG SOA 8 1 86400 20260308180000 20260223170000 41323 @ UuyJ9Qco40djuI69Qaa0YcqZXap4sWbI 6BHr12DLCaf5BznPiyqiAS5IyTiYtNjg UyxNC5pNwGrEbxoXYB3sumpd1U3rVr9+ keUuaAnKoaWMj3h3aT752V9xAFVQF1+W neYFwCFJfRRaZ24FpnfeDwIrx7jC+yHE q04A/HyIwdxMAagFvdP8Ic+aUke4qYCZ QgSWPfz9OiRi7dayY+iRrHvwOIyQxKKo mDIYm9sMgpy7uwgL1GLKtJRhLnm0Hywx KenrJiS2dhe+wcWl8NsAnioUnNikRjmP HAAt432GD8UWQsVQHXuQBj2eRmJrjtfg H95slZg+zjOFS53sXt8oBQ==
@ 518400 IN RRSIG NS 8 1 518400 20260308180000 20260223170000 41323 @ bP76t+eravaaFsFOCXckqsRc5gGj/oZ4 FZ80Sh0F2D40/zvjiaVXKSXQ3JOeCVsj AwFzKK3rDicmZxAmzXjKezh4XcA5qvlM FgMOnNFP0RKkHRF+wxpVFmRQ7CGCsaTO wxQDlb3ido+dHgF9sujVECMMZlbv0wTS deyH4hT7nd78jgIq7F68aeOjaY5fBO24 RthkpFFRKjKWna63BiLC91WE7upWItV9 Br1MsmfSBUMio0qscqMG8i30wo18gIlN VhoykwCL03BnTXOT8ScUhVR/+lZddmJu xh/mW3u83jdPxob1ctJ28Q2RVzBD2MSd ugQoQJJ3BEQX+b3n2Xuo/A==
@ 86400 IN RRSIG NSEC 8 1 86400 20260308180000 20260223170000 41323 @ wrHpfDno39ZjfMqtp0LNlrASBaMDDPTy 6LS8rKu+n70OHYqXJf2+pikO0px0hAYI 283Jt40VM582JQR5NbpaiCu8e0KFEsN6 e2BDvvTLukhZVKBUVrqshstCBUvUHeJi /XTkhuO/FMwtqjEQl+IDXwDAeXr7gfv1 vQrbSGC793331bzthAFNBRIsy3Cbn92I W7K3a8DuRZRpcqdgGC+3rmTvLNfo/C62 ceRUloZSGfrk3yF8FVll+6UE+cal1/20 E+lFyaeTwCxKi4u/oanwfEmk6shotxyT xVZdCmOM7GMOT7NmI9Y8VStGA2hZg9HI 63W5psW0A5WEZgshsiAvyA==
@ 172800 IN RRSIG DNSKEY 8 1 172800 20260313000000 20260220000000 42581 @ jAS6YwhZVeyQ3jH6sO3BhO4oGemhkKHM jGRZ4AlceMxfgha4tf1PPvPGjAwvN0Jy N/SMuKAOhKyrLh41mErDIhkJdbTqVl/9 p3Wx257bPXzMtthrP28jdcn+yVRyuZ8f 5nr38GUvAVmTlPxUsiVm0bqyb+4wN2Gb o0Xo5Hw4CEBLJlKsTFzgdhdz9M9aOEk3 H5NtIUjdgwHQBh3550ZvO4o3/ojCrDg2 Ftkg958zlcyD1bN8fu/acwfjNtMYeSap DIjV4tP2+Y953rnZvTt7Pz0BStT2krDz 1Hkkb4w/oRSK1Z7LWuERwIAGPsLU63vl qMSrCKGXchIlD5vZLaE3wg==
@ 518400 IN NS a.ns
@ 518400 IN NS b.ns
@ 518400 IN NS c.ns
@ 518400 IN NS d.ns
@ 518400 IN NS e.ns
@ 518400 IN NS f.ns
@ 518400 IN NS g.ns
@ 518400 IN NS h.ns
@ 518400 IN NS i.ns
@ 518400 IN NS k.ns
@ 518400 IN NS l.ns
@ 518400 IN NS m.ns
@ 86400 IN NSEC as112 NS SOA RRSIG NSEC DNSKEY
@ 172800 IN DNSKEY 256 3 8 AwEAAdhp2D7KL43KrfuBRyF0m4rUzo3G fnlCypjAO50OTdzEg4MDpjcssiUulWgy URVKOJV1vpFrb0kZ+72pdU9ahofVk8Km yrI9L7v4QsgylHEKNxhPjwM2z7B5NIet shWMYzJcRurx/vp+Xx3caC1jGWqEvPqq EQFS3rXIdh85A8hOaKHY5z91tIMaHUrl Uvyh6qD8mLrIQPMS5l+lpWEmCCTEMbsP cEZQfA5JMrqW16kGH3LVJSWZgK6VrECn FD/5HrccBhMkgNxyxxzhvPyBGkpss9On pBgrgGpJMp+uDUXenJ4CUJxReg6sW48n NBdeIUA7MlkjiOw8TH4V/mniHm0=
@ 172800 IN DNSKEY 257 3 8 AwEAAaTeX8QjGPfu932a6OfQGYeeIdyX dLGLbvQD4LdNmEqJLL98kdOWB3bE97Wd h3FzI87OOqAVCITqWxqAM+phyZ6DsBzH pLDdqvFXkvv99n042rU1DROyIuHdZe/0 qjR56PboiSEM6I7cPJWGJxlnR+JZVWXW J3lK38teTaVrNm2Te/WPU2ntHY160etw Vlxms4xbXa7WBbWXEq1q/9y18A56N/yz 2dKkVLh9fmMU/frslsnn5BDYlkg4Xo0V +cw2Qw46mYV4g03ueCiDJAenUfV4iU9u d2h0Dq6Rhz7GMuTojDu3hdUz4DskR66y CetWRyofLCwVtZShGYqqLbiDTJc=
as112 172800 IN NS a.iana-servers.net.
as112 172800 IN NS b.iana-servers.net.
as112 172800 IN NS c.iana-servers.net.
as112 86400 IN DS 51316 13 2 64ae9e7342f114eaf8cb0313d41b9a02c5e6484ceada7cb15c6b65e8427337d1
as112 86400 IN RRSIG DS 8 2 86400 20260308180000 20260223170000 41323 @ D7Vv1X6GzTvI3pjG6aKwPbah4bMV3wZz 5IMc5Bj1DyvKgdVP5/wdBtkM1j0BL7Pm Q8F8N6bf6ymN2nEuqfpZ9qKEFZe7Owa2 1mFxFHoBk4iYYCTnbiTjizMKdqyqghMw z6hktzAMTvSZXScJfRavy4ucP3Jn3Jpb KxK4SIothZsO2gzxiOa1lxw4QHVhPTvV rV/QSRujPvK/KAfBIdC/5IPWZ8nTDEnK r7MWddNgB2LyaisGgpu7CmE/7Px0y5Wh QbFk606LFTp9bx3EEuUsL9P+bIyEwC8h mpm4Di7COo36fZPa5LJXWBMCSY88l3Er /cKwT8WGq23K47yAdZaPQA==
as112 86400 IN RRSIG NSEC 8 2 86400 20260308180000 20260223170000 41323 @ jknFlEkISae3sUzJrr42VtpcYladoZqv xPpOWLYk2ybccblfmYtw1RJt4uXnQ6nm TWgRi67JASZyTiFICINZtuRUlWPvHGSg vtTfHXxTQo+HJbyHIvtYOxRKwXFCQ0sM pujsfI4fwvANGHIDxvfxL6iFw+DpxTMo V1nS8yvQY2DwnNiyb8xy7JX5DergyiJg suHKFdLLOs0ci6wCjD4emdI5r9uuQlU1 Ao71n2n2ASwhjGZiBDsT7Cr8HJ7Bzt+a PmXQyYNWfFQzF6R2mPgFgQKr448GwOnA jMGP8bxLXI8g/do+Z4pEUG0C4ERPtaEW vSwEn+d5bkdrnm1q0Q/Eyg==
as112 86400 IN NSEC e164 NS DS RRSIG NSEC
e164 172800 IN NS ns3.lacnic.net.
e164 172800 IN NS ns3.afrinic.net.
e164 172800 IN NS ns4.apnic.net.
e164 172800 IN NS pri.authdns.ripe.net.
e164 172800 IN NS rirns.arin.net.
e164 86400 IN DS 38525 13 2 20e0fa2851402b42b046407524932ff7b6a0691368b0e1c6caa0774816f37fb7
e164 86400 IN RRSIG DS 8 2 86400 20260308180000 20260223170000 41323 @ o6CGENEmW/LBfQCfSwiLpPcOiZk/0jp+ t+rpUtb46bcqmXZyyshz2/jowdOuhYtS bDY8E9UjD3+Jh5Dhj5n8xfDXdLNTG+qa oZ5Es9GhjQ/Qlff6W2K0fXQy/ZApPGnh uuTuZOh2nuHObXH/Wwl0RThZQiJ3E98U byH9jVj2FYANZnODS6b+HC+tFtoxO8Ay J3c/r7cQC5RrZ4Ofyi8z3qYDxUAcKYn3 ZDDiPW4wJ8Vzpz/q3NLw725YrAwoX8M1 cXEnENYyLbtoIE4EhtEwabv/N2v3y6dp 0QLkQMMs7TrvrCcny2bUBnQxdoX55dOE jzCQ2ohDByUg01e6TtId4A==
e164 86400 IN RRSIG NSEC 8 2 86400 20260308180000 20260223170000 41323 @ PA1xtyaS7y/Kw3y4GW4GwRIKUItY6B/w fxNhDDzgzC2QiXacyigBVVLnf0JumZuy BOtRlA5grKZz7BBCizEM3T4I5YMpxDKM +lgSp6j/RO5rgvfU+XpcEQrSjaMUEoNl BFHTeqbfFGC/+rAoCrNDU/LmwObVVbgc JOKJLG2Wmz4H7K9Q/qO3iPdSBaghaY2t 92PmcClT6r3dFD/jZZYq6oRou0R87g1+ RbjojU+mZ8eP0G+IlcbDF0muCJoaW+aT zNMOIFRWMW6PDzfdaBMbyCvy0OJ0o8LM gglYwpuvNYd7XGYY7kvdEMLACEVtVSq2 ivwkFCAdc+sjPOIoSP8BuQ==
e164 86400 IN NSEC home NS DS RRSIG NSEC
home 172800 IN NS blackhole-1.iana.org.
home 172800 IN NS blackhole-2.iana.org.
home 86400 IN NSEC in-addr NS RRSIG NSEC
home 86400 IN RRSIG NSEC 8 2 86400 20260308180000 20260223170000 41323 @ afHjOdzRGFFOK1w4mulympSYGdTWknQG BEF55wLcR4lFoT1Ci5Ocgz3oJzcEDheD UfOOS2I4xcuLckA78DZMhZahxaidugTw Hsoz39CQaJbMGwd9+eOFSS1LFk/1yUjX F86jyRKXF/laf44uKfzOq5ayUgeGjbC/ 5G5MPvzMD6GcKHar5ajXMr9s0Pq294ka xBVcwrQ1qGryzuZGbOiaEUjJf+rHt2EQ kCmytbIXbGZ6My6K3/XnyUMopiDf2RwE qfCWGKh+YsWOc657nYYr5yxWKfYe+tn4 CN8gedW4oTt7C7fJ0blGlfSRuLhE+G0K js70JFgL/CGwZkVChwuO9g==
in-addr 172800 IN NS a.in-addr-servers
in-addr 172800 IN NS b.in-addr-servers
in-addr 172800 IN NS c.in-addr-servers
in-addr 172800 IN NS d.in-addr-servers
in-addr 172800 IN NS e.in-addr-servers
in-addr 172800 IN NS f.in-addr-servers
in-addr 86400 IN DS 47054 8 2 5cafccec201d1933b4c9f6a9c8f51e51f3b39979058ac21b8df1b1f281cbc6f2
in-addr 86400 IN DS 53696 8 2 13e5501c56b20394da921b51412d48b7089c5eb6957a7c58553c4d4d424f04df
in-addr 86400 IN DS 54956 8 2 e0e2bf5cfbd66572ca05ec18267d91509ba6a9405af05c3fd4141dfa45200c08
in-addr 86400 IN DS 63982 8 2 aaf4fb5d213ef25ae44679032ebe3514c487d7abd99d7f5fec3383d030733c73
in-addr 86400 IN RRSIG DS 8 2 86400 20260308180000 20260223170000 41323 @ sIigVszFT1B9l0qd6izfAnsKtORbC6o/ Z4kQKp13Me70q0IC+HIEpuvg4Hk+LENO IQYxWEBU8CjanbM7H0c5BgRZPxIx4T/r VAtYlQgY4y825zhQ16fUO+q+GH1aFfZ/ 805jLXssMHsbiwcRtv9HEOmNanjL9uMU ejsp33+f+5fesc9yQXgMRP4CMHeToRMJ WRaQDxGpHO1m6iWa7CeRFS8o/LLED66Y b1Om6/dTMcQgpQwmWvHqvNF9h4C8Qc4q 31tqvZ8rXp2+oAkwng8Rm3Qi56TmDg2w MoOGunCx8dGqJ5sr/VYVjUig62WrMOvv 8R6HktYqKLXdO7wvHXWqAA==
in-addr 86400 IN RRSIG NSEC 8 2 86400 20260308180000 20260223170000 41323 @ ynbydLEAg8Q78lRy8OTxAJsX7brergc9 6BZQJO9OiDVnMhVEKcWl9rh2ylzEjslK tqJ6u8KGiL8DFVsYAJpuvVtvKus6RC4K CV+zp+GjThrpfr7Oxi2FsVUdjJtCdwYv vkh7GXQg1X8SAAUJOCdBDfLQ5GGjPd0M Gb6aJ6KvmS6//GQ+rjGHxmKj399CGKC5 atA5lFYPaqu0z4ICwnrdiyyOKW5Y7mZT ZoFfHVBzDvjM6VTrjsbK1Zmw0oCNRwHY XUnV0opMKL9lJX5fKXMhG8LQ2xQPgV3H 6l/fidlACLQRu7eMq54yCGHlGw+9r1YT Hyt1NUxJUtoOZU0XpJs8QA==
in-addr 86400 IN NSEC in-addr-servers NS DS RRSIG NSEC
in-addr-servers 172800 IN NS a.in-addr-servers
in-addr-servers 172800 IN NS b.in-addr-servers
in-addr-servers 172800 IN NS c.in-addr-servers
in-addr-servers 172800 IN NS d.in-addr-servers
in-addr-servers 172800 IN NS e.in-addr-servers
in-addr-servers 172800 IN NS f.in-addr-servers
in-addr-servers 86400 IN DS 1987 8 2 dacfdeb02a489a514c6408d0d54e0904fe6e09a6e111abc9eacb27f6552805e1
in-addr-servers 86400 IN DS 45104 8 2 50136f7a8d3ffe4f9887ad234ff8ce945cabd331feb12569b2f61f99ce40fdbf
in-addr-servers 86400 IN DS 62996 8 2 836537710efc1e5570e3aeff7c0c80d3957a16ddf8005034bc9082898968dc81
in-addr-servers 86400 IN RRSIG DS 8 2 86400 20260308180000 20260223170000 41323 @ FRi14CKEmAzbSMznQ3qIReKtu3FtvD7j tjuP+ddTxW4rSYHxyfAQXirC6m218hPH kAt2B3jLKnSCD0yD/R/eg14hG03d564J ei3xwExF9aF8rfQlGPmzK6Kwb6wc+C4y 44fxnv7mczqKReXQx8F8PKvPkeQayfor 8W81MKUjkjtkSBodCKKq2eIFSR7Suiwb FufVtDU2zbbYCz2WDf77CmnRZn4+SWNQ rQydDaqLB2RrK+hxt8Sluhd5qWdAcZWg jzBSdZ3dzexPr/JK5gvDwxFEMyiUsK2y RC6itymOMLMo76BqCIc++kghVLSdSu3J L8UC7GBt0su2CYDfWG2UfA==
in-addr-servers 86400 IN RRSIG NSEC 8 2 86400 20260308180000 20260223170000 41323 @ GFViW5jcvYUiT4Z5Xj+cFWshBXhBRRqk RDRtCyaG08+UDvAiuKFavpKRve6TaRdj FcheTGJqWneh6V68spUCutF5kFzP71gt 6UqbioML2WMwlZmSVXS1M0lCbheGdzHZ dNb7OkhL2xppCda11vekdYCextBNSq92 fXA48yXz+5lQblXxg0OLpYKWLTdGg9Gu pMEr9RWt5woPcN/zjlnITLZuvZRTDWMh 7+/nwv6+To3fk4uANiC3f8SdBbN4GmYL XKsbxW8txOXa2lZtc9HfszSlBRcrMRCr 5ShRjA02veg7Lv/c4hotkSCu6FihlDhC p2J+ngTaKlwH83I3alFOTQ==
in-addr-servers 86400 IN NSEC ip6 NS DS RRSIG NSEC
a.in-addr-servers 172800 IN A 199.180.182.53
a.in-addr-servers 172800 IN AAAA 2620:37:e000::53
b.in-addr-servers 172800 IN A 199.253.183.183
b.in-addr-servers 172800 IN AAAA 2001:500:87::87
c.in-addr-servers 172800 IN A 196.216.169.10
c.in-addr-servers 172800 IN AAAA 2001:43f8:110::10
d.in-addr-servers 172800 IN A 200.10.60.53
d.in-addr-servers 172800 IN AAAA 2001:13c7:7010::53
e.in-addr-servers 172800 IN A 203.119.86.101
e.in-addr-servers 172800 IN AAAA 2001:dd8:6::101
f.in-addr-servers 172800 IN A 193.0.9.1
f.in-addr-servers 172800 IN AAAA 2a13:27c0:30::1
ip6 172800 IN NS a.ip6-servers
ip6 172800 IN NS b.ip6-servers
ip6 172800 IN NS c.ip6-servers
ip6 172800 IN NS d.ip6-servers
ip6 172800 IN NS e.ip6-servers
ip6 172800 IN NS f.ip6-servers
ip6 86400 IN DS 13880 8 2 068554efcb5861f42af93ef8e79c442a86c16fc5652e6b6d2419ed527f344d17
ip6 86400 IN DS 45094 8 2 e6b54e0a20ce1edbfcb6879c02f5782059cecb043a31d804a04afa51af01d5fb
ip6 86400 IN DS 64060 8 2 8a11501086330132be2c23f22dedf0634ad5ff668b4aa1988e172c6a2a4e5f7b
ip6 86400 IN RRSIG DS 8 2 86400 20260308180000 20260223170000 41323 @ ESy3rN2mPGj4Y+OF9QLBzwHNsND1Dohm KolL/u0vdCeMRU/8V/Vly4uL/giZ86sY JjLCkJCyW+Xg6Hy9253VhNl9iTnWbsYx 519VPeaN8bvGMZGQwWNYYnp4w7GWbQzZ QYKsFiXOVzha42aXCl+F6G+PDz00q0ST 6FvBOOI545sJBL02id0AysZa/QTJZvs8 A9VE7Ja7YOB8OWokM0uu0ybqdYO+8QBx PeFTgu2WfSIEsCdbZ7gvXdFfKuJHl47G BK70rrZPafwzNuxCw0RC7DMUKBfGYB2F xoNYMsrqiCGKP81n7AonryVeK4/f8UJn n2L7EbrqnDPFvXjcnihCJA==
ip6 86400 IN RRSIG NSEC 8 2 86400 20260308180000 20260223170000 41323 @ C4phGFPQ3Z/p2gzQLc76paQzA6fkjPhc +eAtzhPAZ7lSqRJ140hrq6Z2VX4Qe8aE dw7z/uk6t/1oFvDoNx4pozi3ZsCjp5cF 95p8PqFBGZ92q9ZtZPOAVi133mbgrvK1 emJkH78LFSE1cLxgOj9t0MW19co6v9sn 32JLiPJJp3gXElOdhEJD8KapNqRcR0ZV NX2HrPpNaxCCdoxnjXuKdahfeWzhSGaQ thaKi+yWLB5Nj7lotAD8y1PmMm19glPe yZUOnKQzL6Qvf/PRGVu7Hx62v7d7lHkw AtSSGdSrbTQDTF9YhuTWghXnwiiLq6l8 wCiy3b8eFazVzicQAnDORQ==
ip6 86400 IN NSEC ip6-servers NS DS RRSIG NSEC
ip6-servers 172800 IN NS a.ip6-servers
ip6-servers 172800 IN NS b.ip6-servers
ip6-servers 172800 IN NS c.ip6-servers
ip6-servers 172800 IN NS d.ip6-servers
ip6-servers 172800 IN NS e.ip6-servers
ip6-servers 172800 IN NS f.ip6-servers
ip6-servers 86400 IN DS 16169 8 2 27fb5354c3c011c2851ee25ba32929b645d63262779ac101a6f28cd631991269
ip6-servers 86400 IN DS 19720 8 2 f154d00f5759c274de9cad621910cc0b87d720d35b7de4b0b566e135196c38e2
ip6-servers 86400 IN DS 54832 8 2 ff0d5f44a086a7a31b99c81cfd1135524b5896878e6de78f12b3f609bf7279dc
ip6-servers 86400 IN RRSIG DS 8 2 86400 20260308180000 20260223170000 41323 @ MxDGes6+KOkEcVN4dtKw7yBHPSwVfdaw Jz5kCHqXP2jVgFDN+sYUrKgtlbFAtTAX /eRwN2f7WIuV3obHvcNXE9GHuistA+pA chAwD14sgfifFxpVPrpTpmb7IEehzLqQ ATgYvLHK1lGTysygZ54z5yMxhF/FHNza U2eSCQhvmOieSgaw2rA2HkuH8Op0ULCS oO/PneZcptwsyon/mG5Zkqpwe+lRfki+ QP/q6pJFFTgFGhdw5mLfrDAW2pdnZngH bgCiSlCxiZlRwhjZ9h5uY7Du9/1tVa4e xXapv3Fvoes2zGEuOw5gT5II3UYCGvge 3bQ+lKqpU3DVZmFIPk5r0Q==
ip6-servers 86400 IN RRSIG NSEC 8 2 86400 20260308180000 20260223170000 41323 @ z2pN/z4fqEAIQnmW89iFIJ3mdb3xjTee +ehbxlQJ4C5i7ZWYcCF5BuO1jsqU1i8F //w7x/NX3oux3QTQKYV6snkMBwtKggyX TSynERoa8S8zaDatEtuEGB7G0k3IWVyy o6tfiHesdcoZuIRsoxRa0GzON9C1Y0PH TMopbHdHLzRp6/mdFpwXke6mrsRP+CC9 Fva9gXM4ge7Lhr+Rz7aGpqiLDJve9UPE 7Sl9OrgeDe23BdgKK5h9aO0uRaDR8zcE jMOQiOPK+lrHsaWOLWpoZ88QaU5Ifjo8 BPgUd5H4vQ+4xcPx93BxY9qKJNLxzcc1 6m2qBrSktInPd9uv4RsViw==
ip6-servers 86400 IN NSEC ipv4only NS DS RRSIG NSEC
a.ip6-servers 172800 IN A 199.180.182.53
a.ip6-servers 172800 IN AAAA 2620:37:e000::53
b.ip6-servers 172800 IN A 199.253.182.182
b.ip6-servers 172800 IN AAAA 2001:500:86::86
c.ip6-servers 172800 IN A 196.216.169.11
c.ip6-servers 172800 IN AAAA 2001:43f8:110::11
d.ip6-servers 172800 IN A 200.7.86.53
d.ip6-servers 172800 IN AAAA 2001:13c7:7012::53
e.ip6-servers 172800 IN A 203.119.86.101
e.ip6-servers 172800 IN AAAA 2001:dd8:6::101
f.ip6-servers 172800 IN A 193.0.9.2
f.ip6-servers 172800 IN AAAA 2a13:27c0:30::2
ipv4only 172800 IN NS a.iana-servers.net.
ipv4only 172800 IN NS b.iana-servers.net.
ipv4only 172800 IN NS c.iana-servers.net.
ipv4only 172800 IN NS ns.icann.org.
ipv4only 86400 IN NSEC iris NS RRSIG NSEC
ipv4only 86400 IN RRSIG NSEC 8 2 86400 20260308180000 20260223170000 41323 @ R9cRF34d3GJeW00rumtfjaOZ/Og9fNxz Obx3JbbL4D237dIX1iC7WiJOOJB5UH/d 41+Dj1dO66WkIjE3apY+PZ/A9wOwfJnr GjAbE8y5CFenfmjJ6kIFkoqv/xpGYusn 5rTRd1BI0wBon/egy6SjjVr9KF61xiIH V/+uKjwoal3sth22V8XO0uXAQEs9iNkz SNasuxEN9KMxzqqsashhCO1lOo/81tgj HU05T7v1x4MetPxdl+LIr56ZP7NLnYI3 v4CT3nI5eAjtpBkInQ+TsxHj9sDNE2PM XkVQ3EwGYqw26BB3+q2kMKYntGo7uPQa Fmk7Zy05zgFkaHjwai0W/Q==
iris 172800 IN NS a.iana-servers.net.
iris 172800 IN NS b.iana-servers.net.
iris 172800 IN NS c.iana-servers.net.
iris 172800 IN NS ns3.lacnic.net.
iris 172800 IN NS ns4.apnic.net.
iris 86400 IN DS 38534 8 2 163416c9dcaf8d1babfec16552ed109029607907ab80b195e1dab40f1792a59c
iris 86400 IN DS 39464 8 2 1e09a2d6374800d54cfd0e52293906ccf7db7e923dcab7015e4bb697d76d9846
iris 86400 IN DS 44285 8 2 05cbf77375a8bf5702cf8e261ff947be8c8ab7a0b9485a0241edcfe2f155c7f3
iris 86400 IN RRSIG DS 8 2 86400 20260308180000 20260223170000 41323 @ zIQtKj0Mx1oWNKe1HpdaUXYg96l9jl2c g0HvH80nn4G3geR7KzWSNbsiyattXCRO oSDux4usDV+jw83kQ2oCCKN59HJEl1BJ V582ywM6SJD49ZLKWYsG05GXKeStT7yM Nra3YWobKX06GeMUjfINnnAwWp8S11oa Q6QrnAlWjzcPH6UXQOaJBE4grCUstIEU ItMNgtg0hBRzt+CBp0EpFPGnbXv/zYKQ taIgmz0T+6cQ/I1LGN1xYGcQwn++nvCi kzK5euhka3BvP+H6t+lj4ApLHdsIKqeB QAFkogqJsjwYCQV8qyGdU7qoPqtJx1fL Eqa5WqlcoFBccM57lYLKjw==
iris 86400 IN RRSIG NSEC 8 2 86400 20260308180000 20260223170000 41323 @ QsFzsbEidiDUlwSL3LteUeJ039OQr/ux jwCGP1Z0RIztkcdO0FJUY5zHriXoIY0M /wk+LvbUONNIcRvGqzNOgQ3pDgF4HENm 1akuX6qyuuCOtjFLCIj/vm1zI98UCkdX QbarO0yyDGaGAyMkO6kscCfIWBZH39Us 23+OCjEKK/cweV4G1m8qFVl2JdDHwP+h aYeXinKTRnmrRNTUq9ucoreUFPEK2nf/ h+TP+yldjdddUy3vZPb2kdda+F7mik2Q JrT4OIO3F7Y6xcybMdxrh7/a8oeWOgLl vXzd2nYSpaBaKvosj//IyX+uHHOqgilh Eqk1x5p9V9njT2bUkqJboA==
iris 86400 IN NSEC a.ns NS DS RRSIG NSEC
a.ns 518400 IN A 198.41.0.4
a.ns 518400 IN RRSIG A 8 3 518400 20260308180000 20260223170000 41323 @ MrOcOkUYqt9G+oY2+hBNZYGoST5XmKFE TpKvjWesGzCjYnOqbGW6trdID38EvP0p o2gLNPaMx+T/nDNWADnRYiYGBfZ4U5Hy eYsOLRk7MrwkoOzYcCfcZm9IF8oj9UK7 RSuHWPb6bIdgrhWwaXyZrv8at8j3ZNch 5x7CZn2N/7/4ErHJ+ywshMrlCKrtzMih HbZ4m317hRnHdqLsOiv/GuSNrFX4GxJy X8c6kXDQzpgSMLDpD/ruoueKy2XDHYDE npJs9NAPj9DBki5zbBqAd/TjadNYe6PH a56I7jXmLteeXaaGldYELm2xGYWlV3ic uBE4CuRJMnSV1wk6TR/2ZQ==
a.ns 518400 IN RRSIG AAAA 8 3 518400 20260308180000 20260223170000 41323 @ IEhDQQSXqHHI8JmasFtiR7J8+qNi+Hq/ 222TqgS7FL58mbn/1aX8NhsLzgyRgvEa pMlKGVJMSERYvi9FwY7RqLugvtCh+Nzo X6TZJpokMGSJKT4zh4ik8VrFJkfLie6/ 5UfKneB0z0Fhd5Uik2kni9HJDn5GhQ7c Ba2DvjzDdhsa8W13NanW3+zRLtIE3ESF gE8eHrhC4qcQVreeJUXILr5SR0Qn+8r1 E/Yj7SVL9fj6TtmAkg8B2EzlFsvcRYGt 48vFikV8Y3+kpWLaIKYZGNHhmsWGxXuA 8AnszHnF8b3antivXqIf2ouSYK53ex4n UnT7ifC92ppo9J8s3xRpPQ==
a.ns 86400 IN RRSIG NSEC 8 3 86400 20260308180000 20260223170000 41323 @ wlG48jJnPvz0p10qSc4mr/RsnuCJt7QY S+3bNaF/ogSF9B7fHMmvI5fLLE2ILhud jW1J0rHa19VKegsUV1N15clAULIxaW0M WBQYIIVY/lrx8hzSGD/1R4deXnRDoBrf TUyRY91KSCwC/7Ryua7uogiURj6foeuf 3v8Ud7nI4wjW3/ry2KmZGfy/f1sZAVQM oUYzLf1lXsQEZtOEtqpDryUxMIqbtn+K KCZ78WfLmuR0RK0TNZoctLO87Rx2AkKD aWKHO1j3IZafUhn3GtPr31WWsdIEP17m VU5y1enVCz2aLir59VPeSI7Pq+iO0WmP hgWcUwQpLg2/rKO2M0Ob1w==
a.ns 518400 IN AAAA 2001:503:ba3e::2:30
a.ns 86400 IN NSEC b.ns A AAAA RRSIG NSEC
b.ns 518400 IN A 170.247.170.2
b.ns 518400 IN RRSIG A 8 3 518400 20260308180000 20260223170000 41323 @ JAxS1v3YLfo7MclZYR59ww4qZdOoMyEy Q4IN42xdMHY+cKICGWnv7TQ5WwopK4H/ BPSKRgBc7hwxlX0DXaRjFHCvs4n09zS4 6sN2qMns9ZspdSp5V9DWdSyQuJBk0GXm T3CGAS/OnLcW+hnEXpQrmSM5n/GvkSSv A0nCZq4ELfpcp1Jg2EaC/RtEtcGQ8SaC X9RpAn1WBmVYWb6kiZ4vaL1ZKqzyrrRz omMjdz8IVBjyaJJnaqRolAsTFcQmO+A7 2Czr4xrsTqOkTilgdPyqxKLCYJ1fFbYn /P3xbAjeeEoLwUatqfr1apQtwJkqr1hd 9fyxkA1LaEUUxcIGV/kyZw==
b.ns 518400 IN RRSIG AAAA 8 3 518400 20260308180000 20260223170000 41323 @ sko+z7sRnog7weC4XS2YB0lf7UBHgM5l IBW74aXx4YPiONZ+iJBaJCmAdC0BaIZR TiyIjzvRiZ4uoaSKRzPt8+mx401OR4se 282dnukzdQfDbccOzkJ3nYlkfb0vXDkJ 25HEsiYaRAfu9jRlESrOPoMbKFdTd13L O8UcSIu6c2FSf76L/lOcSTnb3v/7Ce1n 9KtJ3Pr26UYG2cj1kFBBTu0lRz+Ujq+h OdbUzbDYIJjTBaRkmIxSflE0scajYlJq fbRszW4ZCVBbhf0VE5KFojCB2u6lpoIF G9Q3wPBNclRxlv3/cTqt93IiDGDa+4LQ Xc1Ok9knSLSC00Bxwh4/Xg==
b.ns 86400 IN RRSIG NSEC 8 3 86400 20260308180000 20260223170000 41323 @ ZDLqwDg+ks90x2+BuqhZqRTqMsr5BbCZ CARhZuv6n1Gr1p2jfnJHMtNUGAFkB1ZN e+v5iEZ8HcOWD9/gLDJGl+3/JWmbAz1g yF3nx7zLLEICjvJhZVoUaixvS+Ospbr6 U5LZ3LJQcGniE3yyXpo4R+nrlGyYk2ZY /wP1Lu9cZ6MEYCt6bBrT20UFLCEwCM8y cYrhXq7tBUADT6vRzF/KItDGku78F9nq xUdp5SziGskbGT5KP7f+QMNUTgarMTg3 gNg65rLep7JwYXaF/clizEJmtR37EewZ 2/WebYaqfuXt7UXFMF0SsHRQtVKd3AxU HUxhdVl/jkLaapvdAsa4UQ==
b.ns 518400 IN AAAA 2801:1b8:10::b
b.ns 86400 IN NSEC c.ns A AAAA RRSIG NSEC
c.ns 518400 IN A 192.33.4.12
c.ns 518400 IN RRSIG A 8 3 518400 20260308180000 20260223170000 41323 @ VneHFFtQ9gie2bdXPpvgUkvI7Jer5wSL IzcFfpZSTHiIvBOnsQ4xa8cSCAPZq8H+ pfqTwvIIcuh6La99iQBpsiUJ7kuo251z EyPd9h9Yjd+E+KBERflqvmAHEyrRPGRh ODwsF23PCbo6J5Vceuhsms4hqt3vdUsf e8Bano+5z/V0NAVydSZQJniq2YeDLdF/ ty7E/1PNTvnqSFs4zcHrar5pDWtYY3ub AqEITRpoTFe9LAoxCskt3sXAPFWFlqBW hQ2nszxFWc4bquigsMiylCcGeyivNeVA 0wglmfOrcmAGEWImcisRwylTlFRiRzT4 Np3jdsKI4sgaUn+G+u0iHA==
c.ns 518400 IN RRSIG AAAA 8 3 518400 20260308180000 20260223170000 41323 @ VnVol7ZvC57USjzPx2B/P54c3Zqb2j3E 6OoPn2T9qmEX5S+guKKdfeIz/fASCjm3 zEWahht3cKXUKiQdwcGb2KCQktCfSFaj MQIvqPODe0lp40icWLUAIY44R4aRw2pf trRFt+OUc3uez9+gl9L7fxyZXjMnTtBs MXTdAIsZS1DBtnUVjBbZ7efyHxHorXsm w5LhJ8tM0dOgv2+0TY/bIHH/Cm7zteZn huXZnKkJa50NftYML0/EMCI7/P1+3ZLO 0INN2VBfWlunkeTuGaqEf0smbSN38WHe rqitfx1N4CXdLpYt9eBKOdysgA8nli9P rjqlYuNlxvmN/J/e/4wPIw==
c.ns 86400 IN RRSIG NSEC 8 3 86400 20260308180000 20260223170000 41323 @ cm9+bwn8LwwGygJ3rgdgsk35sZdlY2Rg JE8dbjoBR1xbANcjHqKpGDfm0EN5mhZu 9CZe9PcNvpYZGUx+nvSEd6iPoxkNV5sE RO7Dhf5IJMGA5vsjKx2JNVD8BLamFJQn 0lcxo3RVqTPHctR9hxCO/qE1LPx+wYhM e+xMdWraDyki0oHBX3WeuHI1TLHllVZ8 cIK5Js0QhZr9raFTC3n74+epJSODzKbK mKRO+vEVYX9tMkveDSkrE1+fdOHjVEs3 fSvCf20Rtt+1iWLItG76lu2s/3q3XMMY JBIo8afpni5LZEpaKc3R1bNlwTCs9mrP YnEjJXTGdpM11krdRN8XWQ==
c.ns 518400 IN AAAA 2001:500:2::c
c.ns 86400 IN NSEC d.ns A AAAA RRSIG NSEC
d.ns 518400 IN A 199.7.91.13
d.ns 518400 IN RRSIG A 8 3 518400 20260308180000 20260223170000 41323 @ mQsBjxZf4CUeOJG6/a+rGKAo7c6rayb5 rOBge1B906OyhJ1iuPrF/x/9QoSqohTT /865aR+9vMqYqb7xCCQtn+jsLHU9krru fu4i7orKhRKHoUgyVEv3WBz4wAmbvpL/ 0pVw2fweeKxtjHEKkkiMqniVN5SzauPf 1+JkOZnYApO3A8x9azJEZ4hfBJUZdWzE Oihodj7UhiwfXfm1jwTW18xhyXBptgRN Fd02goptElL2Mpa08Gy43fonjOtX6U8g 9Z0NvWMln6jYfNPV8uAkNBBc4YQsSsb1 lZlF8h+Eb/k803NXpQnxryihDJUXJAGK jSkA8u/lYyzqAugP8tGY4g==
d.ns 518400 IN RRSIG AAAA 8 3 518400 20260308180000 20260223170000 41323 @ dPtQbfWSlMHX3hv0gmXT93A2NzXhqNBS LCuC/pGD7iaCJHSOxrItMU3Us84G4bwX 8uaBBQRnHDkgbCa8CK1lPFy11XvyqfgU y8AHAbUsGvISiunkZwWEQH4qyIWEk3Iw ozLZnPAidU6VGByY0tlEbwxUJVAw0JRm wL1BBTBtr2MGPGsTFSF5mhdP4qpvUoe3 m17Ukk0aoDetTC73of/W5nOBZ6FYx3kW cQHggEHxPqFcdzimM2RR4Rv0K4vS4A0R o5oo5MHKCso6t5wmQGmiFXRxl9Aja9SN 6huvbsuXamQrXS3a/uNvq1fBgzgu67hB rxdxd7oS4ufBrlXcd3NwyA==
d.ns 86400 IN RRSIG NSEC 8 3 86400 20260308180000 20260223170000 41323 @ rGEi/S0/HnGqnrXtSLKjH20eKYyb/iZ9 WZUbx74hSC4ExWQblGsYCMVyZfhN2k9b QLVNaPx+2owKTbQIULm8TDxQ4bfD+QAf iKMRY6OF3W+Qy8Iw/1DPSsbXbXHi4GIk g0uhL6VEK7QAYaFIqoFp2egotNoQDXUF fAX5S2ZSWg+f92iGZHH+I6l8g9xPZqV2 NSbXqIYRq72EpfEbLK8/gJIMhcTsKeEu ciN9gnh2PCmm5O0ub4AGV8Esr07wszW7 WebWUKWDPOtAV5uUCk2GLlIqnB3zD/NR lIpOR5HsTVc2OLSWzSfOaGHUQIT2d1Dj KcscEG0Mm+djtb9P4NTAFQ==
d.ns 518400 IN AAAA 2001:500:2d::d
d.ns 86400 IN NSEC e.ns A AAAA RRSIG NSEC
e.ns 518400 IN A 192.203.230.10
e.ns 518400 IN RRSIG A 8 3 518400 20260308180000 20260223170000 41323 @ sxU+I3wAHb7hShrOxq8+iiA8xY9ENDxC qfyCW3FK/sibM2foOO7isFKUkciPWS3R 3MyyOg0sZMGFMwKdNigGCaJIPe4fTbCu Bu0wl4+83G63EdIdEAo13ljxznxNy5pS 3wbEcAUnnO1Eh0IBOQFZ6qXD6f3w0PYK x5FusMeINL4F3Wa45oDsArYKcs2R2s/Z 1ij/uhMJ4encIp+H+HDddM2uhp9038Rc IVm7DEqxlkqCG5hUI8/bIDii05+EIQUP bh5b6HzMRSI0HKuuKZ6lUJ1KH38iJRkz zpkB7expWdKBBwWYK1JMvNJWO+uwWzb4 oXbvh3Q9yviMavOt6J6T7Q==
e.ns 518400 IN RRSIG AAAA 8 3 518400 20260308180000 20260223170000 41323 @ Og3+lwH1emtdH6jeZDIyKUFwWhl9DdA6 xYawobLGm1K1VhrnYA9a7jkWPWfoXw7P qLlqPSQAGmAL08IquonQoJhIHvoh5/rO E7CF/crtgHK5+QOuMvFk43CkOL098Orc kZO8oS5umo59JBl+JMHzjM6cr/7Uqn4u zkXMKMAwasYcvW4pTPs9VwTP2Z43aHw5 kPQLHGP+wvUMio5mA3iSLGgIOzZc3hrV Cid6loTiBcs0wSpeo74/q4+RDRnAuVE6 33gO4CsC8P7e5IjxLmtd4tYQ3HKC8PFc 6XuekE5aD5FoX2BCId/rMwsxBi1vviiy f0AW9qNR7NegTpp2h+RkrA==
e.ns 86400 IN RRSIG NSEC 8 3 86400 20260308180000 20260223170000 41323 @ C87HV1epKRxDFOCXIfHGy+1D+VjPh8wd 1qyAV5aoAxDAJhEwpPdgK2FOs0ch3KHI 0vr3328FzYhZ04DGgvBfqa/pTE162R4n usXVCCWD0pSk+AHZLHYs0vMTLtAwwv8U aiVhOmKYZK0aCm9S0s6sdpc+7rW5SQIx Px58YsI1TJ8BPiVeAmymJS2Ged4M7M09 cQ1DZZlww/GJUNQG8+Xu4y4qIh1ATex0 Eyb8lSSipI1N7cixwLiBQ54A5nO1dF/M KDh1yEvcv6NoKhLwRbbjHy1IJV8wrQp7 zymYCRcR6wClz+Yuvrxzc9OwsM/OhcsP bt0UI04wgHbRPVsOrJUUvg==
e.ns 518400 IN AAAA 2001:500:a8::e
e.ns 86400 IN NSEC f.ns A AAAA RRSIG NSEC
f.ns 518400 IN A 192.5.5.241
f.ns 518400 IN RRSIG A 8 3 518400 20260308180000 20260223170000 41323 @ XISkgc90W78KEI7R85ufQOH0IC3mPDKg KKBba/9sKiLZU/qWZgFUzPqx0JUijODx YJnvjm2jODSTTkfpznffQfdYzwSWDc0m PyBJ42KHFCXL5+wLldZANQ6EidQ6fITF AGEIG7nYCSTPFhQ2nBmyxntROnqY9Y50 NY+a7WiaJssYU5wnzZuaDQm1BlJ4lXsf YQiyoT8SzjPq6ZY+EvNjm8OZjgioC0cS DeL70m4r1FAtmqx3bxBEIaC5fUqKEUYd bgFSuWEaQvVVCAa0GtE/dMnAEL7e6PY4 HMufp1OudtlczdNvOe1hLYA6gBYS3ghq XwM2XBXeJ1bLG+drJ/QOzA==
f.ns 518400 IN RRSIG AAAA 8 3 518400 20260308180000 20260223170000 41323 @ LsWNpMs8qv8HoV0vTjj6mRDNuTBSrxQp jbYnqeSV9Bv9oEdXxOr8FxOGA+URuu7S TBT6uygS3thEo6dxMyXymzwuTkcJO8h+ AU+KqVufxPxfsD0VmAiT+vziV5pJxkQH 7Ugy//XzuTjd0VZclBiFQfOeyQaHt19n vnCx32jHOokr/bLXk21DG4St5x2AfyOu vwFpk7uTTpIfmNWDjySgCw1QqEVBODgd XWt/Ga339xpnz+e5/s971AsM2YZZx/6l S4VOkov2pvQvXp2mSZTCNlPMYkqTE7lR UHJvMjMES6rnhLUhiRZHPNefnCg5v2kx Om3ZHaqT8VkBqFFsbxYlSQ==
f.ns 86400 IN RRSIG NSEC 8 3 86400 20260308180000 20260223170000 41323 @ evw0Yye0KswrqZNTB/hivRpgnIF0Y5EO r0XZsBvWXwo2+wGGXyftKiue+nWLVGoc QMnqcNexHQm3OLvihkvNrbHRisTzkuki 5Kkn6QuP8vFHt734xrB7u7mHM/rmaiyy dFoQufkOXBvGLvmaGlH6CKUAtg6FzNo1 p2htZSbmNb4GqhtJOzwq1+BkU4t4TUhW skKFN5ZicOrebvgMoXQJ1Ybgp1i5TI/3 CzQbnNFMhtjkQXcaFB1RIeY1fWF5I8ZR +BMUrPLGaFd4Ni8RkFQH3p+xMLb2oq2O n0fik33YKUW8CyciORH39I8w1OjAHLfZ wRu0N3K7jVsjMiwYA7BUJQ==
f.ns 518400 IN AAAA 2001:500:2f::f
f.ns 86400 IN NSEC g.ns A AAAA RRSIG NSEC
g.ns 518400 IN A 192.112.36.4
g.ns 518400 IN RRSIG A 8 3 518400 20260308180000 20260223170000 41323 @ VCUp2EfDypThLMkm/XRnGglVZ/YSuXmk qoIptEYgGL3RD6XlrPx+q2ivMNW5eByL 6RchMq3cGkPExFvcn/DRkUSx0P5tY4Vn RW2oPMOMYGWd3PNpYFtbq6YmUKX1xbtK ju7yUo1SdD80hLNvYZi+xfcU9KH8mXrn iajFZfdyLa3PG4bwl1/SIXXfdphfADoN gzOO3blzxxq/nqIOHnVL3TSqVZLfJyzQ K8mFpMIuC8vMU7jL1EaBTCeXmRPOfejC g/323iMPPcDFF6uvQ04LsF6WPyfXG4sH rNHNZwj1xNX0IeRL7k2Zqd8/Scp7bOhp SJcDrl5N87Y/SCn7QqnXsg==
g.ns 518400 IN RRSIG AAAA 8 3 518400 20260308180000 20260223170000 41323 @ ljlX1dsOVeDhzJuUqLlPWRj5KY2P/Y0T sI7zVlCKp0JSxHAmfl4MQVEtnVeFQKY7 Fuuo7Rmz59hCEtXm4YX3NoozeM4v4fyL cXqmlBbM5rGLK3NCaHDG+5FYGRYrlfYb CNbuDi6G3jJaAjyKVC4/TUGiMyqJUIgA Zl1c/gh5RbrhFeM3XxbQ4b7r9Bsjoci8 y4SYfRN10ffmCATsRTW9Dw7zqP0/KJtX df2SWvjQptuhPOh0yC25r2eva/lbLx6p xIjyA64rKCT6PAKokkisa8Cvw2UvbBRU t+ffgj+xFAsD7QMSg+hMlTPH/J50ezSi oy6yOfcqOI5FUPghQ2Ljpg==
g.ns 86400 IN RRSIG NSEC 8 3 86400 20260308180000 20260223170000 41323 @ W7z44LxdJYNdkA3+b6iP54dySCjPHna+ +3oD3yq3ruySTUi6mk/zawRyh31uxdAx /rl47z1TcwkmZJC0/uydWsw0aTb7CeSn pD87bqRVK0FyOxq1DKHqgGuprFoCI3z1 oecSMMDMSuEpyFqtOlnhzrfIEuOgbZbj nCc+v6prqmM9x2ojg/8HP8RabaM87Uzj 5sijIp93SIgsLa4UectrSthSIoktuHo9 gXwlMKqz/otEKtnvUyfvqnzRV7tzsemT 2WdXpWWOR7QqSdo9EVAxpGnKWFB4ClvM jlvCQLBAp4rvYHF+/zhQ7Y9SA11yzysa j6ovbdXQPmSq19A99B8ArA==
g.ns 518400 IN AAAA 2001:500:12::d0d
g.ns 86400 IN NSEC h.ns A AAAA RRSIG NSEC
h.ns 518400 IN A 198.97.190.53
h.ns 518400 IN RRSIG A 8 3 518400 20260308180000 20260223170000 41323 @ Kou+1w3agw43EG6PZ6hfBTFkoqD1P9h9 6mZGbbMOq/BgboZvmox+8J5n74QsPmMC jLdmhRKUF0dWFgvF3tQlN6R6BVEYW9e+ 9dx/kpQA1E8KNZHlxchPTzwc6QdY3inX 7F0i2499cLk7aink7ziL7T4+3Avqzj6e lMAA6zB50WmHj079It3NasqQs5/e4KRk oUx7Ke1rEZqvQnUdqE0M6xdl0Zoocush HJGJtdKJhYdr3jnaw62kieUI3bsuxhf8 bwkCqAuPEA/kTlv77vrP7EN6hVuGfgVu 2nG5dCkHNj866yoFPh63XJd3D8yMbSx7 3lC55GZA2Fy6KtWgesdvkg==
h.ns 518400 IN RRSIG AAAA 8 3 518400 20260308180000 20260223170000 41323 @ WhqiebODzIXLQPQm0x4Aec/89D7Q4Bgs JriCBbRbcK6v3qn82I68k0xQaV3+Axa4 evM0vsXqg/w2LHn60XNGKKlT5I9c7xsJ bvO83CtXwSTTCyuifnOmpD2aJBkKmpXc s46nN9Wp0wvb4mC1/OQ6YZrAT9Ospast zL2HLQvrpIQac4eY/2h7OTfNGcJoCcmJ 3oEmBAFMWUdxPLqsVncANyjzMZZpHcaZ 0rJ3klVJq1Lx2njr6E4qtDBA9f4HgaeO pc49iskLaDoC1q1FBwWppe87HwmXaVsA vwGyz2K5Nndb/B224Ofg/3n+DpMONY4t caUHTm/nYWEPl/zIzlZceg==
h.ns 86400 IN RRSIG NSEC 8 3 86400 20260308180000 20260223170000 41323 @ 04cXntM4vB95HAxmzHUaDE2mPnL39+GZ Zej6zyqx+mx+aOMOkdePjzMMBYRYGetZ B34r+ryBTgBaA/fjBkNNjvo1+05Afq2J AySPzR4rX9si2uR3/B6qkDrvDKBgf+UY yJ7SvVL0mLn5yVHkeNNkYybrH0716vl1 6jsX55LsyLmWkbUlocljUxMT7TIRSq2V Ca+SklsRDFiWnm3tXxGa1uRzas2MP4Bu 7UOnj0sj1uCc5wTPMG9MsaFlW6KpFn2/ ODZCFHgLjfs4D+xrN9HaR/k3rhzwB81R jPvYhIlifk//NhmA1eiE1DE+NMRa6koq jF8rFBoka8FM4+VF0gMeXA==
h.ns 518400 IN AAAA 2001:500:1::53
h.ns 86400 IN NSEC i.ns A AAAA RRSIG NSEC
i.ns 518400 IN A 192.36.148.17
i.ns 518400 IN RRSIG A 8 3 518400 20260308180000 20260223170000 41323 @ GTE2HgLCaVkjsgvba1GkYjUhm7pBVimr tTYmKZKPRzRSD63ofe1WCvHZUWEYqict B+4ku+YC/lOijpOIFIv/KtNSWAaF2L/X gNl2o79iju6BJ67UOGl0zipNUjdQkTn2 rNoCwEWQLpQdPgx/KxYQlqEzSpoZcQqf indejQu/FvoKXonCV7Bj01q4j3ufZgpm ph3Y1ypar7VBoJ2DrK+o4u0u7K+tcS1h NtjbST6E3goLG5X2t7Yr/GY/6GgwtGy1 1sfB2XAcU6pGemaynXaWbZDDSODsuEHH Q38HkbUiKZ4ZD3qfr4pL7kQy5DpAiyDs xrzgYF6Po05lwyTX8kUcHA==
i.ns 518400 IN RRSIG AAAA 8 3 518400 20260308180000 20260223170000 41323 @ KT5kq082Vaj2b3S6Qtpnji0+A02aJFc2 kT6AQBBrLdFA1Fsa1hKhTzVi+WZ5zF4d HRHiIv3Ty4jBx9Jdwa463LIdPeJWlSDo wUMibgiD6QZkUbJjyHYBHdNxegzDR2NH IB+jaCR9DrU9l66u46RKrXauI5Af2O45 V35WUwanUCFVbQPQsaEXpcjmgl710Y8C sHOhKjPCqWA8LMU0ecIcVq6xhoqQCbD5 ZStJnXjRJRRp9cuWRcTpsEI+1svhFuwS 2ms8vp8nT2WXQbiH7LQGzUYMDElMY4ZQ EeUTCRwIIvnjvq74pWuAtzswsdYMLIkP lRjO0gaScNAX8k82QH+iag==
i.ns 86400 IN RRSIG NSEC 8 3 86400 20260308180000 20260223170000 41323 @ kyip6Ngx0H9PzP9aJvS6T3SbMQyI+Wxe PxQyhlIyER8ruOEG9w/Ao24elGE+gaOc EC84hNWhWcgPcMvlWp6lDT8H/Vlmrp3E xI1fNGgcwTkkgaaQ+19X7wWylHNwiVjf mJYgDSDoXxzv08RUwg8a3P/glb1VM2C1 DP5kVjmLJfpsJlUIWm8zOolH6ruWuXnP 4KdNEPXw+tNdYhyOioIEL/E5rFPknLVs r8HezeNS5p7XGkxFFpXQv+MLYVCugmNJ tL6DduXg/9XnULzQtvaoxuOl6xCcBc+W MykGIeNzNcrBvt4oIG8uVRs6NYFqhcvU iZuRETvtN0m/xbubIwPmYg==
i.ns 518400 IN AAAA 2001:7fe::53
i.ns 86400 IN NSEC k.ns A AAAA RRSIG NSEC
k.ns 518400 IN A 193.0.14.129
k.ns 518400 IN RRSIG A 8 3 518400 20260308180000 20260223170000 41323 @ ApsI9+/ey+/b8IqZmXO8ENWg7/RQcCDe bhgU6kRm9taus7tUv747CIzg2wEfGues SicT5mUBKToEN45f/E7jdQ2M/q0XMZqB C1r5H82fpKDrtVqA1sCtUaE+pOUreMTz Bc/ZDBJb/1jPmuGiZ9ax0fywqKaDwyvV FSXGSfS5TqKypuXsPwFGeNDJl/9YJNo8 B0NMymEeZ7E1xY4OEy50mG4HH+/d5v1F GQ4hpm3VfRaILuyfczQEam3wqh/281Zy X1tb8Ne+D5gTv47JJaZl8DPo3IRtu+CA pTI3dDGWAbzwH8QXsDosDgqcr8ua2y9F qyqVIYNe9Frkrm6KB+JOdA==
k.ns 518400 IN RRSIG AAAA 8 3 518400 20260308180000 20260223170000 41323 @ wmikHQCXQXPrI6aWNuwTIeLJ0TZ59KBb DOYgSnt6CFM4tIKd6sN6P7mwSzfYs2db amXW67VXIsFcOOhgfm8yiXi3GqnBb84I cFYVrZGgr70evgfsNeAQMtHbG9Ch6lA9 82I0qwhbz9MD9uKFAZi1msFrmBoymC34 rGnnJhJ60f8D8JGj1/sRJN8f/EC+1gcb qE1LSZn9Fg83FqSq/kaYpWT8iJ3fhSxg 9LpiC78h+9PgCdiAWFsVUYrEF1siwck8 YBFkcm9dlnHdkcXTsGqQIbQD2HUDHJKu 09T6VKuGnGzZBoAYqEfqylVWPgCdrn/d w8u6WJ7fnQN1drAtOTzcHQ==
k.ns 86400 IN RRSIG NSEC 8 3 86400 20260308180000 20260223170000 41323 @ hjE0lxCffkN9lyOu0phHeSj7+fU88gFe HdcS6oRGasHhWWBY4wLj31/9oX0VMn3v 2zjlOidMWRgs4lof/337426Vf2vecoRT VUf3NqwESSsHsGGWZsTz0XyDqRp76BKc jZ9c9ALncr22lCTK2yK6dZvuoW+WtrZO YoL9B3R69bBG25YJLhjByUgAZVY+bybt VVDf+f8tqRI1Wt6nTJzRqUSXIiA7HrZg eKSvBjDAPrZqi9lbHnOm3/88iKmTmOe8 jsld23nagm5fliDPPWdJE/Yj3InsnJge YBFa4001k7Uf097lrJjRsVmP4sJbMFma QdedoCQkIAwXJIovelfuMg==
k.ns 518400 IN AAAA 2001:7fd::1
k.ns 86400 IN NSEC l.ns A AAAA RRSIG NSEC
l.ns 518400 IN A 199.7.83.42
l.ns 518400 IN RRSIG A 8 3 518400 20260308180000 20260223170000 41323 @ RpJV5NQ7nxOuBB2TIy1gaEdz5ycI+C6S zkdABYFSGcA3CrU6SKlpJ0YrSQMJijbS IewtB+H+aBBBGORoZV/vLA7k1ID2pmde eApKx4UBkMK7V8y/9uOPrkg1pK5vqE6X nidoKiWLTwp7+6mo1C/2SoqCViB4Z1su LUSHYXXEpzwsDFkm65/7fJTwQSZv6X7+ OsC1yowKxt/Ii9rxs/H+Y+dEds8sXnHH rTmIuJLv5NwdEq9i2poIkphdRt/Dz7qp XSpYHN/Zhf+gR8/80RTmr+vQoVcKt5yj zRSxblHMj03EmGg8PAtVv2MIuU2qpzhJ Y8YdznM0KAFucPNWSEYCzA==
l.ns 518400 IN RRSIG AAAA 8 3 518400 20260308180000 20260223170000 41323 @ w0mPhZGVK6RizrIRKIdsjuE+m9UnhBQ4 EPnXSVAV5QtXc+m41/dZ5H06aFcblhZj o1V8NaxT1P6FdRCMgyqz6f0wIAMajPS5 ZuvBuF560qBdRPQAhDlkiWg+FNJ4blr1 zEo9NEe2xEWpybj00gqevOUwP2q7o77Q 9KvWbmNf547hvV2tNXzuHX3rkcGpwS1j 9N9Y7e7K0wRoS0sTZAOaaAaewMph7QPR gYmux7jFhzBbrpbPTW049OmwbMw17pCJ XlIs/fSC5vBGjAwinjyJZXu5oclHWlWH RjN0Bqj5vEULNo8LnozVoaStCUUG2pHk 0mPIjat+jTcAceIvguUjxg==
l.ns 86400 IN RRSIG NSEC 8 3 86400 20260308180000 20260223170000 41323 @ vO9diA41ZTUo1+ZCq60fASVZ5Q3ebce/ 2xHIfagE3Vio+lBq8gfHMG5tBlfF1byi yFKVZwyvm4vRWSCS4vCO2qmEo3qXGfW9 Z6EOpIHQQBnbg2ICmzS3rdvqyhb+tGyM hfeuzniU2UzNZlj1wxx1Pplc2ZZO6nHc 6Iu+Rq48zsQmxv5DrVF911gICD2KG8Jp k1+CR42u7ZlKd7lRSU2AX/pfblZ/mUmq p3tvAEFiSeRqaRZnH39cgRsBZk5cjEVE cD1uwi3fr47F5pgRC83gL3OAEd1Oop7C noZBFJtaREsvtREZA6smOkbbzk1Jmy03 2kp6uhpEdgEZDaK6cTD50g==
l.ns 518400 IN AAAA 2001:500:9f::42
l.ns 86400 IN NSEC m.ns A AAAA RRSIG NSEC
m.ns 518400 IN A 202.12.27.33
m.ns 518400 IN RRSIG A 8 3 518400 20260308180000 20260223170000 41323 @ deDVV+Ssn9W5uogAuTB5oPsY8/2T+vuC qmJ7om003uOcCoK0ON+w08U8aHxfuqr0 3BWZ2SzFuuQzyidk2lfGrYCu6y1kTEYI pokcicmiN2bgWGQIoQnoOIojlvoZ2z+u lsCdtn3/ND4MecYhzBgaUsP6EKgA0a5c LqNkL/v8+qsbu4OgZTy3bAtDYn1kYJ+1 sMK0u2Q8q0XPkDgDnVwDxLHrKKNcbDE6 W4ZmWpXmVxv322X5oXm6HVwb0C90AC2F zn8IreNOqKx+5A6oDfMDZCapdDQjuXzw LxZDu5WLMNZ+/tH11s0WVt2ZisnhZVm5 8hlDwZpqi0pKT4CdxbCzaw==
m.ns 518400 IN RRSIG AAAA 8 3 518400 20260308180000 20260223170000 41323 @ JwbnQkr6NZe1zfSbh9ZgJSDBBSNpnglC sKVFY+4r8n7L1V03+2ODPUg6lTHO0wLV pShKBTtVQY9gTXQOS9LEh+3thwc5wONj L1ZipZpZWj1wPehD5/6xqhF2pcQlqmAr aZZA2k9LyzOz+Lo0DbZVczYvh5y/gBiO QxH4pvtjNUDogLph+Q3AGgDj7wJ6nY6e zve8Ep2Osbejz+77y8XK6kv9LIiVfxX7 zL38KlKIXJPv0QtEeTCBU2cR+Ki6wfKr jbNq2GvcNyi+zUX2tIw+mJtiqnlTsXrE 8fc6f9wzIPk4VfGofZNP6xG8v7e1MCqo j3V3nqbFEN7+slwbXt2m8A==
m.ns 86400 IN RRSIG NSEC 8 3 86400 20260308180000 20260223170000 41323 @ tFIdIFdeJbxhDug4WMYLyFWbLhwECn9O oS54uJHGnKW3AMSukymL+CPR+2stPErQ vnD8C3BivHv2xNc1vreA7LtZZl0T8rbg aru1FpYrTRsJ4zJi6BJmjT2SZKuh5VGq cIqtBNGOyQb17VewoLtSGKVYbZUr1sKV aF2okE9eN3DjmldPApNjVhobSSH8L8MG u7T/sL5VLdMoUp3VA9K7YjWHGzaMetIZ tNZNg+uZEPBQmLI6OVgmcf6I4ZZpyniD 2oe2ijV+re5eb/7ja4OOzswwecOosytK 4d0IDkSdarSkP5nrax8p/ByHipis5cAm CowTfDIj4TaiY/efJYTluA==
m.ns 518400 IN AAAA 2001:dc3::35
m.ns 86400 IN NSEC service A AAAA RRSIG NSEC
service 172800 IN NS blackhole-1.iana.org.
service 172800 IN NS blackhole-2.iana.org.
service 86400 IN NSEC uri NS RRSIG NSEC
service 86400 IN RRSIG NSEC 8 2 86400 20260308180000 20260223170000 41323 @ fy4FPqxVtLvDZBbZzNT48usuZHCZDUN+ DPPXk5nlZ1dFaKtMcfZ6Rv/Z1ThV3+4i tEHN+KtYmf6vhV29YFoh719xJYYNn6dN vzLUBGrdeU5sy0RcWQcB5UcFLgqMSYma tG3o8pkm6aJcn35TgAqS5UwozmKaZ1DA zg5hijpQzBc6Q+RlFgFQUtEBzuYm1qTA v1eTfgmsjOvmjUN3j8Lra7QS/kiu+FOI bNEj0hHNc2tAUS8jVHg0Qb+KKHhRjvzY aKgBE6lpoNDmtK1/I9JQXrZ6ts0dw+dg JG/94f8rXR0be6BdW4IJTu0SyJTY/UqV sJjp4pD8cy9zJKXS8bqXEw==
uri 172800 IN NS a.iana-servers.net.
uri 172800 IN NS b.iana-servers.net.
uri 172800 IN NS c.iana-servers.net.
uri 172800 IN NS ns3.lacnic.net.
uri 172800 IN NS ns4.apnic.net.
uri 86400 IN DS 15796 8 2 7f8fa18fdd9a826eb08a4d4e9ce94dbba7a5b7b2b3ce1d74afd150242e9f572f
uri 86400 IN DS 28547 8 2 deaefd0c163175350152da7b127dc7c4f9ec8bdf04ccc02829455df86c5ca035
uri 86400 IN DS 57851 8 2 8feda13f642ed9be2e4aaa3d50099dd422ca6081b6bf8188f804343b58d39cb7
uri 86400 IN RRSIG DS 8 2 86400 20260308180000 20260223170000 41323 @ WW9ReXYGnMfwwsK1Knh2Qi+KwyDWt6XW P5XMPHmIS0s3V4YNq4AsuZ4xCq8WS2Kl 6XJ7mfayD991UN9S8zKhZM3fASW27eey 9zdrGKenPCBGhsT2QlTw/+X3Kqvfpuyq csfoOEIfo+N1iHFYUOnzX1xvRIsfMsFT MYdiM9wRQy+lvvw69iOxQsEuKnUPfD7X U5CuZBFPqlAtDdxLht18nNESr9yOQeHv jiPZYGWeMCgqxjQLVs/1s/WfzH7Qj2lM XOwx4MS2Fq1N4QW9MYGpRisbHQgNIHb/ SQKK8eLzgKVzF4TTSy91p2r4ixVq2RyR WFag0r51fmm7dLIMs5EEIQ==
uri 86400 IN RRSIG NSEC 8 2 86400 20260308180000 20260223170000 41323 @ aimpkm9LJaEq3vKf/COlBhp/mxLS62fZ +Mrh5hePf3z+zjg2EBgBJi32Mid5+0vG 9ifgzFAJx1xkDcc2JqwmivpmGNTxn2kY u+ahbuqWa4lSgcHv4u6DOogOzU3vVt6S 2/Da5DG/egZCDkMLr3Vbik3R7bEBTVxm 9c1eJ9PTVvHVRlOrRkDKIMb4KRmFj2JN H5gbisq1Yy6yVPpUuNLX8+dvV45wAAbD O0V1bu1f8/wiQn+qEUbKzscYHA+QP1bu mnf6GS2OoOthTxxl+CiYwGo6qK/Gr56A B94VCYRzk+Azv4wVVWJz3MvhBoQuT/z7 FWsSDA4q4HdscW53l9o6/w==
uri 86400 IN NSEC urn NS DS RRSIG NSEC
urn 172800 IN NS a.iana-servers.net.
urn 172800 IN NS b.iana-servers.net.
urn 172800 IN NS c.iana-servers.net.
urn 172800 IN NS ns3.lacnic.net.
urn 172800 IN NS ns4.apnic.net.
urn 86400 IN DS 28996 8 2 8e66d01a1e5864bcdb8e1f85579aec7c8c536c9d6fc7032ee708e869fd27f3d3
urn 86400 IN DS 34555 8 2 bd743967def1caf0812fe9eff2371d3adf29e27251db272145a5d523c92f7101
urn 86400 IN DS 45052 8 2 7685b675f93ada412cfe534820c8dcc55654b1711f677ba83a8564c12943f695
urn 86400 IN RRSIG DS 8 2 86400 20260308180000 20260223170000 41323 @ abmRLRcOM6mwLoeR1L7z3keq83i1V1UQ Sm/mOd0Xh6InIOmPhZjaZZb+6j+pUs/x TwtSXT1uEDGN1cQ/XY5csWPSUunIMYgm HGgzM4wCRSHfSXiIoy4EEYrmS09fh8sY IynWLda6RNktY8YH9QlNXb4dHAuDuFzJ zrAEy4Gk6WNAX08no3l8hfv1Cp1gqBey M6is5Ay1htkgB/NNGErJbVZjJZtjAc4u TFjGtrPpUE2RMirDKucGhrWfQ1OLtq6K 8rqwhvoOQ6gaYik8XG+BNnsKmuvj1338 E3YY3lTNp0zkGsQaOIzzD6CjnjmuExBQ Ha5PBawaZhKU8GmgAO93Cg==
urn 86400 IN RRSIG NSEC 8 2 86400 20260308180000 20260223170000 41323 @ OF9ToKYpaTNONUvhNBc4hUNC5tnUhazY k/gdA1iHHkG1+mK2pZy+A+YNCcaehxWJ jugxJng1Xq4LWAfVXsLXGNvu967YR2vm BWdMB17cpUwo7Vpt+wUPP1oNjERqWrc1 4RzZTDU4bNuGJfnCqt01WhQmXv1jFCyg rcEKw4uhWF5ORm+OXbePmrvfoAkofOxm MHKhH+6r8aWD7CLeRqQmcdb2dgbcf8sw smnCgpju8qRxQO08dki/qe12gHXmkfIl zOGhWtoWt/5Y7BMwBuFOHDaolb7UCSyp YWnsrndazfHbgZDMfjOXtmzH+aUfDf6C h5XqB3LEpvGh+gvAQFZuMg==
urn 86400 IN NSEC @ NS DS RRSIG NSEC
