@ 86400 IN SOA a.root-servers.net. nstld.verisign-grs.com. 2026031101 1800 900 604800 86400
@ 86400 IN RRSIG SOA 8 1 86400 20260324180000 20260311170000 41323 @ QoFqc7+ShodB3VXkIuj82xXNGk4ZR0mH HJPqgms+OueECedFQuwx5auT2ea/Udmo 0Ngavb29oAQmmGHryyPSkLYs8ZlT1Xqp LqaQzqmF1KM+FPhNE46Lzg41EhKSP9t9 zs4b7/SqOoXjLda4L5EbUtUj0RHvo5sB PByuM/PdUiceIGjpKOifZvJpWED0Rwji 0fS59QquMXclj+7MSpFuf3MLAmefG2pq Ut1s8chl7mb4/TKpfLWOwQZ83op2pNjh cn/QrceZLht85ZVnuhZQW+YR6NI8xzRB 6FtBcNYEkg0nHVPJqjSqhqAh4dU9ZUKp P3ScGWDQC6uj/MTCzJBEXA==
@ 518400 IN NS a.ns
@ 518400 IN NS b.ns
@ 518400 IN NS c.ns
@ 518400 IN NS d.ns
@ 518400 IN NS e.ns
@ 518400 IN NS f.ns
@ 518400 IN NS g.ns
@ 518400 IN NS h.ns
@ 518400 IN NS i.ns
@ 518400 IN NS k.ns
@ 518400 IN NS l.ns
@ 518400 IN NS m.ns
@ 518400 IN RRSIG NS 8 1 518400 20260324180000 20260311170000 41323 @ tBuPySWqnFhkbAILiVMqmGTYs6DcigqE rJyLSbkUZ/5H8tmGGBIXtzOQ1XFav+A1 iAlXZrpdwMmqboFm0iRmMSDo1KQ6voqJ qISYy4tM8TPzSA3ZnQwnj83Z2wNYt0Ze 852pcvdRbPxBm1huYe5UhYD0haTcUMrC qMEqKvohradAqpjHlnPPuedovcUXEYJS OAXVTTWrWon30kiktV5HpDkgPwRo1C7h pJ1BgN1HsvkvGUknttsoNCt8uxL2hFlR tMHRp0KRCJjXmThljtBEuDICmUveMFNZ iP7SjITzaDJDFO3BEKyrf/Tgs0fYjpdF 87LqvSJUU/fuM1Ijf1s1iA==
@ 86400 IN NSEC as112 NS SOA RRSIG NSEC DNSKEY
@ 86400 IN RRSIG NSEC 8 1 86400 20260324180000 20260311170000 41323 @ u3QK2jTVc/9vHg94UGXJ7SgatxLVfth9 3kS85rln3zLqiHlwPUCRM37BBcW41c7H exiT/Z5Qqam/jWKx+9HINdOslhPj2rFw JpmrEbMU6tXSzE9JRhEFktH43vHD1D/s lKD1BlAibMbvQ+Dgt8Cv5xPU+dQnPUZO uyHpDeh3n9OurAPFN2LzeZWJ6ZArVQ60 SQ5kzh/InPdZS2TkTAtUoqRQCRgymn1x 1A4+zeDGX8DFZ9xJKOCprPF09qEYt8hX tGQZnSJ9StDFuSLpr5ncIPJ5Q5W1RKCs 7FtvYXIlg9qeFPdbSEv2ymhkeowVIqsD IWgPYDC7Lnd5TwGL6fle5w==
@ 172800 IN DNSKEY 256 3 8 AwEAAdhp2D7KL43KrfuBRyF0m4rUzo3G fnlCypjAO50OTdzEg4MDpjcssiUulWgy URVKOJV1vpFrb0kZ+72pdU9ahofVk8Km yrI9L7v4QsgylHEKNxhPjwM2z7B5NIet shWMYzJcRurx/vp+Xx3caC1jGWqEvPqq EQFS3rXIdh85A8hOaKHY5z91tIMaHUrl Uvyh6qD8mLrIQPMS5l+lpWEmCCTEMbsP cEZQfA5JMrqW16kGH3LVJSWZgK6VrECn FD/5HrccBhMkgNxyxxzhvPyBGkpss9On pBgrgGpJMp+uDUXenJ4CUJxReg6sW48n NBdeIUA7MlkjiOw8TH4V/mniHm0=
@ 172800 IN DNSKEY 257 3 8 AwEAAaTeX8QjGPfu932a6OfQGYeeIdyX dLGLbvQD4LdNmEqJLL98kdOWB3bE97Wd h3FzI87OOqAVCITqWxqAM+phyZ6DsBzH pLDdqvFXkvv99n042rU1DROyIuHdZe/0 qjR56PboiSEM6I7cPJWGJxlnR+JZVWXW J3lK38teTaVrNm2Te/WPU2ntHY160etw Vlxms4xbXa7WBbWXEq1q/9y18A56N/yz 2dKkVLh9fmMU/frslsnn5BDYlkg4Xo0V +cw2Qw46mYV4g03ueCiDJAenUfV4iU9u d2h0Dq6Rhz7GMuTojDu3hdUz4DskR66y CetWRyofLCwVtZShGYqqLbiDTJc=
@ 172800 IN RRSIG DNSKEY 8 1 172800 20260323000000 20260302000000 42581 @ FU7XcqRF/jYBI1yZBHmavYPuqdAgIqBJ SwyaSOL4tcpFqHgtijfhF3N2Vg2DyKIp lSLmUMMFMOu5gRe1ze3tfRgsms5UnsV3 KlCHhBcQ1EvNhAITdJ5i8Exu5FJqX2U7 bV5x44o74E3DW3dMl0b9Wbhcla2FnYac BQgpB2Iy/+VBo3fauhD9dcJHx3Vv+G/X xDhULyqeNls+RqUg0wsrLORmR+uyXZgk t0KIfaUobPJeNwQg0oYKLOz6y9TrxQb7 iDLSS/GJ8AlOw8lwhtYMaT2whexUnfq+ s0kNwFfs4i2jgprcMY035n3OBN7ML7t4 kb0yu4XcHEOVqm6va7SrpA==
as112 172800 IN NS a.iana-servers.net.
as112 172800 IN NS b.iana-servers.net.
as112 172800 IN NS c.iana-servers.net.
as112 86400 IN DS 51316 13 2 64ae9e7342f114eaf8cb0313d41b9a02c5e6484ceada7cb15c6b65e8427337d1
as112 86400 IN RRSIG DS 8 2 86400 20260324180000 20260311170000 41323 @ l5RGkniUcvtoDIQH/W0jMECHEN9HAFXp 8XHnqBj/3Ot27j6yWl5P5eTdY8udq96K U71lhmUmjWFH7OS/EuO+TaU9fhd5XYTd IXQW+8thevbCQaZ78Osl0LrihI1rgf1w RmqfWKDsS3qP95855GBvIuRYTkxrhET+ pjt1VMCDOrZQv3ifU0lCAjLwOy9+Zce/ P+fVtpIazvOM5qLadnEQzUOwkME3qzlr vGUiryp/KZGD78MbFjjUhHcsh9FRS132 KrwOMnBud9rwYSmYHm62XW7hI13LyWpS 3I2AITM9lQf0Rvd9+WSTgpXQRKrnoonp Qhrt+Jf47mXu8btkP8Yg7A==
as112 86400 IN NSEC e164 NS DS RRSIG NSEC
as112 86400 IN RRSIG NSEC 8 2 86400 20260324180000 20260311170000 41323 @ VtC9UMBju2mu/il1sQ3vB3FBIGfG6u/x 1+jZZnkPhhWIYh/iON8W64yq9TY6wr/Z VWYTjodkO2N1RmOYjyzVsrE3ehDxW3zk nxDSJwefgfjT/CYrLjpZg6dUlWmXWlHC 3m6XIUyxBOtZXW0n5cDGvaSzjEvQ0mJW qcfz7Uwd7Z5uZOe4esTZs9pjx2m5xUnq 8y98LlIVSkyQyXNnQKuYjOqZVBYeMbym JR3oWmxhlvsBwJVSUsnYaI63VgyH6z6m 5lmkhfoslK5GRGVrwCelxqaHXjWgaT1c hvpcK1Ro5NwBZBhOPiwn6dyPMIspbGfP rRDKc4wHczxyV6sMbFGUTA==
e164 172800 IN NS ns3.lacnic.net.
e164 172800 IN NS ns3.afrinic.net.
e164 172800 IN NS ns4.apnic.net.
e164 172800 IN NS pri.authdns.ripe.net.
e164 172800 IN NS rirns.arin.net.
e164 86400 IN DS 38525 13 2 20e0fa2851402b42b046407524932ff7b6a0691368b0e1c6caa0774816f37fb7
e164 86400 IN RRSIG DS 8 2 86400 20260324180000 20260311170000 41323 @ PDebo1lWj0i3i0gG6P2yZnMGGYI1jnwt yDNVvz2n338Zf20/4nqe38PU/RtNqD9g 60/VxBdHDOR+pJeXzY/R9o90lKO5Q44N UKcWWdIQFFU1JK+mwq49w18XEKQOekQe FZ+W9ir5M6RsDSSa/RTL0j9rhicMH0kw 8D6hL6Kz7EkT1NpkCwFw3zwEeZybvMM0 9uqmvT3AdqKI6ouEhexHNVx8AEldNN55 +Dz1S9S92Oa/iXEaxoNHQrUfU2QsEKWT gUe3CrgTPb5QSvMTTrxgniAtiuWR20n/ jKHR0YX0nySoO5je1w2NvNvpC5pXWUkZ 0tJTyybXm34lryUrsgq47g==
e164 86400 IN NSEC home NS DS RRSIG NSEC
e164 86400 IN RRSIG NSEC 8 2 86400 20260324180000 20260311170000 41323 @ Dbcdf5cdmc+N7tzbgczcvtlde2pfN6O+ 9Vib29HT2porzEU2v9D58iL04SVFsV+S MDlpbdaktXdFioFL/E9WPGaouq8jjHar 74UWyHubu7E/vN7bjpRvvgG6v1ViXEaf mwc6GK5sR1gMmyHcUWnQtSV/h5jAf6zU /Oy0LqQxz/VcGOqjvjj/brtLExjaoq49 /+SeCvHxQozKnFfLSPDnNf4IwHoqjByt LqQGXHdBDVF0ZVH6XZSREQRBvZcPRlbf AzkbCdGtgyOH2lmNcln3ruK3WOVq3kml Ul1faVwNQL3ccGcpSN7hsW6zCal9ccwz bhQE5XILsNNvz6QTdWjCRw==
home 172800 IN NS blackhole-1.iana.org.
home 172800 IN NS blackhole-2.iana.org.
home 86400 IN NSEC in-addr NS RRSIG NSEC
home 86400 IN RRSIG NSEC 8 2 86400 20260324180000 20260311170000 41323 @ bD0SPAnWyWeifmRDicyHM8byZeChs3vj hWjpDka05kHFyf9U9FXcF2egRyaH4ccN 4qRkTBqlahLDscGnAyZtjnFUU/nh7eDm PuD3uB6UfGkCeoE9WaQ01FAph/ahMcNl XRe4pY0abZQg+XvVs6AbSzvwoggwT1rA 4eks2r0xQzImH1cd4I76uwLlhx/FrD5z Z0syZQi1zMb07GJfVRZLrxvTI3g+FwDF 96VEqTxOUBy0Cb/kcqyLXCTiXwdyBO9r It7ngzZppCMe1BEeg12isvYcEzX8QoUu 4EJDyVMtlGtcvJmMdFfo5sDU1GlbQoRV ab+ZJfyCuAVJ51bK6C8+Jw==
in-addr 172800 IN NS a.in-addr-servers
in-addr 172800 IN NS b.in-addr-servers
in-addr 172800 IN NS c.in-addr-servers
in-addr 172800 IN NS d.in-addr-servers
in-addr 172800 IN NS e.in-addr-servers
in-addr 172800 IN NS f.in-addr-servers
in-addr 86400 IN DS 47054 8 2 5cafccec201d1933b4c9f6a9c8f51e51f3b39979058ac21b8df1b1f281cbc6f2
in-addr 86400 IN DS 53696 8 2 13e5501c56b20394da921b51412d48b7089c5eb6957a7c58553c4d4d424f04df
in-addr 86400 IN DS 54956 8 2 e0e2bf5cfbd66572ca05ec18267d91509ba6a9405af05c3fd4141dfa45200c08
in-addr 86400 IN DS 63982 8 2 aaf4fb5d213ef25ae44679032ebe3514c487d7abd99d7f5fec3383d030733c73
in-addr 86400 IN RRSIG DS 8 2 86400 20260324180000 20260311170000 41323 @ xugCn+SjroC1hIHXQr6zfvAzVDRC1we4 vt0vknDZVhLrqpFQSMiVBhKpcD/toyMy MCEpOkG4Cb6lKpNWS68I4KwFXowLyZ0T v/ygNj4NyHQYYOe9vK97G3jAmtBVXXG+ B/PzTAyQFzR+l7vyuqAQuZCHWVOnpd/i EEpU9EkKfP9hvzvVDOMahBt6lcvlaYUz 5qcyeA4YXOXEksVRskECnfcrjdqjcSC4 M/dnGQ03j8zN9+nPobHM9oLsZee3BgAX rmg8MUbHUR6DEyWgbBBLiLGXUi8Shc+j /SIvt5w4zjxq1JLJzxu691LpBwA/00rS Nvoq8LqqIG0QwLMy+/cwpQ==
in-addr 86400 IN NSEC in-addr-servers NS DS RRSIG NSEC
in-addr 86400 IN RRSIG NSEC 8 2 86400 20260324180000 20260311170000 41323 @ Q/O77zinO6J1hkQ7Tk5QYzarb0WmDBGl 8VXdeU5/y3BXS3cUr5Hd3KL5SwraXSIO me3bB9kOK/RVTWYcpqE/aqPdFe7x5sR1 flJxkc4UsFEu/a1udYCKwZeXMqtOuZUw Oyf35NXtpf5E4oTAC27vmFx+oP/s8Tjm TzpGFRn1NKv8LlgP/FNIRW59ePtUjSDT 4S7xdWUY3pHodaX5q8BLeVnT39klD/6I HERG9QPdCQvYNBRN/bjhgQBPCCrwul5Y XJmPu8Kds9xsV44j+ieHa+iUho8HO299 rxPiVHhNFmx3nJbrqyKWOfiOKaK0cZz5 NFOcLo+78ShMbuxcpKxvNw==
in-addr-servers 172800 IN NS a.in-addr-servers
in-addr-servers 172800 IN NS b.in-addr-servers
in-addr-servers 172800 IN NS c.in-addr-servers
in-addr-servers 172800 IN NS d.in-addr-servers
in-addr-servers 172800 IN NS e.in-addr-servers
in-addr-servers 172800 IN NS f.in-addr-servers
in-addr-servers 86400 IN DS 1987 8 2 dacfdeb02a489a514c6408d0d54e0904fe6e09a6e111abc9eacb27f6552805e1
in-addr-servers 86400 IN DS 45104 8 2 50136f7a8d3ffe4f9887ad234ff8ce945cabd331feb12569b2f61f99ce40fdbf
in-addr-servers 86400 IN DS 62996 8 2 836537710efc1e5570e3aeff7c0c80d3957a16ddf8005034bc9082898968dc81
in-addr-servers 86400 IN RRSIG DS 8 2 86400 20260324180000 20260311170000 41323 @ vtxc/UGSEY13JXutbOrk65MKbxCG6wzC 5D7Iar3ORd3+++gz8rt2WNwwmlnbI+NR +hhdy3GG0CAJCZJz6pL6ComcvHozohrF jbXeWFzjBKVlbSLa3LF7KdIR+KvjToi/ fwEfFpq5aogfiqbmnK+VXfQYrkPJh1MY djWDQL/Sh3haWzEdIp8wIv9582Kkk1Zz drBfeOxGXPsH+c2wpVwwiem9SVEmamLW xWbeJ40BSrPzzwCPxl3GP6VZ5wZZ5xft NFBn7OofxzZsjjvz1+39vSXBf/bM290v UgzlvAq9Ed6h0VF7SwCpP/Qdp/wLb2GM sAvPrS9yfTI18s7G05ZCHQ==
in-addr-servers 86400 IN NSEC ip6 NS DS RRSIG NSEC
in-addr-servers 86400 IN RRSIG NSEC 8 2 86400 20260324180000 20260311170000 41323 @ oqjyTnKxpJ3KJ4XtofYRYh1mqAlY/6Bk Q9fHrPi9onnY5pMEqqKFMV2EdbOgzBOG wYNSy6S1cxQJ4wRNFat47GOWlAwJi9rE KqC0p9m+kg0rhdMBbCRtOW/a7yvzYfrq vQqKOscK1y7lLrurRfUOVWWt7PV9DQ+t cB9fyqc0yJ/3TDuLvhZAf60aSPZs7/Si GBAkWkk2ECzjBUDK3RM+Hrw9lt6pcjrA E1DIYZy/XgJ12hFOxIyBovsdIf69491H abWnhXDuR5mCM1lD+wjlcczDTsMUMy+r E1BChdZH7E2icNHBkAtE34exJomGxulk ykE+k+jmAXuOXH3mUy7ZjA==
a.in-addr-servers 172800 IN A 199.180.182.53
a.in-addr-servers 172800 IN AAAA 2620:37:e000::53
b.in-addr-servers 172800 IN A 199.253.183.183
b.in-addr-servers 172800 IN AAAA 2001:500:87::87
c.in-addr-servers 172800 IN A 196.216.169.10
c.in-addr-servers 172800 IN AAAA 2001:43f8:110::10
d.in-addr-servers 172800 IN A 200.10.60.53
d.in-addr-servers 172800 IN AAAA 2001:13c7:7010::53
e.in-addr-servers 172800 IN A 203.119.86.101
e.in-addr-servers 172800 IN AAAA 2001:dd8:6::101
f.in-addr-servers 172800 IN A 193.0.9.1
f.in-addr-servers 172800 IN AAAA 2a13:27c0:30::1
ip6 172800 IN NS a.ip6-servers
ip6 172800 IN NS b.ip6-servers
ip6 172800 IN NS c.ip6-servers
ip6 172800 IN NS d.ip6-servers
ip6 172800 IN NS e.ip6-servers
ip6 172800 IN NS f.ip6-servers
ip6 86400 IN DS 13880 8 2 068554efcb5861f42af93ef8e79c442a86c16fc5652e6b6d2419ed527f344d17
ip6 86400 IN DS 45094 8 2 e6b54e0a20ce1edbfcb6879c02f5782059cecb043a31d804a04afa51af01d5fb
ip6 86400 IN DS 64060 8 2 8a11501086330132be2c23f22dedf0634ad5ff668b4aa1988e172c6a2a4e5f7b
ip6 86400 IN RRSIG DS 8 2 86400 20260324180000 20260311170000 41323 @ hi0khb/CS4ZP/ehhEtu7LxQN/g0XWJ/R dr2OO3SRFIffLwkqpxKs7dx5w1uPNya5 3vta8yvedeNWh87qbonxifOpw90unaK8 Jkskd1LZRy9zobub75nCzkqriIXjZJUp g1eaG69aC0iA0cy/1ATybvA7AzNxqK/z JmIxg/CX7S5kY5juj8/ERRu02Vn/R8ax WvqfCcZrqAT56Dh44xhduhhL0NR9Zvqq QNs/VefeFpS10ulGf7XNIlQX4EEGPonl 6GgpMNtYpMBpJ2Hk2M+5bKusLcCnbBH3 eIowHloPyeSlblL2eL8FHqk4AMGxrUrR sd5cYdRt77Qq3aihTjvQdQ==
ip6 86400 IN NSEC ip6-servers NS DS RRSIG NSEC
ip6 86400 IN RRSIG NSEC 8 2 86400 20260324180000 20260311170000 41323 @ oLud4iQhaIveLrAyWcckRVI2HkN6e1o7 VJF6ye6PLpkL0ReAsLU51nVLipyS8zO5 4uY8kCz6miocH9pdLNLxqdsiXSDzgNNh QOSlHHb+rhbFnzxbYGjsDcmIUig2wAAi Pqa1E3PtEfXGdc9HgYmq7fEHt3wXImjt rnvONSgb5ZcLJ4jtd2ibIPtb86/Mjf1O +PlzBwFe+B7Q2nf5ulC1zbvI6NDj+Wok 0T9YK+fuVT1+teYH9W69QTFhPVUx1n3b qNWRXCvCrYbKyo/z1VC3GastByVGjSzO Tl9EbBeJH7WoOx0tjiRMy2QYMOCR3e+R lnEBWSnLPCUIsRkVYQNYdg==
ip6-servers 172800 IN NS a.ip6-servers
ip6-servers 172800 IN NS b.ip6-servers
ip6-servers 172800 IN NS c.ip6-servers
ip6-servers 172800 IN NS d.ip6-servers
ip6-servers 172800 IN NS e.ip6-servers
ip6-servers 172800 IN NS f.ip6-servers
ip6-servers 86400 IN DS 16169 8 2 27fb5354c3c011c2851ee25ba32929b645d63262779ac101a6f28cd631991269
ip6-servers 86400 IN DS 19720 8 2 f154d00f5759c274de9cad621910cc0b87d720d35b7de4b0b566e135196c38e2
ip6-servers 86400 IN DS 54832 8 2 ff0d5f44a086a7a31b99c81cfd1135524b5896878e6de78f12b3f609bf7279dc
ip6-servers 86400 IN RRSIG DS 8 2 86400 20260324180000 20260311170000 41323 @ Wx7DeF161p+rAsmPz/vub2bRpfTGK+wO 9tAWAy0nfiN+fPltoAxc/wGhu2FziTQf 1a1PyNcnuvrRsBzv7r7dpZ4DFKH11uvp mNMpvMFjax3bNOTXbwVQDyrSpGK8Gic0 rOiPp83yX7My3AAqbsqtYkM9kwXUWEu8 pSu5JpaSLw90/8A5n2erfuZd9Npc+D3w aglMrImLoh9PN0wFvTCRXDz4Sw1NA6B7 1jqSXznnRgd8hP3LVKqjHbMpkYL0hjfp Igtkr7sGD26eiDYwoqi+UUVYG0XOerAF tIuJhk+G82hYkUfCrpWboc0FMpcXN2oa n+/5Ou+qbaSV6buhnsSNeA==
ip6-servers 86400 IN NSEC ipv4only NS DS RRSIG NSEC
ip6-servers 86400 IN RRSIG NSEC 8 2 86400 20260324180000 20260311170000 41323 @ S6TO/4d1v3+ETHsItTU1mODxtepBTTv4 sl7HzKRp76Z7F3BsvwYbvaUIv1pY1rcC CoP7343lg1oHVMh0MtQ/28tz/2D/O28m 4fZMrfRs0DHxSkLitUIP782jYVOMdKJC RIucaC3qRU4m/J6jJXlRibMC/25harwv bKJKEBRF8lYXM62HhG8i3Vet9dx0ZFBS w3BRypwUIU2AJR5mgCeEsh3Z99N5mjrc Ss12SOxsRmZ/qn/7qcSJHyxvb6cAyPfB 9BZn8AegdYI1tfrIZl1Krw7eOLgFBZXD EJwfx8JyYgu9XfMrkZ8sFweWc5VPlIl9 z1bfQN/7cgxXfy9+xuCmTA==
a.ip6-servers 172800 IN A 199.180.182.53
a.ip6-servers 172800 IN AAAA 2620:37:e000::53
b.ip6-servers 172800 IN A 199.253.182.182
b.ip6-servers 172800 IN AAAA 2001:500:86::86
c.ip6-servers 172800 IN A 196.216.169.11
c.ip6-servers 172800 IN AAAA 2001:43f8:110::11
d.ip6-servers 172800 IN A 200.7.86.53
d.ip6-servers 172800 IN AAAA 2001:13c7:7012::53
e.ip6-servers 172800 IN A 203.119.86.101
e.ip6-servers 172800 IN AAAA 2001:dd8:6::101
f.ip6-servers 172800 IN A 193.0.9.2
f.ip6-servers 172800 IN AAAA 2a13:27c0:30::2
ipv4only 172800 IN NS a.iana-servers.net.
ipv4only 172800 IN NS b.iana-servers.net.
ipv4only 172800 IN NS c.iana-servers.net.
ipv4only 172800 IN NS ns.icann.org.
ipv4only 86400 IN NSEC iris NS RRSIG NSEC
ipv4only 86400 IN RRSIG NSEC 8 2 86400 20260324180000 20260311170000 41323 @ GoMW2FHq1VvdgBROfB80wfU6+7FOL2T5 lQipPJ5aKRna+V7eXVy3WomWocS1Sgu/ u8PeymGhhkkNCR7YB1NRxPDZDg+c4CPv Dw1gg31UmeSoHQlcONNNu1+GzQZPW3Xp bSXGFiAPizWnJKRFxZXkqW544dSUr3uT zmqoimuk+lXnRu6JiHcx3HmjMS3wDVe7 X5uMxtjpD9QbbAXOcF/q6pfEQ2kMdQhI l3pEi/WlccudwmQaOSfltE3wfoT9jakY cj+N25639zK92Yn7Aan+R9KTkzFZAzkp LgnGuDlu/evefLMBqhliQHErlOpQbdEf w0zRpSoGhntrEK/pZ6/dXw==
iris 172800 IN NS a.iana-servers.net.
iris 172800 IN NS b.iana-servers.net.
iris 172800 IN NS c.iana-servers.net.
iris 172800 IN NS ns3.lacnic.net.
iris 172800 IN NS ns4.apnic.net.
iris 86400 IN DS 38534 8 2 163416c9dcaf8d1babfec16552ed109029607907ab80b195e1dab40f1792a59c
iris 86400 IN DS 39464 8 2 1e09a2d6374800d54cfd0e52293906ccf7db7e923dcab7015e4bb697d76d9846
iris 86400 IN DS 44285 8 2 05cbf77375a8bf5702cf8e261ff947be8c8ab7a0b9485a0241edcfe2f155c7f3
iris 86400 IN RRSIG DS 8 2 86400 20260324180000 20260311170000 41323 @ gI1gL2ccwaahejCn0Ggp8WjauUXcOYhU OIMbZX8+MFeNe9kajN/5vXMnAxuX4ptO ttR/t1E77hK6yW1etQJzfq2qN4tXTIpG kokrEhQUdhSr9Crwo2FpEnAxwBtco2dg 5SHH5EmI7tocX1HQkUZZEp1Lm3USUQm7 sI8Sep32E7zKGdu9bJNroGyRUWb6kOp/ nsaXvUHjSGvkAHeSzYypJV0WBW/lSfW3 gY4Ryq/OKedJouacDA5RJnbd+MnEn1J3 h9GmpkhcrvIYBA6zScuHhVFuzZwA9vKe ohQGea9ajiZLu5MdqRuVZhgs/xRbO8hc ONKW76oM6FefriDy/jBrLA==
iris 86400 IN NSEC a.ns NS DS RRSIG NSEC
iris 86400 IN RRSIG NSEC 8 2 86400 20260324180000 20260311170000 41323 @ YUNtQflJsI2BE4zO7nxyO/sBXTkJNo2A H5auj+xR4BFRyoGNTZG7YqFf+GrM3xgP bff8x9tU9uDuUmeE7+WWw/fILfEPfifE iGJ73eWpFi1prCeZlH9jfR9cD5z4ZwyK q+rVInWE8QfyBNLrNIpadA2slXh7XXMU 06QN4QF/c5uvLzsle3uK/w5WLtUkqp/C c/MELZr5jtf0qTHenIQtd6aieGoCStcX O6LHjYzjNpidZM2ruuzm4tsbVMMktWkr Bmkwwq+Lpua0Hzce/L5ITc83+URUC6JD me7UzjcCCsJbeBBHI865urxfEp/DyNRa QRC2mQy5uj3StTVW18Tf6Q==
a.ns 518400 IN A 198.41.0.4
a.ns 518400 IN RRSIG A 8 3 518400 20260324180000 20260311170000 41323 @ kDfYEfMhzr6ZK+ne5aCWggo4RW8xrZSj kWco8hzu9TQW1EYq2WmOWR2Gh9exat67 HdP1IUL1VXZ8a8Yyfz7EO7D7OGvJt1wv 8cpzsCSvIVgD0wcHHhkjIYafCe874+/F 0YjdwN9Ar9ULPihba3sRvv0XCcxPoroD IoJlYL4jrY2qUEn1bdBCv6kiBs9OcEZz rYnU0sHLGyUYbo5tGlud0l5DEzZ52FHd s7Re/R8RNTH4N7VGIfUcupKU5u4yCqM/ /KMxuopTOq5AuiL1pfAH5WiS3Ecf0sA+ 2ceKU3U1yVb4cdV9Wb50VFQhz6jLfZy1 KnZcdFyRlTZNerksGS2vEg==
a.ns 518400 IN AAAA 2001:503:ba3e::2:30
a.ns 518400 IN RRSIG AAAA 8 3 518400 20260324180000 20260311170000 41323 @ dH7GjiUUdG1kQF3F17Uug/VQORW4ejKD dPFzyOho8E3uNP4dW1sXS+PLRMMH0B8w ayv6tDoDJZ5S+SPAWmUi4FtKOxQX3ror 49BfDPoXNphBVr5rSX620srLCh7tcz90 Lp0WPo+I0XcA/dWRJHWVLQlsD3X4AUak rB+3ABvBkJAGnqlsLUfwC3YHUKzEV/S3 VlY5cM3/Yg4IHO4dfAxfI/2Mvrw9ArYh 2OjNxspIErejLI+7X0sRzQI4C8Mvpp3J HTAdR5a6eQyZaYaCu7PZTGTR9T0fn130 RAwtTqFPpw3OZ4/MDMYOP7DI54vF+Wr+ OYqtS5Ko8hVBnPbgEFoZ/w==
a.ns 86400 IN NSEC b.ns A AAAA RRSIG NSEC
a.ns 86400 IN RRSIG NSEC 8 3 86400 20260324180000 20260311170000 41323 @ uWnMPGBYqQd9xwRE1bDynlYAl5D3ZbqY F59bTDM+oXICemVaOTDzuG0o2uYFaRXJ ZiUWFvGaROioM1RRE/0zhB71aDRpdwqT 5rFPV9vQP/gkLq8+ZYHJA4YJXi8j/B93 2UfFdBG0oYoVkoQsZ/SRmj+9afaU2LuN xhh3hJx5ph+u/UB4Siurzrl0qbKUooMm +2gMhSxlzQepbzfk/jEDboVJGGfPbmOf 6hx7tObWXKYBURqzmaK0VTTvFEElT7+5 pQp8bgl+Bk9SyE1ms244xen/bB9dfW/s A/kI1vTcAkoDCsBpoF+BFP0E3OUNTP8P /kYLK18pVUCmlcH9xaNSFA==
b.ns 518400 IN A 170.247.170.2
b.ns 518400 IN RRSIG A 8 3 518400 20260324180000 20260311170000 41323 @ zv1YPaw9uCdEWzl3HTNibXDaotGhcpVa yJ4xJ7/+GD7GJ5Ri4mYTTQBaDDCnKv8z hZ+GAsaCG12PeBWMcmKIU+msjYOaPBev MLcjuAZzaypaKtA8cwqY992wPz6e6yij vNUhAe/BRqIBeHwylPVOYaiqOJa7aqxB nfsRnojzKZ2NO8aw30XFiN0ru5uYo0D1 O5AQ+ibLQZ6ACV0gUHUZhPg99+8BFv/d gqIlMOtWm56C81oh70galPUJh+Of4oNl WOIMIKT2+SXO0ECooGncTn41d7wjEPe7 BQnxW40xsUN0fGWFK800b+lFr5/7FhiC 6ONMBW1pDdwy/ZnQmY8r0g==
b.ns 518400 IN AAAA 2801:1b8:10::b
b.ns 518400 IN RRSIG AAAA 8 3 518400 20260324180000 20260311170000 41323 @ aSjCaMRL2ug+W/gmCBLhfg9IWlfWB1ce sFJopH0kLQVfpEPXHhBakuIoLjOauwQF yxU6XigndlFDks306xVK0/zVXumO9jF1 DTqd/clC75PxK0Eq/wZ743Avo0YDm4JH 9eCg/5328p+uSLExL4YudnHfG4VblE8a jfJYi/zVqnQ1i/5M3avl3nGPkMDVe63H S4jyEsorV+p1iBU8Gij1QFLvFCgH68yW L2gxY5TzoYpK5k3X+yd7rvaHlqDMees7 YYxGw/xFcJLqDYrWVSVfCHNqdGHa33PU rkQgCdN1S0nXdnN+XZwGoqMhqYdsHzgi yalyBzaZi73McXrswGT9/Q==
b.ns 86400 IN NSEC c.ns A AAAA RRSIG NSEC
b.ns 86400 IN RRSIG NSEC 8 3 86400 20260324180000 20260311170000 41323 @ QhmcJVlSouz2a0vUMeW8rEhMNtLHmsvy I5purXcbmogiLcUlCFi4MGXCMqd1bKXU E8BXN+Bh4SfW4kAMFh6ZTHTiS+FGxFH8 LGedDqIOkSxhj91FPGGP9F0+PURdGTna SH6viHXXt/wV0X+D1Oa0iixekcMcP+Ag i4w9J0cuH5bpnAQEtl8v1z2w0AVJyeb/ FlzlC5G2NaRIGK1XVioi0PqBY0unuP+V RWF5xO1AyOS386RWL2tzouCer5uT65gN drbLzef+B6euSkNL2YgCbq5YZTjv3u+N VHGwMQWdUq6TDl49oQSp8QNtzdASH4mj QRvsIMaldbtiA6AlHLVdnA==
c.ns 518400 IN A 192.33.4.12
c.ns 518400 IN RRSIG A 8 3 518400 20260324180000 20260311170000 41323 @ W1YfJgS0v0NpFPiz4gQ5ps5JUd9HZ2vI 2W2saNy0gOUocmhOFKoAozbUn+pdSWtM vg5/x/hVJ8vftS5x4G4cd1CX7x0Nl+tZ Dk5ED8ThlQ0ZZRvSgSOb/9X1NJZY1rtW dkaQUEv6MduF29px99o2xapOHuAVdRcX YORYp4qTe5Ee3TUSM3dDBWgzepaNI/Nz 2ecn1Kh5uSjt9vKp+kUrokFn85YWBke4 zQDPPDA3zOaj80LiIlMKfUciiPa1kPdE jLbVwQWd8NQYN+xKUY2NGevhWt3YaJYf rarAhhUHMUQuCUSDFeNZP7nz4gp/CyuV fHUnPAW2cPTtUhYs+99Fjg==
c.ns 518400 IN AAAA 2001:500:2::c
c.ns 518400 IN RRSIG AAAA 8 3 518400 20260324180000 20260311170000 41323 @ MTRQBs7Diqh0Yak3ZtKIMt5Khj/hBmjk 5srfXxC0UKhvLPtbWKzk5nnoBw2IIgM6 oVT1gJuca40w5GWi9S9fc6auFsxky/2+ /LSWSOiiMpfSC6Y90INbaPDIknXbYSfY EZ1M4O7AHh7fu1UZcWwPPSJ9ad2ZA5Fs e6+WYz+NKC9sn8r0VII5ro+xgli47K0p bgUxEOg6GVuviiuX2zSmiY5kzzp9Upr1 kKQ7Fsw+MwjnmQpG34CKDIcGIzU5ErS+ RTwu334yHQKeRmGJtswOxH4Q+BiEdFlp r/EeQkT9FWc1ZC3bBvaZ5/BcOpoJgwr6 /yq43W1lR2etQbR67S9R9g==
c.ns 86400 IN NSEC d.ns A AAAA RRSIG NSEC
c.ns 86400 IN RRSIG NSEC 8 3 86400 20260324180000 20260311170000 41323 @ z+oeHKxbuKCat3YA+Fhs4XB2U7kDCEwd sbmqZIAGA6ffhXl3vQz57mmvGXueXLvX r+BzmfMngPLEgrsQhcKwRsGkplZNw/SM S23q+sLk2vgryYSKVW3H8n0oECwdl7cs DGqGYK4c7u0Vi4LfhB6YVwSvAibqBMH8 q/Kd/iiZbiML9wUGlaY+1Q7aSIKNg7Zv hgwgBwlMZfAySMPs6MM4epvk/ZCpQ2MI a+I4+3qwGsnpXZbZjxINRevvfyjuGMiK qzYGvtXjyw003ul6Qeg/tQIppra2MLHI TjGmtoZb82u+9DXGYmvXi0Tv/EzaYHAc mHnWjafY8jkHqqqoKm+72g==
d.ns 518400 IN A 199.7.91.13
d.ns 518400 IN RRSIG A 8 3 518400 20260324180000 20260311170000 41323 @ b2ZgY6+MsPS64ca5XiThFJPcb+N5QSQN BB6p8wG0FNviJdwLTguxjshzT0cgf9KG dZ7y0rUF/BzcNUox23xzoDAa60AW9BSd YEI9npEPV6jtaDBA3TFUopD7VKHyofle PA/cUV29Np6rfrYtAx8QINmlHkm0+/hW zXsROeLNQw91I7qJgpKpIIVxw4D0GSi1 cFP86wOXc7iQkFcnbnbrTVDHTC/PxKGf wBKn9TBDCK9cLmm+81TeU4Ro842ZyEu7 tOFcyFBotLzwXWFvGwnt2eD/aqChhjqX VvBywCPE19IfYhjZQFQyMu9o1dnHw1vA UZv4Hdnaff7B8UnrXBT3hA==
d.ns 518400 IN AAAA 2001:500:2d::d
d.ns 518400 IN RRSIG AAAA 8 3 518400 20260324180000 20260311170000 41323 @ ysLqCI9giHqfWbFNnBQAVzf2/8gsX+ws bClFO4sz0Tgveo17E3NpoE2WmGqc76Fm HunxKrRNxC/87GjLRj0HR/wmua+Fm7gW mBEvII9w/OAzL2Afq15d8neKyhdILJyd POhCLQ6mI/2g+KW1mtxmMi/ySxMQH3xW PsuL3Tf+dHtZXT29U9cUNVi4sDCzDtjg jVmis5qmJz26OSDSCK044bwkONp1xtXS ExliHBc9XCYR/j9z74p1gDMpc8dHU+f2 UOWK0LJKVosz0LFwNFzxpcNhX6dIUkUo kiBUP5D4N/EaTgkXIJczsYOjuxUl6UOr SpHiKq+kJT5CzqS06Gteqg==
d.ns 86400 IN NSEC e.ns A AAAA RRSIG NSEC
d.ns 86400 IN RRSIG NSEC 8 3 86400 20260324180000 20260311170000 41323 @ SUwtb80PiqxbHDs06jYk0JXX/DLAHqXs o6IuNXDHQX844OgW/l0eaZpZ0x6EqS2M fS5xHi9LRXv/mGPeNF4NwDF9tjOYbsGK uvUw26D8tZwGcyl4wQfrQgiAPTanX/EX 31ROjhFyb2nIm5vEhgvmEV4j8xspTQM4 2AHWmILvKT7MbZOZddBdNbCY0vY7lL7P v78Aqf5gEoP/ujMweGCiNF852H//d7d/ zTTUeoQxzAckXj8/OxauiCgF+7eyplKt OfwYdxcUMUNCK9OatRLK1GfBgN6d5w31 sZ443DbCbBxqa2/M254AKzgrW94I79SP mfU7PRTsBCjH/OfMFIrWYQ==
e.ns 518400 IN A 192.203.230.10
e.ns 518400 IN RRSIG A 8 3 518400 20260324180000 20260311170000 41323 @ WuhyKFdmWvGDYiG78OV3sCLgTMPNxiAr zLlU0nA7u48an2jYkfekg8JmXXCM9lNV qx32eHOugMjx8E9CPqTIORBtrhhQ2/lm hKYe3/gmS+YBUEZxsbjjY8xN8j4lgTdH TvKdUfNWy9W1e/85/TRK4N90MQkS/yuc F/LVRbenkMqdP29p26BL4hmECSuHVUhS 6nf13FZfySGD1TkDAOu/ch5SmMdpIUxR VR3phkZtnFeFDMn/LQrTKjuF6nN6ubPm eajzcq1EMvwkjkFz7KwpyHBi09pXo/+t xJ7NpvuaDSq8rVERQoWmTPpbPesncyA2 ZeeK8qHyvW5Tk2smvSBm+g==
e.ns 518400 IN AAAA 2001:500:a8::e
e.ns 518400 IN RRSIG AAAA 8 3 518400 20260324180000 20260311170000 41323 @ mVQtKqvnhcP+sHZT/H+dHxSV58jnefzh +vUDU1irTX6MAuJ3WMe1Am0UrOGUWTkX QQaO/iGF9c1DtZpYJrqzFsVtHXI9Ha1W ISN6oRh94qbjOAkPUUp6rrNvQV0F9WaZ XdkyvwnbHbKJ7b4c1nxMAcAxeuxo7gJ1 rYiakXTasFKl68s6vWWecULbgBSVqcfm Y8b/jxVdel+3KJ1v4Exi9RpFmt2f0eMP pxPBdNewzB9ltD7qymATOwYr/mt4lv4C I+3p8PbQF9jScm0DxGrwi8Ik7NTpZm30 3OY4Wg9m3BYC8J6+qrRdVMiBP9SlV7eH zSRTpApc48WZp4Tn105iPQ==
e.ns 86400 IN NSEC f.ns A AAAA RRSIG NSEC
e.ns 86400 IN RRSIG NSEC 8 3 86400 20260324180000 20260311170000 41323 @ cNsQsRdk3coAX3N/MxiayuE6f8gmJk0P u1cPuCnduNSlhRpRA2B6ZtO1k13+f/9+ 3pMp24rvZHgAOY+YAn2dXntepsE8Gpon IEkQuPWsSWvIvBUB/fH3TfTHw+oRPiKW AA0ttdQNk1d2HcsJJGxGPSJJwtK6pAWd DOOpHa2k1MgTU6kTYj3AnQH7dmnSsIyf OcTRS355pAtr0eHGLN2O2YhWYZL2vjdQ ic5bhthx88QswoXj9EAwQIhazk/T1yFe IPBPeQ0Vx/KXDG9BGtXDdRUUlUIMJqty eOQcOP+G8Z83lIFW3YSY5omBR3JR406/ hHToisHSHu8sldtDVpJM+Q==
f.ns 518400 IN A 192.5.5.241
f.ns 518400 IN RRSIG A 8 3 518400 20260324180000 20260311170000 41323 @ hoSxriQzGzbrhyDQwHcfLT/ONF0eUGkJ Qel5r/7EkwJMj+B6U/5Xbt8gKUPX+EMx nlYm2dXbIzTBc0fa/uOKW9PKUeXg3C5J MKcqTKeHPwAMHz0XaQBgsWBuAaSOpEk9 Oi4NYWihFx3LV3AL4L7p4ofUBcnWo1pU Lv+qqwAqSAFLr2fejCiyi6O4mEVTv8jj M6SiJXvXvNJvmuWhIvlex1KDZd4mLYtN 5V3b0pM/rzPMU+0JNGjVRepo32sdWqRp 63Z22aQbEKUdPpShcLxD94r1nGXxZix5 HlNkdF7SI80VXAWk68h2TDeEEanSJUT3 AHR7d8tClgECv7VqYXHioA==
f.ns 518400 IN AAAA 2001:500:2f::f
f.ns 518400 IN RRSIG AAAA 8 3 518400 20260324180000 20260311170000 41323 @ ctj4aeD8FBs2mfdYIwrd9y04oKd8Yd5Z U+v1Q1iXdx8kiDFTed8w92K/HU2S1kUV oJw8uOaoinhIU03KRdi8k+cV2Tw/UTYE i6nO1gr5LWg6Y29/RZUQjFwJmdiNqc58 8tyB3geH6GvfRMpccBuI0Rf44vk3E7Gs 5qPb1ilAVwfXqWYKeMMhvt3ZgxzOA80N tr8zmVQ/eorpOvN36uZpa2pmbujjT42I 6j5u9l4lndgiO9gIIw4l4rzaPV7H5/zX WNb8kOJeVfkNENIg/gHlcxmm7wLAWuFc p0IJbIh9t+D0Nby6yyo8ExcEN0JWITDf UOcX17LjcyznIUe0xi257g==
f.ns 86400 IN NSEC g.ns A AAAA RRSIG NSEC
f.ns 86400 IN RRSIG NSEC 8 3 86400 20260324180000 20260311170000 41323 @ KwDBlA7VVIDgVHVFVBQRwcJn2Z9W2zg3 xrTaJdyW2RugI74JDuR7Nnv05UK+KNL7 BNAl7ky0TgAZLeT6D0n7BR6nMOpoC1mw JcX32OfN/+hB0ba6HcuZcy3slSIzrY6n chgxiV+IQSX3q8fw1uLmgwU4mhUAVDi+ T8yDjB6B7MW1HhqF2JL6k7CKRJIQMujg VvzBpovfgnpgNbeL39larmt3hrsTnshG Z92VIo+Djuxt0Cdl/GYyLJXXMEXYEszw frHuXzGjyaYi5M3F8EeZMqBupxhd/wf/ qgnjuyFaEOWtqWkdDAiydIKo1Xv/CFN1 89OGRpCViK+D+JFuyy82mw==
g.ns 518400 IN A 192.112.36.4
g.ns 518400 IN RRSIG A 8 3 518400 20260324180000 20260311170000 41323 @ j+H21/n3XAgMzLgNV6ojypxiccGiOpdP wSvq5/I6H9BC1/rhIhWEATTgdV5+n0QC gXgsbOFbqR7VPnLkZeIt4pBu37nVxxuG GdleMy/Jvl4psKAuhTHdzzG+obHX6QYW Gsr0wjrQFMhE6tw7a9JGUOMs3OWk8I3g IkjuppEHeupQyaaCbiN1r/nKDCB3mB21 PmhHgTY2xlxtWkvxJHjJSaL3uRxufhp2 w6bSyHvygeNMtIdViFlRNjNqVePfcx44 tqNl1xujnd16rWkBwQQNgGj+BikzV5GZ PXgjWeu0jD06tdVPiQ7Fi3pG1zujLNbh PeAqmrWblN6DShpOpzlwnA==
g.ns 518400 IN AAAA 2001:500:12::d0d
g.ns 518400 IN RRSIG AAAA 8 3 518400 20260324180000 20260311170000 41323 @ zmMps8cTnPjgrFyJVNfIpDdBxngkxGre muEXTeWGB7KiziRjXML2/B2SvgSbkabO D8jtjNWSmkWovO6RQMBZI7LmyfnpSY4K NuQsm/hOqgIeHPVLwqH08b5oA6Xeupg9 Lc1dxCh8XIOHKkjXS3oi6kY6HID+41cu jsU72scwiNa5vN1aPc4I+S7dVaPQJWHc 9bOZNwKZFUKCVnI8+Ri4fCmXlTI0Gcul HbGXJ4wBtQGZ2SrBvvboX7ZwymnWudzc XCcuP6LGpveMp4gAxgcOzyRPOcQP1Dkf kcYsIMK2AQludV9Kxp/aemhK215iB2FX zyvVgs3b86c+q72ephcJcQ==
g.ns 86400 IN NSEC h.ns A AAAA RRSIG NSEC
g.ns 86400 IN RRSIG NSEC 8 3 86400 20260324180000 20260311170000 41323 @ N7TbnFZOapBTwhhmizZmZ332/jBm9Qwb K1fHeb3mnslX0QBpZmgRCp3ZnmDC5I31 fH3ydpGPealFVOQiaJbvUWc26DdnCvox +yYsh5bD1gBLpVxKHaIi+xZGUKEt79pA v+M8igy8MGqgtMR+87jZuuWDdm1ip4xQ /pYov5xGMPr0swWkk1ICx/jucBr5GEH1 YxWVKMEACXDXCno3MJjnKHIRIIYSLqUy kpZveF7t5RI71jCKjRYNsALA0GoIEouX nUBF1uGst7cL8zE+ZY0BgdHg5N5WRALg UxPQjnQHFWRH30Q1gbCPuKbB9IdaCDlQ SgIDXVFAUO6Xgv71ueM15Q==
h.ns 518400 IN A 198.97.190.53
h.ns 518400 IN RRSIG A 8 3 518400 20260324180000 20260311170000 41323 @ jwcNol3Aqa36R3+FPW9OZzTpF2JS4E3k Pn7zW5mQ6j0Rd+MdEwJyepOgHk6awPuV JKhO5wc+Af52DJfbCEBHWhkcIXg5Y0v/ JwqzynSvHM8HMeARsNl3Xz8R9Uo9pNh3 VtlDqYsoewLya/FkrnBvDhz7rDSxcprs +cE9w4dk0S2j5Ici2OsA9jq3jL1ZskPQ vjuxQR4bR1edPMLjSc/Hof+a7a5adpYa qNa1Tsh9r+F2XBfGc/1Uw+9NikCPFXk/ 0H432CQg+G8yrRvpVIBKduDU+jX5wpqm Wx0qHjGrZbA7HaRH3CVJyK7qMmx3o4fn KcmxyMI1GDhJsBSSqSalrg==
h.ns 518400 IN AAAA 2001:500:1::53
h.ns 518400 IN RRSIG AAAA 8 3 518400 20260324180000 20260311170000 41323 @ OSmSnmQdAJBKbCv+9MeZjzZd3u5GUTel 19XU2qhVAMSIKlfs3F4z8ZnnnPtWnsWc DBAethWwbn7sKLYWMrkrluSBtn3vFQPP kuM2ebYQqlw29TXUzIUKBQJR8pbJbIQE tlyWyOs6ArzTINlFlr88MRqeX3z2uzLV vCTZ/ZShKbFGb4QhxYEdPkhPg8aJRNOI drRkbElZztKnfqx88p6dpmxpPH9mv8OL xBCW5w70qYoQxDhLKAWjspCvP/l3b1x8 hkQIvWaqs5R7nNu8qRyrpVPXqQ/SjEvK JQFRmZob7uVB9Wk0Q/vBMYgOuR/gE1Ji heo8+cnk2jW3JRbgkVNzBg==
h.ns 86400 IN NSEC i.ns A AAAA RRSIG NSEC
h.ns 86400 IN RRSIG NSEC 8 3 86400 20260324180000 20260311170000 41323 @ qEAb2gPD8SUIZaGRCt2YqGk0AMnDWwXV b/rIDVKA8FtqJu4kg7N61xZUef4aATIz Z8SwRi8C8kG23aTjL1TL979H7+KBwYgL tN+W35Xb1ah0uUc2n4kBh1lPwTQFT4lX sruMehXCTXPseamQ/VglXRinV4Ox/TKs KrLOPastb/A7YTZJiDa4CkGv5SsQWcM4 Sr0aPngfSSkh6e81LjaYKs2eLabuc3Fd Z+Z38KJjiX1R7Sgl77Nmtf6lV9Cji/r3 NWZRt3VgNiMrWWhWGNgEd9jLPGkGljsn KIdgiTd7tEnchPIPVlb6ErqjIhTDWGWQ KugNa3y0ypy6Wm6KFBH3ag==
i.ns 518400 IN A 192.36.148.17
i.ns 518400 IN RRSIG A 8 3 518400 20260324180000 20260311170000 41323 @ Z+EOuqjw3Sf1rY23GlexlVBjkONaOagN 1TUe48RRmVCbmPWFfBHWNqdJ5ul1/Imm GRWmdS6E9Wlmy6gjHf/EKp1lXvI2UFyl Ow9nidbE4mYCYNy+mQo6od4CYPLuuQJV gGu+CxMP2Gt6Qb24BtaRnAY/axdKpHdL y4rTvr3UkFMQ2GZagaVT7LHgjLvRyAkX XgcNCDEi17f4TlGa6QanvLQLKKvZwjq7 FoV3EfgiC2HQ1k5sIuz5EJYlXVTp16ET wUlOR/VizoZygCs3vaOhjoPj1HEwwKTR zDZ228+Agum1I4tj50S0LPV327sllqn4 Hag2BnwDwMP0ZVCP+E8GMg==
i.ns 518400 IN AAAA 2001:7fe::53
i.ns 518400 IN RRSIG AAAA 8 3 518400 20260324180000 20260311170000 41323 @ QeTt3oq658Ezdk2K492f7bnsgv0mnvId PbVx4+X+GZ7E5/UMXoqf/4JEnPdq5N/s IK6+B1mFEjHsEJppkS3S+ANK5mTA1qDy Ph14VsxXWkZcrJM9WxPFR2uixmyUWEMA nCJN0F14qMuXNXU0UOOJYCazGqQiENuk R2mDviD2w0HC0adUfST6fIU9/UH1WaT7 /1PUPnb3biONtBI4/Q0UVoENj1PTjPAQ VVUO2/Y59j+retGCpNfw8a+/CSR1BVKm IiqF7lrV+1FqLNrpfJPgoUQBKFQDqI06 miDHgQlXJJlUmwsbkXKnPV9g/QCTVeJI nadmQjdZFUN+zhhpeXEKCA==
i.ns 86400 IN NSEC k.ns A AAAA RRSIG NSEC
i.ns 86400 IN RRSIG NSEC 8 3 86400 20260324180000 20260311170000 41323 @ r9gCSOu1fpgTjgmYQKXAvTqj6CPdbvhV CxDHNyX34XveMEsTxXDbWT/Md5S7yzJX 3XQgPuVSdD2KtjT9COibQwepodEe0qYt e0SeKg5s63RCUy3C4WeNmY2HAsmBM/Oh kazVLAaInXPObqqApNSBGNczxbkdeOFK Eiq8/ZuJMzpAn00gpNeYYjy/CdAWVy1d dfsJVcdinPJ+qAT6E5XX+7IZzNzlJsYy EuztRx8vnnA0WjsZCpn7DbFGEWtQDstf xKmLeQ3MQqd5u3b0WZu2W6ycZ1YYoc+B mqhWhuj7vq5fWTuOP3RUVWbigeYuL/QG c0hOmBlxGqFOZ30YLTAW/A==
k.ns 518400 IN A 193.0.14.129
k.ns 518400 IN RRSIG A 8 3 518400 20260324180000 20260311170000 41323 @ boanPwjcFFNOkhdZHGCn9G9BF6yC1toi NRrpZB1Wuor0nT+IYTswgPSQ7zz6NfmW t0ZbcZg2vzLaQjowhJwSSFx+d3qM5xuD HgoXPKo69PvySemT1OZdU8NW3BOFLZCS OQM3LstFIFVZgtAsyIHhCbCNDPjSj4Qb R6p2CzG6/nKdFeKuZm1PhHESYrbWv3Bv BFRz5/aZRbbclUj3p8dq8LTXNNLBuNQQ 9qMG4lrhduGrqNI4ufS3etqvSThCSc6f D/zDJjPvvLeIlgUbVCeD7bc6auhwxwrX 8glk1NI9l2w3A97FrZwldZFsnOVWPehi QIAmbm83yMnHspNwP00wZg==
k.ns 518400 IN AAAA 2001:7fd::1
k.ns 518400 IN RRSIG AAAA 8 3 518400 20260324180000 20260311170000 41323 @ QPy/a8cHCLlnAdlhZitESFj7j9FJSD4/ a3PoEFltDhNKJnH8PFf4pr93L7PS4G9e H6X8uvAZmsbMv3QqUxMh0sO/9h/3Bhjg xgfE/Y4W4tWgV08b4U2d2rFKitCmIroo 5KhIgCQmz3t3wduFVK1S+g6Ed0XM0dO1 FuPuB2rF6KVNIHjREuFYOif64pGLtODn GWZfOq+/YPdBYdCjFLRHKwifgKpD+FWb tvdR6z79kq1W5g69KMtTe0VDxp7RSCIk 0gJqe8iTahEzsJW5WQ2T7WiJcbcEo0M7 5s2Ae0+3HX/Q4cYjw0JsLPidg3VUpd3r dAetptjKfD8A3K9IsNlIRQ==
k.ns 86400 IN NSEC l.ns A AAAA RRSIG NSEC
k.ns 86400 IN RRSIG NSEC 8 3 86400 20260324180000 20260311170000 41323 @ B9d9AvwHN+9FFwbHoF+EBb76QKUxqY0e VXItqDU81MOiyVEwVjPhM2L1YcDoMM9i YX5MUKoMbP862+PP796uzH+MAfIG8hKO 3dzyFtqXyVIGZ8YQ0PzON5nt9/pYAoW1 /2VqDljIQgfpSQTRxPDOrg6eOv9BTfIj zJgtPIZQ3Lj65SI+krQEFjaKKFKUIiCW OaDOCsmNc0rrJdASWcBilUU+NN0RukIb Qczdx6yC1mO/f3+0NEEfaTc4a/wxVfzg tTG2ZVaLokxCUlYsC11ZFwMoTE6fPd2F hyBFvs6UsMzmMnipmpCcOjb2C8jwMMZ7 G2WKEJkf2Y1X/YDYKMuwow==
l.ns 518400 IN A 199.7.83.42
l.ns 518400 IN RRSIG A 8 3 518400 20260324180000 20260311170000 41323 @ aLEKB9ZnzhD9tXEIPtawLVelipbLCJuL FpaghKhFsHrdQvEkYpdUAZmOjHtMrx4x h/q4ais3mULMxJDfNNQMivRM+t2p61Ds 60zuSntOuaddrTnQyzYkHxOGyeV4WKVJ DH9vowojXqhHpJJ0mPkXjNhmfGQBDFmv QytZ//F+PVOBjtcfq7WCJA24LHu6DVXH VEBV7/JtD5BMqWtBi2TgBAoqXD4X7xiL dgIF0dLGb+G7J1hS3yN8nR0gx16FhlZb DiVg4xdAvvZb/ESBr4ygIxo1QLXR/xK/ aUxY8S43ZQnIej4VC8V7hK/nUtVwutPL E5hynV7PrjhLa06bVOMYSA==
l.ns 518400 IN AAAA 2001:500:9f::42
l.ns 518400 IN RRSIG AAAA 8 3 518400 20260324180000 20260311170000 41323 @ BGdC6e73Fb+cvd+/Gm5bbs3dBUOm4z5y ZqB0QAMB2ti5TQPHZ/7v1FbAjDNenU94 HCp22hwQvz8tnW8Olr67gMC++SjqXFzS 90qatu9edrSJ587+30VpSfn2YlX89OVC DCb2PnHqX5I7s8zVplJI7mF64Ug56i5n SYHg3VcbZJPqgZvy8lpQaa7U4grxPHzU 3rL6pY6/x74EYVq7VtCrD806zk6ET7/e /QsQkZjj/yeyBWOK8HgnsXIMjDRIN9z2 CEKaphuEUUYb0tx9cKYbCw3makrkoH/s zyoiy2Jsxixc7/lMrY6QwnF8BGgS+s/k vSVVG2S8+hUOP8vSKggBrw==
l.ns 86400 IN NSEC m.ns A AAAA RRSIG NSEC
l.ns 86400 IN RRSIG NSEC 8 3 86400 20260324180000 20260311170000 41323 @ xX5GEcVkQI2xtI/NJeB+IZuBl0FqYzeB GtiCf2My0iAlP8hmgemuVPm/e7kwxGQm onKio3or6UYIEzN4pXAlap24WSfVopxL m6iFCPtGzuQJnRHcWwiPTiTfEO3u5WVF 6nKNU5AVVwHGsECDWknd0cxxO25l+VN+ q9iyatqph8uQf51YNddClmy8CCGtxJxZ wujmNCxD0sjTgVtN5XQ93qLQucH7Delk SnwW4U87vggzgYZtK3ZVlCUt7sqBcIZi OPtLrCa/5ujOjkQ+0OV6Eatw5CtMMHF2 LzlSTt5OLEZT4Ia3KwoCFfaxPVXgzqAz mlxWCEGoX1BGyaBqh0H4Og==
m.ns 518400 IN A 202.12.27.33
m.ns 518400 IN RRSIG A 8 3 518400 20260324180000 20260311170000 41323 @ jDKMwCCtucBVpB/Oc3JUozfmUq02k7bI f2wp2LV2Uph72UO3dWpL963iYtS6EXWk RtXTyf3waMDXYXzbAuyhzMhjbrw/Fb7g RW0r/i239Pc/9F7bPKwq3WKJu8iRxfST 8YQLMviGvJd1H7sHdHATcWTWNh2gOeD9 pU+hPwk7REf/8bkwAa7OoaOCuZKPaP+V v3cSns3BpZWKwnm2d9pO0332pPDAjPG6 CWbM78LZyngTJ8uv4fvyH86aeHZcYpQK I0CZ03RGL6jfgDQKNLuXRyANIy6zc8hc lCR0+EatpqdFfKrmMiPOSHYsoQFejgSp 8hj5uISyS2d4ttpOoO7qIw==
m.ns 518400 IN AAAA 2001:dc3::35
m.ns 518400 IN RRSIG AAAA 8 3 518400 20260324180000 20260311170000 41323 @ b+3tQpNJPhGHifuElK7eDCzhpBHHZN8f Hhl8wr0H9GfXZab6bU2UV50RX43cTbzm pZ6vTg/JHZwAgabfDY1t/p5CwXEdV5Qd mvykgjWFGVsIEDjyOaN+BOympKZmhKo1 HJhaRo7IGsZ254v8sTk/3w/QOFCCmQFB GGeGProA+tggGw5S66ZsciiLpSZgRQdh IqJO6B+2PmFej6DlIS4SYJkwbOBC2Rcv 5HWPmERdMY4WBufdpgdYKihUyG2KCp+w cUeQzfFtMvQgm7wPn4X5gqMWAOZtONpY MgIIjcP894TP0R3njsw67xPkUOYsBfw2 YGVtcMIUdZ8a1jwAIeKyoQ==
m.ns 86400 IN NSEC service A AAAA RRSIG NSEC
m.ns 86400 IN RRSIG NSEC 8 3 86400 20260324180000 20260311170000 41323 @ j3eNZwTl/OebVTIrkK+Hmr507AsaBzKT 66xZ4ZXsKyMVqwZy+2mR/f7HRgfkrmmC 1gSRsvFUK2u7apYRbvgD8npsUmGH5Srs MIoJFsdloRIx4xVeHUCLRq5Q0OMsIO6k DInHCn5HSD26AMuvKw2m+WEwJUKenavq ybLEfjNqcFTwLLOJ19eP6dTA5vsK6vr8 uRjvyFFl/qk33myXTECv1kcd0WCrTUY8 gFyBWbMzhnOBpQKmlA+16mB3crcJjDa7 0e+BiJiYOuNXt5IjhrIDB4eriZVDg7Xk oxz1at4OcQBwqGUMX8wYRU3K1ZBwB/UT bi3vA3KK3TkuoIXhr3IJiw==
service 172800 IN NS blackhole-1.iana.org.
service 172800 IN NS blackhole-2.iana.org.
service 86400 IN NSEC uri NS RRSIG NSEC
service 86400 IN RRSIG NSEC 8 2 86400 20260324180000 20260311170000 41323 @ gIJCicScHjnOuRmcGCp9x7Y6CEfj0OM4 tVbzVV8pGEjmRZ+X6p2z5/rE2VfRzOmI n9PrObtZHtk8efpj/WP+iISChaGZNSwl Wp67dr4eBAt8N64c+GHAbNQC0dBQwEUy 3OKPbIJsGwNm+O7ctF9JvuLR74oi1yZC zCFjPKWtFZc33qvobwVLYWYXIVRyz178 ZnKe/NUrqTFAG+J67cbAWJESQqNFftAs kDXqIonJ4CoCuJjPsXFmtF99aOSKKJ0y wIgNT+HlRi5gKBmk9vBlrEIPavgdTMpd H+1PxBZEUpA8yXlEHpXA0p/uzZPRJeVM nQpvAwyV72Gf4loLLay+6g==
uri 172800 IN NS a.iana-servers.net.
uri 172800 IN NS b.iana-servers.net.
uri 172800 IN NS c.iana-servers.net.
uri 172800 IN NS ns3.lacnic.net.
uri 172800 IN NS ns4.apnic.net.
uri 86400 IN DS 15796 8 2 7f8fa18fdd9a826eb08a4d4e9ce94dbba7a5b7b2b3ce1d74afd150242e9f572f
uri 86400 IN DS 28547 8 2 deaefd0c163175350152da7b127dc7c4f9ec8bdf04ccc02829455df86c5ca035
uri 86400 IN DS 57851 8 2 8feda13f642ed9be2e4aaa3d50099dd422ca6081b6bf8188f804343b58d39cb7
uri 86400 IN RRSIG DS 8 2 86400 20260324180000 20260311170000 41323 @ Rxefw8p41FTJT/9uPCXnlWY3bo/4AyMN eUzovzem4a9TCZtmuH27rlM4gjCVmQDm Mn09MQl1IkdT0bar3sRqg2KN76tkEIzb wi1O22N2EbL86HHz1Yk8IZOj/+QODRpo PA/5yP3wwFXjpaSDgcfsD9sddHg2GuGx X1+C0XAF4M6Nnm1nb+apwwv0M6z8+0dE gOf3R4ob9LZ1/OYqP5FgYpm5+lpKqz/+ Yd/zOc30FnpnM7gQCiJjb/TPhqZKazQ4 LLqKMQ24kC5lmsnnODRtZYYkZZxBJBy5 U3TkCzhGi+OfXYILHB7rVH9yAk4sp0e0 LKMDlcA+Rw1SHMHZ/i6bYQ==
uri 86400 IN NSEC urn NS DS RRSIG NSEC
uri 86400 IN RRSIG NSEC 8 2 86400 20260324180000 20260311170000 41323 @ GUjiEe2KbVQRKRAXe6h5hvmUeb8n76OF WX37ljCfOZO/GuSSBRdlKNpUh1FY3rO3 ZxUpeZLwNgVUrZIj/H/sNc2HMr4i+yo2 mwTnqfPpQnmPN9cA0wxPJo/Lve/i6+Mn /2zWwNRnpmO/cpqZqFYViheT6YrjUcnO 9/tc+mpZ8nM5njKf5Fe0qzviKaNxC3hE DazOGZt1ydKBhvGAlV0mIN8HKY2cg89K xhWr8eMmvPbb8jV3HW5UPv4KJNED0X+V cEuL8rk1vXFYWRhwVqmN2Box/mkeAJX0 ucmjaOVt8P9nALlfsqBsM4inqU7moSDB 60dP914ooIxvGsIH0Il46A==
urn 172800 IN NS a.iana-servers.net.
urn 172800 IN NS b.iana-servers.net.
urn 172800 IN NS c.iana-servers.net.
urn 172800 IN NS ns3.lacnic.net.
urn 172800 IN NS ns4.apnic.net.
urn 86400 IN DS 28996 8 2 8e66d01a1e5864bcdb8e1f85579aec7c8c536c9d6fc7032ee708e869fd27f3d3
urn 86400 IN DS 34555 8 2 bd743967def1caf0812fe9eff2371d3adf29e27251db272145a5d523c92f7101
urn 86400 IN DS 45052 8 2 7685b675f93ada412cfe534820c8dcc55654b1711f677ba83a8564c12943f695
urn 86400 IN RRSIG DS 8 2 86400 20260324180000 20260311170000 41323 @ p61YjwDmXgYHeC/E2KWNT4nZZ8irBu1Q vrnXsKAUtZrBqczLRSeZ9KO5jUzrsntk 0P4YN95GWO45GfkN/puesZ9DCzzsMInL 50Jv3bYrXy02aD51/z+2ivKT8baMWdbz mEE9YnVbqmuuxxED6Zcgg+DcRtAS6UkE uuqP7Lzax7m80N7VLyFJluuEsj7YOn8A +vLJNAaIV3Jjw9Aez5h9jkIbHgN5Vacj Ziny2rrUMPv4c+XI8/lj3jra8JWjM3wx JHx1VE4fAtFdmfg+eutVHOhIvOxEm/HG biYXxICj+USa5xyL1rbsL5tJDhDJLdsv h46LLK/3D/1RRQVSB4fL5A==
urn 86400 IN NSEC @ NS DS RRSIG NSEC
urn 86400 IN RRSIG NSEC 8 2 86400 20260324180000 20260311170000 41323 @ UWzmak98A6b5R+9ldQQfZdVJO1ptpdn4 TrSj5LdO4wmooChavpy2tE2bTcikUhml C6NasmwtuAcbhHDdFH0vxB8tHI81oD/q CQpSUJj8Fbu9/48uW0h+ZA/b5JSOvbci agXFiHmApRP1pw57lWo2bVwy6cR7Y1D6 V2YistPvrEarYBOhfOUueo8IyVkr4BgU RmS13IDVWAzKRiKMoBncEpekiWjDTH8N ALTb0twiT/0WNgGUrBi+sTHJk34AU7zv nq/6z+ISvZQFQdz1Gt0+Rm2jFqqPjYIB qwc4Jb4viCSFD3lHXzsA8QjeSfDPfaU4 XK+/9k2eRXsICti/APxBqg==
