@ 86400 IN SOA a.root-servers.net. nstld.verisign-grs.com. 2026030601 1800 900 604800 86400
@ 518400 IN NS b.ns
@ 518400 IN NS c.ns
@ 518400 IN NS d.ns
@ 518400 IN NS e.ns
@ 518400 IN NS f.ns
@ 518400 IN NS g.ns
@ 518400 IN NS h.ns
@ 518400 IN NS i.ns
@ 518400 IN NS k.ns
@ 518400 IN NS l.ns
@ 518400 IN NS m.ns
@ 518400 IN NS a.ns
@ 86400 IN RRSIG SOA 8 1 86400 20260319180000 20260306170000 41323 @ SMJw1ZVAh92fSPZ8Hzgra+Wek4qj02rN 1NoE4z33Z+Y50/GIXL4Wkkg6RJYM34Mr b3SZwfR9UBFEwqUTxMnw8w/U7V2scMG2 RWF/KinBBfcViD9pYp/St1rYAFVF47vi sf44tFnnJZu2GDMWBsEJT9Yw+Dhzk24v FOSRnwXS8PhyVWiqSIPvKqEG/UpYPzlb /910d6OBlo94pgb2dD4iDtj7og54KAMr pegFgietPcoNd8r8ehAu/JDLdLz8Uay5 MJH48D4gBe5KI/aatrlFvlQBg/9eg0qd Jzl0oW7vXw5T3bWKyDoZaiK1R9XQySC+ tncW0tLuFiTg8miHAoiylw==
@ 518400 IN RRSIG NS 8 1 518400 20260319180000 20260306170000 41323 @ iERn7uYdkfkQe/3PQ1kQs9gfBts6zj16 /LFMXJQ0oHI2WBaBIhhbAYsjPc6flwed Zo5b7dW3zsKgHCdj9DNQ3KJhccVFj+87 9HKvWfam2rvqtsbQTKYZZHZ1N6UDQb2P goKVPKhaegO8D4agritEQ/Khc/1hATRl 6H40AxW3trf9yGqxDeNfPH5An8nRrFuW 4Xm7keJnnk1boX6CklTN7NXBnwSkPaf0 HC/gYGP2uva6K8LPKpDZ5kLeH8WfYi+u aFAiuZUcu/Sxk+TlNJwXduajc2ALU53p x/g/v2YUwizB28tJNcj2jRYFPeO2CY95 EwqjKNPesz4D24FER3YsmA==
@ 86400 IN RRSIG NSEC 8 1 86400 20260319180000 20260306170000 41323 @ mubMldrWfe0Ki4DWALLeTT6ZArqsoVrf 20uDw1NRKQX+At/OcilRQM2AdMfNzclW rTBdg3OGR+qlaYzl25cFR0zx2PBLz9FE IQO7qx61VPqNqNxQWMA036CsoaWxTBd6 PlO9eCo3CN5FZUojA71AGGiMd+onN/lD /mRuUIREBlTuWGDjK0tTV0DHaxCPiewK oSRiJjn3DBlzzcCwAJ/di/FP9cQ9sAW2 lSpi1qfKwazKMnSVqBbOt7YpcNVwesJG 0K/QfquMUulz9rFL2wtf0lUD8sfJFJGU j4zZfUYsWCfsnFM+sKuX6O68RKVGexbO RYxpHrCvuNx8TSD59jA8BA==
@ 172800 IN RRSIG DNSKEY 8 1 172800 20260323000000 20260302000000 42581 @ FU7XcqRF/jYBI1yZBHmavYPuqdAgIqBJ SwyaSOL4tcpFqHgtijfhF3N2Vg2DyKIp lSLmUMMFMOu5gRe1ze3tfRgsms5UnsV3 KlCHhBcQ1EvNhAITdJ5i8Exu5FJqX2U7 bV5x44o74E3DW3dMl0b9Wbhcla2FnYac BQgpB2Iy/+VBo3fauhD9dcJHx3Vv+G/X xDhULyqeNls+RqUg0wsrLORmR+uyXZgk t0KIfaUobPJeNwQg0oYKLOz6y9TrxQb7 iDLSS/GJ8AlOw8lwhtYMaT2whexUnfq+ s0kNwFfs4i2jgprcMY035n3OBN7ML7t4 kb0yu4XcHEOVqm6va7SrpA==
@ 86400 IN NSEC as112 NS SOA RRSIG NSEC DNSKEY
@ 172800 IN DNSKEY 256 3 8 AwEAAdhp2D7KL43KrfuBRyF0m4rUzo3G fnlCypjAO50OTdzEg4MDpjcssiUulWgy URVKOJV1vpFrb0kZ+72pdU9ahofVk8Km yrI9L7v4QsgylHEKNxhPjwM2z7B5NIet shWMYzJcRurx/vp+Xx3caC1jGWqEvPqq EQFS3rXIdh85A8hOaKHY5z91tIMaHUrl Uvyh6qD8mLrIQPMS5l+lpWEmCCTEMbsP cEZQfA5JMrqW16kGH3LVJSWZgK6VrECn FD/5HrccBhMkgNxyxxzhvPyBGkpss9On pBgrgGpJMp+uDUXenJ4CUJxReg6sW48n NBdeIUA7MlkjiOw8TH4V/mniHm0=
@ 172800 IN DNSKEY 257 3 8 AwEAAaTeX8QjGPfu932a6OfQGYeeIdyX dLGLbvQD4LdNmEqJLL98kdOWB3bE97Wd h3FzI87OOqAVCITqWxqAM+phyZ6DsBzH pLDdqvFXkvv99n042rU1DROyIuHdZe/0 qjR56PboiSEM6I7cPJWGJxlnR+JZVWXW J3lK38teTaVrNm2Te/WPU2ntHY160etw Vlxms4xbXa7WBbWXEq1q/9y18A56N/yz 2dKkVLh9fmMU/frslsnn5BDYlkg4Xo0V +cw2Qw46mYV4g03ueCiDJAenUfV4iU9u d2h0Dq6Rhz7GMuTojDu3hdUz4DskR66y CetWRyofLCwVtZShGYqqLbiDTJc=
as112 172800 IN NS a.iana-servers.net.
as112 172800 IN NS b.iana-servers.net.
as112 172800 IN NS c.iana-servers.net.
as112 86400 IN DS 51316 13 2 64ae9e7342f114eaf8cb0313d41b9a02c5e6484ceada7cb15c6b65e8427337d1
as112 86400 IN RRSIG DS 8 2 86400 20260319180000 20260306170000 41323 @ kRAQJRr+5Ry7SP0L0giau8HiPS8OErfM 8jjax9I34lRNYtwnS4jN9pzzOwtPFaDN krS1ynmVaewm2+Pyfox9V+wyldWgcVxM FwdDckcQYTLTJlXptF3Fxm9s/7Sz3JFU F1BkBnzyW9ck13yDgHyttZytZZvky55r YlN0RRQQkPzydnd6BEMT808yCY906a0X txL3GgCqk+MFYjWXIOI1TJqbYYR5g3Wv 67ATtTFSZzT/LuEBPq0sDCiAkHTyfgAw R/39SHiUY7PK+YjH9aaSFrBim/lXLd6v BaqTdKflUMmL9Vlu4Gfherky5kZg3Hy1 LFf4liL/MC6ZIRiuig7YSQ==
as112 86400 IN RRSIG NSEC 8 2 86400 20260319180000 20260306170000 41323 @ fgDlFwBLRWys521mKk0T68v8jQMR1pcq oUggxK4IgKwE2pYteMqFibiRJeeovdHH Ak744XDW9Pd7LUtfgL7ELqCFeLIACu+Y OGT5H5BiN2rFH/gorbbLSB/JK07TCZG4 BgY57MZR4uUtRIHNIxlWGyIMG6rWmeYj Yade+HrSEiT3R5n+0X9JULP1Ii5bYMAG v4lZXBSg5L/CWQ6s0nG/iSd8HTXi2joE 2B5emp6H894HEebRY93/uxxRda9I45vv tZ8PRsARAyW46+yagOVe2RM06S49D4Ag 51m70w0NN+k/K/W8x4yAP4cS5Jr6gcRC NIQNSfLI0Cl9XC0rmVhgKA==
as112 86400 IN NSEC e164 NS DS RRSIG NSEC
e164 172800 IN NS ns3.lacnic.net.
e164 172800 IN NS ns3.afrinic.net.
e164 172800 IN NS ns4.apnic.net.
e164 172800 IN NS pri.authdns.ripe.net.
e164 172800 IN NS rirns.arin.net.
e164 86400 IN DS 38525 13 2 20e0fa2851402b42b046407524932ff7b6a0691368b0e1c6caa0774816f37fb7
e164 86400 IN RRSIG DS 8 2 86400 20260319180000 20260306170000 41323 @ vTLwBnr8r7yYP3Ju4lZ0cgXtKDvi9r0w vMm7b7QreJ2NBdSKOwjA2UvzmOA2ikhD QkiKjuefkzxoavxrN/VzgTz6j8bHM8+q hmztuLEanDQGBE52hfWoUdgWKb5fgBf8 MMjp4Bc9VREWkpw9YkDAL7HTyi0lxo0X vJRlCdB5yOkswEieBgudlaipN6uDHXtN k9VS2VgMeKRnnHakZh800Dxj3o/Cng68 VWFewz4GanI0Fi/ZR93JmpEkpj/nbDrW F2NBx5oHGob+D+OgYC59sx+eqiAm0bvZ EscU23HM57uuIhP3uVi5Pa2Xm20+zpJX ILPU9YaHIV3QyFN7xg4WTQ==
e164 86400 IN RRSIG NSEC 8 2 86400 20260319180000 20260306170000 41323 @ NDAlvT2ixUTJjem6Kdw59ZcOvEamG7YB W9jy4o1VWa6HXfe9Rmc/ZcT1ZQdV9ujj IpZlf4dU4CT20DF5I64bHASYnZ8TW/dv UnMVPQeCCguGdvhGUXYWrtuh4JsWoqVv qmjREdb0ZElvnta0kp53yfzO9HBVPnUn F9zw7tI784QBJusY7Lc5A4JOlLfD3KNo WxB6HKgzpdv5vKWZ5WUnMAdeWKqCrnzP 8mg7WalB0dKQsWVYWUxfHB8FZWQJ7zYm 88iOqKh0FwezGGdCFQ0CRVSuKtHe2iGl zmQ65nmcvUmAJ7HpwR34sl3667kMBAxz Ll2nHHSDYBDItuZNr+jrwg==
e164 86400 IN NSEC home NS DS RRSIG NSEC
home 172800 IN NS blackhole-1.iana.org.
home 172800 IN NS blackhole-2.iana.org.
home 86400 IN RRSIG NSEC 8 2 86400 20260319180000 20260306170000 41323 @ H+CF82kytOML1QyvXa3W0HA/mWZTk2XU BXk+e5+7leZUBGJkB0CTq9ko/wFxkRuW +9E4Vd8R9Z4nsS3BE4hik9K3O4qmLCpA wFSPXDhCW7Y3yAw0U2XVNwWcgWW3jnY0 H7t4aIaX84C8JcRdWsaoPw7MRki3KH9k WGAy2mOsO8MpQp5J+45WNEK8P7d+5biH 5qnY0HwrOa8fyVw6PQsooamojluXPauW xKhMBx0D0ua39xYn5S52XrJuMeYaEnOP jTlOQwKJVjTS05OU+9IsBRCIZaaGK/fs 03ADOtNx+HmZOzaJIilqumH7CxWaKzuh EA1Dukj/WCOCnL9X3lScng==
home 86400 IN NSEC in-addr NS RRSIG NSEC
in-addr 172800 IN NS a.in-addr-servers
in-addr 172800 IN NS b.in-addr-servers
in-addr 172800 IN NS c.in-addr-servers
in-addr 172800 IN NS d.in-addr-servers
in-addr 172800 IN NS e.in-addr-servers
in-addr 172800 IN NS f.in-addr-servers
in-addr 86400 IN DS 47054 8 2 5cafccec201d1933b4c9f6a9c8f51e51f3b39979058ac21b8df1b1f281cbc6f2
in-addr 86400 IN DS 53696 8 2 13e5501c56b20394da921b51412d48b7089c5eb6957a7c58553c4d4d424f04df
in-addr 86400 IN DS 54956 8 2 e0e2bf5cfbd66572ca05ec18267d91509ba6a9405af05c3fd4141dfa45200c08
in-addr 86400 IN DS 63982 8 2 aaf4fb5d213ef25ae44679032ebe3514c487d7abd99d7f5fec3383d030733c73
in-addr 86400 IN RRSIG DS 8 2 86400 20260319180000 20260306170000 41323 @ zgcuOelSsZRKjT9z+qyQxrkca+KJhSoi B1IwtOpf3BEOL8ziOrX5qKo4o4rML3f8 cu9Qf7FQyY9w2SFRW7CoMTlnJolIe2/d ng87ZSEsor3ykx3qX4Trr6ltUdwO1VW2 k0URPXnU9Dh+DSg+Ei9fYS2xvu+ztGt7 Ui15fk0e9VVrx0sx2HQYPm5gNFiGBvnK /EJ0ddSWKc+NRhjcR0wIOuH0CtkkXX0G +/0HuRo6wIUQzdzAPqo15/vZK4O6Fhyc 9QzJfIWVGIhC1E/A5skAU5P/iJRpg9n/ Triub/bvwv9mSymylpYAUxg2Aoy+GJuO FpxwVfVa4aU5RoB1YuWFKQ==
in-addr 86400 IN RRSIG NSEC 8 2 86400 20260319180000 20260306170000 41323 @ h3FP4WCGenVxOcNtUeQplfbGulmIET0L Gaj3c9hu6iOCkXYLRiWeJz1ChkFxIjv5 AHY/z0hmhsSO2uuSy1BWa6sqESddlMWa RuSB8SMI5TrCX9EWiFtA3w9k5N7SpBRJ 4z9xWZXgCetYQ7OUgIJga31DQdAuN+K7 YdrXnKKFhwPe2ThG//xIrPeQnGwwS+zf /QstPwHJPz+X2+bbtVwuTih8uBhmRAyy 1O14MBPbaqJyBDsBSOlGyzNhsnnORj/p i12sYsraAb6yBqa+dlMU6kD3QpIt+TeF 3Cv09TK9thQcdYx7dXmWionz35mt8WCt Utvu+aEsvKvUsp/apD/aOw==
in-addr 86400 IN NSEC in-addr-servers NS DS RRSIG NSEC
in-addr-servers 172800 IN NS a.in-addr-servers
in-addr-servers 172800 IN NS b.in-addr-servers
in-addr-servers 172800 IN NS c.in-addr-servers
in-addr-servers 172800 IN NS d.in-addr-servers
in-addr-servers 172800 IN NS e.in-addr-servers
in-addr-servers 172800 IN NS f.in-addr-servers
in-addr-servers 86400 IN DS 1987 8 2 dacfdeb02a489a514c6408d0d54e0904fe6e09a6e111abc9eacb27f6552805e1
in-addr-servers 86400 IN DS 45104 8 2 50136f7a8d3ffe4f9887ad234ff8ce945cabd331feb12569b2f61f99ce40fdbf
in-addr-servers 86400 IN DS 62996 8 2 836537710efc1e5570e3aeff7c0c80d3957a16ddf8005034bc9082898968dc81
in-addr-servers 86400 IN RRSIG DS 8 2 86400 20260319180000 20260306170000 41323 @ 0ZFpdSFKUgJGIbs4uvq58HrkB/Hqtt5f sGWEX27wmkQbUY4Hco5oODJ3plWRhVSr olRUPFtDEObp1J7EL35kEVb5sTldmtOT z0ip4u1I4z6qqgKH6J0hthq+RYi98Nk3 kUShGdKPjoPF5gRt/e0zdejbv3L3AnGe +Q5Anz85Kt8kEqJap6KINjFIhwAYJPiP fkyi2e982v43jZepRacPt7L7Cc3qEpPF mTOyfBlLt7eQL7Ou+iL+sgJMIXxWL4H9 rUeyN1P9nRKQAT+gEwivwFc7CZ09ScJv w5PbPSl38QHbRxqap/s3WNxxyhU+P4ui 1nzDzme6SvCTGGJ28Qtbcg==
in-addr-servers 86400 IN RRSIG NSEC 8 2 86400 20260319180000 20260306170000 41323 @ uyMChzk4zVNt+ARqE7dGWOuUgbaWg6sj zUjUobhN+YKxHpajftaicaoluhmUVzMI hGLNFauD4tXnXHmRTwrogJLBQbR8soTO RXVT7kBm0s91/3CuqvHotNo+hCyCfteH 1Trs8wAq7JBwQdzHwaEhc1y0VoUkTrDf ERpkUFF7A5INxQopARPo9GwlElIbWK9b Gf9l4llqRsZWxWtKQd8MihFbuG2NTt5W lmBlgfGH6QItjbJsFryn9AUMYCRJdVSI foWT1/xjwNdfLS5HspK/eXpzIrY8bY00 Jh2Bc9Uis4xWIVCTABAqYNV+RJBRz8Ia AAZ3jA2ceaeXwiFq5id7Sw==
in-addr-servers 86400 IN NSEC ip6 NS DS RRSIG NSEC
a.in-addr-servers 172800 IN A 199.180.182.53
a.in-addr-servers 172800 IN AAAA 2620:37:e000::53
b.in-addr-servers 172800 IN A 199.253.183.183
b.in-addr-servers 172800 IN AAAA 2001:500:87::87
c.in-addr-servers 172800 IN A 196.216.169.10
c.in-addr-servers 172800 IN AAAA 2001:43f8:110::10
d.in-addr-servers 172800 IN A 200.10.60.53
d.in-addr-servers 172800 IN AAAA 2001:13c7:7010::53
e.in-addr-servers 172800 IN A 203.119.86.101
e.in-addr-servers 172800 IN AAAA 2001:dd8:6::101
f.in-addr-servers 172800 IN A 193.0.9.1
f.in-addr-servers 172800 IN AAAA 2a13:27c0:30::1
ip6 172800 IN NS a.ip6-servers
ip6 172800 IN NS b.ip6-servers
ip6 172800 IN NS c.ip6-servers
ip6 172800 IN NS d.ip6-servers
ip6 172800 IN NS e.ip6-servers
ip6 172800 IN NS f.ip6-servers
ip6 86400 IN DS 13880 8 2 068554efcb5861f42af93ef8e79c442a86c16fc5652e6b6d2419ed527f344d17
ip6 86400 IN DS 45094 8 2 e6b54e0a20ce1edbfcb6879c02f5782059cecb043a31d804a04afa51af01d5fb
ip6 86400 IN DS 64060 8 2 8a11501086330132be2c23f22dedf0634ad5ff668b4aa1988e172c6a2a4e5f7b
ip6 86400 IN RRSIG DS 8 2 86400 20260319180000 20260306170000 41323 @ bNGYf6dYGvcEb7V4GTN0WNk2p2jRRZti GdW/7XLxKxl1EToxZbu+Ld2hrJfeuJWp rNRuCsi8Bb3hPrk7KHnCByl80HkTySf1 ZXSX/ErDiiDbS2amvuoRknmAmzgRP/Kt tKHpxOhmM1Y2YzSnzkOjwIJcycXmyDz9 sj5A6j8U7MhbBGqa2ZADqmktgGZ9n2v2 9MSbJWMONcpfAvgbfV11fa1CI98OOLLc VrDjWAxbpqudA2f67SrXiinBk+UUilUt KmOLTM/gDBTc4sHaedNIcT1BmcseSUet +NaN3oxDbmbO8g4jCiHtIOsMxu2NTDdi AAQPi2jTSusJs7zEtwy71A==
ip6 86400 IN RRSIG NSEC 8 2 86400 20260319180000 20260306170000 41323 @ EcPGQdurhno18qYrT/gIYGzl5Oraxrcw rClHq1uquZvUmOknv4EF2PD/Hpj5gWNF NAsKY9VpwYo7Pxr5dHrKtTHBCvcNKE00 Q8o/JaAMJak83VQog2gF/dhNaS3tZAbx BOODuJu2aeYQGQK30Ki+b0H4ju29OE5h FTYFjt6YANh4b+ySVIjvsbGU5COvqmrc s2sAe9GImCWhboeMlqdrVjcPfi9rGydH x6IxIcjTrJf6JCIv8IShnRxE62pvP7k+ Ug+ZjqLfkfIDxKLvOoWfrezl2jZ68aHT p5xXMjOYpEYWyfEeSQxT1xhxIF7mX880 wmv8n9e+PIpqM5to3pzrkg==
ip6 86400 IN NSEC ip6-servers NS DS RRSIG NSEC
ip6-servers 172800 IN NS a.ip6-servers
ip6-servers 172800 IN NS b.ip6-servers
ip6-servers 172800 IN NS c.ip6-servers
ip6-servers 172800 IN NS d.ip6-servers
ip6-servers 172800 IN NS e.ip6-servers
ip6-servers 172800 IN NS f.ip6-servers
ip6-servers 86400 IN DS 16169 8 2 27fb5354c3c011c2851ee25ba32929b645d63262779ac101a6f28cd631991269
ip6-servers 86400 IN DS 19720 8 2 f154d00f5759c274de9cad621910cc0b87d720d35b7de4b0b566e135196c38e2
ip6-servers 86400 IN DS 54832 8 2 ff0d5f44a086a7a31b99c81cfd1135524b5896878e6de78f12b3f609bf7279dc
ip6-servers 86400 IN RRSIG DS 8 2 86400 20260319180000 20260306170000 41323 @ yYHgtveAOMdsEshOWiGVX0bh1+7+maki hilU0D54+TjBeYFz13XjUhDpyntOei0W CNxtF2L1Gh7QwgNHZ7ZHTnX1PB2+glks HBj4RLDgyEayxvc5RMmANcQMcKxf9+1C Rsh7C3pposcLtVMPkVydjSb/0k5JksJE vZwAEFylz3YV0G+9Se+FnYYjW2VQXYs2 oOKaJCb292tP/ZWj2MCw1waZ+UuWrEK8 kVChC+DgPupDmNhxS7C/Ea4QwGWQxaMZ 6jj5MFXDKFpU/3pdWuSAoVSlhODKF4Cb GBXp2PhJs36cxBO36JGaWDcYfMCVlCZO OPHXc2isrrM6fSz37yCMHw==
ip6-servers 86400 IN RRSIG NSEC 8 2 86400 20260319180000 20260306170000 41323 @ HoXHvZMOx0WJsCV9L+uGg3ZeD7eVUin9 lIP3hNk6jJQFmH9VN/8EB8Qqimelme5G kFIuczHs10xY5jmkY6iorhYJjo2ln6Fh rDFqQNwHWB7UZdPHJwUWzJkjphmj4IUS GxbahUQEFq3vCAfaPSdVRk7ggbkvJNnZ hE9e7pA2PcE/Hb5fUgfYmaUnaLWnboLe V+e6gifnVDIUetK9/3FJ6GBOOdJH+zSy aU3wcRTGyrZl7PxBJ5mKVnGrkmxUwVek +34y0Tz7XtcZ9yS5P8w/g1EL/GLlgsUN lotJsABJKpruu1o2887wSnfwftBnXOKB BuTr+JLjk6NWoRdiWtwjag==
ip6-servers 86400 IN NSEC ipv4only NS DS RRSIG NSEC
a.ip6-servers 172800 IN A 199.180.182.53
a.ip6-servers 172800 IN AAAA 2620:37:e000::53
b.ip6-servers 172800 IN A 199.253.182.182
b.ip6-servers 172800 IN AAAA 2001:500:86::86
c.ip6-servers 172800 IN A 196.216.169.11
c.ip6-servers 172800 IN AAAA 2001:43f8:110::11
d.ip6-servers 172800 IN A 200.7.86.53
d.ip6-servers 172800 IN AAAA 2001:13c7:7012::53
e.ip6-servers 172800 IN A 203.119.86.101
e.ip6-servers 172800 IN AAAA 2001:dd8:6::101
f.ip6-servers 172800 IN A 193.0.9.2
f.ip6-servers 172800 IN AAAA 2a13:27c0:30::2
ipv4only 172800 IN NS a.iana-servers.net.
ipv4only 172800 IN NS b.iana-servers.net.
ipv4only 172800 IN NS c.iana-servers.net.
ipv4only 172800 IN NS ns.icann.org.
ipv4only 86400 IN RRSIG NSEC 8 2 86400 20260319180000 20260306170000 41323 @ saYSlcmkz3wlezm4q1ujXuC7+3VXi6st NvVR+otYH1uTks40zlHGc6T1BI1EZAbu lSvnGAnfvhsWHGCcoAnjYvoeJEeKRKuD 8nwVjhxubgwKLkgGYX4veN/rjZloqt6B NOTae17s/JKLrCkLydu5WcDDEGUTH1MO pD0ahYCKbqKke9e/hgIU+lKkXeHIU7Rp X2MLCtQlWUQjOKB4TktaIUBRSIgxycfR ea/cjOXNUu3iIcvy6llXqxeNlN0MX3s3 EcGuk0CtKbJ6H3F/AAD386o4avKA+qk+ SDCNDzr3MV03s2kqzwvKvgn4eGbHrMuu bWiWnvCR3Hc6v427fHugoQ==
ipv4only 86400 IN NSEC iris NS RRSIG NSEC
iris 172800 IN NS a.iana-servers.net.
iris 172800 IN NS b.iana-servers.net.
iris 172800 IN NS c.iana-servers.net.
iris 172800 IN NS ns3.lacnic.net.
iris 172800 IN NS ns4.apnic.net.
iris 86400 IN DS 38534 8 2 163416c9dcaf8d1babfec16552ed109029607907ab80b195e1dab40f1792a59c
iris 86400 IN DS 39464 8 2 1e09a2d6374800d54cfd0e52293906ccf7db7e923dcab7015e4bb697d76d9846
iris 86400 IN DS 44285 8 2 05cbf77375a8bf5702cf8e261ff947be8c8ab7a0b9485a0241edcfe2f155c7f3
iris 86400 IN RRSIG DS 8 2 86400 20260319180000 20260306170000 41323 @ xdxfd0sqbioRPSyzmABjc7zHzbdNDxD+ bcFoPPZP3oji6n+90L3+wPH0K3HcltVR OrgMGUTk5tzslkgRiECIp1yZ/tHsMyCJ HcGLmR+N0smBLUuTr5ddVkPaarVtbZ1Y QLn/wsmw500w7rEi6/p2MfxoJNcaW/Km SyDbAEZu3Fj9rWfZ0/qhPp85hBFAZMNw Xm4A8p5m5qe/vbLpfqZHcywc/glZzBjW 3jMijDxOqMAgS7MJAAIKBC7xsBLqRRdO cGMi3o4ADghl/GOewO+qieBz8BpC10dV DBR26g8VKKVLIJ32P3oMGlZMeypqMea5 1qJZR8IreLXpuJ5sz6mQmQ==
iris 86400 IN RRSIG NSEC 8 2 86400 20260319180000 20260306170000 41323 @ w5yswAHqGP0D475YkXPBZVJsxGnZLgLI oDVJgqfo5ag6nO4lXjWMuw3Tyr1T370m Z6MIaM0Ry5RWneXBlRYcUZW/HeXKCK7E NcLiFoQNc+48wK21kJQzF9aqreAtk+pm rLbeaJ3rp5Ql+Bvr+vR6TPupx4tXxVcs FZErrsMuDJXnmZNGUHKUmFDx/ZARtHAo ZB8zJG0qPU1l8uBVHWUwsseCikTX04GV 2YDY0cJ2ta/jYMSNYsklBOp0pGdo0MHB co02BvRa+parm6VUOmWVlIjIM8c8gRRi iWr8VV/hMnmw8HWeQHEE3HFaX8M04rX+ 16jlnT/QY5M/oCXYodfaHQ==
iris 86400 IN NSEC a.ns NS DS RRSIG NSEC
a.ns 518400 IN A 198.41.0.4
a.ns 518400 IN AAAA 2001:503:ba3e::2:30
a.ns 518400 IN RRSIG A 8 3 518400 20260319180000 20260306170000 41323 @ 0oOIDR4wMglXK5eQxKuyhMlJ+WGk9RA/ SA9UXVza+jtFkVROf5iTcoqATFJPhT6d u1tPWw/brFt+ocLxwa2CpThrPon3E1f4 2OOF2EVu9iGhAqRu0tvzVKKPdLjimZy/ Bk1wjPen3+x2oH5N7Mk5Hj4Q7QhOxmEK EpWHRFKiVlOQrZ5G3r+84k2/MS6vL/We MLFMTD0eypkV9xPK2c5x+5pMy3BCsOw1 NlWZF9BovpPVTPM8HOMMvTjkriFOBRhm WQmAIqy4sSOZgHSFjYqJiROAcHtZLSOb e2E0YuMFb+ftWjoidWMxhFa3ufbmZpb8 UnUc7IcM3HeGgZkrQUuRqw==
a.ns 518400 IN RRSIG AAAA 8 3 518400 20260319180000 20260306170000 41323 @ d6IITYjJ/iY7xTNT7ilVFuzTkxO4zEJo 9Xmy8BaSo8f+J5AJbjLqq5tLKDza/MUX wgFx20M7GFbPwaV7ws4ZZ8/Z+7JZYVB+ anVIg2prU7m29faZJV72r6P5orBXeLje iOWCs6IGHMHQi0TQ0OyUj7jIvEYR+mo0 jeFp7rJJqHc/OxeoUqM3fhxdoU4X+ii6 UaPc2MIRGpr+HN6I9qRGwFqwekzVG5WH 4S1W3aMImF3lJu7yk4cL75LsJEL6mpMC OzC6IO3MUzR06gZRHNQS2T5NfSsoH3vk FcW4g3yFroEB4X66/kyzJWVCUZ13CxNN ECXCKgKdwBILrT2vkhQDzw==
a.ns 86400 IN RRSIG NSEC 8 3 86400 20260319180000 20260306170000 41323 @ B0TEnAX/b1EkoO6qB5YnWkBMZl75EsDr 0yYIKvh9NGYMAgDfWa4GScr+ANmwRdgp p6jTZL4tLR1bJeFU7W/0SONEHjSO+eeY aZPvM53XxMeu1MnUJys76Y+TXs3FadU+ +pqCztvNj11MXNZlIH2+32iN0ik0OreZ bvbf763/02wgO3cwZKQako0nVNfybS72 g0LcNwe3pD/1QOzbxEgB6A0v6ErVAJ1i /md25VaG3Ce9gyLKmcLOTMyEXhY7gd4W LoBMXQ8OoOsyXPlmd2Xx+jJBNp08+q8M LMeLb+T8L+t4sX8R4dDR4afW4BqWkWCO cScMD8nyC/af8yYMHem5yQ==
a.ns 86400 IN NSEC b.ns A AAAA RRSIG NSEC
b.ns 518400 IN A 170.247.170.2
b.ns 518400 IN AAAA 2801:1b8:10::b
b.ns 518400 IN RRSIG A 8 3 518400 20260319180000 20260306170000 41323 @ rlb9rTF+CD4r/GocEkQFbfUw6z+uORLv mCTEi/i7gEKWDC5HPXseilcgjmnxsPGO PR1a0dWDCrjBkQeBaN2sDHdSyvqP6FlK 7wDZHMnBe0YSrF5uqOD03DHhDTaBPYbP jwjefUt45ezKyMr/wdGr/dAhXN52WqDI rdnetCi1fJ25UW2myKkfH2jzV1RAyhY6 ZC6ImEy0xwwZ3YF/8zmmk3WeT0/bWmHx XpAVnBppJq2PcqWqmlwVPxR7c/4i7vRr 9efIgspRdZ8mlT0JmH3YPGUutPCjCKDU fr8WG1GyMRuXvlUYSMAXytgACCLiueuy OtwlvxvhxBYfPm716NEGOw==
b.ns 518400 IN RRSIG AAAA 8 3 518400 20260319180000 20260306170000 41323 @ 1BZbo31yXpJTrvjezcn6rbUWwf1VeDKq XpSWHushcwDnDFcIUk1wnz7yaFNmzEav dgclCbgAiWu/RPbEV+l+IEtGYSh7ZPQ0 GJrRVaUy8em6JxEiDJUJPcBKgryYrJd5 RDSX3kHKeuAETk8PPG5RF5Jq1YU7cg51 l465JhGvv+P4BxFrEPoFjeN0c/ZHNWx+ zuze7XIt1AvvQ/PDEChFgc4jFSJfGD09 IQrevtNbszGVTgwkK/AEXRZ28uiIAqcT q4bIGLnqS0OPBv0mw8+Bbf6CQ3Ciyl16 VUutjwhyoo+ucM1YSPvD9rBLLK95GJqc I8rDmKcfLmkxgnzUWhAfEA==
b.ns 86400 IN RRSIG NSEC 8 3 86400 20260319180000 20260306170000 41323 @ VghUQ5a/Iwha9SLFPhchyd9+Xovv+pTx fFHeOTxewf/0G+bgFmpfPBesb+nt7KRz l38AfewCge4AVx2KVpd6ZsvTxgI6UUK5 SFxAONpY4hg5fQLK3UO4sHsw83+nk0Pg ZO5xv6i0dKKAuiJJhF5e60f0nWmypFff YG8Titt0uZbUTmtl0uD8lL8LJdNZr1z8 1ThnthqGChUgP0GhQ8iwBFsWq3frh6ma OHBG8xMfuyN+Acg9eVHaNGH3HZPO2UCO 5kcI96taghSpsGpo8dzjSGwOJSqilO80 aiZ377gnUQ8Kd7D33QdqW5KGbLWZ7e+c f1c2weZlZWJ+O8Mob3AJtQ==
b.ns 86400 IN NSEC c.ns A AAAA RRSIG NSEC
c.ns 518400 IN A 192.33.4.12
c.ns 518400 IN AAAA 2001:500:2::c
c.ns 518400 IN RRSIG A 8 3 518400 20260319180000 20260306170000 41323 @ w4VWHEEhd0jdWEIn5WYDTMdQ7CalMof0 RSh5TvdlrhJGY+gKlyqZqiSM8npTtSBy gVEPpo24dUu9o84SfQrA+iTr+InmCipX bHvF11ecsn8zslNnJvLEvlzcQ2wG6jgi QPU/Pvf3B1GPZEthLR3NV87uUQwPFHqN 8KmXwNqau0iDmF6gW3btL415QCWH2nn+ JIb0KG6cITi7oBsj7Jre4e5zsu80wnn3 g1D25iN+rz6+Im083D6FN+P7QqxBd2qb r77E0VwPH0EVx22xGQvcyRoHehR0AM6b FqhMvNJLYK0hep2YWGBux4KKQO4P+pN8 Bm2HXShcg03UWCPD48sxBw==
c.ns 518400 IN RRSIG AAAA 8 3 518400 20260319180000 20260306170000 41323 @ uAGGASNib3gSFETlE3iU4TTM5jc2J5SW gkvUatQyCpJ/GqcIAwJ4WGtm7JCu+Q3A mIjNJdsQL3qdO267dKK7F+aV9PK1SUGK 6KyhS7l0FIaNqqUBNW7+RZMgpuivqWbV bz6GqVfXLPSaRBfy4JUrDpPhtG5+cr19 2Ol6rWaNexGHHA3vHQvkkv5m58IEt245 DSnRpCJFg2MxBAdVIPEOovYHpy5GEDc1 GPI28KjU53O/X5yVRWf+XElRwIzxMp6T P9mPfvQuO5MwovAHrAfiLCbs/a9QW+pe cJ9xW+D1OaWsb58sHgm/dQHTf8cavSum 8EHSVmPPtA6oAayDdrnvBw==
c.ns 86400 IN RRSIG NSEC 8 3 86400 20260319180000 20260306170000 41323 @ VIAvlYvtgBGF4RYX66D/3Iddlt54GIhe JRAoYDuniKuFJOs5+mU29NJ1ITnqxs8W 5fQUnbwhWO23R8NcTM7LRcMJuQr3qv19 A5v0Z23w6iLDjAlVnQ6RAwiIexwDTcL5 hHDS/vd+W3sI8sQ8veorqh9LRyXflhbl esoE5sMRUY9x9quhnOtxwpOIbHVEB759 1haf0afMmPjI65PVu7zKOoybV9PBl9gD FnbUe7ROCIDdgMt6VjicFGX7+nYkIbed plUPIr/lkVRRCxa9IKmIx0WNKpdMbtlg n6bchDot1bj03FNobTjYwCTXcoJcYxxO ac51GMYetIiuVDf37WZkRw==
c.ns 86400 IN NSEC d.ns A AAAA RRSIG NSEC
d.ns 518400 IN A 199.7.91.13
d.ns 518400 IN AAAA 2001:500:2d::d
d.ns 518400 IN RRSIG A 8 3 518400 20260319180000 20260306170000 41323 @ XcaKgoJPVsJkW49AHCL2/Sf5sZilCDGx vToDG3K2H3p3JbP30fu1ph1QAY9MqXe3 TslofT5TLlcGpBY+67XtMpzPgv5umSgP mKpyDsuj0yPDzqkJEtunRoW/P7kQWezo 5fne/JNuUThathnv+OFBgxhA91cGqAj8 Zx2xZUXT2GnK4Zl6Y7bTxn8HXSrjmZXp p1Esbq8TpvHKBviJqZGLmCsFeKFiNzN8 Q0y+/38E8xJynobp7MQEC17Wm78uxYJU bvnUJIWZ3PBSAo8sn1+sPuuEtapNthV0 /jhIw0lTvgwIr6oNDx5e1awrr741JtaY XPAzuEYIWuShsy1pcx5ueA==
d.ns 518400 IN RRSIG AAAA 8 3 518400 20260319180000 20260306170000 41323 @ cC4PksrxWEMGlFzsZ/EmQpLJ8bzfEnB2 Uszg7Bc7BDzbsJHlOdKFX8JNRGRzHe1P r4HPDf6xAYi+r4ssnEcS/A5Fa+X85pUo QR02amjuO9ErEYtbpeenTiuF4ThA5ufM mB08JNYfkcm8TW8HumfBRS/BCP7ahM2e /jU6BQhe8zHWl4Tyox8iCSfKMnr+UdXV Aob76WMOlV/jngYovTCznO9XnQbLRN8m sVesjuUYnug4jCzD4NQUA4cHTHHpkvBR ImPHfoN+PfB7UnjHy5MalNiOYle9IZT6 wkOonGiJReyxDFhxFFctqh6vISe8tBuC Ukf/gyEBKrskLGx3XFfpeg==
d.ns 86400 IN RRSIG NSEC 8 3 86400 20260319180000 20260306170000 41323 @ H2Mo1L8+zgos/EfpstSHxcyEsMViWO3Z c1vFK00Mzd18tTlF1KgjX5HnROkF1mEj 3enRE6+pl43X40Iqr4b3zgB4PXzp6K/m wglnvOuMcW1YO3AX01dlPVMwFyOcqL6V XIw6Mhjt9iZHB45IDagzleAx0XPRW0p+ Mq4smozVEBn9ndMIy7dbw7SewdQPxyxs b83SR1Q2iYtAFyW0pPI/+4CKzYS+nDE9 hgKY55qSW336p+1e5CduKaCepomNYPSN 0VcKsNtvRgPvbk49mlPTsppJeCrru1d2 3Dw0F4KTZCzBlCRilcj0LcmkhuA6RIvh r/1QT8uNtyGVIOLatO8nNw==
d.ns 86400 IN NSEC e.ns A AAAA RRSIG NSEC
e.ns 518400 IN A 192.203.230.10
e.ns 518400 IN AAAA 2001:500:a8::e
e.ns 518400 IN RRSIG A 8 3 518400 20260319180000 20260306170000 41323 @ lsH+rbqXCcBPhpIDazGGgYdko+oZqiNE LvIzaQ2twOOVA1UwMCdFAWU0KeUoErYa QdmZrgeb1IVivAHzcwQPjmiKTaakQbC0 ZZ4Dq0N9ZVMKyKAzt2ikztELkgS7PrBR OWXyh6VVyU8W7HHu/H6dfHn+wH0NysQ0 EczSlIIflbSplGACmmlTGWiRNe+QFkDK xpW9gTmE+NvnpHcmm1TaQnnJCkV+N2b3 FMPnrkwYqgm5U3M6oy+/IJdE+Yd/cj2Q INnP6zlhr2A8ZOPzeTUPwzMTsY2vwosD fVu8K/tRXjDIPlTJCQn83Ys1jcgBpIxI qRHswY+LPBQibdR8eKldwg==
e.ns 518400 IN RRSIG AAAA 8 3 518400 20260319180000 20260306170000 41323 @ v9jeO2lQisunDOhm6nIRrxqttoIjuOXh Mg4rFT2GPwnX7i4aTK7rGq+viEAujjeb oRjIgA4Sntnm+LX/e0O2fmnQbpys2P2z x8N+uxgGD+aEiv4ZAzjncb4GvF9jl3lr 1lQvr7i0SebD7b00N22t0/qjiDnTEux0 B+Z1e3dLSz6NIwqapIBo1lIzIwH9iiJW kmTdpGxGe/1sSIXSUAnBUWIc2045UDrh BZq0H7/0+OTvldhuSgvN2Es9RtK9XVKj MaH3iNNe9J9wumK4V9dBwoH2MptM2UVh T9aCjT26BPRXE21EAKBxHRLUvCXhpHSJ gP5yOtqBeYMUOJdQyGwpWg==
e.ns 86400 IN RRSIG NSEC 8 3 86400 20260319180000 20260306170000 41323 @ Wmpyf4OJPew0BFP66cQ2w+yOBdjMKZqc mJ3OKNpHCyYNKo+nqrp3ohTrACEsqmj3 eT+8X0IwQvPnISFvPRcJpi6zwiYETGEo a9q9kGaayfo3a8D+oZzOwYH5gJBi+uCn +00RFuvPGTqqfUf+bSHN/S9duyRpNhKM MqoJIlhDl3bauNqrLQSD0MLF/ONNTmDR SvKcywgkm+jvm+MC+dY3CmxMin5NEUOk aDbZvKDRLrERZzoqRSN/LRDSSEQTZlNj SUYVbYYqKHKvvgjwHMYcHl01Rj5NDf2Y ljGICWJJYmDmFD0KGqkcra8PoNJgIAJ0 HPDboJQTaCmxCxBh7dLX9w==
e.ns 86400 IN NSEC f.ns A AAAA RRSIG NSEC
f.ns 518400 IN A 192.5.5.241
f.ns 518400 IN AAAA 2001:500:2f::f
f.ns 518400 IN RRSIG A 8 3 518400 20260319180000 20260306170000 41323 @ AuwV4E/9TOTOjj8L2zifKMK7fEAxyDYn f02lQA/AwwdfXoFhogLfutARcSSZfp5d NMvUH8YCqm/823JCt4C5/1l7To/v/bxO MaEAp0T3G/R1J1pDIXdl9Jv76PLG0fEj ITwGeWPmNtDTQi6gp74H5gXncmRbocuB asfMMxKj5lFtMTdt8TS0WAlS4b6Vzln1 XzheXJIiaUobsJtQUjuzDzsmGWPDzV9m R4W6waWUbqeUS1KEB+UvYCGYoFQr/bjp /HHkH1NnCZlmcxaXMWEfHeXgS8P7VhF4 c/xnES/Ad+yAsDQiHyWkKxkholQzYECr SJsDsIyEMS664GvJv3hTsw==
f.ns 518400 IN RRSIG AAAA 8 3 518400 20260319180000 20260306170000 41323 @ WbDESyfSapPzkYAD+J5KRxLRytkt2oCL blUKVH+I87RNDXJljD4hEk3zZbxCuHgD eUXh5sueT64cdExNJMoJV6DiL3oyrehS pUxmvjAMFZBbngKE3F21IaE5cEMV/9OG gtUrS+X1JYDuEHh/lagBgVSL5Q5LJI97 CWAPVWZHrXjd6fxAFEyeF/99AAVaa78S RWxShimFA3cqs+smioXNpzrKEX/P7dmQ yIFBgWbj4BBR9SQr+lDIjJlbPQvYpoDh xn6Y4Ijs0Lyy6i5XgQUwjWX48FMdtsNU zsiNovKPHH++OqIV2YerRq6iET9X1qvB zw2Sapl7Rd9o5S723j5UQQ==
f.ns 86400 IN RRSIG NSEC 8 3 86400 20260319180000 20260306170000 41323 @ rLtWASfvm8P7L/m5j/IRcNHONmq0Uo0b 1DBrpJsNVWHN0ZU1AvmV92UZxRZhS1Kt sRpHX7XXFDw4I10NSbTBiI4bb8pKvaVn LVc/Ry+UpLAOgaAfzgE4v9t1e2mGPQ2Q 7kv8+ES+GGa4IoVQXG45qCM8biicNuhw HfzJcyaKIOHYfjnJ5NNQd1wowmSx7fl9 5uafi3OrRhwPM2T8B9wHLkpaafHWeoUQ Vc+BjZuEvkluNxY++VbmQedhteQgo/zY T7BKeES/LFdy82zkUKApPRmE0TJuNiVB zfSPPUaMtfrGIna18ictn5O4JTW6bo/U QobnXAp8WVfVhari0Qmz4A==
f.ns 86400 IN NSEC g.ns A AAAA RRSIG NSEC
g.ns 518400 IN A 192.112.36.4
g.ns 518400 IN AAAA 2001:500:12::d0d
g.ns 518400 IN RRSIG A 8 3 518400 20260319180000 20260306170000 41323 @ gK0FoBRC4cAyaTkGOvqI7mJycOZbRJSo KqlMzWyWjn6Np8i+vJLrPTzwJ2s2BSAb kS1PYu+DlEfLyo5RbV02xOKhBbeZiqPk bdz4JKCBc8AGWaCjea5/sfR2Hhlcg4i8 XAyFcs5XhhDHImYunHv0Lb6p+rXysgML rw8jPZjl3WJ3prpyfoBn90w3/JDpbZlx wS7JgS+rHNf8mOqFF2fvhyt5SkDRnRwZ re8+8dpTaYaDEOGJ8DRa+aSkDMwaXKsM y4ArjO4OgZCfI04LM5xc6zZrG0hRyKsE 9VxDMIc4Zj4p+F2U5WLM0qdV4lk9eXD4 8qn9vCy2Ocf6JHzjELYLag==
g.ns 518400 IN RRSIG AAAA 8 3 518400 20260319180000 20260306170000 41323 @ ZTMDodGSko9+RYDd61cXFC4LsxyBSjSP 3VxyUJ9UyX9Wq7FxPFJPND/tuHF5r0Vy GL8xMhFu1cDEm9ylEerrPQbR64VyXQaW IKzOyMGv1lv3Nmx+V5gyD7ku5oXT27FF kO5RfNr9TppiiOVrAsUiq2gCuDZH3oq1 P5VAEUEzxl+t1XDpInUBWt9NOeHU1UND qPFR1tXZkV1gSA0A65a2NNe724IjZLij Dsh7mBMOS1t5/wBoBFY2pjHScT4ou22U xQ2evJn1R3Dtx5157P0cD6zIEH8QaTdj 7WWnTEdP1bDDcT3LtXkswdfDk5BTdIlx lV3H1DEjHErSzOWLM7ZI7w==
g.ns 86400 IN RRSIG NSEC 8 3 86400 20260319180000 20260306170000 41323 @ TMjz3XDGpXm6nBVuJUK98wWkQFfJzD4h s1zYzQIDX53blkYkBlCKIQ8wFUiAZnnM DWx7BSEXvcwarowFOxXWRImd7d6xyNg/ rQFAXnB0ZJL1ZUkisede20e/hitrY+L0 HO63J3RFh6ejQIpBuz/FNIcZ9eKJeGFg bVkon/FwCmiVUaf/9L9kFV0s3UaLQkg7 HNihcTV3IkI7XR1Aq+ohzrf+rocpeveH NOO7M8WfxQJEFFZm1l04jCRG/co73zBo aEa+xvoLCKPA5ZhpHIQ32Xa7SBsfptEC 3O8WrsxIPOg3aOMA4CIgFE1Bgbia6J1/ VCSSeTqW9oU+IgOSP5E5rA==
g.ns 86400 IN NSEC h.ns A AAAA RRSIG NSEC
h.ns 518400 IN A 198.97.190.53
h.ns 518400 IN AAAA 2001:500:1::53
h.ns 518400 IN RRSIG A 8 3 518400 20260319180000 20260306170000 41323 @ roLVWItqfm0G8Tmi1ofaIfCrxfp7h+Wi 5bsZykSxw7TJ7IZLKo1yxjueIPNWeyCS sq5jnhUeKXQaZeNUjKrlDqkxEo4I9NjD ORHukS7SCuY17EIPEnSoAit7dnFqp8iE 38bdi8arRr6Hm9nWBXZBYgRlBUTGTgpl 8ReuoAOk4kL5/Y/UTPndMHJ9lR1Dww9r abG0Iv67ny+7KHShK0Tzb+fPj3CigmHf xYnJm+7Zsg0iSNF63DYAP+GFFWnZGlAO TIPmkMcMohbZn5exKa4mkLgq5YjYXaSw vQ1lMuOZmMTsvVYKdso6Gc661JR4vwls 1S/Fa6WN9E9+pGvstM4h6g==
h.ns 518400 IN RRSIG AAAA 8 3 518400 20260319180000 20260306170000 41323 @ Hbw1WXw8Zon5PT2MBJvsOxR2NHg1fMah e+JmF4t6T1XKI1vcj0jHf59P1L2qUHbM r83bL6+ySX6de/2FUFEKAdavEOHu8y2x 4EeZzHAn09bAn7Rh5FLNl92rHnzefCAT Wsz3i8i8JNbbcgiTFobhKnvAIKmg2zp3 SV6f97mRxlqp/aZDEDE8GwLosD4uuiBM iWC56VHkYsFn7HLn77gCpYP2r9JsOvId Im0FPKlIba31ZvyoqTrZFs0TqSm1r59i 8IQKiVhNFc5oFhMO1DjbnZxnttwZrnsY 7shMOEjrZCZZD/yQeM8ZlQCemJrBZYZy xWQ5lKH5nEshVegqxM7Mtg==
h.ns 86400 IN RRSIG NSEC 8 3 86400 20260319180000 20260306170000 41323 @ vRAUoNaHshAbzTKq+4h61G6IWbuLgV+n VAcXEJwXN3fWnX2EUFGSjR0K6GHAzSTA tyMsJ7gT5bT34y9JtZAsTuRSQ3yRMJSS CGqN2HONBBV/Fp0KeIBMlnnom858M+xy cXK61TeCRNt2gXdG8rdfwE73BNm/ERUn usM//F2tp8wwGk64KjuWJuMMdkAFlOnD Q5EY3y1hTeObJLGwQ7saCUWQ67jO7QdZ m3PEzPlwd/n4TrItxZlpwH36xYafycQr k6Xg71rNh2N/xhIYSxm87Pr0dzcdhpML +28d3x46luQ1Ss7s8K6D5pgsGW2dNQeS 9TU7gWz3aXlb39qpKJDsvw==
h.ns 86400 IN NSEC i.ns A AAAA RRSIG NSEC
i.ns 518400 IN A 192.36.148.17
i.ns 518400 IN AAAA 2001:7fe::53
i.ns 518400 IN RRSIG A 8 3 518400 20260319180000 20260306170000 41323 @ lwIVi514GSMDouJwUkii5I0Rvx+TJlE8 PVSIhE2gjrjv/giRPOeR87L32VLAjNEX 8eSoy71zUTEqSnuHpb+01yqXfC7H57v4 sCc2cU+HPB9YwHs5wqxAOSxOulwxBJKu oGv8XaeSR7ddP57typLQ6mHpMXGkUjJW Yg2w5IH/MWsWWqvEEuaAtO7+Mlz9N23I hOoHvC+Y2g86um7yMlViipu37zVU9bHz UjWgJgp525n+zaiC0sJTP9FJCKnthqKI 9wla6PzvK3QQ2mX2TtBmlcpoM1k/f9UY DaPCODXJsLyO2CuXEqnc/sksGJUgRzMg nATVsL/HEsT7+HpicE7Azw==
i.ns 518400 IN RRSIG AAAA 8 3 518400 20260319180000 20260306170000 41323 @ g5v3f5qByXDYxiev+8mLydhgpcqfSqNk Xn4pYExatDoxt+6GDPo20bZz1b7rUCJm 8ruderV9HW2u91YjuL+2nZwWJYDZKy2B oOv5xRqxS//qFXghIsER/x79ztUIK32i G9xgWTUdXUZkhRNDlvKQKnOQid6diAIc MB57skae0tg6ukfu+egLsyhzMeNm7nJi m2+buNdayKJzADCXev3F8mJSh9xnCr5Y i2eSBaVS48PQfttkhNzKGk1kWoq2QjQ/ ZHmJFbS4/NBA3NBJShA+VO2L5yx7/pFZ /OHjfZatn+G8kD3x/mPAZAh6EB5kMh9m 5Qod8HKCLu7Gn+5/Y11tlg==
i.ns 86400 IN RRSIG NSEC 8 3 86400 20260319180000 20260306170000 41323 @ nDexkGcNpl8kVBTBVNOqV/FuTb9APkOb Bs9JDPwwK+D4IkfPdYR+RpQ+/ANmlErk VpPsZ4663p2slK1DTdgHnRPQlf2nBwFh zzC+UQ0rLF+us1caCFrXjgpoJfO609jF 1zMqRBOaEqSwfLzttF/owd45JAWaCn9Y mlooeBormpflyIPpL6M9byBSFGHW9ap8 cyuPREqfovcb/PARSTIicgROb/OTLuQp vX8VNKi2P6gT20HYTMtG8nOsgWdfQAV4 2RUwR9tFaoKiID6uO6Tgu8J0xQfywkSM ChpGoNCmxdbKMZzjTOQVz3wGxbkc21mD IefKodp+vD30wZnZ+5CmkA==
i.ns 86400 IN NSEC k.ns A AAAA RRSIG NSEC
k.ns 518400 IN A 193.0.14.129
k.ns 518400 IN AAAA 2001:7fd::1
k.ns 518400 IN RRSIG A 8 3 518400 20260319180000 20260306170000 41323 @ UaHKCzuI5S2EiSDqR2Lnt+AulCs3I/6V jyh/Kl/OGG2XjCpKh+abUjuDHZRN7awF IPvj7kzvRs329SWEFbPo40+HSqUtZK5W 4WXqdwXmvoZSng9r1uVlFfoU6nZhxlDn 2QmqZq50ZyHoJC8KA8S/i4OUXkNCmYIV D/ELuyMojenXLuQSys8BY9s3vlr+EaHO s56vn8TJpyA6LWx88GxRhgWAbM8gC79A 3KkddIaRZRwePUNvxy/HpPF6t06T6cNm j9GkWB81MtX8S5c84DqhFutY9O7PJNSH 3aLjXPTtf3Fw4JOtNTAEGZRFcIbor75r XbdWMN3mNJdIpSq8+LHdLA==
k.ns 518400 IN RRSIG AAAA 8 3 518400 20260319180000 20260306170000 41323 @ FMtca3QKQtbHC2Or/r6hX5x7apwnZZeF fbBUbtU5NdcLaE4ukiZFBjaAmFj9HbXI V0F7Zvv9ohhwhidb1T1gZXLHD7VmEYle aD3Cf5Uj5wQuKurlfNYCE6dooAmc33kW NOhyx4ySPksJ14PtuSIbBIoFv/HppVhR O6Xd/tWBK21xZt30HMiO5ZAL2Rdn4//p YU1j9KER0qGuydjXT7gprdADNQWpxM0D ebZ1mTQcKldiLyv2mKIpCyTAmSjgSCvS hLNf8LvsSlaNHZAYOsLDwMQVyABxTHY5 BYBb3b/yfjTPH2bkO54d5DYEsBk+Ygww swP7Wte8ushq7Xbx8oyfJQ==
k.ns 86400 IN RRSIG NSEC 8 3 86400 20260319180000 20260306170000 41323 @ G+vexKiVuGCa3VJL5cfyielPnlzszaWZ wlrMinwT7AOOAsPsbb7R4x7Tm+QKy8pv LzN8kw7Z3sr7L4lB61dz+V5h4zCVtKSw u1fxZ/1YIRUSBU2y9upsqvm3c4/f97tB SCDvVbpDRHo8qWiTVpe0jep1ZePhe1S6 tkaZ/4izbSu7IKZWeDen3Fl5frOnxBm2 L3ClXLm2Q3P9rJGmqxRsnLAoDu6Z6f2d ZXpt7gVoqOwX83I1rt9h5XpIwUHo74Jt lifCnk6bDa4hshSors2CO8T5640wFQz9 IN+rC1WkN8F/GdV20mCaI12yMoxL2ZlZ 7CV4K4c6VPGV2nclXFtZ5A==
k.ns 86400 IN NSEC l.ns A AAAA RRSIG NSEC
l.ns 518400 IN A 199.7.83.42
l.ns 518400 IN AAAA 2001:500:9f::42
l.ns 518400 IN RRSIG A 8 3 518400 20260319180000 20260306170000 41323 @ kfVgN3JQACpTpQZ2a53KiO3YbVfqqqfZ PwkYesyxxsoLZ+NtTQFa9+UplMJ4TWKp DOAdXD64ZxMEYDnlZs2NVe6IeLY/w3M3 HYWAznZYkXZmXHwnM69A4hrqMI/77Ycl 1Ae7jLJ4Mbs1+9e12rmfmTw4ko7Aa9HH BQ9Pd7YtgBm2aXFrSwcMXOLnHYQEs9VK A/hFhqa8bN0pKPbEyRC6+XCP7++2d89I P1onivYDKZTZcCLT/E4LXOKvEqvkrwsG P72xG3OxzcKRpakvfmtEwRrYo4TgUrSJ m5CZOFW/XtRVgmCJDiHgu6cyZiFgb5DY +ommKOssZPCuguRJCpFeBg==
l.ns 518400 IN RRSIG AAAA 8 3 518400 20260319180000 20260306170000 41323 @ PI7B4ECDsXcgBbkwORkX5O3FUS4hBuAL aE7YnWN/KJyDGCRFr2nWzGk0XdKbLDCy ZVAjG46BSomYQXcje+OXrUj7zIlirqmJ uNFzfUCrlETIMw8yBlwhXg4SjUhDK5kJ ueEgj5TIEvXTPoNFIayimHd+9cGcF5qK kyLSD8UKoHLOqLX36pN107Cy5/HH3IHW QW1pN9HEnc1aXUdXyhK0GlVk4pu0ptEw 4rqZyRy52eapLQis6Q7ggESEVwtkMCyo 9L6sK8YiMUnSeNXPXWtRa4GfQyhgMLrX /vN6vttGVW8MberBcBR7kfOY9eEJjuFs +73MmKN6aNNFms8bDIhwjw==
l.ns 86400 IN RRSIG NSEC 8 3 86400 20260319180000 20260306170000 41323 @ xcdGXIcyCpew7TqvNWjesm8IOfevCslY GVRJ5RST6x+7CjQwxispqGc98shDHHiE OGXi0/jJjf+cUG+fBDcDAieJ4zIm6GUo mnELkXtBrR06SsM7VMhVIvsXVnc3f+Rk ZLFgpDlxMjzb4Tau6N/dxJuFc9n+6MkO NPrtFe+zc/EUqNELP33lD/17pHvlkvdY mzIUiyr9eXK00iVdKEaqErnmfGs8qqJ4 HgfsRons+RmKm7NbuTcOAok8hcTBn/hC x2DtVuXhZ2yfFw7NndbL+p51rPC07pwH KPm/smbB1/ye93MeYqr3Mw2Q7a0J8lwQ h+HF+szNBmNXkKAmPYtcAw==
l.ns 86400 IN NSEC m.ns A AAAA RRSIG NSEC
m.ns 518400 IN A 202.12.27.33
m.ns 518400 IN AAAA 2001:dc3::35
m.ns 518400 IN RRSIG A 8 3 518400 20260319180000 20260306170000 41323 @ nk97v1h2s7HOgQsFiDkzBVYuytHNpoKN NxSbU5gxjGE2M1I5X1z9A2G4mWU59P/u G2ngfLDFutUDITp8oP8MY4aATyZYYJ3R 3KqgCeqhpQYDx0WHKio2R759A3Q775q9 HLYF0aBULE5oNAzp7XWLD+Hjiuc8EI2u FSdWwYiDgZP//Ep9YbuFXvMz3O0FH2l6 LWHZE5yLBKZsMLWo6wedj39GuO8497Q6 mWvMo+iops0sae8JirKDM/6qqUR5iz5B K1Gd/nIGczFxILuPadtyGO7sD430uYeI 2YRiiyRpMh/EK+Ic7nnGT97yGQTTzLod Z/iUu397BKNo14srXI+ujg==
m.ns 518400 IN RRSIG AAAA 8 3 518400 20260319180000 20260306170000 41323 @ jjGmilAGfcZYGAvvq4bZ8GQbguiESTsK YHpzR+5HUJZC0buukWTdop8XEfP6JxPr ORjyKRDlcPz4ojBlEHOOYCkXDXpDrpOR jGz//siKxuiisK0GF0xXafzGfCJwO8CV MWwIfqqpmgoVoRgR7we2aXR9NS0N1/xU JfI04LmmQR1+B+i+uNNxWvxxcJsLx3if TNt32dvqZgzG8VPnNkNYf1Vjh+5vWwYB ma0PCbBXtiTs8qPhJxslkLXdBizjbBuR tP4YR2enAsb0EzS/c8CB/iohPgCHH8lh YoAQ2gBuQl1lBrvCJt2BTVnCpC7QI//L Zc5GuiokGn51vVz+1oeUkg==
m.ns 86400 IN RRSIG NSEC 8 3 86400 20260319180000 20260306170000 41323 @ w29rqTqI6Ro8J+zn1hRZiajy8Hn2vGyc S6qDDWzBzj+GvgWKINny77UaLZP+OxrK +SDZT4Q8LJZYjO0K5COxxJlxEiD2yZ1K DR2OljjbLLk9RxK+icDGzbSpeiSFqL2g sIsR69PGVkBjUXdBLBWvIyMrO94gaKi4 IMzNHHDICve81Wzw0mIy5QmJsAE88jBt tD2MalbX2ODArJH6wRVoc0XRbGmKTQ0m Zx0ta4vEr1w9jzb0p+ufpAJcgvxehrLe a2AMmmUJqz2r2WDc95D1p/GtwC3yybh0 68cd771uX9t+XxYs+PgM/euslQtBHLov /HtUEYV3UzMBYRWP84QFPQ==
m.ns 86400 IN NSEC service A AAAA RRSIG NSEC
service 172800 IN NS blackhole-1.iana.org.
service 172800 IN NS blackhole-2.iana.org.
service 86400 IN RRSIG NSEC 8 2 86400 20260319180000 20260306170000 41323 @ MlEey2U2IlitsABhyqmYIij3ofQTDypn lfD/0eGmN0mTc5T19jbkfTWjYnkyRt0Y q6o4G9bE6XgmoxSl3Bv5XQiBUXCQA/il 8ZvTT3TlpeIxfi71TBFbxiBtG0td8z2e Vv5u/fd5fcXTDBEdrlHp0QNvhA2D0yUd rRW9Z8zFRSyGlqNmy/RBy1DcnQRUOhSW Cm6wwahC7tmnyp0D1u5DNBDKyonv51bL D5Tf10QDviofq1UfuBxVNR53wj2Rb+c/ hsJVGT7ZbO0zj9DNUcldnKsEXqC8QfC+ guYCAV2hQRPvZatjQQSqmtYk+6NGHLb7 RLs4QIb3vpoeDsID1aGp4A==
service 86400 IN NSEC uri NS RRSIG NSEC
uri 172800 IN NS a.iana-servers.net.
uri 172800 IN NS b.iana-servers.net.
uri 172800 IN NS c.iana-servers.net.
uri 172800 IN NS ns3.lacnic.net.
uri 172800 IN NS ns4.apnic.net.
uri 86400 IN DS 15796 8 2 7f8fa18fdd9a826eb08a4d4e9ce94dbba7a5b7b2b3ce1d74afd150242e9f572f
uri 86400 IN DS 28547 8 2 deaefd0c163175350152da7b127dc7c4f9ec8bdf04ccc02829455df86c5ca035
uri 86400 IN DS 57851 8 2 8feda13f642ed9be2e4aaa3d50099dd422ca6081b6bf8188f804343b58d39cb7
uri 86400 IN RRSIG DS 8 2 86400 20260319180000 20260306170000 41323 @ O+L0I5tesWCx8p2m9joV79Rv833w5Xze JwkqeEs3gdnoiq39bgZ+qPmu6lA6hx8d rYNhPMCnoJ1JmHaCX+r1hBfa2BogTRtX +PWPIaxysFPyY4+yJKQeOO95Hs2sHd53 BqATGSRqFBHi5XYDuR/IU2g3XEAdpwrA zftVN2tPNt/LmZvNsRUw/3yKBTalb9LV V718HMMKi0oMZyUq3ByFXSv3z3xNQir3 UYglesNWReqYf3jML4CZ49x/Vm6SPH9C rcvygvw0maOisZZQrGRHbDXM9vnA0ETD 5HItnu0LE6LM7IrQlgjz0PE13uAQKmlQ exMbmXfhTS3ZWQmLuQbKVg==
uri 86400 IN RRSIG NSEC 8 2 86400 20260319180000 20260306170000 41323 @ Kc9MnyaSGOMKynfD5BeR8fSxzOM7KM+t 6AADiOp9QWmSxuQi3tOpSCKeOwXti/HR 1eAB24aX9/pGhEmBQ/955h30WvllX+0C +HaZOOJlCzy6gUHteqlj/nd+FxHYS1P9 o71snAfMdFg+8DCmq1hVovHT06pMelQ6 5iS+JX26bz0sTDrrsTmbAndDEX2sN6FE RhW0hKhloGV4de2FMuYikhE3bDofuZWV S3PDcg4wH9lCwIJwciu0b4PC/N5lCcaZ tyJz+/5/fmBy06pAb3SxpC+Qk7Xawv15 knCzRo+gZaU7NWdsoTGIAqqEBJiPglC0 P3iYlCeY18xrZVGBzAeUGw==
uri 86400 IN NSEC urn NS DS RRSIG NSEC
urn 172800 IN NS a.iana-servers.net.
urn 172800 IN NS b.iana-servers.net.
urn 172800 IN NS c.iana-servers.net.
urn 172800 IN NS ns3.lacnic.net.
urn 172800 IN NS ns4.apnic.net.
urn 86400 IN DS 28996 8 2 8e66d01a1e5864bcdb8e1f85579aec7c8c536c9d6fc7032ee708e869fd27f3d3
urn 86400 IN DS 34555 8 2 bd743967def1caf0812fe9eff2371d3adf29e27251db272145a5d523c92f7101
urn 86400 IN DS 45052 8 2 7685b675f93ada412cfe534820c8dcc55654b1711f677ba83a8564c12943f695
urn 86400 IN RRSIG DS 8 2 86400 20260319180000 20260306170000 41323 @ jStXdHdlpoTfu27FygmPQWD9g31aTTXk NJpDbaEiQbJn754nGnLPZcnko5cqzqkQ Ce+BIMdm0UShjQqK7o5lwEaQc/gYOSPa B6BIYBb520HbrAT1vhssBe928PlKcl5y d4m+2UGbSvc3pjcA6jawctmOAx2wKSkf ILfVPwOw4oPm7OxW3bnDCm9kmkUVRkIg JccNga1uBaL/LzY1IMOIowfS5b5qTVcJ ZqLePt8GYDgqbLjWvoJabs353soe4IIp FbC6nYXj3PFZvfIhNnz4jlwfgah818AR 9F+cqhXiVM1PGcMtNQKkMtz2JFLDbhPo AZmQVzGoLTqJudCE2DnqiQ==
urn 86400 IN RRSIG NSEC 8 2 86400 20260319180000 20260306170000 41323 @ zCNwlwmdwhLuVpi5FOMz57//OrbmznKw 9XXHcinWPx/itQQlFVKSgIqE0ncyG4Wt RwVlvwqB/1oJs4rMxe2mAO0w39JoOTEV PmyQja7pge2qDlW0KNV1wQ50WqABoPDL BJ89m8fc6D6PGDnD6MfqUmSVgpJRhrhc OMBDo5Vxhi93noFM7t3kC2WTXFP/xNQr jPBHe38yZ6TN3VSnNHT7V3ZTM4Vpg9ul o1/B7EXbIYQgJbnsAWkboEt10zRK6L2F /bJidjEKAIwJOKKAKZ82agUmsYU2vAbF leJiEIkZjZ37tICvKNuJ9tRHAiMtJa46 vewJ8F7iM0druR+LfXaWHA==
urn 86400 IN NSEC @ NS DS RRSIG NSEC
