@ 86400 IN SOA a.root-servers.net. nstld.verisign-grs.com. 2026022602 1800 900 604800 86400
@ 518400 IN NS a.ns
@ 518400 IN NS b.ns
@ 518400 IN NS c.ns
@ 518400 IN NS d.ns
@ 518400 IN NS e.ns
@ 518400 IN NS f.ns
@ 518400 IN NS g.ns
@ 518400 IN NS h.ns
@ 518400 IN NS i.ns
@ 518400 IN NS k.ns
@ 518400 IN NS l.ns
@ 518400 IN NS m.ns
@ 518400 IN RRSIG NS 8 1 518400 20260311180000 20260226170000 41323 @ m3YmNMP5TrPxqb9jxPgWrO1iX5aYqTb7 6CP39OedoGmDP1iVjEW/HByu34Y+R4n5 QH68yGKjG/ES5RA1dtpQOU9AoBY/MZvT gZs4etOfbBMBggXmitUsuHLSsmRDeXob f4iE7yGJVDeDu/+dpEVAeQWfoyhE1vF8 aeQzuG4IajTtp77D8ut+5LOlipCpMWZ7 d3s1R4FHFcbCmY62JdJMnscLUMuSRIwb pnLDZ+3kTXks8wTBDNauUmjxQO9u7cXW DeTcwIwuUE8IoFQO05/MxmQMlIkXqnHh 4dnaZ8Keyt+tdiiY//yejUNYVYq0LA3W uLzq5tHan3ueKa+bcRpKjQ==
@ 86400 IN RRSIG SOA 8 1 86400 20260311180000 20260226170000 41323 @ SRR6xQ8u3zLCi/bYEGjkMs5eo4DyEqQo glggJ381uhwiaaU3U+k5wdAGngw7n1rT QVTMaQobIvuRpgIac2vM9WAPhdro07li 2W4a49963yI8f77EJDZ2BjEf75LDCoGE YZCLymNB8G2eb410KI3pR8OPPjQoXJ2o ILvCIdO8QdMZC1z48ffFf4zQM2gXjskL SsMbh7aCCW2VTxkzZEMuG7RIZCXceCg/ 49xgZGvLeZhpcEiAq22bqx21zbRYacG5 00jqeLRTmnIrV15XaOGYab6RDKlHK+0O f5soBJvJfcM6QlRiH58syGSnxbzBg9h1 AAcfc5p4BYmD1h13QevjJg==
@ 86400 IN RRSIG NSEC 8 1 86400 20260311180000 20260226170000 41323 @ Mkvijf5nBfj+ZB0WXzLmbxoden4XyZQK xEz4aE6bMHvLK35uzDZ9HbOI2tG1lJIZ O/MxTpIe6RVWSu7/XbxeQSljuNkoUBlF FesUDMaGQCK7rHf7PsIgpfGsGJA4q1l1 eIJAzwgZ/GFlEhnERU6elPo+l1sI9Rz3 V/lBEpMe8Ed4pxV/YGI6Uk7lHzoFpZgK 3F7yG0/PfZYwvo5XM61GdlfydkHNYoCj 9mRHfclQAOGKBJwyxsKy2fL4hFkVFq6X +cNj/jQZvkOZe0JZyRA6P2NElgBJ7diX JzwvK5LuDgMArC94w3LAqbT1Wr1d2ahn KJVWbA+vY3C0h1egNmqeRQ==
@ 172800 IN RRSIG DNSKEY 8 1 172800 20260313000000 20260220000000 42581 @ jAS6YwhZVeyQ3jH6sO3BhO4oGemhkKHM jGRZ4AlceMxfgha4tf1PPvPGjAwvN0Jy N/SMuKAOhKyrLh41mErDIhkJdbTqVl/9 p3Wx257bPXzMtthrP28jdcn+yVRyuZ8f 5nr38GUvAVmTlPxUsiVm0bqyb+4wN2Gb o0Xo5Hw4CEBLJlKsTFzgdhdz9M9aOEk3 H5NtIUjdgwHQBh3550ZvO4o3/ojCrDg2 Ftkg958zlcyD1bN8fu/acwfjNtMYeSap DIjV4tP2+Y953rnZvTt7Pz0BStT2krDz 1Hkkb4w/oRSK1Z7LWuERwIAGPsLU63vl qMSrCKGXchIlD5vZLaE3wg==
@ 86400 IN NSEC as112 NS SOA RRSIG NSEC DNSKEY
@ 172800 IN DNSKEY 256 3 8 AwEAAdhp2D7KL43KrfuBRyF0m4rUzo3G fnlCypjAO50OTdzEg4MDpjcssiUulWgy URVKOJV1vpFrb0kZ+72pdU9ahofVk8Km yrI9L7v4QsgylHEKNxhPjwM2z7B5NIet shWMYzJcRurx/vp+Xx3caC1jGWqEvPqq EQFS3rXIdh85A8hOaKHY5z91tIMaHUrl Uvyh6qD8mLrIQPMS5l+lpWEmCCTEMbsP cEZQfA5JMrqW16kGH3LVJSWZgK6VrECn FD/5HrccBhMkgNxyxxzhvPyBGkpss9On pBgrgGpJMp+uDUXenJ4CUJxReg6sW48n NBdeIUA7MlkjiOw8TH4V/mniHm0=
@ 172800 IN DNSKEY 257 3 8 AwEAAaTeX8QjGPfu932a6OfQGYeeIdyX dLGLbvQD4LdNmEqJLL98kdOWB3bE97Wd h3FzI87OOqAVCITqWxqAM+phyZ6DsBzH pLDdqvFXkvv99n042rU1DROyIuHdZe/0 qjR56PboiSEM6I7cPJWGJxlnR+JZVWXW J3lK38teTaVrNm2Te/WPU2ntHY160etw Vlxms4xbXa7WBbWXEq1q/9y18A56N/yz 2dKkVLh9fmMU/frslsnn5BDYlkg4Xo0V +cw2Qw46mYV4g03ueCiDJAenUfV4iU9u d2h0Dq6Rhz7GMuTojDu3hdUz4DskR66y CetWRyofLCwVtZShGYqqLbiDTJc=
as112 172800 IN NS a.iana-servers.net.
as112 172800 IN NS b.iana-servers.net.
as112 172800 IN NS c.iana-servers.net.
as112 86400 IN DS 51316 13 2 64ae9e7342f114eaf8cb0313d41b9a02c5e6484ceada7cb15c6b65e8427337d1
as112 86400 IN RRSIG DS 8 2 86400 20260311180000 20260226170000 41323 @ Q+bGX8eOJswQSEdAWRTK99Wrh826zLn6 vN5nwy28UMcAExTa4tfMJPX5jYTHsxjX mtg6UkZwyg+Fo4s5RSJQRhQV84HgqScP 9flSDkBitV+OJP4MOoRgIoxNp6KU+dCT 4kj86ktnpBxypb5wb5Sdzg7lEllbb0sy FSZ6EvVVBWykH7NjRplOrxLauQWvDn/1 tYttIng1P58DbqYRoT4fJuuR/2IRE64g +ovDa8HyMjHZFHIDrHw9Ey8fV7u47Ead qIF+0PuGyeNzpzFX7Wd/BOM65AKr0Og3 Zq0fcEV403hJuNnB6QJJwySAaCKP9w1v 8Vf43TR63p8YVvq5/ax/vQ==
as112 86400 IN RRSIG NSEC 8 2 86400 20260311180000 20260226170000 41323 @ TT8Q0hFOUHhfcvQjZpbMYPWZAcXEI0nm IWlTqsvFKK47SNmVWa7ZbipALzcFRcd/ CfwQtTnLA7TIOgK6uiE7+8TsZZS4/7ty jRHgi9aI//k1f/ZUwoPWkhBtyIxwdgkI Qfsq3VqOfmw2glIcP3hvZjKtxpQ24QrF 1QX5Qv9YjpKcDztBFYnRc6aFWY50LMbq PE3yqVGanRj8fVOISBx17B1dEGsUbcZN bZJfD2NhghxtflC58BwJnALh6RO7EDGg Dh5UoseZ4wAZrvwIqBRwwxQTnH/Yr1dB ZL1FqaDG9XTXnkt+Kxad4swPm8zgMxnr hZa/o6Nc/qO/TfAoCalbqw==
as112 86400 IN NSEC e164 NS DS RRSIG NSEC
e164 172800 IN NS ns3.lacnic.net.
e164 172800 IN NS ns3.afrinic.net.
e164 172800 IN NS ns4.apnic.net.
e164 172800 IN NS pri.authdns.ripe.net.
e164 172800 IN NS rirns.arin.net.
e164 86400 IN DS 38525 13 2 20e0fa2851402b42b046407524932ff7b6a0691368b0e1c6caa0774816f37fb7
e164 86400 IN RRSIG DS 8 2 86400 20260311180000 20260226170000 41323 @ zv8WmH76ikaq7dFVW2fRpRN5iu1gdB4f YGQJQXar2zuY106BitziDUSZqg4oGUva ryoG98eCSk+ePNAxk+Rq34wCbZZsDcca 7tH3L7rrmn3spz4Gmr0M6YbxKm+NPQs6 FQw6GUZPASi6VAFtyFiUYgPxIF0h/s1b E0ESWV+VlD2eNbeKMAX8e0e57NJ/mYf2 0MaYKsaK2/h8+qj+ILFUoQ1tUWm6lYtC 2QippFmWp4uglY566nIYVUuA0I8rbEdZ wrrpSAyFjpcPDUJ/yJDgn5FECx54hhdo wswgT1qljRt46YSMuTdKC+/J57fLMm8s FnutElhNtcE3wbkZiklD8w==
e164 86400 IN RRSIG NSEC 8 2 86400 20260311180000 20260226170000 41323 @ G6NKZT4PQnLZxuOlMAwjaRSkPT64xwuf R+46BcEcIEt2sYRhjTmo6O/2ZZllM4n/ YIyqApX7XDG9rb0wqT+F7zvq43i4DYEd P1AWGGgXpVQIwo7B4rhXk019F5jBUZth 0hWFRbwpPaV/HdZ3VHvixaaPRkoRJwpw xOwOgebkja8U9oL2AabfvpKM6eSoUbks S2ojFHYL3bx0gLqmkwCXbTTeBbUaGltA XiXBEfYDumle3JnHPDW57jFTG5/LmI2f u1xG2wXk2p99+OGgBGWC1jjAN5f3RB4R 6jq8wpONa+BxQ8IEN4RmoyKD4R2u7o2D /rGBNRCVH2990Ni6HVL87g==
e164 86400 IN NSEC home NS DS RRSIG NSEC
home 172800 IN NS blackhole-1.iana.org.
home 172800 IN NS blackhole-2.iana.org.
home 86400 IN RRSIG NSEC 8 2 86400 20260311180000 20260226170000 41323 @ SmuFlijo+HcY/dNuW+/wghDHYAzuGjdj h6WFPNuR7nOmYYIPOeDLN6XZMvfi2AmB /PHLMYqjy8i1hPrU4pk1kUDZvoeIAStz UL5/HtBEmVBFD9gF9ojWDPGQGrSrGaKN E66CbMk6NuokvHH//g5fVduIluPTLxwF lGj4coOLxD6BsHqCDsrdzs/ij/WgNp7h 99pkip/yzo8y92Oqq9hS/0dDJsDm5hyS M5JDzoQ4pwGjkZId0Xew40W52/sKy0TZ a2UhBHv7c6balvsvfD7dQ70GzNxw4DPu WYkKVXqTg15to1/nf8kyoHl21a4lbBri QxVcQPWrRSB2nhg+nDf7Gw==
home 86400 IN NSEC in-addr NS RRSIG NSEC
in-addr 172800 IN NS a.in-addr-servers
in-addr 172800 IN NS b.in-addr-servers
in-addr 172800 IN NS c.in-addr-servers
in-addr 172800 IN NS d.in-addr-servers
in-addr 172800 IN NS e.in-addr-servers
in-addr 172800 IN NS f.in-addr-servers
in-addr 86400 IN DS 47054 8 2 5cafccec201d1933b4c9f6a9c8f51e51f3b39979058ac21b8df1b1f281cbc6f2
in-addr 86400 IN DS 53696 8 2 13e5501c56b20394da921b51412d48b7089c5eb6957a7c58553c4d4d424f04df
in-addr 86400 IN DS 54956 8 2 e0e2bf5cfbd66572ca05ec18267d91509ba6a9405af05c3fd4141dfa45200c08
in-addr 86400 IN DS 63982 8 2 aaf4fb5d213ef25ae44679032ebe3514c487d7abd99d7f5fec3383d030733c73
in-addr 86400 IN RRSIG DS 8 2 86400 20260311180000 20260226170000 41323 @ mQXG+qA5+YEWgOtd++JAqf74CQHb6ykF FWO/f2yHp6t2DkYJJnPYcOhy/Lb7Ppeg BYyxemBpidiTZY0bV8hGFT9M2HVus9VI rJY4D3nHcY7/GQH3iFytDqEWxP+WXBv3 3xg/D35s6BVYWBG+4sPIblaQFznRtNly CaAHwOpxiRcpGpoqKpSPn9Fkl4eMn8R9 SqFm0EojmJrscEJUvWaaZV25rsSBhTt0 ULh1v4V/vVzaWybMArhmSbis4NRaOGEQ 0EgABWwKH3NcTC4EAKPSxENH3rXbZUm/ ugOGERsWZRFbiQ3nYtklnGAR0E1xiPoH 3Of9kO4PugO+e48UgvFiqg==
in-addr 86400 IN RRSIG NSEC 8 2 86400 20260311180000 20260226170000 41323 @ GD97UrKxsGDZae706dZPjEjwbif4GdKK dOK6L0Z+ZadUpKe7VkNydobtP3y0dpWX /8z2eZab3UvrsQZwXi2UBFwXZK3pAjSQ gx6stb/qkbVksBQaGyaI8uWn6tLo17h4 ctlz8UHd3pu+iU9GiWDt2ypKFJ35ywWu LbQ0Rf2tjuluIqT3neabMxAwJmWy9so6 oe2xI47EwundWgN1Gi0WPU6JrOEDJH55 w5DAU8irpjeJ6DMYQ2OJyUT9jtZ9Qaxd Fw4pQBOerfi1qLVphLCg9NI5Tw6hz8nW d1YkliZA3MnTlyNrYljQE6Erok5+MRQb 0UFEp0QxM/8iZApjztaspw==
in-addr 86400 IN NSEC in-addr-servers NS DS RRSIG NSEC
in-addr-servers 172800 IN NS a.in-addr-servers
in-addr-servers 172800 IN NS b.in-addr-servers
in-addr-servers 172800 IN NS c.in-addr-servers
in-addr-servers 172800 IN NS d.in-addr-servers
in-addr-servers 172800 IN NS e.in-addr-servers
in-addr-servers 172800 IN NS f.in-addr-servers
in-addr-servers 86400 IN DS 1987 8 2 dacfdeb02a489a514c6408d0d54e0904fe6e09a6e111abc9eacb27f6552805e1
in-addr-servers 86400 IN DS 45104 8 2 50136f7a8d3ffe4f9887ad234ff8ce945cabd331feb12569b2f61f99ce40fdbf
in-addr-servers 86400 IN DS 62996 8 2 836537710efc1e5570e3aeff7c0c80d3957a16ddf8005034bc9082898968dc81
in-addr-servers 86400 IN RRSIG DS 8 2 86400 20260311180000 20260226170000 41323 @ Bp0p8tHBt1s2uyE0vCAg2NtH92vc0UYD c4TdHgj5r7PzgtiCsUs31Pm7m+FnLvq7 sdX85DGPj7mSwQB+1QTfMnmWwdqfD4B7 /wpMSao+ba2UAw+2ruDCt5MmPGpk7G9v xvEJERuDn/unJz2RRcVDMjap27n9Euwa fEhL3Wj8RUgnu7jQHd+OVMfubzz8v0La PDBw8HZUHglUcfANIWMGm0x6vGwy1YiU aqYpHOKa0bqOSLtCwQDYK4HLXhXQR1pc 6QRHp3rLiF8fGQhp/vbdGtwdF8KxzAeE MV58if9zy67emMlaQGCtqXWqNvfNCbYn WLTaznR8nxN7Ol6rXQ3CRw==
in-addr-servers 86400 IN RRSIG NSEC 8 2 86400 20260311180000 20260226170000 41323 @ VvSaqOshPqxqRih3saiqdzZ8Vl9A0/r/ stfV6ohTGrFa+90ayI2HTrFRPt8cJ9VW Ap93vHw3tT0M8j8BlEHr0I3VF7f5FB8I J07AUeu/6UteCg9h6Aa9r5iPku9KsMjs qdYKl2aghJjuQRHbZaDuSNTTi58JmMGp VjeefNE2pCGAcvQDkvQVngWhGwkuPOW1 Nknl6+3ijdult5ZZGeT750aywdY8XWxc VPzi94yQ6sUgxfWt8dSfaj8n4UjbXUSY FlcjqSu9cYmqumZh/VhH8dXC6qDOr5n4 Kx+JgbhtCnPzWWIInozB4DsNmFoMx/fn XTwPUyihjuWPh6t3xeJE8w==
in-addr-servers 86400 IN NSEC ip6 NS DS RRSIG NSEC
a.in-addr-servers 172800 IN A 199.180.182.53
a.in-addr-servers 172800 IN AAAA 2620:37:e000::53
b.in-addr-servers 172800 IN A 199.253.183.183
b.in-addr-servers 172800 IN AAAA 2001:500:87::87
c.in-addr-servers 172800 IN A 196.216.169.10
c.in-addr-servers 172800 IN AAAA 2001:43f8:110::10
d.in-addr-servers 172800 IN A 200.10.60.53
d.in-addr-servers 172800 IN AAAA 2001:13c7:7010::53
e.in-addr-servers 172800 IN A 203.119.86.101
e.in-addr-servers 172800 IN AAAA 2001:dd8:6::101
f.in-addr-servers 172800 IN A 193.0.9.1
f.in-addr-servers 172800 IN AAAA 2a13:27c0:30::1
ip6 172800 IN NS a.ip6-servers
ip6 172800 IN NS b.ip6-servers
ip6 172800 IN NS c.ip6-servers
ip6 172800 IN NS d.ip6-servers
ip6 172800 IN NS e.ip6-servers
ip6 172800 IN NS f.ip6-servers
ip6 86400 IN DS 13880 8 2 068554efcb5861f42af93ef8e79c442a86c16fc5652e6b6d2419ed527f344d17
ip6 86400 IN DS 45094 8 2 e6b54e0a20ce1edbfcb6879c02f5782059cecb043a31d804a04afa51af01d5fb
ip6 86400 IN DS 64060 8 2 8a11501086330132be2c23f22dedf0634ad5ff668b4aa1988e172c6a2a4e5f7b
ip6 86400 IN RRSIG DS 8 2 86400 20260311180000 20260226170000 41323 @ JafPgJyzKoZFeu+9Ge7XLIvC8LlBRyQ0 tI4eAU8xAGIT/twyJ3sWfMEoVI+ifvgt wScLS1IptKjrIVjXTjNKQZrzajgVsZFn iSw+dRiFs0iB7QTz4ax8OfT/EYv/Vj/2 WAcSrTmTq0ljALpGqHpeebKuA7Frp5Vd Pa68DRFB4DUGemNsgMr/aAaBFtKNZIMb Exk9jkQhBet3fbD851qL8Dup7judTYyo Z01jI/AsQ31K64EwH7cEAg23ZFFBXrUH KOgpbzWGb87KjvoTorBuKTLZK+pzqKv1 Bc+S284Gl7kybraX/Uv76EVJPuavJamR BA6f9N/lS6aJdGGA2mnncA==
ip6 86400 IN RRSIG NSEC 8 2 86400 20260311180000 20260226170000 41323 @ c9rOeNxn6wlB4WhLTmjvE8uRZN1aSdXW oMthkc/H+t/Dk7jWtd0bCq9BYkwFs/J5 FXT8Bu6moDfHG+eVySksYbX76PaIzBbC QzoXSGEgVdcHacAO3pDzqDorez64Ollf vq2tszIKttTx4VWoO+BJnwUTX4bpo31U 94NchLT1xhXwz+skyWeaUae1luYuY5Kp tXn75p2tofBEuScQ9hXUYvuNjqzmJ4oX 0qiAw28WurxKEXYlppqpheZQq44RFh+E y5BGC0UFNNgKzBIgumXit4HR6nCC0fXK 8LX3V4w6TyBDnQ+u8Hl6cTczPGTw0pwM 11xeMJ8X90q5K0xlY0dJiA==
ip6 86400 IN NSEC ip6-servers NS DS RRSIG NSEC
ip6-servers 172800 IN NS a.ip6-servers
ip6-servers 172800 IN NS b.ip6-servers
ip6-servers 172800 IN NS c.ip6-servers
ip6-servers 172800 IN NS d.ip6-servers
ip6-servers 172800 IN NS e.ip6-servers
ip6-servers 172800 IN NS f.ip6-servers
ip6-servers 86400 IN DS 16169 8 2 27fb5354c3c011c2851ee25ba32929b645d63262779ac101a6f28cd631991269
ip6-servers 86400 IN DS 19720 8 2 f154d00f5759c274de9cad621910cc0b87d720d35b7de4b0b566e135196c38e2
ip6-servers 86400 IN DS 54832 8 2 ff0d5f44a086a7a31b99c81cfd1135524b5896878e6de78f12b3f609bf7279dc
ip6-servers 86400 IN RRSIG DS 8 2 86400 20260311180000 20260226170000 41323 @ Asnq2mes5hxEjvptgrQYPJn8HMGZHBgt RJggWaY+9EWusERlcIg61yZu7RQeT6Hw VHSs0SHk9t4zmh+/Qarm20LV6uvhL2KJ dgvBCQcLR+vqQzjsJYS3qDHKJ8Uiqwdf Pj6iSN6uGjGjde3sSeABsThTqKHQe/aD 7XbicSMIaQSpAi4kctIDVYjpFK3CYTz9 VqmFMqwqiW34VQkFL7wDjQy2Shq0FSpg 0apviL+TpeJBrPZ3nEVJoUe+i+M9/iJu jrcF+55lZHBVq1tynO0QrNzDlP3+KiJ4 n8MXcd0jlkY3jRhqflsigpS+4bP+lHeN X0KyrkoCqApyNs2Qf6v5ZQ==
ip6-servers 86400 IN RRSIG NSEC 8 2 86400 20260311180000 20260226170000 41323 @ P7VBgy+pPuWZ+L+LpX81U/W0aNqy/ZiZ r9IqnwoU0CMLdlFHDxSYWPRoRrvhZEk0 6AN/+gOsE5PRM/DzTpZ42aTPJawoTySd O/vI0Yv1QH9DP7+9dvB0BrMXLHKS1iin 2f2wqfWYS+8Yxs+TdCUZsL8F8Dpg8B7e 2+2qRVUU3RVgoiYyzwonX2rSI5EyoPMe iOHvdrTmaSF+BHW169g1gDO2VtDnNie7 EEO3YARR6Ivm4Uzr7CE3GJC18eDzR/V+ 9wAQT1pMPG6J35djexbG081NeJe09fxe PbGrvHVVJJNibHxgSPu0FB4J3kN1nsD/ Ov5Yi3WeW5u0F89vH6UQDA==
ip6-servers 86400 IN NSEC ipv4only NS DS RRSIG NSEC
a.ip6-servers 172800 IN A 199.180.182.53
a.ip6-servers 172800 IN AAAA 2620:37:e000::53
b.ip6-servers 172800 IN A 199.253.182.182
b.ip6-servers 172800 IN AAAA 2001:500:86::86
c.ip6-servers 172800 IN A 196.216.169.11
c.ip6-servers 172800 IN AAAA 2001:43f8:110::11
d.ip6-servers 172800 IN A 200.7.86.53
d.ip6-servers 172800 IN AAAA 2001:13c7:7012::53
e.ip6-servers 172800 IN A 203.119.86.101
e.ip6-servers 172800 IN AAAA 2001:dd8:6::101
f.ip6-servers 172800 IN A 193.0.9.2
f.ip6-servers 172800 IN AAAA 2a13:27c0:30::2
ipv4only 172800 IN NS a.iana-servers.net.
ipv4only 172800 IN NS b.iana-servers.net.
ipv4only 172800 IN NS c.iana-servers.net.
ipv4only 172800 IN NS ns.icann.org.
ipv4only 86400 IN RRSIG NSEC 8 2 86400 20260311180000 20260226170000 41323 @ LHBVUPfXSqS+6UVwB367iJUsyhPe0xWm 3v5dXspt6p1m1yhJo9I17UJ5q6+n8JPB dC99B7inQx7zw/H+XA39SK5baVnZgATY VTS+gic0PZwUjION7nwVmneOsUkGDET+ K9ghRqLxX+ZmRupoXrRM7k1oCgtyatyH 35D2C8iJcGpbWmsuPh8HqCEjEElkWJA+ zNf78YOf0pAWHp2sG/iCN0GaPcAzXCIO fYCIihPygN/1gaGcavoqnBU0oI+eHwqi QdaIL86gzDLEguhBQ2y7RUda2YEGHwlx +MC3qLunX0GIBwDpHdcwMXS5VlAUKxa+ ZyNxfTuIH+ZmC1fwRNkfEg==
ipv4only 86400 IN NSEC iris NS RRSIG NSEC
iris 172800 IN NS a.iana-servers.net.
iris 172800 IN NS b.iana-servers.net.
iris 172800 IN NS c.iana-servers.net.
iris 172800 IN NS ns3.lacnic.net.
iris 172800 IN NS ns4.apnic.net.
iris 86400 IN DS 38534 8 2 163416c9dcaf8d1babfec16552ed109029607907ab80b195e1dab40f1792a59c
iris 86400 IN DS 39464 8 2 1e09a2d6374800d54cfd0e52293906ccf7db7e923dcab7015e4bb697d76d9846
iris 86400 IN DS 44285 8 2 05cbf77375a8bf5702cf8e261ff947be8c8ab7a0b9485a0241edcfe2f155c7f3
iris 86400 IN RRSIG DS 8 2 86400 20260311180000 20260226170000 41323 @ T5LTNlDBdj3QKB/B/OIQMJ5LKqTJa7hH +8vDaOxgKRJDjCaayOJOYQoSrikbMPj4 v1R41MhlrH5RjBDcMZFSn4/torAWhWkN SFaIA/9wEIhSfzYlQSQ/Uux+zIYHUZBJ W7q+Syn691Kg6/Gpzy7eh6GxI60RoqrM x2s96cJBfqE7ZIBwDh+k8HNlrx0/H/38 3vZtphSHgA39JJv/DprscdIKptgOPKHE Z7TGOb0IMlOSCUXimylqQYIcPqEnyQ2C 6QmXK7mq2srF9a09oSZMa769VhzIviLX CDkmn7E5INH9e4CMLNCv21q3x3OvlysU sCCYR0Yt85xxW0YPPHfE8Q==
iris 86400 IN RRSIG NSEC 8 2 86400 20260311180000 20260226170000 41323 @ QPOJRyvVIonnLFZkun3/vrSnI08cYZUo XeF/ensVHzMnrK9oa9BAZRln6aZxXCXV VBQEIIzmj+r+5p/7M9jDX6q7zkMG7VY+ SRqF1yZX+c/v4h2NMZbvZBVOW4WS9nwk EUBFmgLkpwleJJcNPu3b4kPHVrBYQPiE BM7uIeyYnmOnmg4CGaM7hCbB/rmsZY4N XRSHNIWjh4s2Npr+soLa53idCY37Jr8S ztC1siFSrdCEQykGM9NGTD9NVKB6Bh49 DGlA0pbfNYa+TWVO0BS3InxCN7tjbcHi jXpNEHd+BiQ0kN/74c4bvXeZDrXTALhx I5XR9128COV/wKUpkiHkjg==
iris 86400 IN NSEC a.ns NS DS RRSIG NSEC
a.ns 518400 IN A 198.41.0.4
a.ns 518400 IN AAAA 2001:503:ba3e::2:30
a.ns 518400 IN RRSIG A 8 3 518400 20260311180000 20260226170000 41323 @ rYxZ+WiWR/CoWV434IaePBVBQBjClxGq ZampFHlgcZIozw0u83ACtpz2bIgVc/la 9EuroK3WGn40dIFw+/jNcyVta7778PZt AsGFYfi9zRo0/wwZhmjSP5l9/BtIdcRO c1Cb8KbH4dKIiHJGAmWkcT6u5qEO3cBS JoxScZfI44xnS2DDconTMK9RU4aYTVL3 ZoNNyg2kx21eaER7aU0tdtOU+f0PA9/f Jx8nL1GqEO8YLOVwtz/029wDOcM5ozIi 8zhaP4HfrHHtAZVmybYuDl7ABeUwKgMH yZDqUYAYfoNkNuHJilvHJf3/vDGdLIhU P++qs5ioMMKh/0IvUUf4/Q==
a.ns 518400 IN RRSIG AAAA 8 3 518400 20260311180000 20260226170000 41323 @ shVazm0oOs76PzbuXHilc7/z//lbqIrA R6aJJi30UVx8yp80j0NP92YApUePYK9k mUwKjmYj7bDCmayvFpYhF2C4c9XLe8TM C9Qw3R1/XlDVoJr39ma8baem8//2ChD2 eqpXZCLLAIGIeVen2A5i1esOVT3bvi6a 4y4N9cIHchOSNnlg2XOKSFjJt/9C6BUA 8hagEHv9cyxWSxt6vBT4snEtHFbs5LrD 7kk1bGvl7kr1Y8lyfO16uDvQvBNf3uiF Jw+6iags/bJsn4IdcwcmsrsojUwaLxJ7 gsCijDyRvmzhLItHIb3Anyi8LqwPmSda 95cTBezpmU8tlIWwZifjIg==
a.ns 86400 IN RRSIG NSEC 8 3 86400 20260311180000 20260226170000 41323 @ mqVMfvB9F+A/JnSqzjJY1vvmjV5OvBa5 3MJDsZbzNulnStkg2UlT6Fxud6KIDWpv G6jOPKaZs3r9zJ3swWzPxG+omFRrsHBt PmNcg8cgu+WTM7VM4m8J6gMaqTLdpDQA uNudKY7zpKF325GxBNpIwxYGpE7Oz7QI qQhSeHZdGKN948U9BYGWcCu/U2WwNfVC qVsRaMJQJLsqr6W8WrzVA6anAaCJ8ohe 3bshB12G/AIDq7ieddHl7V5PeG5TZFKg 5gPfbWWv71hLxkmKkU0r6Mk0JhrvYtn4 I3UQftbuKy87xOxRDROFTmZEZTJJB7xg deC5+y76Aprpd8vkG8dSLQ==
a.ns 86400 IN NSEC b.ns A AAAA RRSIG NSEC
b.ns 518400 IN A 170.247.170.2
b.ns 518400 IN AAAA 2801:1b8:10::b
b.ns 518400 IN RRSIG A 8 3 518400 20260311180000 20260226170000 41323 @ WAxc77BaKb+Vld8B9rgyKVHaCylPk4Bm Z8kdYRfvHBhl4uJtWptq4gxLpDonzmLO y7ttttdThU3Dfo1RTVR9mYpWgzNDx0z9 gmhBkbVMA/dBHh7IJb8z4oYD4WNAN3Le 5RBRHX1oW6jUZcbhDQvBZGd/G5XzOpUY pIHOo+xctgdMJu26kjaOU/R2XRWinqQB DNK8B/3cufxF0nPjpcav7Avzm+73rnI2 Of9EDuSSnF9u66UY1vhwhOkjhIr+0B3O O54AjzlA2vShlACsEN0b9ewAEAZPG1aB eVJj15fTo90J1KKTfxFceygynPiOUjHg W+70UFBLwdr+f6t+d6UVxA==
b.ns 518400 IN RRSIG AAAA 8 3 518400 20260311180000 20260226170000 41323 @ gnIM6kNcfuoYUnfpaeYGXKd73izGF+S1 +dCM8VLr1pWP2jEbC4FuzCpBDTmUh4e8 737cFU+PKC5C8MRnWCbe18oSqNoHGVTn t1EhE16VVIWq6HkrcU/AqsuEfTnit7Vy NKKQDKc8U+X6hBwQ0URRN7NlVyii7g00 bPyHR6F5N2rY9WEsKf19lxjhpTyCQqrw rZDlAiTsgRzutWu+PJDX8IZ26sPcItjB PM4Yq2rcv1uT3/yPOq5hmBt8uApC2IMb X/0YBO+HAe3HhStVe29ZCLfdxn0bujPw CQpNMGpINJpt2XtaDqFXlMAtTCQdFSiY Me8+k2yPeqFrjCKjmicJvg==
b.ns 86400 IN RRSIG NSEC 8 3 86400 20260311180000 20260226170000 41323 @ kam8QdlaTnd6H8w2UHK6gvFNLwHBzIln SFeGRDmWR/G4QFvoVSrMhc+TeVP4d4QL GULBNEkCXhfX0eeg2W2C4vKtmV2fMlE+ pFvGte4H5W1heNN6XMrnNQ53Kz74yZD+ +xRQV4Cd5l8jXDslfc+9IfQQxx3uQwhu b7hMZhZChx7dnz1LUtA7NdypQhdzMy0Q 0ZZhshKGfW+qNb/JB5NI+vipo/lolyBL vNh88lGCBxYadDukYN0jySvKX/qCPUKC kShXiage4eVeRNQFXRJ5i2JSbg6Mvr29 pZ7RNeH/19vXOSIx59sQldp+RLgQ+4Zc T3pwRxyjk1z80deJYfZTVg==
b.ns 86400 IN NSEC c.ns A AAAA RRSIG NSEC
c.ns 518400 IN A 192.33.4.12
c.ns 518400 IN AAAA 2001:500:2::c
c.ns 518400 IN RRSIG A 8 3 518400 20260311180000 20260226170000 41323 @ tmBmaWWwewr0takozED4aDnUMfk+yuOp WHaNMbGNTbVBculLE8DsSEv5P6Y6zk6o NV1XEzsiCXruZBwbgwEp89ja0Hvko2Yw yVMjJce+hZzjityV8nNMALslRPKYCnIz wWnZahs69KvhuwW9gEsUT5BHmgJDP8YJ L/P3tNP9tzQ5CHYF20w2dJq0f8je39H0 Lku1tDrY+fEnYO6Fni4Ned5f2YkfB9wS cFQ8ZTQV7NgAsg4UJziZtw4XPikLgqL6 OX4/KWDlrIbVnpukn6o4BiVoXhB9DBTl NuY8d+HVgqQzlq5BncBvPymroh4ukefh X5hVIjeeLIklhVMo4oozMg==
c.ns 518400 IN RRSIG AAAA 8 3 518400 20260311180000 20260226170000 41323 @ L97K4EYaW7ju2WQk843V1ES0U9nMbihT S+HrM4qHbUbW9JoFYwZfTdorOFgw4Omc qPtaiBWPYfd/PjYzk3lhWqYOpDdkKBsR XfRQ/BGIPIA0fFMSpcK/LZSXsx49T3I6 8R1qQQEmNBYuKxUfawMylPNQVBAhAIZK 2l0QdDXVra6Uj1RwQq/ctPI8REgoZY/A 9rt1NITRP+6DheJCFLdPeokzxDBQA+Wb E1Cnlilj6Q8xSexhhwQBqaaQk1yiIUu0 bx7O3OB5GGqMOP7d7a3zzBktu8y96WSv GPUJ2jtaqUS01Nj/v1aflaLVtZeF++b9 N/iXkQtFf8K0lweoIlfxaQ==
c.ns 86400 IN RRSIG NSEC 8 3 86400 20260311180000 20260226170000 41323 @ BMaShH2vQnUz7/fApRVwE7W/p7iAbAPr 7iqJyUpwiSpxsUj5EIVWM0222qxRj/pI DIGNaV48FYsPd5r/L9ksCFtf00RTEXIz KV0RQ9+c/oKt3jT0vCQQDiyJIOHluegX L6O9LGboi2xg0zobY9BZkWqlIbAQV4Br F/ZcATfBO9/rTLtkgKW0FualMLlZMuxB NK9upYKk5VecA3wJ+ImO0ay1I7UYRHEg 1CvRr23WnhUFE7m6LMSSZmm6lmxPapVE j4T0pxniWteWE3i6DPq3sJJ1/44y+ls5 oi5ilsZmVmzoIJnze9tGHZ81S+ZSJM5F 2nP+9FhbZWECV8lA21jpAw==
c.ns 86400 IN NSEC d.ns A AAAA RRSIG NSEC
d.ns 518400 IN A 199.7.91.13
d.ns 518400 IN AAAA 2001:500:2d::d
d.ns 518400 IN RRSIG A 8 3 518400 20260311180000 20260226170000 41323 @ UquQNYTD+qCJk8gAHd65Bcp0LaoLCLO2 CwQCY9SPo2YAGQe2uOsdoEuf/FXFLnos M1LhyKkoWK18uWD3cRqwcX1qaCOEE1AN yPGOYqAXg/umyuo6pq4zw7HojUpYiO2K NxeDl8ZKsXvrC8f+zlonrAi5kufRsWni QV5Q/x/cotQEfNy/qpo42d7+kBvkWuR6 Jl3pm0gBYIn3lLmfX0YdLOB0BY1MNh0Z uZBoRiSWDkaM7xAEgTntIjsO4XJTV4sd 1B1SKUBhgwyDwmBPWVJJZ1PB223UlhoU MhNU7Rmdx/sLiycWeIRw0caWbviPRmnc I5TRCOwbdedIQXUpTL+vyw==
d.ns 518400 IN RRSIG AAAA 8 3 518400 20260311180000 20260226170000 41323 @ vP8/X1+U4rfCGay1/fyyS28DU66buER0 KHGDaNLYGPgIRq+ErZ0SwZ5iHDjU/IKA pCjuZpKN57wbvdhk4W7NOrtV5CjF/Iif c9L57sI3MMY4K1tBzlDpNdgtRMoKzp59 /vSjp9fFsywWWGlsy4dogDppHwCFDXP1 LSC4Yh4QC/PEcNKyhfl9qriDW5DfaizQ NyxiGuE8KksuMDXb4PXa/OQ8UW3Mn3FG Sf3DF4sfl2qQa5fdFJ1MauwMibwyRSo+ e47hh5w3NJcoGJ0IIhi8lpH0Jf5niQcH vg0ASsUzyUxR385QpIhQy2aLWDxGD+aE 5JpGoH5u0sUmm9emHXMGsQ==
d.ns 86400 IN RRSIG NSEC 8 3 86400 20260311180000 20260226170000 41323 @ txk3dQCN7/x4tKdxyk51lG6qo+GRy2Mt +kZAsVJiYvY23C4dPvKmoFIbKVFpNPwy bsdv7Yat5yX/THAg07OMSCI4lJqeGp0O k185Kl7y/u5urUzDlMISn6dFKIyVWlce JRLDjSLdcE8fhdnMKOo5It99R3h9M8sy QCVPYfc8P6WbLlgCz1CxHINzrfixzi86 aIMhLsiQGZxUYvj3E8OIGE9udc3DsbOs iaKVoXZZtZJdoOBecrFsool2WRkz6Pzs WQplI/D/lE7zEtH9Fxlm/sihiUViWGg+ X0dFnBt0XMQ9GXbP00Sj4G6a5CexNKjb NOBDIBUhTrtkCXR7v7Bp1g==
d.ns 86400 IN NSEC e.ns A AAAA RRSIG NSEC
e.ns 518400 IN A 192.203.230.10
e.ns 518400 IN AAAA 2001:500:a8::e
e.ns 518400 IN RRSIG A 8 3 518400 20260311180000 20260226170000 41323 @ FpsPgAM8/qSHOSimZfs0bgedrqG1Ejsg iWmBt+9M5j67vKCego5EtSHEgk0z+dWx JQoLgm6cwNtMYMICEz51K6j0QwSMSVex YYDEs9N/bogEX5gScvNmx4w58ll412Tw Ut/ilhzupYObiirKuI3vh2yvKmrqKJhT 6Tb96xqUSecqKEju62hyPnsCwf/U+6KY DH67zDEbf+2GYn3EwFG+rHZ+432WxYP1 fKKZKCZYT6oX0wnIEb487wd5LUN/XN4a YJKPJDoCI4gPYmmH914UTm0CEEfTKGFc dQBiEBm65Y/H3sfsqjRUATIxrBV6HZ/y EVMj82PUrttbUG0hbbkuMA==
e.ns 518400 IN RRSIG AAAA 8 3 518400 20260311180000 20260226170000 41323 @ TLZO4nmtKUJqaitcBGJB+IFnybCeW6mP q7jAxlxZ8yJiK1Bj3TxX2gygydJbI9C2 kNA1za0h4hoccMsKZorfA17z9imEA3MI K5eHaAZMj5THpv9uQv8+ICG6WduneUrh RjLgl6V+ZVfXR6qdNdnN3DB9O0z6LxRz c4MHAq/RZ3x7ecNFjmXv+81pwt71WapB +0Li9PbciwrzBqnsRrotyK6n6Tvdi87J B3x0MbIqhe9USMWelcczBXmgYUMkVWG4 XuLkpd/ia4TP/vJPM53vROGz9zZzQ3Yq rwfXPdXoRbflEI9f1KhUJaLzOmTZXpZV cLGH0k99p5crinBKF7gS1w==
e.ns 86400 IN RRSIG NSEC 8 3 86400 20260311180000 20260226170000 41323 @ N5THGed4aIq9rAfWA8Z6GKeOx+uGQ3xl INhsBGDkFz05HGyUpafIf6C2rjMJrv3K XuEvjd7NYQ3WjuAvKevdV/nDadaQgJbA PeGvr3KrLZ+wS/r7J4IUGCfQ2c0WeugH tTv0+afkMBWikRnkpsS3KRAje9MIFmrU EEjxOCxzxzELirMq+wmJVU4tG2gzHU/J bJXm2Kv3zcPZwzt7+CF4Z3L+MQf9YXwM +3dBwrjdGm3kVC4tPRWDTvVxIAdf6Xhm cmTWTtRjjpr/DeHk3HG4cjT+FEqP7l/1 JgPe7up0IJheZt8NfqarIJYpvLbcEbPO IRAadX7IfUpl+8A8OQJ2uA==
e.ns 86400 IN NSEC f.ns A AAAA RRSIG NSEC
f.ns 518400 IN A 192.5.5.241
f.ns 518400 IN AAAA 2001:500:2f::f
f.ns 518400 IN RRSIG A 8 3 518400 20260311180000 20260226170000 41323 @ GGmTN6TYL6F8i2vCj+s1bh8x9z6VZOQI HguJctXiBi9JC+p0bl33ITYwjV6yikqg RCCzCw2GYWjtGOhyrIW69t1MUxGPg62H vTUQKre9NYt9e7Z50U+FQBXuc4/LQmJ2 UiRa4g3iLvKA6Ff4us21FT611qNgs5xE 7UsqjBpDKv11B7DF/cfHkhcO8cMhiexJ +fSXQaWODL8Rr4/04hgPnax42UIr+2AA +yV+6OihUeKxSr8yKySyAQbDfPrb2CiU r77YuXFAt8naIQRBKpwc8ySTcisvKR29 oGbBVQJDZLn8ToVwTaWWx+2m7j8+YNnq 3FW3d8WdZ/jcRVvI3Mq6Tg==
f.ns 518400 IN RRSIG AAAA 8 3 518400 20260311180000 20260226170000 41323 @ S3zqL9qxmyA4WCr/RNh6tzZOfDzKs5Fa TI4+7VM+HsIFwi0pvRCLPRNpcMWHXuZU DluJnmCuwC8tAlF7QICvtiBjnVsZ+MsI nJA+keOhvqciWwEPv8TDETjVz3NkbXD6 oKqrUBdX7FKfl6dXT8qImhuXbl2cSJh2 UNR5XP64ZtCtwtaXNG0V7/rbvOjIt/44 mIM5qLdZ79H2FCq+DYhXkxkQhti0+ZqT 1tNtwc4R7Ype8P5UtKVZ3TOloNBXlUHo +B3IJxIYcNmRs93iPVDNcG59gNOSgdY+ gC/5T725u3yMVf9x0v1ucNeQ1PnVFArl 4HE0nJwak97ho65pYel/Bw==
f.ns 86400 IN RRSIG NSEC 8 3 86400 20260311180000 20260226170000 41323 @ v/evio7ffbZmgNWPlgczIUe9WKclrU+2 XrYrDeJEIKO5M5QEMXJu169Oju0tUf4i pGBCHkF9Kws96EHvDzktppLVt497IhoG T3f2dM7bNeIzZbRtx4WLUfxPxfI6X3Cu c2ced27gXRGwIbxFysg9ylV9MudTT8JV cdL4AmoMoFtyPutOsH45BsQh7Ic/WexP rW60jEnvYknMuedRmcA+Slnxe8nQvdt+ mk17r4DJDcukBJOwmJlT/5koCIusSI+a Pp3iLfYUkTtNH/mtlTFmRzBWgl7onERe mRfvDZFYT2qZKDa2hsAwRwRc2VR24Mra nqEJ4dZYDz5N87OYjCehfA==
f.ns 86400 IN NSEC g.ns A AAAA RRSIG NSEC
g.ns 518400 IN A 192.112.36.4
g.ns 518400 IN AAAA 2001:500:12::d0d
g.ns 518400 IN RRSIG A 8 3 518400 20260311180000 20260226170000 41323 @ IOeRjz9u6RJqfYT8fq4MVeGDK1yi3ESC UnrFB/3rA2b221XcZRjrtD4eBE3uDxXM 4k36R+8LLf9dN5k7fovaGoitzeNlbciJ nKqBDHhxEsZHMk0giii8YUuir6dRVgjj mMefpGtPwROFCM1ZNBU0cR9As+VeRUTm Ssg4hBtL4kkvAW106nRoiLCrxsVsWRrI hI+CktisOYkW6EELtJeClMpzRcWV2o8m rclp1TZHrUIPeDaa6+Hkwq6CqYDocTI+ HVSdv+mfgrtgG1WAXjPEV0AKob48EkXF 1ThP2Cdyf8xWt+TlGCp0SiTIX7DVGEal Bcns8PxnH/9hPevav+9Taw==
g.ns 518400 IN RRSIG AAAA 8 3 518400 20260311180000 20260226170000 41323 @ JB0lz8sOhzU7JvOFom8lEjzYJfU0Qfwb BhInmVzrNugXlLqIKSg34QLnul4O6XJe hJmgpz+ptryc5TNjUwKkDT166hpah9Um KSgeTy0tQ9ND7jVEnBBOwSy69BJTY318 MP8JW0SuyxmoRdlRg77oGLH0elNOUOPg ouMTJDxA4RQPFFSadstgMo/YHtkkvDQx rVG+QkdM+wqHkMMfJZbIUW0DiHwJWHbY 4x96h4oeqLsDHx5tsVaEiT1F/h9oaSBa 7xmMiFFMTlwYYyUZtp1CyJhdNky0uwQc azI//9qvZqegFhxpLrqQTWfpL1WFQTOT z95gljVzaTYlIFFE5DVqFQ==
g.ns 86400 IN RRSIG NSEC 8 3 86400 20260311180000 20260226170000 41323 @ dF/waLzW+d9VzkFumOcuCyHzW+NSf3aq SAuxDrgGTryUCm6qR9OmwOJzZVY3dJXF ld94FZnMohQgj78TYJcgQkXvq+V4pRkS YJBlT9/3BRXYwtXZFnK37rU+mggQazAY pmpSLUfxQrf3kq2G2KZeATZxHATkrl/m tC1hUNHZoBTkwNIrOhL6m5Cbx4A+fARD GPcvjJmA5fUvvlytojPyJB2ef1K5grG0 +R6cJUJ6++DJznky8L8kNYVMKZNcVTnf wX20WuaWc5Qbk1oHj83WxqBeawe1BxwC L+s11JnZlDc05Lu/UIQQ+oCRig9QPzzO kixMdnZXvWerL4GWr9YS6Q==
g.ns 86400 IN NSEC h.ns A AAAA RRSIG NSEC
h.ns 518400 IN A 198.97.190.53
h.ns 518400 IN AAAA 2001:500:1::53
h.ns 518400 IN RRSIG A 8 3 518400 20260311180000 20260226170000 41323 @ kLQUi7JVFc5DL7BpxN4Z58k7xCooMpbF m/4S8nP35u85aTxMvMMaIskXoTP41HBm OXXoS5VTJq5dx1Zpvj8jp9+pJRwUmN52 zFMrFjgc30k/OmVXVU0SDM+uHlwfAill TcvZqlEz5bIkjwNpEAFd4TzlGaK4pKtV NSRts9ToeDAN5gxdOJrkmfnHxlFJbKd0 xj92fVSjkRKgjJNOL2pz0bU++9nZIPwJ 1fx9XXDr+l/yukP3i9FCW+lRp8USa4YP FixXF+6cjqYyxKvqjw6M2j8XBnPpIGTb afZXV16HNP3gNB/Ze2lyoHHy76K8N1m6 IEb7DIERkqJrCqJqk3RjGg==
h.ns 518400 IN RRSIG AAAA 8 3 518400 20260311180000 20260226170000 41323 @ UkJS/n00OidJonqZWcbv1zjNLELyM7Gk V/d663e0wZgS5RpC3Y3zoYaQxHeArhuz p3H8VMymb15KCSgnHVsx15OQqLLQdYZe XymN4nCv2vmKL7NYcUOq/lxVfxosFO6A UOM61N6x0XWgx3wbJwgsJEmLR5uoAcmF YPA2pW990Y1V1BXUEtF+9ZFDvQ1k0ZIS /Xhy/rwHls8VCLo8H5dV0mQRjkqNEnna xGOxDxcJF9F1PPYZ4huP5NwM4o1KKemi CaosLFYYTwsfe4CE37ED3irHdywErp1o UA39cemOx45iZrN0/f1RS2+m2igDeyli 3jksWyzUL8KC8eu5GfcVWw==
h.ns 86400 IN RRSIG NSEC 8 3 86400 20260311180000 20260226170000 41323 @ F2ulRqaIXx3urBpwKRyDvRW4RBze6V+3 Fav8QxMqlMQMRAla15H8ZrbYvw+mAmMK XFb4sWjWvpJKM2yqlccAmHPOcu+5IeZs hrziShl8TVZ/uBbHBtjZG08bQX//bTad fUMiScTv7fTCpv1byaY7wYfJ/OgwHfud 4tCJR9KmCUZqGb6CWtndkHa/h69ocsDT a5c95bs1DedMBZhQDvjDywJzInc4oyu9 0TDZDLfZEfHuFJyzw4/ZezhYSYZSKGv7 UhtwdpClXM+aiaDEBI7X9qdXuA1wAbev 4yyark1tUrECtowESLVNEqEKbgvfwVNn gh/AyCXnt6MUzaCACxMdIA==
h.ns 86400 IN NSEC i.ns A AAAA RRSIG NSEC
i.ns 518400 IN A 192.36.148.17
i.ns 518400 IN AAAA 2001:7fe::53
i.ns 518400 IN RRSIG A 8 3 518400 20260311180000 20260226170000 41323 @ JrReYTD7yK329/nu1Uh6bExLQcW56KHd Fo2E5E2ihj4Qtr2J0Ujz4DnBO+NcGOAU VeCPLksWLuoSt5VarM/BeRwwQ529L9HT m026mSkIRSFar+ZbmM7W2sLVPeyNgEDa IR7wtzR/ubkO77tGGaXt2nzeHjbNmoxX RoVsOJJ1aggqaqTEq7AXH52urR73REvX BGixP11WWM0GfdcTfJLLBpxWgwBg8/05 Kx69/6kCfHYrxf9m6gJaBQXFh3epcD45 711gy9fwDW/9DUUgdGi92kOK+6rEPkCd EJCHAy4uMrwGOUFojWoSaxE7Fnj5tO1y gxV5chWt94LImmMwKbfzuA==
i.ns 518400 IN RRSIG AAAA 8 3 518400 20260311180000 20260226170000 41323 @ Wwc3ONKBrz6s0TEtQrGqAWcoKX30xEAt r3rR54UFUDWgp/PEvzkbFmsXbaKPrr1H JpEOosd27E6ITX4+CtkuH7qdFGBZLORi HTdvzA2QXzTx14babD5QyihCB+NXFq3i vGEWC6AiwDNx2mwi6y96l7gYUUcYDCV0 i5WWB7YT7wv/kKb2tmuc25uAoVxtS/1u 2y2aqhFsk1bxa6RtHX6ZIHQ9tr3mNRrZ sG+GPhigoonaNtj52NPmz764D7MtBUBb ZjfSZMhSWyFrnigc8pKZbz4IAuR/7DUJ 1n6fh3aeHxL7OpmY5BymmA2Dqu995/0a b5AQ4FAGxqzc1lFRp5uWlw==
i.ns 86400 IN RRSIG NSEC 8 3 86400 20260311180000 20260226170000 41323 @ U8t3TUMzNZ+coktgeJRAdxTK/HfxGEcS paGQiWcCS/dqqsNsewHZlN4XcrV7hIw0 6LZTxUjYyNIzLNnWSCijPu0ZjGO6SSbz Mne2xBQ8BTQ/4b4koke4hYVMJX1SJ7Ij DPR7Ya0m8Xk7CFl9um7oF+h99MPbeKRj zo7lOb907xdvn3OHmHlU0BHdjH8eVoOP WcfITt70CHPTHUIqqm4ZPe/oFu0A5ILT GpZ/q1fSILxQvX/ZyXcxEZA1ltzgZRew aTjJf6SHUhbvIeOzch1INjxW7h6UN6sX 8hDopISOCWPsW70OOFJsY0mOfRTYeDoo jclagCg32IqNyZJwbwy5Kw==
i.ns 86400 IN NSEC k.ns A AAAA RRSIG NSEC
k.ns 518400 IN A 193.0.14.129
k.ns 518400 IN AAAA 2001:7fd::1
k.ns 518400 IN RRSIG A 8 3 518400 20260311180000 20260226170000 41323 @ MXPm9ww+jhycEUMrXDk4uLrc1KZ6QMs0 +fR4tM9Zcwp0KFC3u8dSrpI9e7bURJd8 WUfq9AV9Y9PlcmaroYhUVWIN1uaF9idA cnR3N+M3F63if/WKWx/ryI0mPbl5YsSc Benuu3u3wAM3jOps8x59fxOzyyL1TJSe ipCQ2UwfyjhwsDmn+oKyH7JbrXDyXJKY jdMPbfc+SASiL52GKrI13+sudm5p2qr6 B3VDAROq7NP3fGor/CsiOVVOjF0LZD8H qREvfdqVI8Y2K3Kqku+XwQPbSr5Ml0wI egSpXUFg4XjNRZg+t0W9OP1dMIKX0MqA ZxstDLM08efC1IF7fCczFw==
k.ns 518400 IN RRSIG AAAA 8 3 518400 20260311180000 20260226170000 41323 @ hdGv39YomtS1eeuNBbiAVCUsGyZSG8BT PvdpjHw795zvcN/a2qwcHp2SnLlHpF61 VqAY7lwclzQQRu25hL0R7H+eobbB+8+2 Ma1DgoRnANRszBLgEAPCIAL1e6nVM59C VPcMEH7hGhInce6X+v5HpgnIbed14YtC YjWgTOP+KrEm7Pm9U4f0qTuqFsqzBBdt aa7ibj1pGhNStuMLqR/WaLWyVdcg6W8e vroOX5ct7koB4XH3XQeMoBrDqwmEvpGz NQkSweSjm7W8UZDYIlzWaQH/LDmFtZ3W SJ66c5r5B3hUoz0pcrCcLh9gAhUY64q1 9NmsX5sLU5scC0yM2Ywm/g==
k.ns 86400 IN RRSIG NSEC 8 3 86400 20260311180000 20260226170000 41323 @ JOA49CtPzQZuZzehCEN5N1kQ4hLhol6d tWQ3oMQcXxCHJG312mOgGBghkdDGOHo+ UPtZflJRsM0j2oa1iLmTMMOv2GdQNqGG W+kxJKg/CSXjm15LwVvINaB6FdVotmzj cfSLHQEzNMn/Oxuv9G+xvzx+dlilUsAM 0KiV/f+y786Ifvhno7K9bduIt8xNotT+ qqMR/hR5RkriEf4A7ylfzt1UIwfPlFZm UP5XpbSuJ7x1PdAikfQefR3M7uWQTi56 s8ZZon3E98WuOrzm/miMG5SUDZZYOKqW pYqmulpXnCgtNkoxXjuD7GGOTclOiZea zv/WKrSsOp4Wqo5eS1sj3Q==
k.ns 86400 IN NSEC l.ns A AAAA RRSIG NSEC
l.ns 518400 IN A 199.7.83.42
l.ns 518400 IN AAAA 2001:500:9f::42
l.ns 518400 IN RRSIG A 8 3 518400 20260311180000 20260226170000 41323 @ vBNpnpQrNxOMgQYSyq32kz4T+pfBWxvY rnF2xguYqoS/IEUJ1cQYSKIBCvzwbPQP 9vd7VseGn9xv/RBcV5959W6pqrcooMoM dKbEOf6vzxFqzVTMBqASkFH4W7j+ggFL C5t0EIdBtjKFP5fS9TzPUqbE3/n8DcO9 pBQkWMQszwye+2/KJ22Gp3Ke61PZLpJR xs0N5QgKl6OoTgNFHhijCwMBr1gOQowM azq6KAwU95d1htgFjeFfStsB6swpEgav EcePA1SpPcrUZBsCm9l3wxXzlAf0LaUw K1mdrmpTzqv5VPa4sUX1PDQ39h3rLWpp MqXz/C5gT13cR2vHdREmpA==
l.ns 518400 IN RRSIG AAAA 8 3 518400 20260311180000 20260226170000 41323 @ rJLFJuSagNrna8eOkJ52YBlEgezcQyt8 gt2Yq+QdkoORmgwi9ZcmsIYoEBGcBI3u 0+MmLNGEgExHO3ux/8xK2Ml0tbgESjVx ichL9xEu06+eAaqeRFRkmV7XGaKKt1Iy 70QGhopShg7EHauwSYT6CZojQSsVuyrI vo+M0BrMvnB7TlNPMCS00xTFs/37NUel lea14Dy9gQqnF7fxAx9hTbd/tlA3nfPA xgeYg/ZjSc/XMRB5LCk1XPANn3RrnYgo sCMuxaiMKah0hZbtWRZm60fW6lEaSYTC rzPehHUUK7heawPnzCbCteoWJ/Won6Q0 P6xalBvpiGphOS+hRvmRZw==
l.ns 86400 IN RRSIG NSEC 8 3 86400 20260311180000 20260226170000 41323 @ U5JNMQ1RpckJ0BFCrSIO25brsBoC4xI0 LupB5qp8a4zb3aJxCV1GhXvZk1o8ia3B u6MlhnPfOIBExAbdONxW6e0TfKkPLGeo X4uXQDr2U2/KgYeGvXIAIckXa1wwYwEm HuHUGKWDl0AReGgpSsBhROeyaq5/6iJU uLSdyr/pTNRs4NVnqfcg9omi0G6rUeZv LNAzODhTvNQo9L7iTGJ9gMWQm/f89Ibn wQ8zd0Hf/TM95XBRFhvPgz08KlOjmPmI 128J60PlRkxFSgTopaVg3xT6sCMy3slu ronVkj1cZcmCf1AF31hHp07DzrrTphEc 8Q1C4LynWcHrGT2NLR9OZQ==
l.ns 86400 IN NSEC m.ns A AAAA RRSIG NSEC
m.ns 518400 IN A 202.12.27.33
m.ns 518400 IN AAAA 2001:dc3::35
m.ns 518400 IN RRSIG A 8 3 518400 20260311180000 20260226170000 41323 @ rh/JHitPyq6zALOSWOKtfQRNXfXU5Dfv iCVplkCniZW32rSWhDSjqMQpavdRfkE4 ikmRogPQXE3HuRCAKVfN+n1tRyFFAcUe zau7lQFgZ3OEkwjhYB1hSvKKP+1L40ua XM6usNFskiND3UD9zy4yWiAqNbCxXdUz 55g4n5woVv8cIKgcpImsGDrjqgoSPz/p FvmimGTFEMAxGPmivWfub4h4+3JobaFd wb6K3d0wYU6PQLCpVO+JpAnpt7j57bZc IvDmqVmIADMOKuBkExd9Gs5cD14LAM22 zQSNrlf5cFuUEsUPZPUSs4bqDF/dm1Up C18u6Cb4iFMckwPD5dYoSw==
m.ns 518400 IN RRSIG AAAA 8 3 518400 20260311180000 20260226170000 41323 @ XgHeQx4ONsVJtuIiH7S0rKBAd6dsj664 hDCeHjy/3qP++s38IqhPUzhaabTzISJ3 zJSq3MLLZ2iKfxScvUenjvl5ZV5k7hWp XJmcwpf+HZOwYyUr9jrcdG2hH3g6DJEm RUFPaD0v3QDTp2yFj/hbAiI7GeEhx+Yj /jcs5iWLalAsqtk2I92mQ+sBXu4pM59v V8XitPKnZV0WWrJvT4Mw3uaNKiIO6u4g fLE4UAG15nMcExTYsX64YTJXdOYlrf2E SePZGWkFiItTCaq37w12vvymGBgysTet zzIviBW9n2UvqGQGKEValAV0lzzSJbiP aAGkP9RL8WV6hGX0CoCy9g==
m.ns 86400 IN RRSIG NSEC 8 3 86400 20260311180000 20260226170000 41323 @ LHDdTph56Haj70+i1lSQMoWiUktMJUth g4lCRapHfIBY18PV9ashnQfnzu01Ss1Q jP1JIT33emU/tHnYK/Xqcg0MQcaxzB3r 6BoTXqa0Qp5P2nRu8ffDNA2NRq/TdEkB Ef8B5Rl/eXisd94XuLi4zRkp1QrLu2IE fZBcfCnRbBBK4NWi3Tzql/NMPhrp2Pm4 I+0V2WseP5FaHwLSOlWFy9b8RnUl2F9w YPVrwQ31xSWOz6TntmisvZlH6iCVD1+x nLfNvG2knuz2rThGnB/8Rc8Y55yr6xte Evg73fh4eS5SPaaMe2A436uefSs2GKEL PMZSlBv6GwDD9maPgJgEjg==
m.ns 86400 IN NSEC service A AAAA RRSIG NSEC
service 172800 IN NS blackhole-1.iana.org.
service 172800 IN NS blackhole-2.iana.org.
service 86400 IN RRSIG NSEC 8 2 86400 20260311180000 20260226170000 41323 @ cMzq2l8hZCx4YjIZhkxbHYUSUFBDMvKk LoIC44FF3sfQg39tyKnNg/IQ1wvV0Thy qu3+nAnXno3hIXnX0VL0tj15BSiXipIs z5O8uHj1CkRVWzq0D9FHMK5fDbJaox7O rLsTXEjbSRPjgGNBOfPy50SYoXcXxwNl iuMIk1wFKGa5th4F1dCt/xVkSs5C2pRN eREyv8T+JqANleDtNEVbwsfj3cJpVXcf 256eskaZomYegds0ysg0FOsIPkqud8dX D9/HuBdbVyj0lLKDDpIioM6QCiai5H1a Dy+6xj0ePzwmNIaUx1ObzdejVDkxvtU6 fkty16MOTEetksFAbDGtRg==
service 86400 IN NSEC uri NS RRSIG NSEC
uri 172800 IN NS a.iana-servers.net.
uri 172800 IN NS b.iana-servers.net.
uri 172800 IN NS c.iana-servers.net.
uri 172800 IN NS ns3.lacnic.net.
uri 172800 IN NS ns4.apnic.net.
uri 86400 IN DS 15796 8 2 7f8fa18fdd9a826eb08a4d4e9ce94dbba7a5b7b2b3ce1d74afd150242e9f572f
uri 86400 IN DS 28547 8 2 deaefd0c163175350152da7b127dc7c4f9ec8bdf04ccc02829455df86c5ca035
uri 86400 IN DS 57851 8 2 8feda13f642ed9be2e4aaa3d50099dd422ca6081b6bf8188f804343b58d39cb7
uri 86400 IN RRSIG DS 8 2 86400 20260311180000 20260226170000 41323 @ oNXf4AwtVKMx1I64reb6JdI6wTRrJzoA qw+pRNIFl9Te+puNtzcahVTEkj0LgO+s tRQAnshM/c5Xt5dW08V2nKKcSfxjzTUo lfQeY0PCK8s4myjQLm7h9mk6w712ZTwp 8ubRS9y0qROUQfJ+HZvuQu+c4cLVqHCd Gxi1nAMhArTbEmsFk+MkBWOMMQfq1kLG AKjqyEZPLcCrLjCNJ7wt7iv0ZbCGIIcf F82i/bkDUMYa6szLFtrANs1teHQgKB29 Wy1l8srb3jw3DD9+CJ3CWtSWAqs+defV ouhjO7GhcnXrsS4qYwSRBxIP4uGTuqz5 WzoiH4oen3jzofSTOo7J+w==
uri 86400 IN RRSIG NSEC 8 2 86400 20260311180000 20260226170000 41323 @ Ld7nX95Ms3U/yNs58uIPk8PnBAibL1uK x+k+p5InOD93KZZZKHk+/Xu/rKlI9CPg gYGLIH2YtumR9+5V0M1vNHsBXcf+sjvV m0uRWh1eXDZvvRjY2nH2enw9zEgqI9+K MyMMnESx3wP5h0G12Ja8vh2Mv2QGQ1M6 6JgnuqCOFhHj0WvfVYpnNwmlh1Z0heSz AG2Wi+uLxMKdUAlcMZadyKmQzLV+4+lM xAyueTHqm2DC4hTwCDYqB/PWFAHpBu4x Z0Y0lK1Xmgx8MaoHR/iTkTF0U5VFPsUQ ndkvdkw0d5CNQ2vEmQx39a0p9mZDStJS b6eckrKQVmn0gaEyssOVMQ==
uri 86400 IN NSEC urn NS DS RRSIG NSEC
urn 172800 IN NS a.iana-servers.net.
urn 172800 IN NS b.iana-servers.net.
urn 172800 IN NS c.iana-servers.net.
urn 172800 IN NS ns3.lacnic.net.
urn 172800 IN NS ns4.apnic.net.
urn 86400 IN DS 28996 8 2 8e66d01a1e5864bcdb8e1f85579aec7c8c536c9d6fc7032ee708e869fd27f3d3
urn 86400 IN DS 34555 8 2 bd743967def1caf0812fe9eff2371d3adf29e27251db272145a5d523c92f7101
urn 86400 IN DS 45052 8 2 7685b675f93ada412cfe534820c8dcc55654b1711f677ba83a8564c12943f695
urn 86400 IN RRSIG DS 8 2 86400 20260311180000 20260226170000 41323 @ BmqRs+UAtbm6I4gvJA46bZ/KKBBNtpTE VIPQG7XxaQkDpnbU7+f8/SC5m2L5/mez fUltUxgQ/O6DMolQDq88/+kWsEzdseT5 gibItgBMhHN2yzOlgvmUwuacAe+kruiE nNtz2MmD45+VsY1zhwfZnSCvusDKF5JC eKf8E10BGbMM+Hsx1AH1HOfQ4oYedQW8 Gui3PHT539aGjzE5Ptz1uZgBirvk8ZCK posdXy0OrzlRepGK+FDfCzal7Qy2XtNr vhNq1cLcKxBdxZ49OA6TOLy0aWwCBTGp dj/YFrw6mfW1PDouHyS3bb8ZxGnAd9or ro9bfG8tZpyoTEcgsv2f3w==
urn 86400 IN RRSIG NSEC 8 2 86400 20260311180000 20260226170000 41323 @ za51RE2wZTSLlAEluByuhQ4Q2YGqc0J9 GJI3EP10yFWms03o0VqkutBpqsh+uuGh x/TXbjfzBIL31G4s4U3DqD8PWdgRzPDK 8zx6kL5v45SzUH3ffYnwRXc07ZXvDpur Ng0YkfZkHLMod8R7yU40cCTmMU/7HRs0 hAOaYELvtr8CGXVWr0R7ED/1HWdJAJ80 QiYvDln7lyUWDOwNUjh5YrKa0F/LsPzz B6KeO9o9Xv4wzLYk86p8++7tbjDWjQ9J sXGz+7zEQlsNA9ozs4Nz+QWt6nQSySxz otQgExLKCb14PL+Ph/B3/+zgVGWz4BT4 H+XXXP2MRQJhfrmKE1eE1A==
urn 86400 IN NSEC @ NS DS RRSIG NSEC
