@ 86400 IN SOA a.root-servers.net. nstld.verisign-grs.com. 2026031501 1800 900 604800 86400
@ 86400 IN RRSIG SOA 8 1 86400 20260328180000 20260315170000 41323 @ wsV4iI1BMdRG6THh4qw71ebH/1R4yWkt 9qBKaMosVjvVd+65+RIaUm6ISWwxnruc QV5IPOAcp02Ivm63IKnUpArA7UkbZXzc ko+RZ12w/uCKT8AiyH/k45MGUeXRuQXW b3c2WJZ1nraCgyGzBxkpTXGFqlB2jr+g qR8QzUsMPU29savtQvTGRhaIxDARgWnq r7XQcf76TRxgFBt5CE+0HjvnnXZGsbQ2 ARELkzzloA5szYV9cj0yd9KBFudRYvrP lfEMBXEChQfTFpokhgoR5DMpnfLhIMD8 03OFZkoklTK9JDSuH9uAaZCe61KM2JBB oVqlD0kWw2vY9HNwviVFZA==
@ 518400 IN NS a.ns
@ 518400 IN NS b.ns
@ 518400 IN NS c.ns
@ 518400 IN NS d.ns
@ 518400 IN NS e.ns
@ 518400 IN NS f.ns
@ 518400 IN NS g.ns
@ 518400 IN NS h.ns
@ 518400 IN NS i.ns
@ 518400 IN NS k.ns
@ 518400 IN NS l.ns
@ 518400 IN NS m.ns
@ 518400 IN RRSIG NS 8 1 518400 20260328180000 20260315170000 41323 @ IjaZwezcxxCyNkggDnCq/phbzIV4EY1C 79NRZPM7myQUNcZYhCvRcYt1bbGHBA4a +3SBo9+SXdIPnpWLnJuwKtBD4UtfPAND N0wXpWCRBj2ZQbwjjex5ENw07W3GN21P a/oAqbsCW6QzGNeQ1jZT3qNnBgQz0C1l OAl13ufaXn4a3Q9lKOEW9Hl6X1bxlFeO 6g54+wfeoI49UInKAdXbsi6m0QrbKR5p AhAsso1pmGpHWRQZ7yViaNqrBS1N1/Mq ZhPiqUkb0OSfqKc/5BBp8EHwQP5+dEGy StyCJXoFnAMW6hG9WxO15JU1b93gKdT5 /C3DDDVwzYR2VDCD+zguDw==
@ 86400 IN NSEC as112 NS SOA RRSIG NSEC DNSKEY
@ 86400 IN RRSIG NSEC 8 1 86400 20260328180000 20260315170000 41323 @ G/aUHcZNKSlYOZVapUnTS0XhNWLAjzEW opwpqsQvK1FQgwFluiYM5XhiPixALlDg FexE7u1y6Wcd6VUs8unJNojo7Tcf05zj oU6GyzzfVQsKbXA94qwTWtZcLYYQE+13 Uh2CFsXltR8b4ANWQINDVGZjlfBzE3pu k3Y8IPOBPC6vIPqZAMr7p9aFQPPX+fQo Tf2fvtcei2q8eSFaUTkzWFyVBW1L4xZu WuPg4qFzb3gUcIqAC/LfMplcKVNsh/KI L7G943eg1TRGmEdSVyT44u4cFVVM8MGq aDMKrQi6LJpPLz7mk9cDm7ZjWqBtYp1q TslyXiuu/QYemLFiw/+uQw==
@ 172800 IN DNSKEY 256 3 8 AwEAAdhp2D7KL43KrfuBRyF0m4rUzo3G fnlCypjAO50OTdzEg4MDpjcssiUulWgy URVKOJV1vpFrb0kZ+72pdU9ahofVk8Km yrI9L7v4QsgylHEKNxhPjwM2z7B5NIet shWMYzJcRurx/vp+Xx3caC1jGWqEvPqq EQFS3rXIdh85A8hOaKHY5z91tIMaHUrl Uvyh6qD8mLrIQPMS5l+lpWEmCCTEMbsP cEZQfA5JMrqW16kGH3LVJSWZgK6VrECn FD/5HrccBhMkgNxyxxzhvPyBGkpss9On pBgrgGpJMp+uDUXenJ4CUJxReg6sW48n NBdeIUA7MlkjiOw8TH4V/mniHm0=
@ 172800 IN DNSKEY 257 3 8 AwEAAaTeX8QjGPfu932a6OfQGYeeIdyX dLGLbvQD4LdNmEqJLL98kdOWB3bE97Wd h3FzI87OOqAVCITqWxqAM+phyZ6DsBzH pLDdqvFXkvv99n042rU1DROyIuHdZe/0 qjR56PboiSEM6I7cPJWGJxlnR+JZVWXW J3lK38teTaVrNm2Te/WPU2ntHY160etw Vlxms4xbXa7WBbWXEq1q/9y18A56N/yz 2dKkVLh9fmMU/frslsnn5BDYlkg4Xo0V +cw2Qw46mYV4g03ueCiDJAenUfV4iU9u d2h0Dq6Rhz7GMuTojDu3hdUz4DskR66y CetWRyofLCwVtZShGYqqLbiDTJc=
@ 172800 IN RRSIG DNSKEY 8 1 172800 20260402000000 20260312000000 42581 @ V5WstoyzZ4SWB+LhluTOz5XvljDp0k+E 1KbYGlmMZI3xVT89f33J3XxjlUGTvRNS ubSf/I8BWbSd/KxSWGz5BSgw0vdav0Q0 aroORUj1QFat7cc9N5DF9f5FSk4YO7sq lNkNfm98vnaUw9oo3DePEZa9SQ7GZKYn xrkbDpNXbKvRUv3sE8mFA8+XeWzDU2xg rL+jPwIgZngEJPrLPFJmUXfpbM6g6RLE EyfMi5MZgHTxTuHIE4b+86ueCuewApFU qGyAPPvPyf3B8MjfkeumQf5S5YachptC HiD5sXSwGVQtjXHtCOOdKXeY2NiQY6qN z3I72HQHoRxdEtWFkuwNQA==
as112 172800 IN NS a.iana-servers.net.
as112 172800 IN NS b.iana-servers.net.
as112 172800 IN NS c.iana-servers.net.
as112 86400 IN DS 51316 13 2 64ae9e7342f114eaf8cb0313d41b9a02c5e6484ceada7cb15c6b65e8427337d1
as112 86400 IN RRSIG DS 8 2 86400 20260328180000 20260315170000 41323 @ quFJaXVBVLDoewMq0S3P/4O6Zchou3D9 IPZ6Kq9IknRnBfxoKaTnjW7H9BEVl5hi 9PrPPcQ2VzrrGSXkGqIgL2vMmme/rdyQ +RlrYZxd0UC+ClYwoN83UseOYgFKKy96 Z32CenKNOl6guv25XA8hlwiwCrIltO5d X67mFAiCo0NMTaNB+4VNKI4dDNPxcDTI 0rQwPjv0oL7k0v4tulr/FoSoDFBUU6JT 1opVuRkC+RslwCWbfnO7WSOJ2/nadps0 dOBm6yhoO1AyBKwMRUB5gjrOjxbQQe7g Ljg7kbch/EyUdp8ncP9kfgOfWBCxe7Zw k3roqoCMlxkRl4zVhzhV2w==
as112 86400 IN NSEC e164 NS DS RRSIG NSEC
as112 86400 IN RRSIG NSEC 8 2 86400 20260328180000 20260315170000 41323 @ ZoL3Qkfyi3NKmaQan5ODjFei+iP0kCT/ TDaO25jthrbwkdju49L+iqfr12BOl8Mf 8hvnKoRAzTP8wr9GZZYmDK+1Fj0pgUgo DO3hheGM4FOI0XZV9juKXJ7gOFIx/56N 6YornOAdFLo1Pluryo02x1QIBMo1BZoh q/etNmeQP8p3441wEVTHUUVpBhzYXQql ijA1LbC6ETOPqN9mcie8LR01I1o+138W ANBguojGdIUr8l7S9JHDrdz66QAv/Q+H k+s0rUrXNBTUZn7+3FUjrG/VuzFPFCGT 6rJ7ZoBpVT6wJjiLYtH6mgzqYGtW0LiS n58ACCPjKz9G1vKpYWpMAQ==
e164 172800 IN NS ns3.lacnic.net.
e164 172800 IN NS ns3.afrinic.net.
e164 172800 IN NS ns4.apnic.net.
e164 172800 IN NS pri.authdns.ripe.net.
e164 172800 IN NS rirns.arin.net.
e164 86400 IN DS 38525 13 2 20e0fa2851402b42b046407524932ff7b6a0691368b0e1c6caa0774816f37fb7
e164 86400 IN RRSIG DS 8 2 86400 20260328180000 20260315170000 41323 @ HogSPeZmaOXYRt/toa9cEVO1jZaAze7/ uQVejdg2y02gYGOzDw6abMZlJhhRbzio HU4PNhehUSnEZllemrFSk7tKjHY4j+Sb TTaVBiv2/dpuRzTEbSArmnNycKxPyk+z F7wafs0A54vqM5XoaxJn57Kpa2aGtJJV mLiicy/Tr0n3/Bp+FTTAhYWmOyhm7ahV Th1ENBCjvonAwsywPN0rviWuwyqY2J30 9Z9xIsJeVhDez65NuzeL43V/vEcjPVoR CsX9RSa5bqJwHp/D1cc6t4aD4diMDsbo xjYWF+0IrhH36aqkmlhUe/Ugh6k0bs17 6yj0wMgCHG5orjtW2mHUsg==
e164 86400 IN NSEC home NS DS RRSIG NSEC
e164 86400 IN RRSIG NSEC 8 2 86400 20260328180000 20260315170000 41323 @ F1xX+JMV5VyX0ZETb0PjLI0GHWP8Uwr3 9t+GSl5dgYANjtmXKd3+yWthFNy9DNUq QACOFqfYb+gl6ezJzcGxYLnkYablJTYC nPfWvYU4Vi2vRG34RhodBRbaJ3ZMTmwc Zx6JSaXKqxXLuJTh7nsx9EcEfHsnEuOd zvPiBjp8GoWMw4ie41HkHlcrBK8U+n/J 5HeBCwtMk7KBAek0FnAq3Z52zIr1ZGhH m2juUI4HuoS9BvDpxKNgiCUAzdHkJgwN BWQQpweEPGGU9VP1JMdQ740xm0uogB8k 3Ady/HnvQy7QLeR36jSWYh03rh5D3k76 w9Yumquf7/924ROOXUlXqA==
home 172800 IN NS blackhole-1.iana.org.
home 172800 IN NS blackhole-2.iana.org.
home 86400 IN NSEC in-addr NS RRSIG NSEC
home 86400 IN RRSIG NSEC 8 2 86400 20260328180000 20260315170000 41323 @ OlInbvjN/VsXsnceTpV8AkXM8Q8tPLb1 CemY21pwsp8DhPh0WCS4YVPi3gEB3a9b stfT+bMRUvMDUiP6W2leADlYkqgbHEPi NyDcembBWMXEY0xeECCmOK9HuxUOCesc AP7UoKh1ZR4J2TXS2NlguClQmvEetV+J Ox2lElvfrwlsOo5Y3HghXJdGrMWaM27y Cs0YDDn5cAQROYT/ZTW2Rp5iprtMA1ZR kTFn4dr+joeaGdF3xSNLH/iGyv/HO8e2 pJMQ9QxDFpqAIqajwSCbacwT3+8xbA6f 7js0YPReT0nmZCl8UTJ5iQz9DS2UDhpX hq+h+6MDHgVp6gWG1T4PPA==
in-addr 172800 IN NS a.in-addr-servers
in-addr 172800 IN NS b.in-addr-servers
in-addr 172800 IN NS c.in-addr-servers
in-addr 172800 IN NS d.in-addr-servers
in-addr 172800 IN NS e.in-addr-servers
in-addr 172800 IN NS f.in-addr-servers
in-addr 86400 IN DS 47054 8 2 5cafccec201d1933b4c9f6a9c8f51e51f3b39979058ac21b8df1b1f281cbc6f2
in-addr 86400 IN DS 53696 8 2 13e5501c56b20394da921b51412d48b7089c5eb6957a7c58553c4d4d424f04df
in-addr 86400 IN DS 54956 8 2 e0e2bf5cfbd66572ca05ec18267d91509ba6a9405af05c3fd4141dfa45200c08
in-addr 86400 IN DS 63982 8 2 aaf4fb5d213ef25ae44679032ebe3514c487d7abd99d7f5fec3383d030733c73
in-addr 86400 IN RRSIG DS 8 2 86400 20260328180000 20260315170000 41323 @ ZgOqq7rap9SjOQrKYYrYrIxzs9ofYpiS kMw03MwJ8hjK26H8UfHm+PZnmR99Ud2i 1or81vpIRkAXEICQcEAecR/j9rl8W6+7 BcB0iwhsZ/zAHTRnSxSp6/8vx42K+Q8E MNkkUzg7tCrc0DqvinZ9U3bCSrt4YLgK 2cUHrS3yASxQF+EBwtQEedAJOxocBtOB xSHNmsxTwK3ClddcxFmXq1y2EPNx3n56 9Gnc/l5Qvpzm/JIc0rKXMhuH2rYK/OZd eJSMBf9DgbV5FXvz6OQXA644whEadXBV RTlNbyg9M2OBeflWbjxWPMbKOUO+TTY8 jCQf5gXPcfrZT1mmAfztXw==
in-addr 86400 IN NSEC in-addr-servers NS DS RRSIG NSEC
in-addr 86400 IN RRSIG NSEC 8 2 86400 20260328180000 20260315170000 41323 @ XxHJFE4+5clDgNWhT8bGvotMSpiGfJiV qjFKEZ0voH1Xqw4VvyT/AsBt9Vpkvgjz TseZAIKpNCuTU8cHxH77+tzwI5u8Nfuz RwURrFUYMvPASq3tUlDMxnsE5pi1pZZx c5Aw+Ty0WJdg+UQdzFW7KRPuuy08PWLQ fyOzG1e5b9P39R3HGRr1qLHzb74eygqE oCh7OW0izf6EFcntbPkYDf3GL6JSW2tc M1E9y6WGVtf28v3L/Fcf7ISx9VSCBRyI AB8SWSlLgj4JMcm42WMmAQpc3nr2c9T9 QjiaOSqyVy1bFpC1yzyEWE15EiMZ5saq 0nkoD1zW+BQIpd3GCHaanQ==
in-addr-servers 172800 IN NS a.in-addr-servers
in-addr-servers 172800 IN NS b.in-addr-servers
in-addr-servers 172800 IN NS c.in-addr-servers
in-addr-servers 172800 IN NS d.in-addr-servers
in-addr-servers 172800 IN NS e.in-addr-servers
in-addr-servers 172800 IN NS f.in-addr-servers
in-addr-servers 86400 IN DS 1987 8 2 dacfdeb02a489a514c6408d0d54e0904fe6e09a6e111abc9eacb27f6552805e1
in-addr-servers 86400 IN DS 45104 8 2 50136f7a8d3ffe4f9887ad234ff8ce945cabd331feb12569b2f61f99ce40fdbf
in-addr-servers 86400 IN DS 62996 8 2 836537710efc1e5570e3aeff7c0c80d3957a16ddf8005034bc9082898968dc81
in-addr-servers 86400 IN RRSIG DS 8 2 86400 20260328180000 20260315170000 41323 @ ykXtH+Z3ruKnB5q4ybIMkOHzbmHMM83a FhsXYQ89hisYTUKbgcvnJPOThZqFoJcy ssg0DbMTuY/EO3zqOqAf2wBi2e5egOHa P//zo6HmY5Fb8J9lypBX4QnkHIZGRTC2 4CkFp8FY7aBmk4dHZQGR7d9BPopsXPBB C2PC2SmeB+VA5cau1Bg/9zksTd1cO2sT K9QNT9KVJpCIuWPBxgQfrtHFz+0mC1+s xMLg9Fzg97kC3F1FlFzFpi9ey22WN3MM KmRBSZ/+NBGntTcuNdlYK7zewuVmzNaB aV6WWj6MaRqTYtFRTfQv6e0rN/vn6lX5 zpzGUPCa4/LRYPMQ26uO/Q==
in-addr-servers 86400 IN NSEC ip6 NS DS RRSIG NSEC
in-addr-servers 86400 IN RRSIG NSEC 8 2 86400 20260328180000 20260315170000 41323 @ SCUHKqlyL8D462b/srp/Q+l2AE2wqvI/ 9xYytgqgp/QFmtG3Lib0bgxe1xFD3y2i Bs6h9+e+8p17lxVXCU8WWJtQYjwbfg05 CkacRTZdtLDGByOzCR1S8xGiD/cHq3ha GhZ4kDUB8Fk0hrsweJjFKACl3IPk3Nus byr57hF4ieDzQfixR6J3LOE4ZO4rmjfU /Lnb1D1umtMTf7s1iSpnX2HYd+3hqGRt xBjILn/s7eEbtMRVp9lcSwrRgzI6TeSX wMf60tmWpOENe6gyrkPXvb+EXdnz6/ne tSn6L7nmzKxRKBglh0O/Fx3qUhR9BUsO X3clam6mj5yO4zis8NafXA==
a.in-addr-servers 172800 IN A 199.180.182.53
a.in-addr-servers 172800 IN AAAA 2620:37:e000::53
b.in-addr-servers 172800 IN A 199.253.183.183
b.in-addr-servers 172800 IN AAAA 2001:500:87::87
c.in-addr-servers 172800 IN A 196.216.169.10
c.in-addr-servers 172800 IN AAAA 2001:43f8:110::10
d.in-addr-servers 172800 IN A 200.10.60.53
d.in-addr-servers 172800 IN AAAA 2001:13c7:7010::53
e.in-addr-servers 172800 IN A 203.119.86.101
e.in-addr-servers 172800 IN AAAA 2001:dd8:6::101
f.in-addr-servers 172800 IN A 193.0.9.1
f.in-addr-servers 172800 IN AAAA 2a13:27c0:30::1
ip6 172800 IN NS a.ip6-servers
ip6 172800 IN NS b.ip6-servers
ip6 172800 IN NS c.ip6-servers
ip6 172800 IN NS d.ip6-servers
ip6 172800 IN NS e.ip6-servers
ip6 172800 IN NS f.ip6-servers
ip6 86400 IN DS 13880 8 2 068554efcb5861f42af93ef8e79c442a86c16fc5652e6b6d2419ed527f344d17
ip6 86400 IN DS 45094 8 2 e6b54e0a20ce1edbfcb6879c02f5782059cecb043a31d804a04afa51af01d5fb
ip6 86400 IN DS 64060 8 2 8a11501086330132be2c23f22dedf0634ad5ff668b4aa1988e172c6a2a4e5f7b
ip6 86400 IN RRSIG DS 8 2 86400 20260328180000 20260315170000 41323 @ DeNKVEUYXPrumiqj2WEuf1CYOYnjSoPa 9KEYs/CX67OzNsZw/OS9dgMqQiN5JqTd Zc4FXxyluC2+c+yffAJQ7yb6Dzi66RLs +fKgnjP5Uo2OK03tmj1Y1DSsxOvkJII4 cnfKL2fm6ZJR97lfIHbDVZCfVA+yamBj AH3u8ZmGMQG5EUhN1UNVNzEGrP3MttVN pgsnR8fdIMlmktNY52So+LFvU1IBRa0Z 6iAU/3cs3x7Il65xzTx4i2fsVG7VT3wP Mt+Xjl4daJFa9lzNVyAcyT4DP1iGI4lx SAoHtbSysW/xGpxeUkvthEgZOjBSJt0a 5uTeKHyXOnv02N4HY5IuEw==
ip6 86400 IN NSEC ip6-servers NS DS RRSIG NSEC
ip6 86400 IN RRSIG NSEC 8 2 86400 20260328180000 20260315170000 41323 @ HWeqdQ6AAPP/ndWkEZvxCxhD+J2faI94 6rQbvdfsLO8duOSvAIaW4un2JM9ilW2V yDkWEgh17OJUgmzmYBXE/iH29FA4zexe 6nxEgaKaCcWhv9EcI5PvgnGG6tn1VbeQ Hbr2aPIi6yD4eT1Pww93/RXKot1n88Ve NApXwZJBKiwOUJic8ITTOFW/Vj5zxPZi V/8P/FWaqiXpwym8M3FBNkR5Jms1DQZL A8DXoOWEHUG5RmIPXwFawLvtBilLpRpt Mf7C44o0QCDfwXr8OSj+S4QBgPjItOG+ lNHquO5pNvNGxliASyAZO21qAsdXFb5x 1FuDvwxfJR+kXpzvjNv5/Q==
ip6-servers 172800 IN NS a.ip6-servers
ip6-servers 172800 IN NS b.ip6-servers
ip6-servers 172800 IN NS c.ip6-servers
ip6-servers 172800 IN NS d.ip6-servers
ip6-servers 172800 IN NS e.ip6-servers
ip6-servers 172800 IN NS f.ip6-servers
ip6-servers 86400 IN DS 16169 8 2 27fb5354c3c011c2851ee25ba32929b645d63262779ac101a6f28cd631991269
ip6-servers 86400 IN DS 19720 8 2 f154d00f5759c274de9cad621910cc0b87d720d35b7de4b0b566e135196c38e2
ip6-servers 86400 IN DS 54832 8 2 ff0d5f44a086a7a31b99c81cfd1135524b5896878e6de78f12b3f609bf7279dc
ip6-servers 86400 IN RRSIG DS 8 2 86400 20260328180000 20260315170000 41323 @ pE9+COjq2fuCIpOXFZPb/yu1O/TkYpmX AvuIaAcvQePXvsNIPneorWCJUDQZpXGK hKJFpuzpyvf+ha7xhJPrkelcTaqrhYYP 11ov3m5XmqLUPh1aEaCUpp5PwnUzksWa FadfJVDB4G9631AFlJGGof5wMp1i6QzL MTFEXLq7TU5JWWs+N1ZLDE1w7GgDhg2L jFEVT6gvGXskQ8fKKQS6jUNFc4WtIRh8 nXTUObwjtoy68DnlEmTTs5fKtmkcoNAP JKptMY15pnPMzp94ZuLA2LcrHEAGtJWG rGEUK7/EQ8iwMGX6rzTnydGAP0frqG9J FbPifDe4FikkckQD6YXggA==
ip6-servers 86400 IN NSEC ipv4only NS DS RRSIG NSEC
ip6-servers 86400 IN RRSIG NSEC 8 2 86400 20260328180000 20260315170000 41323 @ qr14POzU2FwDhnizZR3z7o4gMv7i0zbk hj8Mohyggrnn7M5H0eLph//+IveBmEOC VPLuyrLRkxtUWxXj9vnt8+PYQmjWxYjO L+5kH3Oh2ml2Dblcuu/8KL9u/K46PmF9 0lS+GyRvBGFW3Rjv/uEfjdijnP0sLYLm 2avXwMy6bqUtfGcGrsNkATqoSKhr4LKg J0NmRMfgTFRi/AN0YbeJXRpudD4fiH/R Ct25eznwDV4k5qWRlN7gZnwBT50IFdhD RKUhTooHD8nq/MsMkcqoLk1AqM3r6W6d +6gDp0gQCZ122AEVxLjS2HccYgbzg3xP zsmUj00PudU5RND5osB0pA==
a.ip6-servers 172800 IN A 199.180.182.53
a.ip6-servers 172800 IN AAAA 2620:37:e000::53
b.ip6-servers 172800 IN A 199.253.182.182
b.ip6-servers 172800 IN AAAA 2001:500:86::86
c.ip6-servers 172800 IN A 196.216.169.11
c.ip6-servers 172800 IN AAAA 2001:43f8:110::11
d.ip6-servers 172800 IN A 200.7.86.53
d.ip6-servers 172800 IN AAAA 2001:13c7:7012::53
e.ip6-servers 172800 IN A 203.119.86.101
e.ip6-servers 172800 IN AAAA 2001:dd8:6::101
f.ip6-servers 172800 IN A 193.0.9.2
f.ip6-servers 172800 IN AAAA 2a13:27c0:30::2
ipv4only 172800 IN NS a.iana-servers.net.
ipv4only 172800 IN NS b.iana-servers.net.
ipv4only 172800 IN NS c.iana-servers.net.
ipv4only 172800 IN NS ns.icann.org.
ipv4only 86400 IN NSEC iris NS RRSIG NSEC
ipv4only 86400 IN RRSIG NSEC 8 2 86400 20260328180000 20260315170000 41323 @ sZi3UEOYXDeVxW+ge8j6YfFqXhHKISHC 71zgwgihgPYL/lnozj64uAQRxVGN8hVN 6gyHmvvIzuZWBMgENmdi+VzL/DQmfvyb LA+pwO8wyfLgCvXZcccTAUp2RgjYZP25 86F8fgGzjgWpVNshykf/4pl5YZoa5DTm 7XNRXGRUWmX83MbYsr2X1UmGYVofXyNo Q8Qrx1v0Auoh38t/RmtUuYFEqVN8ufu6 MAK+aBCxpFregLg0aKD65TG6NxKuJMNF 2TQJxbOv2teTxaAkhEwqOyR1GrneZOqA WLWWyRHrWBl/g7lX2EOa47SOZ/AbOjz/ QIDv6rsQGqPtSxFCJrYkSA==
iris 172800 IN NS a.iana-servers.net.
iris 172800 IN NS b.iana-servers.net.
iris 172800 IN NS c.iana-servers.net.
iris 172800 IN NS ns3.lacnic.net.
iris 172800 IN NS ns4.apnic.net.
iris 86400 IN DS 38534 8 2 163416c9dcaf8d1babfec16552ed109029607907ab80b195e1dab40f1792a59c
iris 86400 IN DS 39464 8 2 1e09a2d6374800d54cfd0e52293906ccf7db7e923dcab7015e4bb697d76d9846
iris 86400 IN DS 44285 8 2 05cbf77375a8bf5702cf8e261ff947be8c8ab7a0b9485a0241edcfe2f155c7f3
iris 86400 IN RRSIG DS 8 2 86400 20260328180000 20260315170000 41323 @ Y0Ec+tJqDBlw9S6ki3GPBB9zRAefE65T fbk2xpxSjQI1fzen6e6sNPRGr/8iTRUh qcGHKLidCIEnjSjSn8fLMYvXrr6Ta4EX NrchOeYLbLyTB5kaIfMdByyO8j4D9BM3 8uXhm3vKAG1aIx7pz8XwQRCuJORlPw+J glNXfsuZtk9027t/b2GUb4L/emqZXtyP 4MM9XsnhUYEQaTp+gZfIsaWJyWMeiFw5 SbXOHtJUOsXmjwRu38lpcBquiiIGNCUA r5AKuLIC/XD6ozDLngZFkQKnts5+mbYO hTFAe9tRkC84+PmjuP8ufVmqwOLBeoyn 4WGcfxfAcZIl7CTMOlX5Mg==
iris 86400 IN NSEC a.ns NS DS RRSIG NSEC
iris 86400 IN RRSIG NSEC 8 2 86400 20260328180000 20260315170000 41323 @ cnTfJD8gkgfChIexx0rDQ3nY4PbwQNQs eXtUSatD/1fJR53oWR/Os5cUs0Mtwama 2u3i1bKu88jehW1kgmdyAil54PpX9OXs C8nCbo7COoqY5k54mpocc5tzRlqbHQRB /73MlZRgQBj6jUeMZemUnK3oeOmfAeX1 8mv6o/rW59/xQhG2a4xfYtdtt5ZmgWr9 UF+A18wRID/MdnrslJXqlqz7UnV/ikWT 3f6rA/FhkfzkrHFLRIAtdc332wyWlD7Y EI8QL+4d7Liwz11K+Cs3zf/ctHAgIYT1 O+irD2bH/xobRU9GVH0VXqWXbn49JVVL gA1irRfITPT8KhCEXfOmOQ==
a.ns 518400 IN A 198.41.0.4
a.ns 518400 IN RRSIG A 8 3 518400 20260328180000 20260315170000 41323 @ rnIDvu22gLMeImbVAZQOL03WWcteTcuq G5gpzqnKEbkNSmlfJuHHSWUBQP7GqCUV qn6+LKMZq8qfTI9amtYTOreSy5NM60yy WIy0mnHA0PBvZhAIOHwrjEqy+rO05dVm 6uY4MLFr/NkmD6k8Bj1C8WvZIBoVp0yQ Sn5jMJ+t3uaxTPxbT6xVcCga2bwQc0wF P+prteBWzLRDUlZnwSJYyz1XsQu/WsXT g+JGxl1ulLOS9CD4br1z1Y8OAJw1UnnL Jf2URSZrg/7kqngGAP/RBPCdswwkYI1a CZCodb9ufBh9d/viHWRnsyVw4gDnRiVx pjyEDi0/N/rU4RASIaTYRw==
a.ns 518400 IN AAAA 2001:503:ba3e::2:30
a.ns 518400 IN RRSIG AAAA 8 3 518400 20260328180000 20260315170000 41323 @ jWTN5kPlOLuYhZUIDNZkXLbzdlVDJ4sN ySr+/fpALnt03H3/gMojP0xZvkYZR2oD A8z3M8Le9crgCCRJJvEnvxwKw/ZtAPHr Iw0kVZ49cevRHIdQ5ifuDtDllSrQBkvR /cn2ljlEBqeodYppT0F1FIyl5rqLaDR6 OqAwKlL94MScMlOW885P4WARavouZSwa 56bioXotznM1UlXyMXzMC2KEn1BEHHPz 945xsUZqm7vHn1FiaBOR62N72JiHj5L2 clVYDpE+lbj1NJ4XH9XxvnlhDbaXXelq q0XU2wrGrbXkefVlO0X6ez5+d/8A3VzX 3dfzktjIKHkJ0B0CQLdI6A==
a.ns 86400 IN NSEC b.ns A AAAA RRSIG NSEC
a.ns 86400 IN RRSIG NSEC 8 3 86400 20260328180000 20260315170000 41323 @ 14zRe7eSYY/E7pDIE+c1D7nO99+EMZI2 OjuYbys0nQCTPfdCpKRFo3xNmnyNfBBP hqgJrjnkwblwGX3Ej1QAGXh+3cDPrtWN IzWWakK4Iaws93O1IrpYm9JcxZYOewlS 4pJiApBUUS6RC2+ZPwdbIoejFb3iIyjV EZ4yBT0yYXrjj7Fifq8mpQIYM/uX8wsn D9SYGsOLekTnJTJltUXKARfC/nGoun0Q +CM8S7IKVb5b9DfSJbee1zBhVqn9x21h UIR2ABqwelgsUUKKelWG5KLarVtEPk+N koVxpfisWMQHJVZXHcZO+C2BBrgEthQZ a8WCF/e5cSBYWbu5XwJ9yw==
b.ns 518400 IN A 170.247.170.2
b.ns 518400 IN RRSIG A 8 3 518400 20260328180000 20260315170000 41323 @ RJVoCHrYlKT4vElEjQ4eb7VuJre/Kkff lm90cQMJ8mFmrBOG+VnraHQZ4EMNG57+ qIj9d2c3hxOH3cIR7PltsPqZSLgeBIeh zk4luvy/YDFppgpiRNXjumiJfMiKXPlb R+IFpaAWlc6eEpr7V8w9EzuLqQ/dvHmm b9BRaPhoPc5cy9pzP1DkXBPWC9lrzRUD 4RNEAEwsKEoFL1dVg136jFd1Sia9z3fc CBwDPpnLyOJNHkBz+EgjZ4dJiKhBitqc SjeukCYXGaiP+hr3MhdSai3zy4ZuDueY GsGGb5oR6i83R5bjNwv0/JBwa1qlwDiW O11UhwM9qdXg3omWwYgJ3A==
b.ns 518400 IN AAAA 2801:1b8:10::b
b.ns 518400 IN RRSIG AAAA 8 3 518400 20260328180000 20260315170000 41323 @ riuqPBiEbJ/NzdXh/GYg2IabfJbb6Oj5 b9+NYRRuttqtMCit5HzfPbK6eYIECF54 yNp0HETS0zhbBG9QASxa/YEe84fqp7hg N8vThQtq4DNkxc+saZbGwcBl6p7UVrpI b/DnqM98CKL1U+xX/gzcMyz6fgkSJ3fw H6iJgCtOJ+lnqyT/gLfMDz16IXCLqW4t 21oH3zkpeGP0pbi137vcoygP+lVsYBxg Ip57AuuawfYswCakbtHEUUUdL7b2bHA+ hO1NunO9mbuPVQxHlUcYe9yHmnZhP6Pn FORuCrK7P0bbcy29JF96hfUBfVwtCwtx 54i71cb0iufSubuZ05Zh+A==
b.ns 86400 IN NSEC c.ns A AAAA RRSIG NSEC
b.ns 86400 IN RRSIG NSEC 8 3 86400 20260328180000 20260315170000 41323 @ bo/R+tDQv4XNiGPYaRDJk2+dqaQ6xxUE mOL6SWeAzfqOlaFocij1k/6n1yp1h3b0 O72CPCjhvw+pNnGy+RptubtXLa4KOziq kwzUbJvIRG3hr/0oPGyI8K+mAcBQesB7 sfob3/zVxW39xGmXh4gGZ68kR30Ddu0Q Atbwze9LGOFcSwWaR4o/ZXR9bJF4J2Dh hpyyztNrwB2i1uAODtjbHmoj6IRnMPsb ntRh/4ubk60xZw3Coo2xprmeTsgBgJ7B 3xsPbtMkYLBOfVeWlv5HHlKIjXfABULG BZC5VGQRLcmampvPNxFpVMZGn9TYD84S Ov/2WwWj+UTcUNtT2SAK/Q==
c.ns 518400 IN A 192.33.4.12
c.ns 518400 IN RRSIG A 8 3 518400 20260328180000 20260315170000 41323 @ MI8x8LYsU7rR7aa1MeaxeyQTiFI3hhk5 rWGbXDi/J7Cb/XJtVqyNKe3GER+tUXvf LUkxhwnBc6sdeQVnf/8+VxfM+icLjyBT WdgKS+2zr5NfaHArqRC5q1rkwvmE/+Mr 5I4SYjKfVtQ4JMEgcI239utc+Xz+Nqui Ysxc1vdpsJDt7npsuFDKQm0of5uzTXZU n3JU1zlwMaHR8zYDflZrIOM3OCimngVe msOeFD/ijsCszVNUV07UndrlY/o04gDp CUaTSzICnHlPFKlcw5eV1z8StY2CfRES qYbdtYNNyj+/d+vyBvjYp1BWBB3PeHCt OXB7WPQ2m5AZQZz6rgbJeA==
c.ns 518400 IN AAAA 2001:500:2::c
c.ns 518400 IN RRSIG AAAA 8 3 518400 20260328180000 20260315170000 41323 @ m+U5p3IWHbQQznJEsiCc4uONKtPbk7tm qkW9fkU5c+szoAUWfTUBpSnF4kC/aQjA EmYuIrq5i6abtpXzUlamSkRQ+5hRxZti NgTc1VlWB6OS0w9t3ltiBR/5kPLa740D /V97EI3AQB4uv6zOlP6GPngtBMvvg6Tx oXf2mbl03M95tKf1TneUrmDHufUesHQi t1ZPpvt3RiudoqllJfj26RDOjbkT+VA+ Ll1YMtuRMUS7UfkV/ZSOZiYMCBCc9sVF kgBvDKhN48W9p0cLGr/5beWfPWTIOLIl FtfoZYeSiCKoKJMtk6uNiLlhtvWnvkT6 xkIGDtl0BCCvVSyvq8pVOw==
c.ns 86400 IN NSEC d.ns A AAAA RRSIG NSEC
c.ns 86400 IN RRSIG NSEC 8 3 86400 20260328180000 20260315170000 41323 @ 1x32qBmXupD/72AxAchejrgIoq4oI0WT hZjtjCePn6FQ1mimC6txFqxvnKOeby5l E8tmDhf2edioLEBeGGaUvCx4k6111vra H2JBzkOdborsdS3y3qKsomNAlz1FUYVd uYmUWc2WR5qUhPE8ABOFIhRrNCy+Z1EW x/lNw/hYM9JDAeDk4q1c8JrY0kL9lZwJ TCSFqBBSbefiDDB1JXgl1dJHqYUKKv/O 3JvNPc5Jo05cIfeu2a6dUMSuKShTTom8 hOp+kJTUvs8VVerCxzO8GoDcCEQgFa8B fQZ/QqH5WZ/TICZkfYVTfKr4Ww5lFY0k f9M2RSqaQXQwIA7xHZ0IeQ==
d.ns 518400 IN A 199.7.91.13
d.ns 518400 IN RRSIG A 8 3 518400 20260328180000 20260315170000 41323 @ J3ai0xU4rfQFhh4VGLY+pE7CUTxgHaJL 3J8zx39UfSC5Txwiu2XG5fCU0ak2THlH +vr/8xOyHs6fZv5iXI6RG4KbA7eXCX3L lp0cjgUiSnti05qub3buF1wbAG5+eMWv nCuwREAEUkN+PwM/BGb9DG7xaMysxYYu iFHrwPkaMjVynbKXW6lYI+nxmlxxkQU9 jgVXGoh61luI+JGpcvfb5bs6LjqnlTlG s5qL6eTs5gUhxG4rTRLGFgIyiTKBY3aL 07hN7WIMFbQeqJmEfeeKHteTd8JcR1/F i1VbbazX2O3D4j/GY2POh5UJ7VmK10r8 lSke02JoFo5Wt5z/WzSo1w==
d.ns 518400 IN AAAA 2001:500:2d::d
d.ns 518400 IN RRSIG AAAA 8 3 518400 20260328180000 20260315170000 41323 @ Iv8s2JUbr3CvsCc9M9E8kmFlAk3azeul 5B2oFOaCax0HU1pNkbsAxh1uykABiJOD PnMyqTqWSkcocVv0r6jhFhGlnKjmNswk +M+ocEgfY+KVwv5yp7QvjwwHPBgnWha6 hyfM2dJhSo3EarPO6yH6y6LCKvygIlVQ L4bmAuUjEIsctIrgRS+n6tzaJnt5K57+ 2bCr4SspRPUZHrZIIt+DV+ysznzzlNs7 ho08ErGRpfTIIvIrIzThwgp7iT8PO7oj TZxKEkRFCg8VqXM5JaUi/UZPYowMKA2U iOaZjUxba8nYKSesPFlko7Igj1Pzab5l kCXO3rdCzSgJD9TVU/7f+w==
d.ns 86400 IN NSEC e.ns A AAAA RRSIG NSEC
d.ns 86400 IN RRSIG NSEC 8 3 86400 20260328180000 20260315170000 41323 @ cIM0QnGq8afLnz37JU9/pjNRmc7CLupx a5hrll8KeotfM23G47n5V2mU1eRuzjzr JWtcL4AYhlid6BbruiXWSDOeQRqe5Os2 ovmmlLAQwp57jygB6ptQ91uomr5hqn4N ElNFv6SAUjTrE4h8ByVrkYQnyZZsz55h O2IJ4tot8pomtXjkTdmqD2NVzelNnYkG dbDxXHChGrlP26wEIKJNdVoAfZXE8yuh O8JV8gGtZeV/jtuHcW8BPtmSiCGjnJld cdnSTzyhUF9kK05dBdPrlSGYB9GDH+H4 bAuIxJ3ez03h7j9vGc8gy++QYLnlBBth 0amY6UWxVJ6uo9GP6cBvRA==
e.ns 518400 IN A 192.203.230.10
e.ns 518400 IN RRSIG A 8 3 518400 20260328180000 20260315170000 41323 @ ecoascQ97YZWTorE+/RBXWYFqgycX7Yu eT6GGYaBtECU1otPDhtfok37K77rPKsy O3sIboHrW6WhTZK97+sozgwZMXFBWtsw Kd690qSikimWP6abnuDUWqfqa+JTLdAE LZkyy/9MEDRrlP6bFoHTc+UwaKcN3Js3 9KUDMzBdadsfVnspV0a+S5456w27RLNT LHyW8lKroIhh5cueR+r0WWp+7eA2t/ER fI8LIxj7twCe7zgNw+hfhQwII/bwY1m7 TqYYJiBP/JauPxa4krC9hrSP5ZxStNUE g/w1IzBIAPNGAT3Cv65TogeODkxOkhIF Tkr5jQb50hYFit+KcajQEA==
e.ns 518400 IN AAAA 2001:500:a8::e
e.ns 518400 IN RRSIG AAAA 8 3 518400 20260328180000 20260315170000 41323 @ DapZkBJmVnoKUUa0bdkHjMu/2PMSANcM ro5vvHkmuE4cV1GBCidI5DuD4rd69O6X gVEK5/K9GxY/n/tf68/NgRV0PmVi1jj9 BBl4kf/1gzDAudoU0OEkHF4ehV7lLIp+ W0t/cmlePfEi9R+vOTKFusnTTOzzKC0d 5sSBL2EO9Sx3/9TlBH13NLonZi8biZv0 Lxl1m/qKKg+9h53vwX2Hl0vSm4k1ef5R qFNGvKcRqdTrTACG0a+t4i6GnntKqjEt aXgfrLTBa9zslQNV/Tl4oifBXoUXZm5h 77AGHpwsGmAGc0xFNoYCqKGOKMSIqUDU 3uQ6QvrQ1UiW1D8V+mOr7Q==
e.ns 86400 IN NSEC f.ns A AAAA RRSIG NSEC
e.ns 86400 IN RRSIG NSEC 8 3 86400 20260328180000 20260315170000 41323 @ r0wPV2FLA0U1EENqQsGLVPQB9bly7j1i aZTZZuwv6Ac4/ZMBKqNfx8iD4cjC/Y6J L4bpP0nywbXIY0gQR39MYfVossxilDIh HiJ3PedEj+9dyZCCL7uDjjoeRJt7pPy6 2AogOR14FLnTz/6ixQAyU/9n7jcGQhYw LGlEXfxzVndNpBqlJ8SZyhUchCn3xvef uE0GKfD7MHYqcxgrY7TbxQTAgjZnrfFW vZaJkKppf4cmEQKBmbqI2IcKGpRvLu43 X6mPUAa2GzeZ+M2fFBYcZCTBibOhcbUg fbMP9xe+7SZpSHO3YHYEtFFB7sT+s/Fv il7CxaryTi0myKrfGkqBQg==
f.ns 518400 IN A 192.5.5.241
f.ns 518400 IN RRSIG A 8 3 518400 20260328180000 20260315170000 41323 @ fS3Hi7uVS6WyRyhtKrFD2L7xwWEA0/iW uy17E9t33EKiHG37wRNq7RoeWPWRGERz NEx78YrFDdtB+MVCPwn207npNa0eDuWG 6adDHzgjDYChR0mW+R3EqmGh5bXmrYt+ ULLVWAbLF/ok10HMvrQmxLoeOg7wujsF ObzKKoy1g8y1VrQxMbxC23oQAVfZ9Ko0 F7TDHmVs+zEhJnHnRlyX3KowWNJMFGm/ VacQCXWs0R/+Awn31FKq3dVQox7OQCXq wc9GJ6kxn3Bn/HlWt/FaJcz7XXg1eTrF whgLTcq+ls4UDD1VmzlIIZz03i0Cj/uc f/TffpEfRzl0UoXcAA+pJA==
f.ns 518400 IN AAAA 2001:500:2f::f
f.ns 518400 IN RRSIG AAAA 8 3 518400 20260328180000 20260315170000 41323 @ NzKkDNwit1EzubWp2E1ZhIsLB+op31S/ oGnz6DK6QOGWQlUkxbP8k3J+Qbu1AoW1 nX+mwm6J9Tl+jVRDrK7yAM2Z7vJW4pcB 6qI+fZ8aOc7iu8wgP1sHxW5cjMZhkccp N8+ykNr85XpkoUqEmoJ33sTbFYKclDe5 OQ+P/2FHbHuFcy7oiAvpXRGkaahGK9JE U1GAYeq7TJYKiEYkFMfkb9wTzov+VALu 6pDO/EJZuGz2dY8WFYP2JO1F3ost3OS1 fTv/opI/C9wQvuqQBgKoAdi7sf+NqxVn o+/t5CzI1p3LH5RRZKY8o0YwgRvDHIuG Alj/omYc+cEShbeoDeXaOw==
f.ns 86400 IN NSEC g.ns A AAAA RRSIG NSEC
f.ns 86400 IN RRSIG NSEC 8 3 86400 20260328180000 20260315170000 41323 @ DqZtVMzmYmHDSF+wAPqEai8ZVieLb03v aBz40B6lhs51q42wtQRs5p0hAgOo89yt VV5e3Qu8tqBf068ECr6a+H+lODbNXYkj oV91sZGZUJa8T5Bz/Crtbi8WgWTByy3f 2m2O/4IBLuBH5D4nAkpK6X061UAQ/soT NItPj59hcnctpbZbwUdvoG0dvD3Ncpor oozknl8fTtDW6sNr/XOygsfY+pSbjOI2 aGcI+MJQ8kY8AXB9q96Hl3Qy0QAUhgZK jOLniSr7D1x2QLErQ5boWs/yA49PBG3n WABS/mjr7OjhhRUtDUJ8uK5EoddM9qWM EUxgn4thNr+0DjsPlPho+w==
g.ns 518400 IN A 192.112.36.4
g.ns 518400 IN RRSIG A 8 3 518400 20260328180000 20260315170000 41323 @ uIlSlIaM46y/u/DTf2fDdo3n0KaiOUil VdaWakDmBoKMhZBfSkciX385S3z01pBD jXasGSuA8C6ksZrQz9oqEdxPtfKG9UVi DdCrsha0jWpZDTFTwqTL0t8GfRg1dTyX StIi4ByGn4WLlvjTSLzu+dlGTMqPCxQX LvmUknxjjHq1J6wetalTAvvoOJqfqd45 eIX0onBDTkJKcDkO/3MXdN700+67nfYS kweT+byfxtqfHK8E02XQo0kOSa+tMv7F +qQukTWEOqSuq4c5rcMkxwwKa8q709ia BII2hbaKzzD7rOoI3cbspl/au5I4EhJf aANE81393n9SZGe6pJUDbw==
g.ns 518400 IN AAAA 2001:500:12::d0d
g.ns 518400 IN RRSIG AAAA 8 3 518400 20260328180000 20260315170000 41323 @ zUe3ViYaPScpRHBIUZQ1mP5Qp0jqBfvC y4nYwfaiXs4gbhDCQ5z1gveHW4B7XSaz GCZNoH/bWV2LJn19gkWSwkZlD1cK1kFG KXNOo6Y3iH7jmBPQ90DP4io6rSTaN6Rx hl2RdLZVHb2vCvwBV2hxzcw4nHKQmsBQ ic501OGwGYlj7HOWDhhfPaBvnJ24t3Jr nuQb3MzU8HCA3XC47qUgnd0qMOYXypGZ 9eAm+Yf0/mpLVICMG5noqdjOmV9g2+Pp 0deo2QIefMmOy4L7fWOLCbr/FY0GooAy jVVZlo/OWICWIQ8p/biD2roYaKQTWGJe x98o2o2ugQYxlNP8IHNPig==
g.ns 86400 IN NSEC h.ns A AAAA RRSIG NSEC
g.ns 86400 IN RRSIG NSEC 8 3 86400 20260328180000 20260315170000 41323 @ BxUX8tv9Qc0O6e3yldXvrfI1jfFR6aGd 7xRFGQ4DoyHJvRnFBuQUugPiancEEa+u 85D/kQe2ZNViU+n4k5fke2awtxeiCsS8 s/soBlQmfbZpCq2LRc4HhGMXKSpFODAt Y3+d1drHHKNbqIznOh9uZt1bpyO0FZX3 JELVqjGu5pvm8x5hdDuprhAZpG0dNG3Z Wc8N9/YPFWVcxwMX43/xKTQR97mfFQ1E EzcJBl79keYIFcwzZzmZ34s95A0hoXby M3G21uNulZ+v9CmsBLY6hlKKOWv1VTun +Sa3EIpM3HCdwV/ewIDEhTA9Yd68MnCr H3ItU33bIvjroEj1TE+3tw==
h.ns 518400 IN A 198.97.190.53
h.ns 518400 IN RRSIG A 8 3 518400 20260328180000 20260315170000 41323 @ 1iMhstukMAb+eu8pN2qlPxqUeWDJfJp8 HAoRkupHsaZ7EoHun0fWpi0c7bB/AG+I nFiIJmuKHKf4BEGFLb37ipJ6nlAu6tEz jgFiMbWqzoxQ4u+ELSjJmbjnwYfAPWYT 7KFNlpBZFf8cP7Zgqmu2l+UotuDNIGSp jZZ4YrWEEX1ZU2TQA9xr8v0EZWUOpU20 siy7e+SjVYtaBZIzR7j6jsVTeW1mXCN4 0gi8/SFwY9arj0enGh82AjjQgIR50TDb cIi727+YA6Gs1dGQCN6j4jSTlVximgP7 dOU+tf5uNvfln4Nufr1j2e27xW6tkL6T QNdMfrC4LjUAiG2ogKj8Cg==
h.ns 518400 IN AAAA 2001:500:1::53
h.ns 518400 IN RRSIG AAAA 8 3 518400 20260328180000 20260315170000 41323 @ EsU6FrBYM2/alNZN3ZjktcMZJasviYyo PU0uEb+mUfv2xFiizriCXVxyZq7jdyQx 7CucQAbRExXFnea+i6Fog0zv81A7Ab8w k+05cTLL8NyPLC4TKWaykY0Dwkd1BgA7 xLnWePsBq/9+ZctvAE9mPpbPQOvw5Dn+ 0LLz5BH5cPRbLs9MdGJN7epIxC11dAFD TaEeL2zifedy7vK1mEQZeT5fLGL9oQUg yxzZQ398BaJdpiE4HnDwT1Y1V+yPLkIC /92bujjq+jy7xAsYQpJPjY6W6WxJfPb0 1rOYCzZhzSW7v/Y+oOBD4lruv/R4AOii Bt98eMeembkULY+e5/XaTQ==
h.ns 86400 IN NSEC i.ns A AAAA RRSIG NSEC
h.ns 86400 IN RRSIG NSEC 8 3 86400 20260328180000 20260315170000 41323 @ Sf7HtCqIk83UqvxVbwdXy9KekVw6olUW jRaVDmwmxELrDVRxjTXtKf5jJKtqzqw8 3qp4AYcxFxS40TmMcmF6Lj/ypK/H6K+h Mf4s8V0QKuDEO/Yun9cs55aNVg/dEmHu Z8r3BT3wytmkAGT+flhhuIQ/Ih1b8y7l fwnRd8NQVkAs/QSvhQ5WXk1tvhq7fW4+ XvFs5veAg3sC84CkQ9D+B0HPxT761l+1 Lp6txJB6Lsq5JSFKV5FAiDyZiILbLFJ6 niChLjKQM6/sLzBVk+cUlM25jEq9Lmnm RWs4ReP8I90DNhya43vkNRSWP+K2yBDW MoP5agMZswutxazooQLKjA==
i.ns 518400 IN A 192.36.148.17
i.ns 518400 IN RRSIG A 8 3 518400 20260328180000 20260315170000 41323 @ kq+/8JQFQyx1JQEn2DXFaw9FDKjSo7LF Kfum1ZQj8nty2GiCQd/A9+Dv30XdfJlA kj/Zt82jZQv1B2YGzuSlEZSzUslho6HY gVA5vDSKQYH1L1TRcfKEqh0jXKUU0B3c a0XOi9q2rtL5alUwEBzyi5/TdpdnAwl4 29ZRDGqHCYZREUJtp17WSdKtayi9R5hR NZu5LvBM6rF12Q2JWJYt2/UUu0PFD4q3 q5ac+uLQ6XS2PwJnODVNnL3r4B/fSHmq eBJNFy+rTHqYBM6mEefOlJzbdoVkWpzv 4+1CfeG1zQBZDp/ZXq3BWHYCEOiJMegT WvrH5wplOLZv48zX4MYORg==
i.ns 518400 IN AAAA 2001:7fe::53
i.ns 518400 IN RRSIG AAAA 8 3 518400 20260328180000 20260315170000 41323 @ BKzoZWi+6HnW8B4Uem2nefjCjuWKZb+c Cu6PQ2U0D1B2YYdNu99cvLycqLBWcmQR dFkAVuDfPuy99zqcwy+eYyJIffmJaoIt wHPP0FaekwmFp5rQGSpsyoOaN2VosCcp XVrXeqKVEJuVgsrvJXQG9eYXit5RHT6L I3+lGPdY4LVK2InjhxFreycoA20tanF6 Nh4c1GmYKvQCkU2uGUcfKHXJa11lhdAT AksRgOQWgqpPB3S9Z5TvYmGVeErLLy88 yd5/+qlSZdKiqaQiaTyy4ykMPQnUHLD5 B1a8Y1GAp8Nphf716+6P9Cg03uQhOqXT 4rhlobl6K6OOQEJjFDF4EQ==
i.ns 86400 IN NSEC k.ns A AAAA RRSIG NSEC
i.ns 86400 IN RRSIG NSEC 8 3 86400 20260328180000 20260315170000 41323 @ YvkHzN/ORlntiagtYDDVzcByjloH/Yit 8YrHtXan4RNmBRN5khIkeSrD++YVy7y8 41woFwxJ8Cr6RCyssFu9G9RCvSboCXDE 0HyZOias1N3U+8eW8lkFCSdlVyndGk5G NkLT1bLTSiwXuOR7TRQajAWmIyUzG+Ik nmvyiwT8UVLUmk0phWX79yrJVZOtHWR7 rNGul1x75iYISO/LIFOW2ZAsMb7SUCzF /yafoaXMZ0lq+N9o4XVq5jhCsV8S0aCS XTLet5sQPnxiZGcu4mP92hWbqhqYrtgQ sG+UZ9kYfWb9BpM4fk9XJ64VU13kzJXH O6w+THY04jCvmpjk+H/+Eg==
k.ns 518400 IN A 193.0.14.129
k.ns 518400 IN RRSIG A 8 3 518400 20260328180000 20260315170000 41323 @ FO/MZE3FFF3BKWigZkeGA/9CgyzFuMyX N0kt8QWhT9P2+SIayYf/vPHRjhOQbfTP S0pCXZL/x6tcG+DVHUgzaT1I5AtZflZO O5a2bTEoSnzgi5P4zNML5WI180Ttee65 TR7eNfJ/VqJfV74Rho5rQzz2db83uC8h 6TEZQp+2iNUvOVZx3cbsmYuuu5lTH1hv SjoGiszERfdL69PfD5f6OmW9NShQeCMO ayd128FGh/IfxyYhew+MlcVNPOiZbRzx WlNlY3Va5kNdrmRu+zEtotPnmgb6iAlN SCCEjBVOMQywQclD6TzcaEzD64JDsSox LsalCdTpqZ99E/IU5tkqGg==
k.ns 518400 IN AAAA 2001:7fd::1
k.ns 518400 IN RRSIG AAAA 8 3 518400 20260328180000 20260315170000 41323 @ IVg9Ul17EWoyz/BaPTXEs7Y7iuiMNe6I Qjx/ssMqe4514hATR6jU7Xju8af/sofw 4yd0r8+ov4aXNEla+B/C9GdE6Kwvx9US yYMDH5QkRjYqBCAYFVdnK/GdcZ/j2T+l opKnjHZI9/RRHDzf6SA/bLAnYYckRiQ3 NI6RoEOlusr07xIau5WtjhCku4yVzZUj LmzApZ2cpbEpDpE0wlFxAiNee5FkmUVb 5bydv1AX/MQfZwxgOeTWKQZpFwkFSlq+ rWQPTcqh2z4CpVWuBEAv9b5kntHVqa82 aqMQ7u9q9F+6WhQ0bWyFLqJFuwhPFREa 5/5wdiMauetfbVMAe1uHmw==
k.ns 86400 IN NSEC l.ns A AAAA RRSIG NSEC
k.ns 86400 IN RRSIG NSEC 8 3 86400 20260328180000 20260315170000 41323 @ PlqKXbjYhyhIF3ZrblrGmaZk0yA6d65B l7qmDmA9IDL58uiMflYw3BnPYVKf9A0H /iG1iVQDPfbbM4lyFy0pusb1dWIBq8Jx ZijjFFvqaat2BEKt+aTuLfhuvAClZpaP 4EHguIoYsTrUENKbJIfed7zreZ3pYups jHdS3O6VeYQ0Mdbq4C+3DirUTn4YprcA gb+mWEToc0Q0LW3tutpEASWaIEk0U0tL vGCae3iV7w0N0JvYBQ/8qpteY3QKR13N OagTcjGAMOyBQV3FRqnxwVRzGyqcX8a4 568QwbudI9684kdjXortNLNHVN6I1n+X AeOVh3TxyHRdhXM3hXrJbg==
l.ns 518400 IN A 199.7.83.42
l.ns 518400 IN RRSIG A 8 3 518400 20260328180000 20260315170000 41323 @ VZdXgiQjxXiH3jKDcdoCWtto+gs0Bloj tGpJHA3JMeNsEjePBOfuGCVTHDU8peKl 8gQjjo2B0CGz+tr3K2Heg9onwj0jz9Fj 1KG+0vsjJC3mebtR4AZBOOOVv5UtD2AR Y7s/UeioTd5GtZhw/9Ha6Ug3KHbsi2BR pDZM/55xF17FEJCQcsWOezZQUpT81g0T THygLNAWBFRwtg5U9+lzKd/9rKIp1DAF B4lrULxcxGAPJ/P/WWVpsnYD0gIBMvw+ cdEZosJbKcagb2frxtlPlC8iEW2ykpmf FOolqV+z949rBSOfTVRwAY2CuKhUTiCO Diq0THWtBprU+wmloRSBbA==
l.ns 518400 IN AAAA 2001:500:9f::42
l.ns 518400 IN RRSIG AAAA 8 3 518400 20260328180000 20260315170000 41323 @ K97aHTcDs1BSTx9gvwQSsqghIrvzRCJ6 WZ9KrgZ0Oq0m1EdftuiQY8CJeVCa8uiE doimQwEVL9tplwxeLG824LvzRxV8CIJN x4ZLCwAjBLkB8r15ZExWJgOcAwhhGCMr 01FMkRGYK9IrNHR2FxCL96ruIZeW0NAB WvzA4WjUfSSXrmz8As92Gr/XjUbRd9dB uVbX/Hy7bb3WGzLkBy78DB6E6Je+HDfC weimqRLfrVMRi4bxPP5y8EQkCS1n0Nga 5pmsunnvZv83/ECFBL/ThS/QM9/kmtHb 2cThNjOWtQ4I2E/YX9byMSvLj68T86F8 e/jDMzlkrfxujTJrKg0aKg==
l.ns 86400 IN NSEC m.ns A AAAA RRSIG NSEC
l.ns 86400 IN RRSIG NSEC 8 3 86400 20260328180000 20260315170000 41323 @ jpLBRtnej+Afp7x7XluIft5ZvTBXjNhT 95SFpVU8EcKnZeegyKGOj5wJBCWzjRAl xP2zeKTwzqkkjYRaukhwh0z4e5EUovkc yx71ZHqBP/UfZ++ubJh+1VpRN4gXy1Eq S13MDoQ9uTrEt7ExGR8iXo3I5jRQMgi2 RjbIilQpMUjpg3+5VUBBIjFu5vknQaha 7kN/aQtXA2Sg8Cspn9KyF14GBnr/eXV6 GsGyVR+sCmDhOvDFZ5Q7TCqUK8vfX2jk Iri/5fW+DM1F+pr3PtI2WCTQBBEC5L/u 7XuzP1PuED3TYPRe8IubIOKT6MlzphZr ehA0gCBrcmsdAd3GiHu1mQ==
m.ns 518400 IN A 202.12.27.33
m.ns 518400 IN RRSIG A 8 3 518400 20260328180000 20260315170000 41323 @ xzHA0doWI+tqLuniKRrQ31SHhtxmBv0Q xfFclwGefXcEr8rpiUf04qn/U5JDqYCV U3OSTDdhoZaQUUaT4+fpbAE2d3/NgGnp GcyH7qlmBDxav7qn1AWBMdrzzu7sbHHA jP7Np7BYCjq0seYzYapt+FQhFTYyJ/o/ zFl73Cb98Sy69UOgfJ3J9AGW4WHWpUFO PRFMsIQ/3WRbb0EMxLJ/FSrYJqxQjSsI nyXjdep68Birp666tMgF2odHSb/wBp2a bXXkM+no4KZ6yrLuGBjq6svLUWFewpwF 7gYDHLPWVSzNNgo15q7WCMLvr/npfFvn 89dpckWB967tMTgUWWO//A==
m.ns 518400 IN AAAA 2001:dc3::35
m.ns 518400 IN RRSIG AAAA 8 3 518400 20260328180000 20260315170000 41323 @ NAJXAwwLwxKPHhGPWUuipkVHkGs1eHz7 F8c35co7h4v1f9d76QBsJk7+CNiFtHGI iBeQLR6v9CzZCUGtE4abGtshlMjQ8rTL L+EP6vgzpPf09cxi43mjuZTrwQK8V6qP TVdeRD/VdhXcVuCdZnHNnWmRiNnFkEUy KfuGwAHvAd4f/eOI1zRVJCobpfjSm+c0 z31dAIwZbJ8MszgREkeWUlc8f7FJJO+p 8/us8DFhIMNjHKMf8CwKk0w+FGkrys5O J4X28q49PFqOfpDXiMAhy5FEZ6Mch9Jg KSDs/9xjfjmzkptZfnIb3uSosTRVBfTm rHT36TeeFBdymWgxP1Os0Q==
m.ns 86400 IN NSEC service A AAAA RRSIG NSEC
m.ns 86400 IN RRSIG NSEC 8 3 86400 20260328180000 20260315170000 41323 @ IQ/bitEGc3FgaiJdrH7rgMAvqCCu23zB l5aRVv2aWKIHmqQ9umly9WNZpiU5qv5L 3b4txM+hWYMgzzP9HpC8uX4UzQ17vt8r mWdPA57t5cV3ZZ3qBXHQxxGJ969kI/di flVVXeW7BjCGTOU8Y1BGXSlWGp7XwzpJ DMzqUBiKpI9dc/LELS99AsED0n+vzJGe GFdDjcKqLD5CwQNGnaTW+H7hxrORV/WP 2G5TyEcoTkFYqdjSGy2H6cE7nyoyUmrJ oKPr9xFZj+r9uU3J5ecA+dz7eAbVo7+/ 62UReZHqqpsjlhk2vRbBF2T32xx4JUa1 wzQFIcpYLCHJdeZMqOC2Ew==
service 172800 IN NS blackhole-1.iana.org.
service 172800 IN NS blackhole-2.iana.org.
service 86400 IN NSEC uri NS RRSIG NSEC
service 86400 IN RRSIG NSEC 8 2 86400 20260328180000 20260315170000 41323 @ IwTvsq0W3VHDOgVpz1TLgENeRniJnIiI +nh2f1ztjuhyBxC8jitCZIl/XThe8F/y Zn32tXxJSLSqDFy9eXhHnykAgzdU3ii3 2YB/pcq7L2PwA+6DS6k+V1SV4jYh0FZe /fEf0N6KT0rY60g49hGoHscXSiweQy18 qwKSilDKnVG03KTTtX7SU1fqRo9hxiKX yVFSOpgCVBToFYhvyZ1mNA5SS2ptj13D nbOlKVvL0OD56vEBUpeX5ikYN0Nl8s87 mHpH0BZvSqSVJL1LcUxUW3VkGmlQ/HrS FtEw//y/tevUSuFapOFzRCi1cXRM3/F3 luGocSeQcggI1QI6svbpTg==
uri 172800 IN NS a.iana-servers.net.
uri 172800 IN NS b.iana-servers.net.
uri 172800 IN NS c.iana-servers.net.
uri 172800 IN NS ns3.lacnic.net.
uri 172800 IN NS ns4.apnic.net.
uri 86400 IN DS 15796 8 2 7f8fa18fdd9a826eb08a4d4e9ce94dbba7a5b7b2b3ce1d74afd150242e9f572f
uri 86400 IN DS 28547 8 2 deaefd0c163175350152da7b127dc7c4f9ec8bdf04ccc02829455df86c5ca035
uri 86400 IN DS 57851 8 2 8feda13f642ed9be2e4aaa3d50099dd422ca6081b6bf8188f804343b58d39cb7
uri 86400 IN RRSIG DS 8 2 86400 20260328180000 20260315170000 41323 @ WTlYRVWjMhI6mf+6NLHt7vkJfkmqLORw ncEGeuNF9lF1q8cGsREIvaI9upWehwHe h4Oig+CZmMcxTQBmhezTATKhzTSeELZn a4ppOB14r/aK3aCCU7exuNQGJYsagW6B I3aYv83P9U6tIeY/G/qkvCaAHRt1QpI+ iVCOk6Uc85XqbGEj3vOTa+cq6eXSBp04 0+pZuLZ48ctgRq/FjNT74xl9YGSV/xE7 AY/pAMMK7iXxxIHTACHmyuEZGlb6djOn bh/2AYPCfQifXmM8a0SFLWVhF9STq8s+ IvTUv6JU3ptpSjqOK1Gy4NrT6Paa0Z09 hWFZ8jmzsueqvXjlmtNr6Q==
uri 86400 IN NSEC urn NS DS RRSIG NSEC
uri 86400 IN RRSIG NSEC 8 2 86400 20260328180000 20260315170000 41323 @ ru02UTOUrGoqYnnZUhwQId/3BMp+uG8E p9nOLHT3Y89v//ioXBw/iSqbV4TuVN0W fWVBAgCAn3uL1UsUI5rzy6554FCxrF+Q H1/J0mOkwQ+HW9zjmzZ4x7k5oOet+t1Q eI3aInWRVDhJ6p/A/Qig2eL1LMdAE8fV zgevNNXDZlIDEVUueViS1Pwsyrw5mxha CZ/HJo86IzwLivyVR3dEtJ2ESq374u6Q w0bJz2te92nUaiAm07+V8uB9HVXe4EiC Njsa2PLB0Og+ZcIhfr9hROD3i5lSzseH 4j5v8V88T+NhadJkGS7aiWQ3oKC0Cwij zoT297Xv3v4C2XbC3jLdpw==
urn 172800 IN NS a.iana-servers.net.
urn 172800 IN NS b.iana-servers.net.
urn 172800 IN NS c.iana-servers.net.
urn 172800 IN NS ns3.lacnic.net.
urn 172800 IN NS ns4.apnic.net.
urn 86400 IN DS 28996 8 2 8e66d01a1e5864bcdb8e1f85579aec7c8c536c9d6fc7032ee708e869fd27f3d3
urn 86400 IN DS 34555 8 2 bd743967def1caf0812fe9eff2371d3adf29e27251db272145a5d523c92f7101
urn 86400 IN DS 45052 8 2 7685b675f93ada412cfe534820c8dcc55654b1711f677ba83a8564c12943f695
urn 86400 IN RRSIG DS 8 2 86400 20260328180000 20260315170000 41323 @ umQIwaH0EktV62Wq2o8eX2hOcOZLoAe2 LxYtAEsO8FdBi0MwsEEMksw8pPXngXp7 cUgBTyW+Vymea9VPJAswOVjllIjpwSu9 Q9FOWEZue+Tt/5ecb40CR/7n2H6Xlone vqQuJuUUEEpkKVb1jVQTpyHryxWOYkAL 5qO+iLscYg1GUPiH/jEgW4IvMYfBS5/M npCTJwgsOjqqCyn751UhSu/w2QrbiA1+ 2Jb0wz73q8+C7zQt9oBwZQ9ggTEocWqQ Wz2tQysKDf4GC6lcHjwUe4FiulIoMf+B bjrxHUSeo73+ygUjSLybjM3bVT6Dn0yM idIqefI651bodJZWJMi2Hg==
urn 86400 IN NSEC @ NS DS RRSIG NSEC
urn 86400 IN RRSIG NSEC 8 2 86400 20260328180000 20260315170000 41323 @ p9yJzB2Mv5gizd6z0pCVvDBvqIrY8Kwk 3dm3Y4TRb1gMLN8i2bSGhouiRPKFBcEG aM4Hv4kbjnDw6nmIG0B06qNDcDmymyKo cShAw6TXV1lCkRcQ4a+0xXWjvZ1xcNVx S2jHPS5Jzlg9pQylVhWE0X45hmyjnpkL 6GdozILpFrtaSYHFk8dTV+6HCGZNEz7u WS6fCH6vU5n1QbRFRmYNBg8k3ySFRTXB iyZ7MIizIcf3LaOn2We9vmed5aLX+kMM zkCTsM5VGRwI5P35Jozzx669Vyfin55z 4Z+1mueKgnNqvW/2MLR6J80t2jXZBnbH DyKqLeQNE6jvXmQfb0rOVg==
