@ 86400 IN SOA a.root-servers.net. nstld.verisign-grs.com. 2026022201 1800 900 604800 86400
@ 172800 IN DNSKEY 256 3 8 AwEAAdhp2D7KL43KrfuBRyF0m4rUzo3G fnlCypjAO50OTdzEg4MDpjcssiUulWgy URVKOJV1vpFrb0kZ+72pdU9ahofVk8Km yrI9L7v4QsgylHEKNxhPjwM2z7B5NIet shWMYzJcRurx/vp+Xx3caC1jGWqEvPqq EQFS3rXIdh85A8hOaKHY5z91tIMaHUrl Uvyh6qD8mLrIQPMS5l+lpWEmCCTEMbsP cEZQfA5JMrqW16kGH3LVJSWZgK6VrECn FD/5HrccBhMkgNxyxxzhvPyBGkpss9On pBgrgGpJMp+uDUXenJ4CUJxReg6sW48n NBdeIUA7MlkjiOw8TH4V/mniHm0=
@ 172800 IN DNSKEY 257 3 8 AwEAAaTeX8QjGPfu932a6OfQGYeeIdyX dLGLbvQD4LdNmEqJLL98kdOWB3bE97Wd h3FzI87OOqAVCITqWxqAM+phyZ6DsBzH pLDdqvFXkvv99n042rU1DROyIuHdZe/0 qjR56PboiSEM6I7cPJWGJxlnR+JZVWXW J3lK38teTaVrNm2Te/WPU2ntHY160etw Vlxms4xbXa7WBbWXEq1q/9y18A56N/yz 2dKkVLh9fmMU/frslsnn5BDYlkg4Xo0V +cw2Qw46mYV4g03ueCiDJAenUfV4iU9u d2h0Dq6Rhz7GMuTojDu3hdUz4DskR66y CetWRyofLCwVtZShGYqqLbiDTJc=
@ 172800 IN RRSIG DNSKEY 8 1 172800 20260313000000 20260220000000 42581 @ jAS6YwhZVeyQ3jH6sO3BhO4oGemhkKHM jGRZ4AlceMxfgha4tf1PPvPGjAwvN0Jy N/SMuKAOhKyrLh41mErDIhkJdbTqVl/9 p3Wx257bPXzMtthrP28jdcn+yVRyuZ8f 5nr38GUvAVmTlPxUsiVm0bqyb+4wN2Gb o0Xo5Hw4CEBLJlKsTFzgdhdz9M9aOEk3 H5NtIUjdgwHQBh3550ZvO4o3/ojCrDg2 Ftkg958zlcyD1bN8fu/acwfjNtMYeSap DIjV4tP2+Y953rnZvTt7Pz0BStT2krDz 1Hkkb4w/oRSK1Z7LWuERwIAGPsLU63vl qMSrCKGXchIlD5vZLaE3wg==
@ 86400 IN RRSIG SOA 8 1 86400 20260307180000 20260222170000 41323 @ wUio/MhXmOKrSuzIuqWOI5isGJDbgDDn ZmlRnigca5X6t+Z1BqAup6ybrLdQN7bg A3MFFr88+S7kqaYDrrglLF+PwzaRmCki GJCzynavHsG0wcQ8rRS17tsz7kDNyN/9 nHJF+EFwxOQYUXz3vwM/rnZL2sXGcYye marDz0EYQLIHrfl1D+rni0+Y9kt+fCTi IF573Tg3cTFDTHdzDPUhmdnxeDLt+kex qcpoD2T6gvnUO3XFRP2CRvx9qdPkXu1J kB7mR2teRm4xAlISVHdTumJEk/YH0HXs Yi944oZCXbBtHqciESapZz7AFVEbbANe 7NPh83qCtL7vwo5BMK+YIA==
@ 518400 IN NS a.ns
@ 518400 IN NS b.ns
@ 518400 IN NS c.ns
@ 518400 IN NS d.ns
@ 518400 IN NS e.ns
@ 518400 IN NS f.ns
@ 518400 IN NS g.ns
@ 518400 IN NS h.ns
@ 518400 IN NS i.ns
@ 518400 IN NS k.ns
@ 518400 IN NS l.ns
@ 518400 IN NS m.ns
@ 518400 IN RRSIG NS 8 1 518400 20260307180000 20260222170000 41323 @ lPKvcDOPfSzag7bTyttpJu7L51uM5xs2 zF4H54WL+uePQ/I8GpisN7HVe9olmkzL iTH+LCygAnaTCLE5vqPc1wqdEROK25cK tyUPt2lysdTOmG+Wx2fasVcKuXpiJXM5 UdZB8HJVN+WN/cCLEVtl+Oui6zW/jPvV DBPI/Y8gnSxxgNgylh3DHm7JbyNZyXBB D1e0C585bLIjXnV9C60VltzaSlGmT68X jQ5IPgp3icKD5Pwk5WV9y3p3HKZx/J51 fpSqjQ3lmwNt/mOiQFDgg2UyVSgchZx1 HWvH8V/mke++Pl19cSYGG7FfFYAHcElu RxyKy6lUbDSQABl5A7ckMQ==
@ 86400 IN NSEC as112 NS SOA RRSIG NSEC DNSKEY
@ 86400 IN RRSIG NSEC 8 1 86400 20260307180000 20260222170000 41323 @ AjBd1MPBT/c4Tbr/5rXQq1oOSX4GJrD+ j5kAGhROkOA/xZ00Li+MOVEJ4FjeR724 mTE9DX7Gv9DNidmSkRT44aQvxgALrDPm a/wHrl6bbgARQ+78tIExb5V4xjawbe+X Rnmqd6Ssa++GUnAZNPHbL8Lsn8QCXweW 4MHJ+Rya11Z4arZ9F7a1Ijk5G+nWxFf3 HoEh3EMW+D8GoPzweh2Kg65Ayq41xIzP 4yFYZUlj0YtxBScfdgrgnZgkGa0ifTwx OyuIkirlYRr+MStGDirMvO93ZHchsx0Q CW1/iF83v8+RUlyda4bczZosWLRyA9e5 TnplLRAYbUeg+Cgbz6c8DQ==
as112 172800 IN NS a.iana-servers.net.
as112 172800 IN NS b.iana-servers.net.
as112 172800 IN NS c.iana-servers.net.
as112 86400 IN DS 51316 13 2 64ae9e7342f114eaf8cb0313d41b9a02c5e6484ceada7cb15c6b65e8427337d1
as112 86400 IN RRSIG DS 8 2 86400 20260307180000 20260222170000 41323 @ AwMW7VMTT0O/kM+pCmCjTt9C4yPUTSyT qn36AeQYWW7aDU0u65H0cXisTCx24FN3 4/06LIgFO2jwDjlUms1u6be9B2jsHv6p l/+AiWFpqB3rR+mjBFfmYy61NOrlWP9E FU7PXLbNnj6OmLVyY8ipVXY5fJofWQCe LNFW/JjNHpinkz9s4t9hQoyO+O6V27QJ 9fib1phMG6lO/RO6N4RiBjM+eGV1+ZXt VorRc3ThRBHNuZAaf8ovHnT+GW6o/b/E gCt7mQ19H/S95NUydzx/Zcf9gPTxpGdY 9IWeqT4MImuLdsHOxEgwBEYwzZ1T6e9j O6U5k9P61xMwheOaBOxGnw==
as112 86400 IN NSEC e164 NS DS RRSIG NSEC
as112 86400 IN RRSIG NSEC 8 2 86400 20260307180000 20260222170000 41323 @ PQ+1q//NAbyzEKk5rGklPsdkRYPpkIay tgxViBv9X4bQ4srZn+WKauLB0mLtVztg tVLNOseIWofjN8UXUahWnAss/9lfK3L+ 5xdU19SfopPFC6KIsOMIMniF7UryDVZJ 2rMK7zrtaD+X4uhNDCpyzYcfRMxKNCKE ahmC1kf8EPfpZe4WoHs22Xe8HANUfwq9 Vs37miUIng6XYPdFTTep3befYMS6dQeS U4bBjNaVfZDQZOSWRzGNNdKpV065VDRW /hh9dzUuQs334MZjQnq5mf+c3rFAg5EQ wr5BdsflaD7dQ9e2ykoa5IDcoIz7ma6N vM4ewLkahebqfPzZ93qlmg==
e164 172800 IN NS ns3.lacnic.net.
e164 172800 IN NS ns3.afrinic.net.
e164 172800 IN NS ns4.apnic.net.
e164 172800 IN NS pri.authdns.ripe.net.
e164 172800 IN NS rirns.arin.net.
e164 86400 IN DS 38525 13 2 20e0fa2851402b42b046407524932ff7b6a0691368b0e1c6caa0774816f37fb7
e164 86400 IN RRSIG DS 8 2 86400 20260307180000 20260222170000 41323 @ kMRzLdI8jhIKHceV7CWga+m5REiDjH/1 LZzqgsGBd/7vxIeGuOyX0JJmYOFGLDi2 EkXhbQuxsoWY7F9plr+QuXGhQWTlmaBn bTE+8U0oFVhAfkL+Aqio95R7W+Otfv5Z Y9FboiHmMFofohxQ5knBR5TZehGzvtZ7 UP47Cr9W4PkuRumqYXNXCJMJLI4tz1P1 FJf682cTtyCKIhEFPbJ6wfgYXmyI66eR dHT2uoPiseTpoh2//5zNWtk+cggu57mR ar9YEtQe+RKknOUf2a//xctTbDpOC6kN G46eV2ajFUaqdfaivqV/vnsp49HNrBAh CpfBTIBzway1NdIh8VJNnQ==
e164 86400 IN NSEC home NS DS RRSIG NSEC
e164 86400 IN RRSIG NSEC 8 2 86400 20260307180000 20260222170000 41323 @ fTkL2aGTD0IMueb3Rz0Bo0k3vRMEVyrQ HuLUu9cxQ/3Z5Unrw3xl6kiVhfo8tNkH lTvBrl7T18jNs+1v4F9SbJd7GMh59fqo 8fHwqRK3L5Py7xbfIGCeZd5d4FZMAKcj Tf1QG5ezuvVQqu8LcRYebBG5RNIMBvRt nF/D8rE2ANmlbM4ysBx2fkEClMVhfd8X d37jmvYkn9oa/I95R6Y/+fy2n2kIIzPr IIe8k2yHqYdoBKxIKAQd7G8f9VDH3Ove h517cIi5bxwcAx4yxOytB3y48pXLsuhu yb+x4H3WYUrGEQ7xiVQdZ+ykAqSPRNcZ Lt6AOzL9AYlpZfkJdSv76Q==
home 172800 IN NS blackhole-1.iana.org.
home 172800 IN NS blackhole-2.iana.org.
home 86400 IN NSEC in-addr NS RRSIG NSEC
home 86400 IN RRSIG NSEC 8 2 86400 20260307180000 20260222170000 41323 @ aNmFlRyKaBpYoyb1rt27n5dJPVcGmH+B yfn567r4e1MYA1zl/0O25gpZPoolZ/7O 4uxFYlfWbHfxpyz3MEe+tLM0q3n3KZRP J1ZNAD9ajf+QTOmrlwbFPzPe7Z45s747 3usg0/1ZCZG4/a84NxVGXMuP084R4sf1 EhxoiaC4FaoDRG02LQybg9ZLSaOiU5cF syFbnnxGTSp9A8q/0rSxcYyULSQpgq9a nCJPWcnma7CBmYbSTgM6VthvCckN5bxw +Ct+RAckZuBYdvR3WN132NbiYCbnOOTg MURZ4P8JSrGSSPCYwBO6oSI6Zwsvogkt H2IZum+LdETAh/5Lah/0JQ==
in-addr 172800 IN NS a.in-addr-servers
in-addr 172800 IN NS b.in-addr-servers
in-addr 172800 IN NS c.in-addr-servers
in-addr 172800 IN NS d.in-addr-servers
in-addr 172800 IN NS e.in-addr-servers
in-addr 172800 IN NS f.in-addr-servers
in-addr 86400 IN DS 47054 8 2 5cafccec201d1933b4c9f6a9c8f51e51f3b39979058ac21b8df1b1f281cbc6f2
in-addr 86400 IN DS 53696 8 2 13e5501c56b20394da921b51412d48b7089c5eb6957a7c58553c4d4d424f04df
in-addr 86400 IN DS 54956 8 2 e0e2bf5cfbd66572ca05ec18267d91509ba6a9405af05c3fd4141dfa45200c08
in-addr 86400 IN DS 63982 8 2 aaf4fb5d213ef25ae44679032ebe3514c487d7abd99d7f5fec3383d030733c73
in-addr 86400 IN RRSIG DS 8 2 86400 20260307180000 20260222170000 41323 @ pAUeE+cSQDei5v62ay+Lwlpjy8aaUsLp KQRVg8p/CdYPFQGmta5BnXy1pgHfkUiN +DokVyIktFOxWzsKxr9X0F9n2WneR79f o3KctMgEBOzX1YcRXd2KkWUIoagOdpjQ XuBifLqzAJ/BuSC/lojugUMATHAuwY9w kcete3I0Kx4U+HofbueDshsJ7fEOVQCI grIOnkn5faQ54TMV9Xzra8zEoMzMeJNl Fx4VjuX3O7fx4+aAZWMym+pbtwiWECIK d06T4+XkYvSOH4+6huKAl/hqCCDyuY20 RDlKGzYifumpoCMXLKhHBMctiuWRCbGD MlMHEC9vTK0vj1JJF7r6yA==
in-addr 86400 IN NSEC in-addr-servers NS DS RRSIG NSEC
in-addr 86400 IN RRSIG NSEC 8 2 86400 20260307180000 20260222170000 41323 @ fvs+/OSPVudjTd+cDQHErb7oS9z0XSSL U1UwjrFxwDxK4z5dplzfa2JJ1X+oIfMU pCKCRz4YNHnYUIN+wuEbBcNNUXQTMM5g fR61mJ8kDed9WkM+7sqGYneomWelwBf7 T3gNGAapJ/PiD8tsDrekngWMDGzXDxJx m0hVKCWxgpPjSkuioR7SkXAN+n9uxKkn h6Hgrz+Hfo+UX92YX4BRCSVFDJ/o9u46 JTrzbtxB/Wvnz2wJisibhvoVmLW5Pa7r PK09t7AR0e++2z8CkjngHsiU5IdvJmhh 6hhNOk66YDos3cqxdrRr0yvtJ6Meu3fV BePB6BN39xX/ycsX9Rji4Q==
in-addr-servers 172800 IN NS a.in-addr-servers
in-addr-servers 172800 IN NS b.in-addr-servers
in-addr-servers 172800 IN NS c.in-addr-servers
in-addr-servers 172800 IN NS d.in-addr-servers
in-addr-servers 172800 IN NS e.in-addr-servers
in-addr-servers 172800 IN NS f.in-addr-servers
in-addr-servers 86400 IN DS 1987 8 2 dacfdeb02a489a514c6408d0d54e0904fe6e09a6e111abc9eacb27f6552805e1
in-addr-servers 86400 IN DS 45104 8 2 50136f7a8d3ffe4f9887ad234ff8ce945cabd331feb12569b2f61f99ce40fdbf
in-addr-servers 86400 IN DS 62996 8 2 836537710efc1e5570e3aeff7c0c80d3957a16ddf8005034bc9082898968dc81
in-addr-servers 86400 IN RRSIG DS 8 2 86400 20260307180000 20260222170000 41323 @ guIle6Qll2HKesofEo9Z6RSSUXYyeZNt OGNpU/jcj6+GXRroYe7g1jHRFZ5QEmrp fU7iSR6mfO33Z+GGSy1e82g3sswiWnGA 3+vISI2E1qT+8ZiIa+UBes9uV10nXyaj TwVa/xmrwki4s9O0IQL8H06oIUpmHpgH EivKjZN1+ro8KMPt4oxRFYoK4iM232/8 i3hR9fu6RCbJ/kgd4T2/Yc4Hi3e4TUcY tlp9dKZ2h+6yP0yoFSMLLQ0E9UiLCCqV 1wpxGWScVu6dXLv9mA5f7ApRKktzCKzh FTqKhwA8yT5kPypa0BPGKEzeBXDo93rW O6SkvAqlSZfUtLZDCHT4BQ==
in-addr-servers 86400 IN NSEC ip6 NS DS RRSIG NSEC
in-addr-servers 86400 IN RRSIG NSEC 8 2 86400 20260307180000 20260222170000 41323 @ OLqk2C5V4N8ccyN4bIqvSz/jlqAkx8Qp RD57OwH/fRL9dYCo30R3pWai00oCzQCR 0reu80LDeOVaCZ+IgDjc/Bp/QAvlXrdj MXKfsPvYgojx4fv3xEuSXa7nVuwc6BIW BwStUaGosZjdDdM/0/36ko/lnEGXLmD4 yiYCfSKUo3aLnUMSnkCdfFAhmLyPDIem jLMU4rli6d/Wgw2Kbrh5XaHbQGcRRQ51 J/VBokb76An6ttFqjfecLv7CFYfGnHlE YqL5n/6JHEq6Uc7d5yVPW77YQrHCJvaQ vwACeHvRb5WvWUiPqZjkveXwYvYdmXU6 dnxi0yp7+hFpMz231hICyg==
a.in-addr-servers 172800 IN A 199.180.182.53
a.in-addr-servers 172800 IN AAAA 2620:37:e000::53
b.in-addr-servers 172800 IN A 199.253.183.183
b.in-addr-servers 172800 IN AAAA 2001:500:87::87
c.in-addr-servers 172800 IN A 196.216.169.10
c.in-addr-servers 172800 IN AAAA 2001:43f8:110::10
d.in-addr-servers 172800 IN A 200.10.60.53
d.in-addr-servers 172800 IN AAAA 2001:13c7:7010::53
e.in-addr-servers 172800 IN A 203.119.86.101
e.in-addr-servers 172800 IN AAAA 2001:dd8:6::101
f.in-addr-servers 172800 IN A 193.0.9.1
f.in-addr-servers 172800 IN AAAA 2a13:27c0:30::1
ip6 172800 IN NS a.ip6-servers
ip6 172800 IN NS b.ip6-servers
ip6 172800 IN NS c.ip6-servers
ip6 172800 IN NS d.ip6-servers
ip6 172800 IN NS e.ip6-servers
ip6 172800 IN NS f.ip6-servers
ip6 86400 IN DS 13880 8 2 068554efcb5861f42af93ef8e79c442a86c16fc5652e6b6d2419ed527f344d17
ip6 86400 IN DS 45094 8 2 e6b54e0a20ce1edbfcb6879c02f5782059cecb043a31d804a04afa51af01d5fb
ip6 86400 IN DS 64060 8 2 8a11501086330132be2c23f22dedf0634ad5ff668b4aa1988e172c6a2a4e5f7b
ip6 86400 IN RRSIG DS 8 2 86400 20260307180000 20260222170000 41323 @ qGIy7P1f+PPOjqZjr1m64PkFY77/KvbN GOw+MFKlKCx6VObpWEMCUaM6YlSwf95u 7MJNsTzVRkLbzyNWBtfdrRN7rLP1GVpD HrPdJ22II2vUozfq0t3wqNSVGOZyYWdy bGSqpclNm1PNn2s76nqjR9JI/Q1e1sm0 BrWGFXvN5BHsE2451yOHKl9Lnh8hgniV BRjPIpKFUX42OEeNkDfEn3Jr2e139X4Z SDkBkLWGCZ/Bd+homnz4Dc7s0Luojfbk hUsLV8q0n0yJCrKAWtGSeTVc6VU5WO6S WBmVxD6e7vdXYloe9PpQEZaqZS9HHLfF GyrXN3rA0FJ+CkIJvTyKsQ==
ip6 86400 IN NSEC ip6-servers NS DS RRSIG NSEC
ip6 86400 IN RRSIG NSEC 8 2 86400 20260307180000 20260222170000 41323 @ YF3uc228f1ijr7Dhz9FdN/d9ez9wWAq9 0kzPEjKYhSzqKwD1eSv8bXROvdz3Fhks ZbmkY/y+PGhj4ASdqsDbN5ObMlKEo6On z/1tDyZ7xH66e0doxzwu8cG0M0bXv6kK NR7TdQGBv7m9cl9eR3kymf3OhJkFckgd cLDhORVPFf3TUdloFxk5agn1tdGVV0/t 3iFNFKzT/bKQ2N/kNOXqsPhPs2sfCaoF +u0WadbAEh+50fw2JR5ZLPfIBUM8n9Lh ofUTLMMd1+PI4b3JFk2slhzO9jtkHFwG m7Ae/uAkOysg2BVQp7L1jx6vvYuitoqT YdXlWUOqyOFE8MBQUgRMgw==
ip6-servers 172800 IN NS a.ip6-servers
ip6-servers 172800 IN NS b.ip6-servers
ip6-servers 172800 IN NS c.ip6-servers
ip6-servers 172800 IN NS d.ip6-servers
ip6-servers 172800 IN NS e.ip6-servers
ip6-servers 172800 IN NS f.ip6-servers
ip6-servers 86400 IN DS 16169 8 2 27fb5354c3c011c2851ee25ba32929b645d63262779ac101a6f28cd631991269
ip6-servers 86400 IN DS 19720 8 2 f154d00f5759c274de9cad621910cc0b87d720d35b7de4b0b566e135196c38e2
ip6-servers 86400 IN DS 54832 8 2 ff0d5f44a086a7a31b99c81cfd1135524b5896878e6de78f12b3f609bf7279dc
ip6-servers 86400 IN RRSIG DS 8 2 86400 20260307180000 20260222170000 41323 @ OlF/OTozGuCh7UnaGuD8eLHCpp55ri35 gxIvc2H/n3TZdO4kvSzKpoPetc8+4aV/ VP6wN4+UAwFIvJkppm1sp6aLQXLPBQ30 jf7VGL5+lWPOO+V3gEheGUoPVKkyIspX qLoF7AaX0J25W4np94J5N60DGiIVMSim /txvZvOZEWrckwwzXR/wbwIYyWemKuyS KmVsQ2vQsdWKOhmhZCCU5CBEQWPWLwKz 1r+AHbUeIspsfVhpvrHqHWcqxha9ge00 CA5OhZqriRrglOJyx/tGy+f6p5K08tG+ ldCyStDAHht+Na8mgpBjEk4Herg9WBu+ 8p2RarEPgzI1T7TLJCQBRw==
ip6-servers 86400 IN NSEC ipv4only NS DS RRSIG NSEC
ip6-servers 86400 IN RRSIG NSEC 8 2 86400 20260307180000 20260222170000 41323 @ jcdl3/evFHV2UBslb4+XM+DVLLIUxjKU JLVX+TWJUnzbNsMeXwp9eaIWXgrhdiVX sX7o7/NCvEA0d8hRFVxKrt4K3ILmpQ+v LXy2cdiZced7C+BWae0e7DjJd8tsHl15 WsUrE4XzVvsfy8pgly3abyrHqHn7fZSO gXyuo3AnrEPeQME8qQfSzkdsbc7ARC/G W+BVuZz0VjyASgDxeOxg0EOBEzIDw7Vu z2/yyKCXej29RkcKWWepXsm+UxnRRs95 D1GtqYQ6mojMQ4cI7e/Hsoa2SAVKkq7g 1XLSPmLucpUherSGn2ilYjuwmYYaH60P uedDSy7sD/8jkZ1qM5kVfA==
a.ip6-servers 172800 IN A 199.180.182.53
a.ip6-servers 172800 IN AAAA 2620:37:e000::53
b.ip6-servers 172800 IN A 199.253.182.182
b.ip6-servers 172800 IN AAAA 2001:500:86::86
c.ip6-servers 172800 IN A 196.216.169.11
c.ip6-servers 172800 IN AAAA 2001:43f8:110::11
d.ip6-servers 172800 IN A 200.7.86.53
d.ip6-servers 172800 IN AAAA 2001:13c7:7012::53
e.ip6-servers 172800 IN A 203.119.86.101
e.ip6-servers 172800 IN AAAA 2001:dd8:6::101
f.ip6-servers 172800 IN A 193.0.9.2
f.ip6-servers 172800 IN AAAA 2a13:27c0:30::2
ipv4only 172800 IN NS a.iana-servers.net.
ipv4only 172800 IN NS b.iana-servers.net.
ipv4only 172800 IN NS c.iana-servers.net.
ipv4only 172800 IN NS ns.icann.org.
ipv4only 86400 IN NSEC iris NS RRSIG NSEC
ipv4only 86400 IN RRSIG NSEC 8 2 86400 20260307180000 20260222170000 41323 @ xxTA7JLz3EBH0bTWsnxBPhqSjPjgSx7J p6i7m7JLAw498G1x6SSKFwiy1hQdlxwm xkd94I6Pu7wsctOCvkeIydaGleQDcjoV bbD0qaeP9VrSsWVlkBDsALtlzLXsG0UC Q+Cfq18WxVDic1soZIquadpoyM15t6Zf GS3sfmk/Q28Z5rSerXG7q4/ue0kxwqUi GNM/6XtGph7qwqnxkLw1pDyWW0dVEtbP kWQlSiYRtGonygKGFUKBR1f8lsxqcgT7 9UX0HnthpVNqpI70XB9wMMYon+ItFlBt bCrHFoLgimuJl+iFAQpacqz4XH4ZyezP zMfW4Pwh2/BoVDp/3/FNYA==
iris 172800 IN NS a.iana-servers.net.
iris 172800 IN NS b.iana-servers.net.
iris 172800 IN NS c.iana-servers.net.
iris 172800 IN NS ns3.lacnic.net.
iris 172800 IN NS ns4.apnic.net.
iris 86400 IN DS 38534 8 2 163416c9dcaf8d1babfec16552ed109029607907ab80b195e1dab40f1792a59c
iris 86400 IN DS 39464 8 2 1e09a2d6374800d54cfd0e52293906ccf7db7e923dcab7015e4bb697d76d9846
iris 86400 IN DS 44285 8 2 05cbf77375a8bf5702cf8e261ff947be8c8ab7a0b9485a0241edcfe2f155c7f3
iris 86400 IN RRSIG DS 8 2 86400 20260307180000 20260222170000 41323 @ rs+EdFjfgZVE6t6XkjvVdjKnLOSx2Trf 6PJOesXKWow2sSizqBt7wmY+Ytd1ndad ZDKtpejemk3ysB43zgwgqFmsb3UWw5dE +7VkmvSdEKL55p1DSdNWtC8JrLpe2OMk Z1CbrCfE0BXGh99fRmTmBaxlY2mlNPaJ JQ2Bfowso9UD70vzH/sDIjdKFfUWkm07 jqmCE9OG3RTlltcBdQZokpstCSYM3qaB 3at0THXSDlJpnaZ41L5GizdfnanXfauE qUYDSABZEz34U692qVxj8nECeVz/v9zB afD0Hix2wU7X4MwHk9+yhFOZpLsudVN7 A2qlO9IkPrl+xFtygdUksA==
iris 86400 IN NSEC a.ns NS DS RRSIG NSEC
iris 86400 IN RRSIG NSEC 8 2 86400 20260307180000 20260222170000 41323 @ QUUAyRAGx9DDK9sG3y0T30aTeAtngPDa 1M8HzAjtKyUeO26pdyJsEvTdEDYkaTmd uzVTqbnLpXaiq1Jz9y8R4EPQoj0Xw3Hd smZHOZtqu1AchmYOtwvdlTcUzKZd9/aW y0zw+OxS/8+fLnxj6K7XQkE9M+oCJnJS GoPPgLG45lSz1OnTUbZTrRv1baUhTr17 zqDjVQM0YcQKu8iqTbjI8QxvYyfKDJMu OMiNbc4dZcZvpce7qgCDc7R1+vSS32y/ D82/WjcHbIDOMMKMi61yZv+b3CIDJ3vk vVifRU90fdByZUZwNxdjvdKqBYObjV/7 xFMSw3HqPWQI/uCV7wElZA==
a.ns 518400 IN A 198.41.0.4
a.ns 518400 IN RRSIG A 8 3 518400 20260307180000 20260222170000 41323 @ iCFmYDAbHl2wdiWohcYJq+rvK2SW0c+9 Q7uGdqS4rNoKqfPDISyYmZ7eNGEvxL8E cbxplwGs454cSQwyirO9b8kIqfr5BULl XTpQrVnHLOVJpl/en53n8tk19scVYRXD Gc10snXyZFIbaAhwkI9+LBJ4RDknLRni iF14vzwsDRTNXNaBBBAYstofTou8AdRX NDlgcD+wbbjAZcq0XA1LGSwSnZ9I/Ijh Es7XDrSwvMuVPHYw9bYx6I9+timsqN+0 73yXPUcOmI+ZmXzyemWj3M7r8aRZFkap aMkhe4ZPxbFREKGv808PNl5Hp4KhUM93 Xl2rMSPPE6WhgP40kFLz2A==
a.ns 518400 IN AAAA 2001:503:ba3e::2:30
a.ns 518400 IN RRSIG AAAA 8 3 518400 20260307180000 20260222170000 41323 @ RQaT9KT/fxhtRtFPZeqmRszDIMb8X7ia Np++t/BTv6Db+qhuVPwoTs6kEyWGFN62 g6J0cI3kQpixeO/gwjO9gzOXgxpHoTKu MAcuXHyfufb68MvLuZHOhTyyfjxp/ZsP jJGKw0Svt8JGhTDeyE89zv2NVhhxepMP gwHmPB26VSVAua92dHivodcFAvuxQyDp ZAyOnCSpavRsLSeZtBgEiivNN+YLaZzr WE9tSxh83SAxbwbEgl4xjxQOyLemJqNk 114TykSEuxIsbFxwheqmyv4ZnbUWqtAZ 5G0H9p8d1mA736H61hea2ZJIUhQdnxiN 16/G++uIuxzhgQtXo+0gPA==
a.ns 86400 IN NSEC b.ns A AAAA RRSIG NSEC
a.ns 86400 IN RRSIG NSEC 8 3 86400 20260307180000 20260222170000 41323 @ wjeIS4EaeDCb8TXFigpC282GdL/iOBk5 JdtH47f/n5hLdysUw0eeI1o73M4+ziQE VvGIjApbK6AFOQj8oidvlhhTHQSWoznL bKH6HZaFvMTlBXFla3boVT8uL1BnBLKc TbpE/NEqA19jqNyEi7pDtde8Fq8+eINx Ykn6pT522PiecMwVhbyAjpO4YHpMH9gJ +klNHBp+szEO2s1so12giBSDwjXokViO EnuuSWMAz0TBoqoNeT+ZkUwHd9bqwZLv sAXa2zDTICh7MRgV+DFVQFoTzBKiLry+ fEuASSxKbx4yv5Z2Kx0QfQeC/l/M3Wf2 UjhexA1fuALnu8HahHAB5w==
b.ns 518400 IN A 170.247.170.2
b.ns 518400 IN RRSIG A 8 3 518400 20260307180000 20260222170000 41323 @ bg6rUThILiR4mJaXX/XpKoiT7RhYsqQn VvQhyZIJEOcaNKU5tGavTocGCqBA/3Eu Qa0roOKTypXUPw8tf7mRmSCWr5N9WhXZ FJE/NVFgEMCokCqfs+13Yaokl8tFUGHJ zj8+bux61jF2dQul37a9N6AE4z6VrDCm L1iNpHO0RW06tun3s3q1DDbN17fGHIcX HTviHvkdvGmUX5VPeW3ysO1FLXORhCsn loAlAg3SIx2FvLXZKEpUou7b/x6q0W1W 65KiCgZ3jISlbAFCbjs50ZZ9divPY4og 0ZPmWPfl8DzE6AQaJgk0OEPRcpcoa6s9 ZWJ0lyAOemZqI/gC+AxW+w==
b.ns 518400 IN AAAA 2801:1b8:10::b
b.ns 518400 IN RRSIG AAAA 8 3 518400 20260307180000 20260222170000 41323 @ 0neFcYHs3T44UShhBK7U/wCGOsBG281r srI80ZDPsR5Ud79yKkpepJzx5EbItZJc 1UAOy8A+p3gDIfJhpmgVUVHBbAF32GZK JasblII6VZtEGv+krGjDErdt4FRkt9QO loxjSNP+p0D4O3bkngUg63vjHW0+EjjC vB2H+YFxmros9j4zecAJYF7jqPpke4Ji 2nEgkVClySvdJDU8nvSFp0Bv8GAbSTSH 7hMUTx5dVV/Zfu9OdMfeFFM66tnKX42R CA+IckTUIpPQbt3zPSIR/7MoxEZNGur2 1I5ohN6iRo9Kzxc/SkmVLgiAHmX0X+Rc FPc3YQWKNeOb/3y8sSqNow==
b.ns 86400 IN NSEC c.ns A AAAA RRSIG NSEC
b.ns 86400 IN RRSIG NSEC 8 3 86400 20260307180000 20260222170000 41323 @ uShuu7pxwUn9CGbxjlFmZPemzsbGJHfT hlfdDNhTyNbA551MLPkFAQ0BHATMhWsX 0yfnC4aLLxwJ9KgS3Oc5x5Z344/OPnN/ eMLW4xzczKtp9n3ZSHj2PwpynwqJmSH5 2TZroQSvM1gKZeiyaTEKZ+pKMg6VHUG3 HlO94q7EjnjlkidspvNSauDkZbDgWEiO zeIWLTfI1GzAYsvWo0dPCx1wOqOtPmKa iytLDqOl/Hga3D9ZcsTx6UlojYfdo6G/ U4H+fyETor7+20nfjFitnIIUvhutGh+d UxiAoMFhJIiHnpZSCL1HMAzGK9ecs+EK AK+CqN6yYbylcJVAQupHUQ==
c.ns 518400 IN A 192.33.4.12
c.ns 518400 IN RRSIG A 8 3 518400 20260307180000 20260222170000 41323 @ 12nWjS0rwAqrVgDPEkn4kVk87auk4OHm tixZrExE7mrvGwI/IJALa7qREoGoebFc mohn/v0QGB7p+KOhoZyupjwsUxpBMLDd 6ieCOI8nk4hdyDZ/BWmYwrHWsKJotbpv uyaY1N/6bcj6NqHkWK5ebp+lq3+atoCw tZ5fV3T4yThJU6Rd5zjgR0w4F+T9aOml kRGhlChlieOkkPbY2RoUk08bfXHMAJss yf1WfGOZn/VhtxhciyscRlf6XetXQIJo cVLLC6VqjZ37DWL7rUcDqtcEBXbuaubu hN3ZY0rObc7vHGaCKK+WX5vLATs9czLE AdPWqB4sh5dqbD/RXN04lg==
c.ns 518400 IN AAAA 2001:500:2::c
c.ns 518400 IN RRSIG AAAA 8 3 518400 20260307180000 20260222170000 41323 @ OoLqdSD98ZspepV3UH92lU7M7DAo7f9Q 4U3c7g4MM0h5Of5FrrfO0GEt/r1zJCd3 C4m5uX+G5xXkGI9IE4ABjlipJS5o1P4L PaVjWeKr75koCfk+xFI09QuhIC7NcN3F 2lEMVqdFYu3qVyeCnFGcWzZwZpc0AvAs xNXzHrwEGFLSfYZ2MKln3WD69Z65sBm9 UOdHBYkwIncwASLUqoCjZgicHfeCkeHD wSn269+B4AyjG/9M/AVfpfBpdsuJHFWx yKR/295zKChWR/0BmL4N8MjKW0ywMOnY fbpHsIAMnsY8KF5Y7n1fmpZwKDVhZzm7 QeluXx4JB1m8kwr5bn04ig==
c.ns 86400 IN NSEC d.ns A AAAA RRSIG NSEC
c.ns 86400 IN RRSIG NSEC 8 3 86400 20260307180000 20260222170000 41323 @ QrRl08cFw9qX2uK2gJxGTn9jNmX8YPC8 z5YROCTFo8rcVw0UuVFRpujFTL9tTpRS fd1nHFqstK1i9lUt7dZL+XklwR4pwyrc /CtVhNB/Wts4VVdO58oQLKGemxVtTMC+ sxMri9ybiCg82d+LMS5sT4NYaK5GWOE9 gMytOh0r2d1uTBD0y2G74eyTT1+Y4/Ds cpS457nM9Qow4PATfwIYDLmQQRWe/yHu IY4hWG18EDCubg9hcWKZ/HBONXptPPnF 33x93WUxRMhY6cCo7dIf6U+ng3X0gAQr D9mnCaiQ4U5p6VDz997QzuhlzH8CUTCr /wR3Vo2U3yTakv1KRm33bQ==
d.ns 518400 IN A 199.7.91.13
d.ns 518400 IN RRSIG A 8 3 518400 20260307180000 20260222170000 41323 @ ii21GQfKBmnCtBnXIyhNk9b/eAHduh4f YF5H/RLvLNTTfZixteaRqMtSabl5AMay mvlVRVjD14EHU3+cbhJJ36ThnfmZ02B2 ECvFaXvQyU7YEQ9pvzi/80W+weBH08Ly ZFHT2wIholwkMnjQsWW6PJinUNBOm8A0 d5WmiuW8fKuGQB8EJZjdiasOnTTGKswY dtJWN29gRTMIc3PDFyZ0CAUU3Q+pTzMd JvF5ZKi5AU15g92x+WKV1lne1MIEWCVq 6rhd+j3B43E7baaHSLdYPMqZZM4NbehY S8F4jNrVXfMJdszK2j9go5kjarmuv9sC NAXBxEei1AD2culY8cEA1A==
d.ns 518400 IN AAAA 2001:500:2d::d
d.ns 518400 IN RRSIG AAAA 8 3 518400 20260307180000 20260222170000 41323 @ wPi9igg6UjqpXryt7auIoREBWTK8f2Pj VYnknsiDOS0IdExFMyRrtw/ozWLfhAce GMcF72RB4/loEYUVkp25tWRYQ3mx12CT PD3k4nyJ+Lt83cjXsSqTGoypV+q57SwM yjRF8gFLB9UTdTQXTv2xRFmoKfKi2HyZ iWqx3nsLY3nSNllwBqZIQ5RoaIeIdecb lPOwRhPi4Z//jSDeGDk59W7QKiHwscwZ lrJIxvB2avP9gdWvAYBx5kDJ7fY9sZzk v1EoTpm3yaJTaCJlZEgfrudUVYWiEf5C A/URPkS3bGK5XWimT1FTAB8F4oMp91qR uynQRlSEhWs9IuezQ/H6mA==
d.ns 86400 IN NSEC e.ns A AAAA RRSIG NSEC
d.ns 86400 IN RRSIG NSEC 8 3 86400 20260307180000 20260222170000 41323 @ EzmmGx7uojZL2O2tOV0FTLg6D4QRhXwq m5hCkulvXPqRcs3NgzFYsT1bRCBlbqTe 02b9s5RibmZNRQJ1qA1el6fJaTXfr8md 6LNJucLMGvwpRSlZ40q/NWLJa7FUW6Kz 4mknubQFOj8ODPWjaktQm+S8GpdGyXzr 81f7wLJwENuNR0RlzDm/GDpcM4CGete7 FerWNYX5J/agPmFQT2Mqy+NIUEHKwEKS 9Awn9UEalkhTB7Zr63b5dpuwmDZx3rdN T88ACCfM6kXNcDt5oobKpCEAihZoIYqZ 4kd1bNdMbvspcHRpPm1QAL3E+oR4G1wl vh2Shl32wl59OX1wCN+y4A==
e.ns 518400 IN A 192.203.230.10
e.ns 518400 IN RRSIG A 8 3 518400 20260307180000 20260222170000 41323 @ WvxisDTNVPurt4kiv5GEAHV3FEUWPC2w KX1rIqQlHWhAZW5NSjUnWHYXn+flmHKu hPkWxtzSwHbAMJLM7wtU83a8VbwNGC0O aCN1e0Pus/jmDUAg7el4aDqFNuVwRFEF jeqEjWd8pfVNY15bsqw/5MHDiLSUVZxO PquVECWZBI/Dwbn2vHVdZFu9t4msAGfg xIK0MaZgJuxUCSWcaCgpuksRQrUcLcwp tti8Yebs9kVSU8PaWOv/sb8DSDGxb23k WIyeDG2vBz5eitig0gr/G+fRCstwVmT9 DI/bHtAmRRP00QfHjxVAUpH4pAxpl918 vwmHSJroliT78h+y7qXo1Q==
e.ns 518400 IN AAAA 2001:500:a8::e
e.ns 518400 IN RRSIG AAAA 8 3 518400 20260307180000 20260222170000 41323 @ ZPXFZLewxwHcb0ZaFQ6bamKIxG0RA2LD 66Dwj7mpg1y0BQ6Ii1qTDGHi4qh+4EkW 41WNv3vf2CSmygb/d6lDUwYZ9Ebfgyf/ 1pB5izGnhyUgJs7aY8zu+ZRyx+kYbyYK RN/JyFE2i3z/Rn962zeU5NLBDnwCx4qZ TyoDsEn5/A81kzt5eaW32rWcZ9bTvEvb tnphwqOqVCy/81FeSTMauy+RRWt4v5/N vpMmo8MSG6mRhS4PSztGB3SAMaDNU5wt 3A223NQ5VctWCxZR7vIyjc3K4u6fpT38 YInos6nrOmnn615hrVHvdyLSCEicQxiJ S2AU21HpW+ZlyAn6OSd2gw==
e.ns 86400 IN NSEC f.ns A AAAA RRSIG NSEC
e.ns 86400 IN RRSIG NSEC 8 3 86400 20260307180000 20260222170000 41323 @ gK+AA6fj1Mw+vf6lvWyj9tPpLKquTINx 0Bkz/0IwNDWMTPCjYXMJGPqSZLqov88J yZtvhb5hb/7QpxSNvfX1RDgWahDv2mlb U+HwezvTNMSD1b6E+Z0Xd+cgfCzRaRJR tMtrT+xYvZL1Rqh/HLjIiJVz3c22/vp1 fCeJpC5zoJWztnn7N0VWVhYfKDSGJc00 aBl3yR7mz9dHs+Tt/Josd7//JHvYIjYy qc/4ofXr3RlKCyPw6K4MQQl+ibD+eB2D hRsxxkwW5ZfIdiaRsySCSrWwYVLec9RZ Rts3cbFxPD+RyCWuFq4uQmMqc7ERosl6 WubqCKL4MB2TYJ1isuHXHQ==
f.ns 518400 IN A 192.5.5.241
f.ns 518400 IN RRSIG A 8 3 518400 20260307180000 20260222170000 41323 @ ykMLlx7EJEWGwB2pk8HsB4h181TsIAJs 5ZoQUUM3cQb15bMFNnq768j85BVfsOLm drnDtc9mLGnLKPbG3nq29DYRLnuUGQgl BHMqyJjVSy88MwISZyS3QuCrVzBBejp/ z16oB3upzAMtgCvULKHuYVt+Ns6IuJoG xAwJ/RxWrc8eguZomniFjMGfXb2DwKMw jNYdyhoiXGp1rbXql9KPySJxtjUsM9xK ByS7Lig/MFAUpcPVXTUv1aEMsnzOPHfv BKFTcCfeHiRsZH+HzgT5U6XjbMDvsrcT i8EjtZ4XjaRoTRZ/aRdIMmL0ck89qCGv LLp7DHqD00GRMJ78WPxzVQ==
f.ns 518400 IN AAAA 2001:500:2f::f
f.ns 518400 IN RRSIG AAAA 8 3 518400 20260307180000 20260222170000 41323 @ vt4xVYY2PG8B5xDbNsd0DMswNzqmZaQd p5668Vbhg9P+UxkXSRRK8eyYT6o7Kncg Re8chsLClZgAkX/8tF7knMRksEDJhqfD oE4JDmyWKP72NEvLbg+W6PtEJGCSjKhQ JTvZeASxKgPcUytF7dwdwGMkUB1KwS8+ rJlEw0QhIiX08BMgqK8mwatAmwki4TIZ 5A+iey0s0wG5oZHTgt1SnQ8GIaZo0i+B Feh4+Buww9KLSTAt1eSuW2YNQ7KMN69k AC7assPYFYAI5XlNOD1D9bceeL816Cql EgZ3UMuAhhNVO2NyZzG7RMmWbXVPczj5 azMw/il7J+3O5KlXnnnjAg==
f.ns 86400 IN NSEC g.ns A AAAA RRSIG NSEC
f.ns 86400 IN RRSIG NSEC 8 3 86400 20260307180000 20260222170000 41323 @ t30nal8PkIPi+Rsyd+Zpadm9Uds4CTN8 oGWkobPtd1kfqI48AUxqt8sFHCxL0l6m etXOK9ytzfT/X6shGM5YMYD8Ikw+MVFi fnJDYLHSq0NNWUQqj17TcaGURAqRNjR8 0xZlUWn6BSun1Lm30glaSQuNLSP12TH8 nANEyFULxPzMM8iAH/8dS76xvK4J5AYY D5oXth3JsInSCEZu4m5j6SVO1YPBnV+0 /8eywDWfKjBw1w5ndMs258T+vkbeU7QJ v1kr6YAaqjSWPqkNW9zilcpWfs+NN46I e8v/RB0UldcvZul1KLDIg0/x69fhSxlH CTbldXvMliym0fyox6eYDA==
g.ns 518400 IN A 192.112.36.4
g.ns 518400 IN RRSIG A 8 3 518400 20260307180000 20260222170000 41323 @ RDlxp5gE5o3bbLI3GM+8k+HFmGfVWHRA zzNgnele1n985myi2c0bVtAoyIo7jDYS YWL1fZHWNh4KIazAOgLV3pmp5pYQQoEu QWAeZZLRXWUL/4HBQE2scvLhfs03GlkF CRT/fX3CoTeG3gw4UlbNbs2Vi7HF753i fTPui0MciH4gnBJH9l60bNw9kxCy146O eFRITniJfT4dGhYEK3UMqaawdyB2+dWg 34HWRWT8pK+jqEDuHo8JzSPHYJWwA6En pCZh+S/Aw5ifxht66OGihdz41oTNHGsW ++SsMB4dFhDwVfjRHyo6/YYmsXNRMhL7 yX+7xposHZW7Dy9Yr6GT+g==
g.ns 518400 IN AAAA 2001:500:12::d0d
g.ns 518400 IN RRSIG AAAA 8 3 518400 20260307180000 20260222170000 41323 @ sPUnh+TU4xnJuSmrG6MHOMSY2R6+w7Co bsx/ZyrWsXyWYkwwP03dMZucDI2eCYMJ MWuFv7TPScMXNCxW7FaOFS0N7XevsCgY aooi9ZxDBoDbtcO7RrCr7cdUjOK5oRYD QyFFfdj35NjFBCm5zc2kiWy6CiRiH/Ny 2Xf/ka6pjG+5NixmNJqIRjDqlXgwMf9c 6buhzmLMTB5AEF6p7+o+3dwiWJpUnXV/ luDgArrIIXME9sSIwiIzU351gMUijK7D 128BDIWnyFCGy/3dtK31g/Acl2yCYsHn Zdc6V0ekEgLt/hkIrOKbn2Uo+DBHIqTb LnJFZl9SegLXOHCm5I3oWw==
g.ns 86400 IN NSEC h.ns A AAAA RRSIG NSEC
g.ns 86400 IN RRSIG NSEC 8 3 86400 20260307180000 20260222170000 41323 @ lvCFREn6UKha18vwGQwf5O9wxsvHjHLN N0zJFdCFOGHl/0KgPOWQdpaF48af8rEt UcH9xJG2rDc5xOQrqWFpi8LocKSaX9Ue D7DW7H2rnPPzAvi7+6ALHbSw7/D9Ni8+ 4281aPKEshGRIiqdMTAe3uJqDIrJTE3X Rcf1S3kshVblvf1vK3V9cxYin+zWE1dw JYxsAnPYb8Avi8F1yZ1sH9X4iexRJeVl Bk0G+i1yoLboxGjIQs3Y2MYJIAWotfr8 KGwX3E1MweY99GgH1VUgAHqXjuta6Kze 5f32974V2E/OcPmEeL3U3tVW5MaW8pWO BIXS+hmAK+hsR20mVR7Hqw==
h.ns 518400 IN A 198.97.190.53
h.ns 518400 IN RRSIG A 8 3 518400 20260307180000 20260222170000 41323 @ d5Nene591tvWiGpg2wTfD+OCJcYscEMn a40PhVVioG7lvDaXU11L6RodMvN5317C 7lgwgbPptWTDyYSUq1zCCxPd84F06kgs Mw36XZVyVBlu00z1Kk2+Tyl5K6y8vIJf TgD4cPJt0JAoxpqCD5P6mTWmgGLZqiSM VSYUjlUsxc4J6U0LsI4h6UhVsg6Tlo9M BBn7pRx50B6+mFcqhI41aYqmuxwv6uJ2 YR5YdVoeCm3qWgiUrRRHYSCw0MFI9Env ZDByFsU6pfdbQE+HmSSF+HqnYtXQ+wIX 8sCy5f0B1Zg+1B6dSzB+jGhKSbmWzi4q 2U56JlqdUPSsVXT4tVrGdg==
h.ns 518400 IN AAAA 2001:500:1::53
h.ns 518400 IN RRSIG AAAA 8 3 518400 20260307180000 20260222170000 41323 @ cuUOEwnBPj6HS7JU31u4g9DdTolE7eOS 2IJqYCYReoVyiRQvUQOoIdccr/pEWDBw MFnZXilwcLQdCuAq1rIhf2DnbsfhTm+s Z3qo8aCLCPGLVanBnNDhhFm4zdT4X87n LkiwS7s6xovzzAviSJTX0j2MNacxVGep d74Vjby5q16f8BDNZVX2gOo/VL/II09j QmUt1drXieNb3AMuLC6uYMulQrzU3LVJ b6vIBojgmPRZ11QJVS5+ZdCVl7xir24K 1kdmxEhhMz4GNmzlnX22+o3pEbNL2vSf fMTQHr7CKBiQk4c8mC4aMpdLVdW6W56y qx3cZzSPKs7RAWPdefmR8g==
h.ns 86400 IN NSEC i.ns A AAAA RRSIG NSEC
h.ns 86400 IN RRSIG NSEC 8 3 86400 20260307180000 20260222170000 41323 @ Q7BRQXWuAyFC2ZfqQeI3UX/75KgwxxfT 04v5igAz5UatYluv5xODh0FXNRcKdK0a TIfGoPjfZUwCiIAMrgYvFvVVSjC23g8y h2N+txCkN0zXxuV/cPG8aowTyWjosDZQ 5QKbUPE9KLG7lFDIgbDx1zycB+WYpaQB VvOf35x8tPav7KEonKY+QNa4CznuwvXo CdbYz+OrTAS2PG2zqYb07Fxs6qtXuhPf UfxpOcUg53aVLP906WGlgtz6miIDTN9+ b12BwAqmSzM9EU6Ha7GUV4eCdTMiyAJz InHc+9DawvKBxQM4b99UQUHm6xE5dsfn gI7xzcBmn5jKi+a33cgAFw==
i.ns 518400 IN A 192.36.148.17
i.ns 518400 IN RRSIG A 8 3 518400 20260307180000 20260222170000 41323 @ Xe2vX098NHAj91nAqv1oyAOxa0+oNw8H QSUqHYCgSH/Ibjb/H/w8flOXwUufq2R/ J0PV+QLiWvRnB1A0MHrfsHHYyFyv9bE/ nF00vkBvEl8n7m3fFBeOUCku3bYClrGd anJWGemDBJ7R7v1aXktfjiWeqnsrB6i+ 3GaWRXp5Yz2ElSk++ZX62PwpmpWSwyzV +44aWknSRr9+IehA3UC2ER7O9H2MCW9U 5hrho1VeINYSnWmcpghqB7mLdet7c0Ym fs1TXQWyrrzotTemkpoBioM/Aa/O/qiV bYvlAfaLo/dIrnoJ/sbgkxUbONKbqg47 mTguCb2yqS34EfzoXOmiQQ==
i.ns 518400 IN AAAA 2001:7fe::53
i.ns 518400 IN RRSIG AAAA 8 3 518400 20260307180000 20260222170000 41323 @ EA8jD5/7/JPK8fDDbakoTKdccoNHacSz 9Z5rdkMkoUcMCNRIwJKS68tHPyHTyjmt d0k+h3t1y7uWNfUyFafJ2jRRdrFu7nIq /Y0on7HIeQsVnwoNwmlE7MOPNEwIjkp2 yuvyCNN0pWse+NlmgovKlygQlsk2Ulwr /Y0V4tC6yxZejrPGdpb04ghVDQZ9s+tQ Q5kQJcVKY+MHZtHnSlWebZXCVozUNETS clRmPW5R4yuTRrI7B882NpCA013oKFX2 WrRhdOevdX8l5lnwkBYRUq6ShrNxylpN YOZaV+0oSSfvsoqQbz6D5TmyBTjuZSaY x7uNyFgeRLCPMmC9QCyuPw==
i.ns 86400 IN NSEC k.ns A AAAA RRSIG NSEC
i.ns 86400 IN RRSIG NSEC 8 3 86400 20260307180000 20260222170000 41323 @ JavX0Wa3+eTEHwMklmElI4rLEB+AircL nQgwbDoNWHypNpe6mzmqqF99HjKMzwQa Lg/cTwx58RPZmWuM/cexZyiqW+BDawE9 f3Rd4qhpoMWYWTlhEj/wGR6KqeKj3NVg MmXP3R3QnOITQnjGVRTTNWGkxTumV4FG FA7rUFM++AMzVyGsaNAsNvvNQtMhjxt+ 3plnE5UeIdmh9vnSbl2fJhL0Bg+vMCUz 2pB4y8KRh9PBqO0D46J9e3rW/xqzLAyg iFFq8p0DNdjtxZCLHuS3oVKhLMK50A+C bjdm0ue4TpNZiS1k3+Rx+GguQEnNS+Ja wHHhKq9VyRU4fbrpcgaHSQ==
k.ns 518400 IN A 193.0.14.129
k.ns 518400 IN RRSIG A 8 3 518400 20260307180000 20260222170000 41323 @ A7QSIO++PXXOyv6uUmk+gBy6YHWBDl+i Ru66kHLqMgQca2ePTKNhftyL8LGwjh9u BpdHZ55U02N47hrAPi6pHNxf9QUbkynn IE0bDduRI0gAYDZgBjWwJA6s8UoIIeyS n/6+QD3xScJaZmS4MjqI5VJDx9xKPW3Z rRumiIe0uXjhOzI0TT5sB7dUd0mnncBf ZNWwHYcJX97Pfb3ewBrB3WF1lLlI3GnG 0iq7pkEMz1jr3h5oSevox/cQ2rFy6MA1 Fzf1Q8udISC18bOYsE6R9u7DIJA1zLf5 jWxbEUqkm659Wc2VL0FmlnPEkdkeiOZ0 pELfRc41gBccyD+EqKuF2Q==
k.ns 518400 IN AAAA 2001:7fd::1
k.ns 518400 IN RRSIG AAAA 8 3 518400 20260307180000 20260222170000 41323 @ 0exmHbG121WsgaOBV4WKd8V5V4CSBKmP mSP9uyLM7aRAwvMerGAVslBl6hnnWVx0 iJ1rifOf/UqQgJl+Fo/7B2g/N25QU4vU JIs41IUsUxEUmxSFkrMgeybDz/Gzf/iX mCmCQ5tadHSZZfPG8XwQlOwAInVw5/Ih frHlfrYakKkCub3Z6rl3XFlhqUd7bEUT uJg0NItgub9f+PT0eLgQXjltWRbQRR3Z O+HL5trNXZXlL6cpvEH+BqjY/C1duJXt 6enZGjtqpBkDq3rFkzIY+/6mUkuvHJMH G0NWmVMMYv6iGOIhlvylsv5Kenb8zrfw OnbVnRjKeidaLT9ucucnCg==
k.ns 86400 IN NSEC l.ns A AAAA RRSIG NSEC
k.ns 86400 IN RRSIG NSEC 8 3 86400 20260307180000 20260222170000 41323 @ mv+eIPRzPwWqlomgHIAYzywf6PE8elZm nLAnM5u87H5y9TjDpDniZLyhyG7uIVQj pbW8uBYTLID0N7eJu1P7uDX08BQ9UzRL 4F7jYUJN3iEtOvbbzuCsmlDiFxjLm3Es mwDJXS+lDC+hUmG/+Nz73BAXTRlqBlIH dIG/1rXmRRNxUHFM5k5rI5oJSBJesgL0 aw1lOtzDUqjDfNAC8OghpbXM1XNBhdmI XyWdCXwuuL18jvki2mN8LJHbHWDOCnA8 e6iOrgqPYkGjO3i6IJ+mBgHmGsUUCUeV 2oGWQQypkt8KHBCl2wndL2xcWP2kNE1Q TkrT4C0ZaNM20/tl9iIBFQ==
l.ns 518400 IN A 199.7.83.42
l.ns 518400 IN RRSIG A 8 3 518400 20260307180000 20260222170000 41323 @ 0U6FR5XZMkRV2Iyd+WDsboRoU4elUXTu RMGQZEi61W3bpiPFF3gUPCfo4+GxDnHi Uu9PRSI5c+6DnKnj504jxLbl2XlIWlYv YDlA46DG2PB8z2awF3SiIT2cyR9IQ+SB yfqfHzFpHBdHD8IGZArMtABJ95F+aDmb zPhw4GgNf9XbPRZRecgSDEK56OK143A2 Ves8fxIz67PMAIfRaBK2s4lzEnq09ZsP ccl7d6gwHUxQvpqViq655iTaKZ4xmEc+ zfYJ2VrzUQLEOQ/YIOClCI/sDsuzj57l 0KNrxGFO/q9c2NwtgBO65Aju/3LGk+aZ TSK3uBglAHv6XOB+tUNhnA==
l.ns 518400 IN AAAA 2001:500:9f::42
l.ns 518400 IN RRSIG AAAA 8 3 518400 20260307180000 20260222170000 41323 @ pc9bUNXcQkSHaW3sCovAUdnrJV3Svgwd cDIGXhKJQvKGBJRniGiVHvCCGeOdnbOX SE+93C8CHqfKudgo9UR3X/AM7NQOeZLq tDvV+LoZ1WuRcf+7GSkRdIPTX0t8wlb+ JptE0K4BvnlFmwn3tq1UFvxOdMIZK6XO YonFpvfb69W1NdtVqy0r54v5n4JCsxea O3pMpwXL1cmky6JhJfDGklHyM8GLSRxT O8enZrDQXDiwyF1o9mlybOw9mYPrABf7 lsdFZ0wRNRalNG4FQFZ4f0auOnLCfhyi egq4wLBCscFtzr0hF69/5NtP9XeoSXUS f7lyW7IoqFct/3cTMWIupA==
l.ns 86400 IN NSEC m.ns A AAAA RRSIG NSEC
l.ns 86400 IN RRSIG NSEC 8 3 86400 20260307180000 20260222170000 41323 @ pHwMhCkCYtL3gWGnVZccXRJzx9Di3FJU j1pnYqYLLThQoIi73xGR9C9RSMty7QUo cYOft7i3FGICqXvIKq51i/BxXumOIj6y lH1BpsJ8HSGl9FBabbaNZ0i83ElVUE/F F6FstQA3X+JAZK9rRDWJ8VHGT4KEZwJu ZrmQlY041MbdL36lQOz1zaDqdrH786nE FRYTSykWGv3FEHqAX70HZ1vOAIBA8C7o 8q2eRYjWtL20vJJ3Txe5q73XImWpKg7+ 4GaeIXnzcFvPme6iL8uyy+ghE87lj8Gc kW8U0Q0nUpQBntE8UcBYtxF8s/nMmVHY U8eH1ZaJlquDgZ1T+KBOqA==
m.ns 518400 IN A 202.12.27.33
m.ns 518400 IN RRSIG A 8 3 518400 20260307180000 20260222170000 41323 @ eYtVQ6XbtHzzu1PaM1AgS7YdACrOiMBj Lyu7E7gjFPnDaAO8j5ktBfcP/WooxePw R+FgOp5BkC7MB96pVKzrpMjpeLZi9cFv 3dsexy7PrRj9JPrBJSqcUbpbDVJvKowL FbwBIkv8KnotTOO2Wa+KDQSZy5gwc6wr UrYr7eUafusIm2P+2rR8FAOtnuF01633 hGcN1MmnyogdQO/91HfusrA91038kldn ppDKUQrsQFBNAsWSAqJWTyAmruiHBOLY zdM59H0tniCuLl0XbsIvtccJyoMtV8M/ VPR3LMN8Jh/bszdIPkmarMcMb1Q0Ld4n U1lOv6GmbH9piO19Wq2GZQ==
m.ns 518400 IN AAAA 2001:dc3::35
m.ns 518400 IN RRSIG AAAA 8 3 518400 20260307180000 20260222170000 41323 @ x4M4AI9dBMqLgy4BskHxLn+XS/unRmvU K6S6+ILnwoUXkQr4Z3v7SPJ0PPsnhRA6 zyboBHo+1hMP/kkavA3HDLLu9PYcFUra l7Xrs9dqEvA/RwdwlXiHOsfMD1K2bpTl kKMxSjKBO7JkQ/25LFSO/ysUGtVUfY62 yqWVVq5V5igxvej+WF/1w3UcMEoeV7zs 0aTP1iGdg8lOIzkC3AbLKb3zDk8gLWXt JE08Demz151Y78Jo5SLMHKcS29aEWkEW NcR+eSdsN0VEQQ90d50SvcrrNvY7j6/e LxCPAN6FKFjd2v640wBKYnvG3HFvC31+ 0UAjZdGUKXTasqqRmtNj2g==
m.ns 86400 IN NSEC service A AAAA RRSIG NSEC
m.ns 86400 IN RRSIG NSEC 8 3 86400 20260307180000 20260222170000 41323 @ SOZGOqAH2ZA3UWVQ/Q3OCV3HyZokRVxw 1mCqrR8GIYqO3EGMkLnAzec1JXSSs6da J7ffDCHQIS4zcIKFazPuxgF+dYQWX/4X 0M59UtTL281RUCLeDp7PcLRZWATbUBPM ecCq5FHrRc5lzAkHMETR7zyVA6ieUFfJ wPlNj2MVni/0+N8rND25QxWckwp9RZGh IoLCEp/yupsuhWlv3xJO8Xhc5GLnR4Eh Qh2ofSXUvewICpRcj4jrVNxsObwJo9IS JbuixbjWNHSq8XDTjC+nfDlIWtwqm0dZ 7Sh6C+ZaRenZSb2ksLok9DuZVLzag/Fz 1dJ9vQsJJP+LXNMdpI9EuA==
service 172800 IN NS blackhole-1.iana.org.
service 172800 IN NS blackhole-2.iana.org.
service 86400 IN RRSIG NSEC 8 2 86400 20260307180000 20260222170000 41323 @ jYG582LQV3JWGunaLSUPPk1kRP6XP6AK VTdlf8SjJgq7BUppij5YT8Aymep7BOkY eGQPsotacvKTUBCan3LXObTgFi3m8h3Q bIJBwQeoOYvVwlwwxwzoWhrNq8tLas79 6DbfKqJ+UUe6ZYYBo+PcH67+lU6PGg92 FpSvr12uCWk+RrZ+aG3Q3XYYEcLLZnn5 jNfE2SrrqcfaatkIFVCLFLpb7ejgIYye LKApDztu64ajJiNmT5PobKw/fQqbfrBc v4a+PkztGLK/0rFGuWIJX/m4p3BiKRjH Izaz5ld/qiQQyT0vQNU+GCragpYfZE1o 2c0aEafxwTG5SM7+jZ2SMw==
service 86400 IN NSEC uri NS RRSIG NSEC
uri 172800 IN NS a.iana-servers.net.
uri 172800 IN NS b.iana-servers.net.
uri 172800 IN NS c.iana-servers.net.
uri 172800 IN NS ns3.lacnic.net.
uri 172800 IN NS ns4.apnic.net.
uri 86400 IN DS 15796 8 2 7f8fa18fdd9a826eb08a4d4e9ce94dbba7a5b7b2b3ce1d74afd150242e9f572f
uri 86400 IN DS 28547 8 2 deaefd0c163175350152da7b127dc7c4f9ec8bdf04ccc02829455df86c5ca035
uri 86400 IN DS 57851 8 2 8feda13f642ed9be2e4aaa3d50099dd422ca6081b6bf8188f804343b58d39cb7
uri 86400 IN RRSIG DS 8 2 86400 20260307180000 20260222170000 41323 @ Jx/lIqIiwKDYgCyMzqbzlId/9dDgt0aw 0MLk09VW6Q5a0UylcLh6s7rqWfgOy/Wy z+hUB2Aval/uLydXTKq9TH23C06SGQQB sZNp4vCuDNcpEnYCl2jhuhYyS7Pwdmwm feQ8R8DpYtQVe3zYnNaTosXow82FQdw+ k1KAwkbIWXMvnS789/NMS7hAuMpu52Wn 3S7qZn87XoNcT7fkLcl4y57PBaoAGHRt ticICcZckGT81d2779K5DFHWzDH9NaDa /5pytRZGy1n1t+aRbIoetwZQACA/LCbN 6k1gE6L+dRMSf7giGxq6PI/0v6YE6577 pKzrk/1WvX04cKzMS25T0w==
uri 86400 IN NSEC urn NS DS RRSIG NSEC
uri 86400 IN RRSIG NSEC 8 2 86400 20260307180000 20260222170000 41323 @ J/0qb+GEoRfy2CesmAz3teKJNbWqn915 R3Iw+MsauxYnj51gQSrVB3i0C7ROgpwd w+ZKwKaTfIByTYuFy+gBt0Us7tBe/pue llFUuzmWrKu2qyvzimd3nInnmkaZZQ4l +T1j6BYY1l+ne7066t69s9wznEMG2KUJ 9uFpgka6MoO38Blftx+sGhxtXHZowvdr PAtFNJ5MTFtlkodtn47XcTceiWHnDE3Y D9iWMqPTCOP6G7RYO65tB2kPHyGTMcB+ OnNWj/CZzATEgv0hFXJ8b9F8VH3BExKE /XgX2EbWJgO0cQRkt/KaD8ncO7PYMTZj CL19xkURD7QhaQeHzcsNSw==
urn 172800 IN NS a.iana-servers.net.
urn 172800 IN NS b.iana-servers.net.
urn 172800 IN NS c.iana-servers.net.
urn 172800 IN NS ns3.lacnic.net.
urn 172800 IN NS ns4.apnic.net.
urn 86400 IN DS 28996 8 2 8e66d01a1e5864bcdb8e1f85579aec7c8c536c9d6fc7032ee708e869fd27f3d3
urn 86400 IN DS 34555 8 2 bd743967def1caf0812fe9eff2371d3adf29e27251db272145a5d523c92f7101
urn 86400 IN DS 45052 8 2 7685b675f93ada412cfe534820c8dcc55654b1711f677ba83a8564c12943f695
urn 86400 IN RRSIG DS 8 2 86400 20260307180000 20260222170000 41323 @ D37MxQfKyeY+bCPN0Ix6ergHF4vuYxwX hT8mO8Xanw9vx3dFlAzHwcukPt2leMcz OmURvNRXhUpdMcKTjF/KGsSBNyyLkwj8 ZtrnKs/FeRRycE6LvYwXiMkG4A9FOPDY jdysARFm5YSj8IKiXTAfjSwaWj4VKHvL NjK/XEXNS57mjEipTJOvHpGhg8qeyIlf yewPaO12XR3/gJgnyDf5T5CeS19QXQZ7 onnLQ4xJBnXTeH+MoSJbPaa4Il0o+CPD z/lB0Ka321cp3Vmfpy9ORnhHQwRSwf3Y Ys/xa910l8u9MAPvw1WlfS412j3/NvV/ mDhSyc48xf0980CXhCcVLg==
urn 86400 IN NSEC @ NS DS RRSIG NSEC
urn 86400 IN RRSIG NSEC 8 2 86400 20260307180000 20260222170000 41323 @ HpZEJ3/dzyKPrDZcU8zzbS3EZTX/ZqHo 9l9qUmNc8xVykzlQafBtjW2i7QxUzHol /qsbciTgwtF61LrViDfnK1Wvs8Q+L/rv w3cEUWK8pAxeSuLdrGuzv2cgyBZIhBF7 tD0mLleXLbp+76PTtidaOrTsUDe0V24w AlTMFcb3unAGsoO8lxwSajuzF5i4QRYk Ipg32AOcqpj5OhRoasao7ypguXgAA2eQ bp6Nh8S6AcIexZAohZTjdyAsZI9154Xt 47NwcJJO9tOoT4+HiqypTNUNQ/GifDoh KJlsax76OdkdPOSKeT2MA4rkwiAWgvja Do4EaXBg810nF+ygMnd6GA==
